<?xml version="1.0" encoding="UTF-8" ?>
<testsuite tests="16" failures="7" name="cucumber.options.TestRunner" time="175.413" errors="0" skipped="0">
  <properties>
    <property name="jansi.mode" value="strip"/>
    <property name="java.runtime.name" value="OpenJDK Runtime Environment"/>
    <property name="java.vm.version" value="17.0.1+12"/>
    <property name="sun.boot.library.path" value="C:\Users\Dell\.p2\pool\plugins\org.eclipse.justj.openjdk.hotspot.jre.full.win32.x86_64_17.0.1.v20211116-1657\jre\bin"/>
    <property name="maven.multiModuleProjectDirectory" value="C:\Users\Dell\eclipse_csk\CSXautomation2Optimision"/>
    <property name="java.vm.vendor" value="Eclipse Adoptium"/>
    <property name="java.vendor.url" value="https://adoptium.net/"/>
    <property name="guice.disable.misplaced.annotation.check" value="true"/>
    <property name="path.separator" value=";"/>
    <property name="java.vm.name" value="OpenJDK 64-Bit Server VM"/>
    <property name="sun.os.patch.level" value=""/>
    <property name="user.script" value=""/>
    <property name="user.country" value="US"/>
    <property name="sun.java.launcher" value="SUN_STANDARD"/>
    <property name="java.vm.specification.name" value="Java Virtual Machine Specification"/>
    <property name="user.dir" value="C:\Users\Dell\eclipse_csk\CSXautomation2Optimision"/>
    <property name="java.vm.compressedOopsMode" value="Zero based"/>
    <property name="java.runtime.version" value="17.0.1+12"/>
    <property name="os.arch" value="amd64"/>
    <property name="java.io.tmpdir" value="C:\Users\Dell\AppData\Local\Temp\"/>
    <property name="line.separator" value="
"/>
    <property name="java.vm.specification.vendor" value="Oracle Corporation"/>
    <property name="user.variant" value=""/>
    <property name="os.name" value="Windows 10"/>
    <property name="classworlds.conf" value="C:\Users\Dell\eclipse_csk\.metadata\.plugins\org.eclipse.m2e.launching\launches\m2conf16920677536572200709.tmp"/>
    <property name="sun.jnu.encoding" value="Cp1252"/>
    <property name="java.library.path" value="C:\Users\Dell\.p2\pool\plugins\org.eclipse.justj.openjdk.hotspot.jre.full.win32.x86_64_17.0.1.v20211116-1657\jre\bin;C:\Windows\Sun\Java\bin;C:\Windows\system32;C:\Windows;C:/Users/Dell/.p2/pool/plugins/org.eclipse.justj.openjdk.hotspot.jre.full.win32.x86_64_17.0.1.v20211116-1657/jre/bin/server;C:/Users/Dell/.p2/pool/plugins/org.eclipse.justj.openjdk.hotspot.jre.full.win32.x86_64_17.0.1.v20211116-1657/jre/bin;C:\Program Files (x86)\Common Files\Oracle\Java\javapath;C:\Program Files\Common Files\Oracle\Java\javapath;C:\Windows\system32;C:\Windows;C:\Windows\System32\Wbem;C:\Windows\System32\WindowsPowerShell\v1.0\;C:\Windows\System32\OpenSSH\;C:\Program Files (x86)\Go\bin;C:\Program Files\Git\cmd;C:\Program Files\Docker\Docker\resources\bin;C:\ProgramData\DockerDesktop\version-bin;C:\Program Files\Java\jdk1.8.0_202\bin;C:\Program Files\Go\bin;C:\Program Files\apache-maven-3.8.5\bin;C:\Users\Dell\AppData\Local\Programs\Python\Python310\Scripts\;C:\Users\Dell\AppData\Local\Programs\Python\Python310\;C:\Users\Dell\AppData\Local\Microsoft\WindowsApps;C:\Users\Dell\go\bin;C:\Users\Dell\AppData\Local\Programs\Microsoft VS Code\bin;C:\Program Files\PostgreSQL\14\bin;C:\Users\Dell\AppData\Local\GitHubDesktop\bin;C:\Windows\system32;;."/>
    <property name="jdk.debug" value="release"/>
    <property name="java.class.version" value="61.0"/>
    <property name="java.specification.name" value="Java Platform API Specification"/>
    <property name="sun.management.compiler" value="HotSpot 64-Bit Tiered Compilers"/>
    <property name="os.version" value="10.0"/>
    <property name="user.home" value="C:\Users\Dell"/>
    <property name="user.timezone" value="Asia/Calcutta"/>
    <property name="file.encoding" value="Cp1252"/>
    <property name="java.specification.version" value="17"/>
    <property name="user.name" value="Dell"/>
    <property name="java.class.path" value="C:\Users\Dell\.p2\pool\plugins\org.eclipse.m2e.maven.runtime_1.18.3.20220227-1319\jars\plexus-classworlds-2.6.0.jar"/>
    <property name="java.vm.specification.version" value="17"/>
    <property name="sun.arch.data.model" value="64"/>
    <property name="sun.java.command" value="org.codehaus.plexus.classworlds.launcher.Launcher -B test verify"/>
    <property name="java.home" value="C:\Users\Dell\.p2\pool\plugins\org.eclipse.justj.openjdk.hotspot.jre.full.win32.x86_64_17.0.1.v20211116-1657\jre"/>
    <property name="user.language" value="en"/>
    <property name="java.specification.vendor" value="Oracle Corporation"/>
    <property name="java.vm.info" value="mixed mode"/>
    <property name="java.version" value="17.0.1"/>
    <property name="native.encoding" value="Cp1252"/>
    <property name="java.vendor" value="Eclipse Adoptium"/>
    <property name="maven.home" value="C:\Users\Dell\eclipse_csk\CSXautomation2Optimision\EMBEDDED"/>
    <property name="file.separator" value="\"/>
    <property name="java.version.date" value="2021-10-19"/>
    <property name="java.vendor.url.bug" value="https://github.com/adoptium/adoptium-support/issues"/>
    <property name="sun.io.unicode.encoding" value="UnicodeLittle"/>
    <property name="sun.cpu.endian" value="little"/>
    <property name="java.vendor.version" value="Temurin-17.0.1+12"/>
    <property name="sun.cpu.isalist" value="amd64"/>
  </properties>
  <testcase classname="cucumber.options.TestRunner" name="runScenario" time="22.861">
    <failure message="expected:&lt;2[.93999999761581]4&gt; but was:&lt;2[5.]4&gt;" type="org.junit.ComparisonFailure">org.junit.ComparisonFailure: expected:&lt;2[.93999999761581]4&gt; but was:&lt;2[5.]4&gt;
	at org.junit.Assert.assertEquals(Assert.java:117)
	at org.junit.Assert.assertEquals(Assert.java:146)
	at stepDefinations.SDplaceOrderofBroker1.calculate_fees_for_diffrent_broker(SDplaceOrderofBroker1.java:266)
	at âœ½.Check fees &quot;25.4&quot; for diffrent broker(file:///C:/Users/Dell/eclipse_csk/CSXautomation2Optimision/src/test/java/ETHfeature/ETHINRdiffBrokerFunds2.feature:44)
</failure>
    <system-out>Configuring TestNG with: org.apache.maven.surefire.testng.conf.TestNG652Configurator@588df31b

@GetBalanceforDifferentBroker @Regression
Scenario: Verify funds for diffrent broker in fulfilled case                                                                                                          &amp;#27;[90m# src/test/java/ETHfeature/ETHINRdiffBrokerFunds2.feature:4&amp;#27;[0m
  &amp;#27;[32mGiven &amp;#27;[0m&amp;#27;[32mloading the header for broker &amp;#27;[0m&amp;#27;[32m&amp;#27;[1m&quot;B1&quot;&amp;#27;[0m                                                                                                                            &amp;#27;[90m# stepDefinations.SDplaceOrderofBroker1.loading_the_header_for_broker_something(java.lang.String)&amp;#27;[0m
s1b1inr = 129834517.959297
  &amp;#27;[32mGiven &amp;#27;[0m&amp;#27;[32mtake balance of &amp;#27;[0m&amp;#27;[32m&amp;#27;[1m&quot;INR&quot;&amp;#27;[0m&amp;#27;[32m with api &amp;#27;[0m&amp;#27;[32m&amp;#27;[1m&quot;Getbalance&quot;&amp;#27;[0m&amp;#27;[32m with name &amp;#27;[0m&amp;#27;[32m&amp;#27;[1m&quot;s1b1inr&quot;&amp;#27;[0m                                                                                               &amp;#27;[90m# stepDefinations.SDplaceOrderofBroker1.take_balance_of_with_api_with_name(java.lang.String,java.lang.String,java.lang.String)&amp;#27;[0m
s1b1btc = 90000909.44503
  &amp;#27;[32mGiven &amp;#27;[0m&amp;#27;[32mtake balance of &amp;#27;[0m&amp;#27;[32m&amp;#27;[1m&quot;ETH&quot;&amp;#27;[0m&amp;#27;[32m with api &amp;#27;[0m&amp;#27;[32m&amp;#27;[1m&quot;Getbalance&quot;&amp;#27;[0m&amp;#27;[32m with name &amp;#27;[0m&amp;#27;[32m&amp;#27;[1m&quot;s1b1btc&quot;&amp;#27;[0m                                                                                               &amp;#27;[90m# stepDefinations.SDplaceOrderofBroker1.take_balance_of_with_api_with_name(java.lang.String,java.lang.String,java.lang.String)&amp;#27;[0m
  &amp;#27;[32mGiven &amp;#27;[0m&amp;#27;[32mloading the header for broker &amp;#27;[0m&amp;#27;[32m&amp;#27;[1m&quot;B2&quot;&amp;#27;[0m                                                                                                                            &amp;#27;[90m# stepDefinations.SDplaceOrderofBroker1.loading_the_header_for_broker_something(java.lang.String)&amp;#27;[0m
s1b2inr = 12000765.40702802
  &amp;#27;[32mGiven &amp;#27;[0m&amp;#27;[32mtake balance of &amp;#27;[0m&amp;#27;[32m&amp;#27;[1m&quot;INR&quot;&amp;#27;[0m&amp;#27;[32m with api &amp;#27;[0m&amp;#27;[32m&amp;#27;[1m&quot;Getbalance&quot;&amp;#27;[0m&amp;#27;[32m with name &amp;#27;[0m&amp;#27;[32m&amp;#27;[1m&quot;s1b2inr&quot;&amp;#27;[0m                                                                                               &amp;#27;[90m# stepDefinations.SDplaceOrderofBroker1.take_balance_of_with_api_with_name(java.lang.String,java.lang.String,java.lang.String)&amp;#27;[0m
s1b2btc = 99999.7498
  &amp;#27;[32mGiven &amp;#27;[0m&amp;#27;[32mtake balance of &amp;#27;[0m&amp;#27;[32m&amp;#27;[1m&quot;ETH&quot;&amp;#27;[0m&amp;#27;[32m with api &amp;#27;[0m&amp;#27;[32m&amp;#27;[1m&quot;Getbalance&quot;&amp;#27;[0m&amp;#27;[32m with name &amp;#27;[0m&amp;#27;[32m&amp;#27;[1m&quot;s1b2btc&quot;&amp;#27;[0m                                                                                               &amp;#27;[90m# stepDefinations.SDplaceOrderofBroker1.take_balance_of_with_api_with_name(java.lang.String,java.lang.String,java.lang.String)&amp;#27;[0m
  &amp;#27;[32mGiven &amp;#27;[0m&amp;#27;[32mPlacing an order for broker &amp;#27;[0m&amp;#27;[32m&amp;#27;[1m&quot;B1&quot;&amp;#27;[0m&amp;#27;[32m of type &amp;#27;[0m&amp;#27;[32m&amp;#27;[1m&quot;limit&quot;&amp;#27;[0m&amp;#27;[32m side &amp;#27;[0m&amp;#27;[32m&amp;#27;[1m&quot;BUY&quot;&amp;#27;[0m&amp;#27;[32m instrument &amp;#27;[0m&amp;#27;[32m&amp;#27;[1m&quot;ETH/INR&quot;&amp;#27;[0m&amp;#27;[32m quantityType &amp;#27;[0m&amp;#27;[32m&amp;#27;[1m&quot;QUOTE&quot;&amp;#27;[0m&amp;#27;[32m quantity &amp;#27;[0m&amp;#27;[32m&amp;#27;[1m&quot;10000&quot;&amp;#27;[0m&amp;#27;[32m limitPrice &amp;#27;[0m&amp;#27;[32m&amp;#27;[1m&quot;3500000&quot;&amp;#27;[0m&amp;#27;[32m username &amp;#27;[0m&amp;#27;[32m&amp;#27;[1m&quot;user1&quot;&amp;#27;[0m  &amp;#27;[90m# stepDefinations.SDplaceOrderofBroker1.placing_an_order_of_type_side_instrument_quantity_type_quantity_limit_price_username(java.lang.String,java.lang.String,java.lang.String,java.lang.String,java.lang.String,java.lang.String,java.lang.String,java.lang.String)&amp;#27;[0m
{&quot;data&quot;:{&quot;average_price&quot;:&quot;0&quot;,&quot;brokerID&quot;:&quot;97c02e87-a473-414b-9d27-78764a93d439&quot;,&quot;created_at&quot;:&quot;0001-01-01T00:00:00.000Z&quot;,&quot;filledQuantity&quot;:0,&quot;instrument&quot;:&quot;ETH/INR&quot;,&quot;limit_price&quot;:&quot;3500000&quot;,&quot;makerFee&quot;:&quot;-0.04&quot;,&quot;orderID&quot;:&quot;be7b0355-68ac-4e00-9ca6-32805fa489c5&quot;,&quot;quantity&quot;:0.0028,&quot;side&quot;:&quot;BUY&quot;,&quot;status&quot;:&quot;OPEN&quot;,&quot;takerFee&quot;:&quot;0.07&quot;,&quot;updated_at&quot;:&quot;0001-01-01T00:00:00.000Z&quot;},&quot;message&quot;:&quot;Order placed successfully&quot;}

  &amp;#27;[32mWhen &amp;#27;[0m&amp;#27;[32mProviding request PathUrl &amp;#27;[0m&amp;#27;[32m&amp;#27;[1m&quot;PlaceOrder&quot;&amp;#27;[0m&amp;#27;[32m with method &amp;#27;[0m&amp;#27;[32m&amp;#27;[1m&quot;POST&quot;&amp;#27;[0m                                                                                                      &amp;#27;[90m# stepDefinations.SDplaceOrderofBroker1.providing_request_path_url_with_method(java.lang.String,java.lang.String)&amp;#27;[0m
  &amp;#27;[32mThen &amp;#27;[0m&amp;#27;[32mI verify the  &amp;#27;[0m&amp;#27;[32m&amp;#27;[1m&quot;200&quot;&amp;#27;[0m&amp;#27;[32m in step&amp;#27;[0m                                                                                                                                    &amp;#27;[90m# stepDefinations.SDplaceOrderofBroker1.i_verify_the_in_step(java.lang.String)&amp;#27;[0m
  &amp;#27;[32mAnd &amp;#27;[0m&amp;#27;[32mVerify key &amp;#27;[0m&amp;#27;[32m&amp;#27;[1m&quot;message&quot;&amp;#27;[0m&amp;#27;[32m of response &amp;#27;[0m&amp;#27;[32m&amp;#27;[1m&quot;Order placed successfully&quot;&amp;#27;[0m                                                                                                    &amp;#27;[90m# stepDefinations.SDplaceOrderofBroker1.verify_key_of_response(java.lang.String,java.lang.String)&amp;#27;[0m
{&quot;data&quot;:{&quot;average_price&quot;:&quot;0&quot;,&quot;brokerID&quot;:&quot;97c02e87-a473-414b-9d27-78764a93d439&quot;,&quot;created_at&quot;:&quot;2022-05-18T09:30:27.886Z&quot;,&quot;filledQuantity&quot;:0,&quot;instrument&quot;:&quot;ETH/INR&quot;,&quot;limit_price&quot;:&quot;3500000&quot;,&quot;makerFee&quot;:&quot;-0.04&quot;,&quot;orderID&quot;:&quot;be7b0355-68ac-4e00-9ca6-32805fa489c5&quot;,&quot;quantity&quot;:0.0028,&quot;side&quot;:&quot;BUY&quot;,&quot;status&quot;:&quot;OPEN&quot;,&quot;takerFee&quot;:&quot;0.07&quot;,&quot;updated_at&quot;:&quot;2022-05-18T09:30:27.886Z&quot;},&quot;message&quot;:&quot;Order fetched successfully&quot;}

  &amp;#27;[32mAnd &amp;#27;[0m&amp;#27;[32mVerify the &amp;#27;[0m&amp;#27;[32m&amp;#27;[1m&quot;data.orderID&quot;&amp;#27;[0m&amp;#27;[32m of response &amp;#27;[0m&amp;#27;[32m&amp;#27;[1m&quot;GetOrder&quot;&amp;#27;[0m                                                                                                                &amp;#27;[90m# stepDefinations.SDplaceOrderofBroker1.verify_the_of_response(java.lang.String,java.lang.String)&amp;#27;[0m
  &amp;#27;[32mAnd &amp;#27;[0m&amp;#27;[32mVerify key &amp;#27;[0m&amp;#27;[32m&amp;#27;[1m&quot;data.status&quot;&amp;#27;[0m&amp;#27;[32m of response &amp;#27;[0m&amp;#27;[32m&amp;#27;[1m&quot;OPEN&quot;&amp;#27;[0m                                                                                                                     &amp;#27;[90m# stepDefinations.SDplaceOrderofBroker1.verify_key_of_response(java.lang.String,java.lang.String)&amp;#27;[0m
  &amp;#27;[32mThen &amp;#27;[0m&amp;#27;[32mgive sleep of &amp;#27;[0m&amp;#27;[32m&amp;#27;[1m&quot;000&quot;&amp;#27;[0m                                                                                                                                            &amp;#27;[90m# stepDefinations.SDplaceOrderofBroker1.give_sleep_of_something(java.lang.String)&amp;#27;[0m
  &amp;#27;[32mGiven &amp;#27;[0m&amp;#27;[32mloading the header for broker &amp;#27;[0m&amp;#27;[32m&amp;#27;[1m&quot;B1&quot;&amp;#27;[0m                                                                                                                            &amp;#27;[90m# stepDefinations.SDplaceOrderofBroker1.loading_the_header_for_broker_something(java.lang.String)&amp;#27;[0m
s2b1inr = 129824711.099297
  &amp;#27;[32mGiven &amp;#27;[0m&amp;#27;[32mtake balance of &amp;#27;[0m&amp;#27;[32m&amp;#27;[1m&quot;INR&quot;&amp;#27;[0m&amp;#27;[32m with api &amp;#27;[0m&amp;#27;[32m&amp;#27;[1m&quot;Getbalance&quot;&amp;#27;[0m&amp;#27;[32m with name &amp;#27;[0m&amp;#27;[32m&amp;#27;[1m&quot;s2b1inr&quot;&amp;#27;[0m                                                                                               &amp;#27;[90m# stepDefinations.SDplaceOrderofBroker1.take_balance_of_with_api_with_name(java.lang.String,java.lang.String,java.lang.String)&amp;#27;[0m
s2b1btc = 90000909.44503
  &amp;#27;[32mGiven &amp;#27;[0m&amp;#27;[32mtake balance of &amp;#27;[0m&amp;#27;[32m&amp;#27;[1m&quot;ETH&quot;&amp;#27;[0m&amp;#27;[32m with api &amp;#27;[0m&amp;#27;[32m&amp;#27;[1m&quot;Getbalance&quot;&amp;#27;[0m&amp;#27;[32m with name &amp;#27;[0m&amp;#27;[32m&amp;#27;[1m&quot;s2b1btc&quot;&amp;#27;[0m                                                                                               &amp;#27;[90m# stepDefinations.SDplaceOrderofBroker1.take_balance_of_with_api_with_name(java.lang.String,java.lang.String,java.lang.String)&amp;#27;[0m
  &amp;#27;[32mGiven &amp;#27;[0m&amp;#27;[32mloading the header for broker &amp;#27;[0m&amp;#27;[32m&amp;#27;[1m&quot;B2&quot;&amp;#27;[0m                                                                                                                            &amp;#27;[90m# stepDefinations.SDplaceOrderofBroker1.loading_the_header_for_broker_something(java.lang.String)&amp;#27;[0m
s2b2inr = 12000765.40702802
  &amp;#27;[32mGiven &amp;#27;[0m&amp;#27;[32mtake balance of &amp;#27;[0m&amp;#27;[32m&amp;#27;[1m&quot;INR&quot;&amp;#27;[0m&amp;#27;[32m with api &amp;#27;[0m&amp;#27;[32m&amp;#27;[1m&quot;Getbalance&quot;&amp;#27;[0m&amp;#27;[32m with name &amp;#27;[0m&amp;#27;[32m&amp;#27;[1m&quot;s2b2inr&quot;&amp;#27;[0m                                                                                               &amp;#27;[90m# stepDefinations.SDplaceOrderofBroker1.take_balance_of_with_api_with_name(java.lang.String,java.lang.String,java.lang.String)&amp;#27;[0m
s2b2btc = 99999.7498
  &amp;#27;[32mGiven &amp;#27;[0m&amp;#27;[32mtake balance of &amp;#27;[0m&amp;#27;[32m&amp;#27;[1m&quot;ETH&quot;&amp;#27;[0m&amp;#27;[32m with api &amp;#27;[0m&amp;#27;[32m&amp;#27;[1m&quot;Getbalance&quot;&amp;#27;[0m&amp;#27;[32m with name &amp;#27;[0m&amp;#27;[32m&amp;#27;[1m&quot;s2b2btc&quot;&amp;#27;[0m                                                                                               &amp;#27;[90m# stepDefinations.SDplaceOrderofBroker1.take_balance_of_with_api_with_name(java.lang.String,java.lang.String,java.lang.String)&amp;#27;[0m
  &amp;#27;[32mGiven &amp;#27;[0m&amp;#27;[32mPlacing an order for broker &amp;#27;[0m&amp;#27;[32m&amp;#27;[1m&quot;B2&quot;&amp;#27;[0m&amp;#27;[32m of type &amp;#27;[0m&amp;#27;[32m&amp;#27;[1m&quot;limit&quot;&amp;#27;[0m&amp;#27;[32m side &amp;#27;[0m&amp;#27;[32m&amp;#27;[1m&quot;SELL&quot;&amp;#27;[0m&amp;#27;[32m instrument &amp;#27;[0m&amp;#27;[32m&amp;#27;[1m&quot;ETH/INR&quot;&amp;#27;[0m&amp;#27;[32m quantityType &amp;#27;[0m&amp;#27;[32m&amp;#27;[1m&quot;QUOTE&quot;&amp;#27;[0m&amp;#27;[32m quantity &amp;#27;[0m&amp;#27;[32m&amp;#27;[1m&quot;10000&quot;&amp;#27;[0m&amp;#27;[32m limitPrice &amp;#27;[0m&amp;#27;[32m&amp;#27;[1m&quot;3500000&quot;&amp;#27;[0m&amp;#27;[32m username &amp;#27;[0m&amp;#27;[32m&amp;#27;[1m&quot;user1&quot;&amp;#27;[0m &amp;#27;[90m# stepDefinations.SDplaceOrderofBroker1.placing_an_order_of_type_side_instrument_quantity_type_quantity_limit_price_username(java.lang.String,java.lang.String,java.lang.String,java.lang.String,java.lang.String,java.lang.String,java.lang.String,java.lang.String)&amp;#27;[0m
{&quot;data&quot;:{&quot;average_price&quot;:&quot;0&quot;,&quot;brokerID&quot;:&quot;3ab607d8-8836-4aeb-a71d-7030e7c4524f&quot;,&quot;created_at&quot;:&quot;0001-01-01T00:00:00.000Z&quot;,&quot;filledQuantity&quot;:0,&quot;instrument&quot;:&quot;ETH/INR&quot;,&quot;limit_price&quot;:&quot;3500000&quot;,&quot;makerFee&quot;:&quot;-0.04&quot;,&quot;orderID&quot;:&quot;72b793cb-0aa9-42b0-8139-e550b7887117&quot;,&quot;quantity&quot;:0.0028,&quot;side&quot;:&quot;SELL&quot;,&quot;status&quot;:&quot;OPEN&quot;,&quot;takerFee&quot;:&quot;0.07&quot;,&quot;updated_at&quot;:&quot;0001-01-01T00:00:00.000Z&quot;},&quot;message&quot;:&quot;Order placed successfully&quot;}

  &amp;#27;[32mWhen &amp;#27;[0m&amp;#27;[32mProviding request PathUrl &amp;#27;[0m&amp;#27;[32m&amp;#27;[1m&quot;PlaceOrder&quot;&amp;#27;[0m&amp;#27;[32m with method &amp;#27;[0m&amp;#27;[32m&amp;#27;[1m&quot;POST&quot;&amp;#27;[0m                                                                                                      &amp;#27;[90m# stepDefinations.SDplaceOrderofBroker1.providing_request_path_url_with_method(java.lang.String,java.lang.String)&amp;#27;[0m
  &amp;#27;[32mThen &amp;#27;[0m&amp;#27;[32mI verify the  &amp;#27;[0m&amp;#27;[32m&amp;#27;[1m&quot;200&quot;&amp;#27;[0m&amp;#27;[32m in step&amp;#27;[0m                                                                                                                                    &amp;#27;[90m# stepDefinations.SDplaceOrderofBroker1.i_verify_the_in_step(java.lang.String)&amp;#27;[0m
  &amp;#27;[32mAnd &amp;#27;[0m&amp;#27;[32mVerify key &amp;#27;[0m&amp;#27;[32m&amp;#27;[1m&quot;message&quot;&amp;#27;[0m&amp;#27;[32m of response &amp;#27;[0m&amp;#27;[32m&amp;#27;[1m&quot;Order placed successfully&quot;&amp;#27;[0m                                                                                                    &amp;#27;[90m# stepDefinations.SDplaceOrderofBroker1.verify_key_of_response(java.lang.String,java.lang.String)&amp;#27;[0m
{&quot;data&quot;:{&quot;average_price&quot;:&quot;0&quot;,&quot;brokerID&quot;:&quot;3ab607d8-8836-4aeb-a71d-7030e7c4524f&quot;,&quot;created_at&quot;:&quot;2022-05-18T09:30:31.832Z&quot;,&quot;filledQuantity&quot;:0,&quot;instrument&quot;:&quot;ETH/INR&quot;,&quot;limit_price&quot;:&quot;3500000&quot;,&quot;makerFee&quot;:&quot;-0.04&quot;,&quot;orderID&quot;:&quot;72b793cb-0aa9-42b0-8139-e550b7887117&quot;,&quot;quantity&quot;:0.0028,&quot;side&quot;:&quot;SELL&quot;,&quot;status&quot;:&quot;OPEN&quot;,&quot;takerFee&quot;:&quot;0.07&quot;,&quot;updated_at&quot;:&quot;2022-05-18T09:30:31.832Z&quot;},&quot;message&quot;:&quot;Order fetched successfully&quot;}

  &amp;#27;[32mAnd &amp;#27;[0m&amp;#27;[32mVerify the &amp;#27;[0m&amp;#27;[32m&amp;#27;[1m&quot;data.orderID&quot;&amp;#27;[0m&amp;#27;[32m of response &amp;#27;[0m&amp;#27;[32m&amp;#27;[1m&quot;GetOrder&quot;&amp;#27;[0m                                                                                                                &amp;#27;[90m# stepDefinations.SDplaceOrderofBroker1.verify_the_of_response(java.lang.String,java.lang.String)&amp;#27;[0m
  &amp;#27;[32mThen &amp;#27;[0m&amp;#27;[32mgive sleep of &amp;#27;[0m&amp;#27;[32m&amp;#27;[1m&quot;4000&quot;&amp;#27;[0m                                                                                                                                           &amp;#27;[90m# stepDefinations.SDplaceOrderofBroker1.give_sleep_of_something(java.lang.String)&amp;#27;[0m
  &amp;#27;[32mGiven &amp;#27;[0m&amp;#27;[32mloading the header for broker &amp;#27;[0m&amp;#27;[32m&amp;#27;[1m&quot;B1&quot;&amp;#27;[0m                                                                                                                            &amp;#27;[90m# stepDefinations.SDplaceOrderofBroker1.loading_the_header_for_broker_something(java.lang.String)&amp;#27;[0m
{&quot;message&quot;:&quot;No Open Orders to Cancel&quot;}

  &amp;#27;[32mWhen &amp;#27;[0m&amp;#27;[32mProviding request PathUrl &amp;#27;[0m&amp;#27;[32m&amp;#27;[1m&quot;CancelAllOrders&quot;&amp;#27;[0m&amp;#27;[32m with method &amp;#27;[0m&amp;#27;[32m&amp;#27;[1m&quot;DELETE&quot;&amp;#27;[0m                                                                                               &amp;#27;[90m# stepDefinations.SDplaceOrderofBroker1.providing_request_path_url_with_method(java.lang.String,java.lang.String)&amp;#27;[0m
  &amp;#27;[32mGiven &amp;#27;[0m&amp;#27;[32mloading the header for broker &amp;#27;[0m&amp;#27;[32m&amp;#27;[1m&quot;B2&quot;&amp;#27;[0m                                                                                                                            &amp;#27;[90m# stepDefinations.SDplaceOrderofBroker1.loading_the_header_for_broker_something(java.lang.String)&amp;#27;[0m
{&quot;message&quot;:&quot;No Open Orders to Cancel&quot;}

  &amp;#27;[32mWhen &amp;#27;[0m&amp;#27;[32mProviding request PathUrl &amp;#27;[0m&amp;#27;[32m&amp;#27;[1m&quot;CancelAllOrders&quot;&amp;#27;[0m&amp;#27;[32m with method &amp;#27;[0m&amp;#27;[32m&amp;#27;[1m&quot;DELETE&quot;&amp;#27;[0m                                                                                               &amp;#27;[90m# stepDefinations.SDplaceOrderofBroker1.providing_request_path_url_with_method(java.lang.String,java.lang.String)&amp;#27;[0m
  &amp;#27;[32mThen &amp;#27;[0m&amp;#27;[32mgive sleep of &amp;#27;[0m&amp;#27;[32m&amp;#27;[1m&quot;4000&quot;&amp;#27;[0m                                                                                                                                           &amp;#27;[90m# stepDefinations.SDplaceOrderofBroker1.give_sleep_of_something(java.lang.String)&amp;#27;[0m
  &amp;#27;[32mGiven &amp;#27;[0m&amp;#27;[32mloading the header for broker &amp;#27;[0m&amp;#27;[32m&amp;#27;[1m&quot;B1&quot;&amp;#27;[0m                                                                                                                            &amp;#27;[90m# stepDefinations.SDplaceOrderofBroker1.loading_the_header_for_broker_something(java.lang.String)&amp;#27;[0m
s3b1inr = 129824721.879297
  &amp;#27;[32mGiven &amp;#27;[0m&amp;#27;[32mtake balance of &amp;#27;[0m&amp;#27;[32m&amp;#27;[1m&quot;INR&quot;&amp;#27;[0m&amp;#27;[32m with api &amp;#27;[0m&amp;#27;[32m&amp;#27;[1m&quot;Getbalance&quot;&amp;#27;[0m&amp;#27;[32m with name &amp;#27;[0m&amp;#27;[32m&amp;#27;[1m&quot;s3b1inr&quot;&amp;#27;[0m                                                                                               &amp;#27;[90m# stepDefinations.SDplaceOrderofBroker1.take_balance_of_with_api_with_name(java.lang.String,java.lang.String,java.lang.String)&amp;#27;[0m
s3b1btc = 90000909.44783
  &amp;#27;[32mGiven &amp;#27;[0m&amp;#27;[32mtake balance of &amp;#27;[0m&amp;#27;[32m&amp;#27;[1m&quot;ETH&quot;&amp;#27;[0m&amp;#27;[32m with api &amp;#27;[0m&amp;#27;[32m&amp;#27;[1m&quot;Getbalance&quot;&amp;#27;[0m&amp;#27;[32m with name &amp;#27;[0m&amp;#27;[32m&amp;#27;[1m&quot;s3b1btc&quot;&amp;#27;[0m                                                                                               &amp;#27;[90m# stepDefinations.SDplaceOrderofBroker1.take_balance_of_with_api_with_name(java.lang.String,java.lang.String,java.lang.String)&amp;#27;[0m
  &amp;#27;[32mGiven &amp;#27;[0m&amp;#27;[32mloading the header for broker &amp;#27;[0m&amp;#27;[32m&amp;#27;[1m&quot;B2&quot;&amp;#27;[0m                                                                                                                            &amp;#27;[90m# stepDefinations.SDplaceOrderofBroker1.loading_the_header_for_broker_something(java.lang.String)&amp;#27;[0m
s3b2inr = 12010558.54702802
  &amp;#27;[32mGiven &amp;#27;[0m&amp;#27;[32mtake balance of &amp;#27;[0m&amp;#27;[32m&amp;#27;[1m&quot;INR&quot;&amp;#27;[0m&amp;#27;[32m with api &amp;#27;[0m&amp;#27;[32m&amp;#27;[1m&quot;Getbalance&quot;&amp;#27;[0m&amp;#27;[32m with name &amp;#27;[0m&amp;#27;[32m&amp;#27;[1m&quot;s3b2inr&quot;&amp;#27;[0m                                                                                               &amp;#27;[90m# stepDefinations.SDplaceOrderofBroker1.take_balance_of_with_api_with_name(java.lang.String,java.lang.String,java.lang.String)&amp;#27;[0m
s3b2btc = 99999.747
  &amp;#27;[32mGiven &amp;#27;[0m&amp;#27;[32mtake balance of &amp;#27;[0m&amp;#27;[32m&amp;#27;[1m&quot;ETH&quot;&amp;#27;[0m&amp;#27;[32m with api &amp;#27;[0m&amp;#27;[32m&amp;#27;[1m&quot;Getbalance&quot;&amp;#27;[0m&amp;#27;[32m with name &amp;#27;[0m&amp;#27;[32m&amp;#27;[1m&quot;s3b2btc&quot;&amp;#27;[0m                                                                                               &amp;#27;[90m# stepDefinations.SDplaceOrderofBroker1.take_balance_of_with_api_with_name(java.lang.String,java.lang.String,java.lang.String)&amp;#27;[0m
-------------------------------------------------------------------------------------
Deduction_of_INR_from_broker1 = 9796.079999998212
-------------------------------------------------------------------------------------
Addition_of_INR_in_broker2 = 9793.140000000596
-------------------------------------------------------------------------------------
Addition_of_BTC_to_broker1 = 0.002800002694129944
-------------------------------------------------------------------------------------
Deduction_of_BTC_to_broker2 = 0.0028000000020256266
-------------------------------------------------------------------------------------
Fee_for_diffrent_broker = 2.939999997615814
-------------------------------------------------------------------------------------
  &amp;#27;[31mThen &amp;#27;[0m&amp;#27;[31mCheck fees &amp;#27;[0m&amp;#27;[31m&amp;#27;[1m&quot;25.4&quot;&amp;#27;[0m&amp;#27;[31m for diffrent broker&amp;#27;[0m                                                                                                                          &amp;#27;[90m# stepDefinations.SDplaceOrderofBroker1.calculate_fees_for_diffrent_broker(java.lang.String)&amp;#27;[0m
      &amp;#27;[31morg.junit.ComparisonFailure: expected:&lt;2[.93999999761581]4&gt; but was:&lt;2[5.]4&gt;
	at org.junit.Assert.assertEquals(Assert.java:117)
	at org.junit.Assert.assertEquals(Assert.java:146)
	at stepDefinations.SDplaceOrderofBroker1.calculate_fees_for_diffrent_broker(SDplaceOrderofBroker1.java:266)
	at Ã¢Å“Â½.Check fees &quot;25.4&quot; for diffrent broker(file:///C:/Users/Dell/eclipse_csk/CSXautomation2Optimision/src/test/java/ETHfeature/ETHINRdiffBrokerFunds2.feature:44)
&amp;#27;[0m
</system-out>
    <system-err>SLF4J: Failed to load class &quot;org.slf4j.impl.StaticLoggerBinder&quot;.
SLF4J: Defaulting to no-operation (NOP) logger implementation
SLF4J: See http://www.slf4j.org/codes.html#StaticLoggerBinder for further details.
</system-err>
  </testcase>
  <testcase classname="cucumber.options.TestRunner" name="runScenario" time="20.823">
    <failure message="expected:&lt;1[.4700000062584877]&gt; but was:&lt;1[2.9]&gt;" type="org.junit.ComparisonFailure">org.junit.ComparisonFailure: expected:&lt;1[.4700000062584877]&gt; but was:&lt;1[2.9]&gt;
	at org.junit.Assert.assertEquals(Assert.java:117)
	at org.junit.Assert.assertEquals(Assert.java:146)
	at stepDefinations.SDplaceOrderofBroker1.calculate_fees_for_diffrent_broker(SDplaceOrderofBroker1.java:266)
	at âœ½.Check fees &quot;12.9&quot; for diffrent broker(file:///C:/Users/Dell/eclipse_csk/CSXautomation2Optimision/src/test/java/ETHfeature/ETHINRdiffBrokerFunds2.feature:86)
</failure>
    <system-out>
Scenario: Verify funds for diffrent broker in partially fulfilled case                                                                                               &amp;#27;[90m# src/test/java/ETHfeature/ETHINRdiffBrokerFunds2.feature:46&amp;#27;[0m
  &amp;#27;[32mGiven &amp;#27;[0m&amp;#27;[32mloading the header for broker &amp;#27;[0m&amp;#27;[32m&amp;#27;[1m&quot;B1&quot;&amp;#27;[0m                                                                                                                           &amp;#27;[90m# stepDefinations.SDplaceOrderofBroker1.loading_the_header_for_broker_something(java.lang.String)&amp;#27;[0m
s1b1inr = 129824721.879297
  &amp;#27;[32mGiven &amp;#27;[0m&amp;#27;[32mtake balance of &amp;#27;[0m&amp;#27;[32m&amp;#27;[1m&quot;INR&quot;&amp;#27;[0m&amp;#27;[32m with api &amp;#27;[0m&amp;#27;[32m&amp;#27;[1m&quot;Getbalance&quot;&amp;#27;[0m&amp;#27;[32m with name &amp;#27;[0m&amp;#27;[32m&amp;#27;[1m&quot;s1b1inr&quot;&amp;#27;[0m                                                                                              &amp;#27;[90m# stepDefinations.SDplaceOrderofBroker1.take_balance_of_with_api_with_name(java.lang.String,java.lang.String,java.lang.String)&amp;#27;[0m
s1b1btc = 90000909.44783
  &amp;#27;[32mGiven &amp;#27;[0m&amp;#27;[32mtake balance of &amp;#27;[0m&amp;#27;[32m&amp;#27;[1m&quot;ETH&quot;&amp;#27;[0m&amp;#27;[32m with api &amp;#27;[0m&amp;#27;[32m&amp;#27;[1m&quot;Getbalance&quot;&amp;#27;[0m&amp;#27;[32m with name &amp;#27;[0m&amp;#27;[32m&amp;#27;[1m&quot;s1b1btc&quot;&amp;#27;[0m                                                                                              &amp;#27;[90m# stepDefinations.SDplaceOrderofBroker1.take_balance_of_with_api_with_name(java.lang.String,java.lang.String,java.lang.String)&amp;#27;[0m
  &amp;#27;[32mGiven &amp;#27;[0m&amp;#27;[32mloading the header for broker &amp;#27;[0m&amp;#27;[32m&amp;#27;[1m&quot;B2&quot;&amp;#27;[0m                                                                                                                           &amp;#27;[90m# stepDefinations.SDplaceOrderofBroker1.loading_the_header_for_broker_something(java.lang.String)&amp;#27;[0m
s1b2inr = 12010558.54702802
  &amp;#27;[32mGiven &amp;#27;[0m&amp;#27;[32mtake balance of &amp;#27;[0m&amp;#27;[32m&amp;#27;[1m&quot;INR&quot;&amp;#27;[0m&amp;#27;[32m with api &amp;#27;[0m&amp;#27;[32m&amp;#27;[1m&quot;Getbalance&quot;&amp;#27;[0m&amp;#27;[32m with name &amp;#27;[0m&amp;#27;[32m&amp;#27;[1m&quot;s1b2inr&quot;&amp;#27;[0m                                                                                              &amp;#27;[90m# stepDefinations.SDplaceOrderofBroker1.take_balance_of_with_api_with_name(java.lang.String,java.lang.String,java.lang.String)&amp;#27;[0m
s1b2btc = 99999.747
  &amp;#27;[32mGiven &amp;#27;[0m&amp;#27;[32mtake balance of &amp;#27;[0m&amp;#27;[32m&amp;#27;[1m&quot;ETH&quot;&amp;#27;[0m&amp;#27;[32m with api &amp;#27;[0m&amp;#27;[32m&amp;#27;[1m&quot;Getbalance&quot;&amp;#27;[0m&amp;#27;[32m with name &amp;#27;[0m&amp;#27;[32m&amp;#27;[1m&quot;s1b2btc&quot;&amp;#27;[0m                                                                                              &amp;#27;[90m# stepDefinations.SDplaceOrderofBroker1.take_balance_of_with_api_with_name(java.lang.String,java.lang.String,java.lang.String)&amp;#27;[0m
  &amp;#27;[32mGiven &amp;#27;[0m&amp;#27;[32mPlacing an order for broker &amp;#27;[0m&amp;#27;[32m&amp;#27;[1m&quot;B1&quot;&amp;#27;[0m&amp;#27;[32m of type &amp;#27;[0m&amp;#27;[32m&amp;#27;[1m&quot;limit&quot;&amp;#27;[0m&amp;#27;[32m side &amp;#27;[0m&amp;#27;[32m&amp;#27;[1m&quot;BUY&quot;&amp;#27;[0m&amp;#27;[32m instrument &amp;#27;[0m&amp;#27;[32m&amp;#27;[1m&quot;ETH/INR&quot;&amp;#27;[0m&amp;#27;[32m quantityType &amp;#27;[0m&amp;#27;[32m&amp;#27;[1m&quot;QUOTE&quot;&amp;#27;[0m&amp;#27;[32m quantity &amp;#27;[0m&amp;#27;[32m&amp;#27;[1m&quot;10000&quot;&amp;#27;[0m&amp;#27;[32m limitPrice &amp;#27;[0m&amp;#27;[32m&amp;#27;[1m&quot;3500000&quot;&amp;#27;[0m&amp;#27;[32m username &amp;#27;[0m&amp;#27;[32m&amp;#27;[1m&quot;user1&quot;&amp;#27;[0m &amp;#27;[90m# stepDefinations.SDplaceOrderofBroker1.placing_an_order_of_type_side_instrument_quantity_type_quantity_limit_price_username(java.lang.String,java.lang.String,java.lang.String,java.lang.String,java.lang.String,java.lang.String,java.lang.String,java.lang.String)&amp;#27;[0m
{&quot;data&quot;:{&quot;average_price&quot;:&quot;0&quot;,&quot;brokerID&quot;:&quot;97c02e87-a473-414b-9d27-78764a93d439&quot;,&quot;created_at&quot;:&quot;0001-01-01T00:00:00.000Z&quot;,&quot;filledQuantity&quot;:0,&quot;instrument&quot;:&quot;ETH/INR&quot;,&quot;limit_price&quot;:&quot;3500000&quot;,&quot;makerFee&quot;:&quot;-0.04&quot;,&quot;orderID&quot;:&quot;e5509554-c203-4883-9918-a162db3a24f4&quot;,&quot;quantity&quot;:0.0028,&quot;side&quot;:&quot;BUY&quot;,&quot;status&quot;:&quot;OPEN&quot;,&quot;takerFee&quot;:&quot;0.07&quot;,&quot;updated_at&quot;:&quot;0001-01-01T00:00:00.000Z&quot;},&quot;message&quot;:&quot;Order placed successfully&quot;}

  &amp;#27;[32mWhen &amp;#27;[0m&amp;#27;[32mProviding request PathUrl &amp;#27;[0m&amp;#27;[32m&amp;#27;[1m&quot;PlaceOrder&quot;&amp;#27;[0m&amp;#27;[32m with method &amp;#27;[0m&amp;#27;[32m&amp;#27;[1m&quot;POST&quot;&amp;#27;[0m                                                                                                     &amp;#27;[90m# stepDefinations.SDplaceOrderofBroker1.providing_request_path_url_with_method(java.lang.String,java.lang.String)&amp;#27;[0m
  &amp;#27;[32mThen &amp;#27;[0m&amp;#27;[32mI verify the  &amp;#27;[0m&amp;#27;[32m&amp;#27;[1m&quot;200&quot;&amp;#27;[0m&amp;#27;[32m in step&amp;#27;[0m                                                                                                                                   &amp;#27;[90m# stepDefinations.SDplaceOrderofBroker1.i_verify_the_in_step(java.lang.String)&amp;#27;[0m
  &amp;#27;[32mAnd &amp;#27;[0m&amp;#27;[32mVerify key &amp;#27;[0m&amp;#27;[32m&amp;#27;[1m&quot;message&quot;&amp;#27;[0m&amp;#27;[32m of response &amp;#27;[0m&amp;#27;[32m&amp;#27;[1m&quot;Order placed successfully&quot;&amp;#27;[0m                                                                                                   &amp;#27;[90m# stepDefinations.SDplaceOrderofBroker1.verify_key_of_response(java.lang.String,java.lang.String)&amp;#27;[0m
{&quot;data&quot;:{&quot;average_price&quot;:&quot;0&quot;,&quot;brokerID&quot;:&quot;97c02e87-a473-414b-9d27-78764a93d439&quot;,&quot;created_at&quot;:&quot;2022-05-18T09:30:47.888Z&quot;,&quot;filledQuantity&quot;:0,&quot;instrument&quot;:&quot;ETH/INR&quot;,&quot;limit_price&quot;:&quot;3500000&quot;,&quot;makerFee&quot;:&quot;-0.04&quot;,&quot;orderID&quot;:&quot;e5509554-c203-4883-9918-a162db3a24f4&quot;,&quot;quantity&quot;:0.0028,&quot;side&quot;:&quot;BUY&quot;,&quot;status&quot;:&quot;OPEN&quot;,&quot;takerFee&quot;:&quot;0.07&quot;,&quot;updated_at&quot;:&quot;2022-05-18T09:30:47.888Z&quot;},&quot;message&quot;:&quot;Order fetched successfully&quot;}

  &amp;#27;[32mAnd &amp;#27;[0m&amp;#27;[32mVerify the &amp;#27;[0m&amp;#27;[32m&amp;#27;[1m&quot;data.orderID&quot;&amp;#27;[0m&amp;#27;[32m of response &amp;#27;[0m&amp;#27;[32m&amp;#27;[1m&quot;GetOrder&quot;&amp;#27;[0m                                                                                                               &amp;#27;[90m# stepDefinations.SDplaceOrderofBroker1.verify_the_of_response(java.lang.String,java.lang.String)&amp;#27;[0m
  &amp;#27;[32mAnd &amp;#27;[0m&amp;#27;[32mVerify key &amp;#27;[0m&amp;#27;[32m&amp;#27;[1m&quot;data.status&quot;&amp;#27;[0m&amp;#27;[32m of response &amp;#27;[0m&amp;#27;[32m&amp;#27;[1m&quot;OPEN&quot;&amp;#27;[0m                                                                                                                    &amp;#27;[90m# stepDefinations.SDplaceOrderofBroker1.verify_key_of_response(java.lang.String,java.lang.String)&amp;#27;[0m
  &amp;#27;[32mThen &amp;#27;[0m&amp;#27;[32mgive sleep of &amp;#27;[0m&amp;#27;[32m&amp;#27;[1m&quot;000&quot;&amp;#27;[0m                                                                                                                                           &amp;#27;[90m# stepDefinations.SDplaceOrderofBroker1.give_sleep_of_something(java.lang.String)&amp;#27;[0m
  &amp;#27;[32mGiven &amp;#27;[0m&amp;#27;[32mloading the header for broker &amp;#27;[0m&amp;#27;[32m&amp;#27;[1m&quot;B1&quot;&amp;#27;[0m                                                                                                                           &amp;#27;[90m# stepDefinations.SDplaceOrderofBroker1.loading_the_header_for_broker_something(java.lang.String)&amp;#27;[0m
s2b1inr = 129814915.019297
  &amp;#27;[32mGiven &amp;#27;[0m&amp;#27;[32mtake balance of &amp;#27;[0m&amp;#27;[32m&amp;#27;[1m&quot;INR&quot;&amp;#27;[0m&amp;#27;[32m with api &amp;#27;[0m&amp;#27;[32m&amp;#27;[1m&quot;Getbalance&quot;&amp;#27;[0m&amp;#27;[32m with name &amp;#27;[0m&amp;#27;[32m&amp;#27;[1m&quot;s2b1inr&quot;&amp;#27;[0m                                                                                              &amp;#27;[90m# stepDefinations.SDplaceOrderofBroker1.take_balance_of_with_api_with_name(java.lang.String,java.lang.String,java.lang.String)&amp;#27;[0m
s2b1btc = 90000909.44783
  &amp;#27;[32mGiven &amp;#27;[0m&amp;#27;[32mtake balance of &amp;#27;[0m&amp;#27;[32m&amp;#27;[1m&quot;ETH&quot;&amp;#27;[0m&amp;#27;[32m with api &amp;#27;[0m&amp;#27;[32m&amp;#27;[1m&quot;Getbalance&quot;&amp;#27;[0m&amp;#27;[32m with name &amp;#27;[0m&amp;#27;[32m&amp;#27;[1m&quot;s2b1btc&quot;&amp;#27;[0m                                                                                              &amp;#27;[90m# stepDefinations.SDplaceOrderofBroker1.take_balance_of_with_api_with_name(java.lang.String,java.lang.String,java.lang.String)&amp;#27;[0m
  &amp;#27;[32mGiven &amp;#27;[0m&amp;#27;[32mloading the header for broker &amp;#27;[0m&amp;#27;[32m&amp;#27;[1m&quot;B2&quot;&amp;#27;[0m                                                                                                                           &amp;#27;[90m# stepDefinations.SDplaceOrderofBroker1.loading_the_header_for_broker_something(java.lang.String)&amp;#27;[0m
s2b2inr = 12010558.54702802
  &amp;#27;[32mGiven &amp;#27;[0m&amp;#27;[32mtake balance of &amp;#27;[0m&amp;#27;[32m&amp;#27;[1m&quot;INR&quot;&amp;#27;[0m&amp;#27;[32m with api &amp;#27;[0m&amp;#27;[32m&amp;#27;[1m&quot;Getbalance&quot;&amp;#27;[0m&amp;#27;[32m with name &amp;#27;[0m&amp;#27;[32m&amp;#27;[1m&quot;s2b2inr&quot;&amp;#27;[0m                                                                                              &amp;#27;[90m# stepDefinations.SDplaceOrderofBroker1.take_balance_of_with_api_with_name(java.lang.String,java.lang.String,java.lang.String)&amp;#27;[0m
s2b2btc = 99999.747
  &amp;#27;[32mGiven &amp;#27;[0m&amp;#27;[32mtake balance of &amp;#27;[0m&amp;#27;[32m&amp;#27;[1m&quot;ETH&quot;&amp;#27;[0m&amp;#27;[32m with api &amp;#27;[0m&amp;#27;[32m&amp;#27;[1m&quot;Getbalance&quot;&amp;#27;[0m&amp;#27;[32m with name &amp;#27;[0m&amp;#27;[32m&amp;#27;[1m&quot;s2b2btc&quot;&amp;#27;[0m                                                                                              &amp;#27;[90m# stepDefinations.SDplaceOrderofBroker1.take_balance_of_with_api_with_name(java.lang.String,java.lang.String,java.lang.String)&amp;#27;[0m
  &amp;#27;[32mGiven &amp;#27;[0m&amp;#27;[32mPlacing an order for broker &amp;#27;[0m&amp;#27;[32m&amp;#27;[1m&quot;B2&quot;&amp;#27;[0m&amp;#27;[32m of type &amp;#27;[0m&amp;#27;[32m&amp;#27;[1m&quot;limit&quot;&amp;#27;[0m&amp;#27;[32m side &amp;#27;[0m&amp;#27;[32m&amp;#27;[1m&quot;SELL&quot;&amp;#27;[0m&amp;#27;[32m instrument &amp;#27;[0m&amp;#27;[32m&amp;#27;[1m&quot;ETH/INR&quot;&amp;#27;[0m&amp;#27;[32m quantityType &amp;#27;[0m&amp;#27;[32m&amp;#27;[1m&quot;QUOTE&quot;&amp;#27;[0m&amp;#27;[32m quantity &amp;#27;[0m&amp;#27;[32m&amp;#27;[1m&quot;5000&quot;&amp;#27;[0m&amp;#27;[32m limitPrice &amp;#27;[0m&amp;#27;[32m&amp;#27;[1m&quot;3500000&quot;&amp;#27;[0m&amp;#27;[32m username &amp;#27;[0m&amp;#27;[32m&amp;#27;[1m&quot;user1&quot;&amp;#27;[0m &amp;#27;[90m# stepDefinations.SDplaceOrderofBroker1.placing_an_order_of_type_side_instrument_quantity_type_quantity_limit_price_username(java.lang.String,java.lang.String,java.lang.String,java.lang.String,java.lang.String,java.lang.String,java.lang.String,java.lang.String)&amp;#27;[0m
{&quot;data&quot;:{&quot;average_price&quot;:&quot;0&quot;,&quot;brokerID&quot;:&quot;3ab607d8-8836-4aeb-a71d-7030e7c4524f&quot;,&quot;created_at&quot;:&quot;0001-01-01T00:00:00.000Z&quot;,&quot;filledQuantity&quot;:0,&quot;instrument&quot;:&quot;ETH/INR&quot;,&quot;limit_price&quot;:&quot;3500000&quot;,&quot;makerFee&quot;:&quot;-0.04&quot;,&quot;orderID&quot;:&quot;ef1500cc-d324-4f0f-815b-cbd59a321a46&quot;,&quot;quantity&quot;:0.0014,&quot;side&quot;:&quot;SELL&quot;,&quot;status&quot;:&quot;OPEN&quot;,&quot;takerFee&quot;:&quot;0.07&quot;,&quot;updated_at&quot;:&quot;0001-01-01T00:00:00.000Z&quot;},&quot;message&quot;:&quot;Order placed successfully&quot;}

  &amp;#27;[32mWhen &amp;#27;[0m&amp;#27;[32mProviding request PathUrl &amp;#27;[0m&amp;#27;[32m&amp;#27;[1m&quot;PlaceOrder&quot;&amp;#27;[0m&amp;#27;[32m with method &amp;#27;[0m&amp;#27;[32m&amp;#27;[1m&quot;POST&quot;&amp;#27;[0m                                                                                                     &amp;#27;[90m# stepDefinations.SDplaceOrderofBroker1.providing_request_path_url_with_method(java.lang.String,java.lang.String)&amp;#27;[0m
  &amp;#27;[32mThen &amp;#27;[0m&amp;#27;[32mI verify the  &amp;#27;[0m&amp;#27;[32m&amp;#27;[1m&quot;200&quot;&amp;#27;[0m&amp;#27;[32m in step&amp;#27;[0m                                                                                                                                   &amp;#27;[90m# stepDefinations.SDplaceOrderofBroker1.i_verify_the_in_step(java.lang.String)&amp;#27;[0m
  &amp;#27;[32mAnd &amp;#27;[0m&amp;#27;[32mVerify key &amp;#27;[0m&amp;#27;[32m&amp;#27;[1m&quot;message&quot;&amp;#27;[0m&amp;#27;[32m of response &amp;#27;[0m&amp;#27;[32m&amp;#27;[1m&quot;Order placed successfully&quot;&amp;#27;[0m                                                                                                   &amp;#27;[90m# stepDefinations.SDplaceOrderofBroker1.verify_key_of_response(java.lang.String,java.lang.String)&amp;#27;[0m
{&quot;data&quot;:{&quot;average_price&quot;:&quot;0&quot;,&quot;brokerID&quot;:&quot;3ab607d8-8836-4aeb-a71d-7030e7c4524f&quot;,&quot;created_at&quot;:&quot;2022-05-18T09:30:52.308Z&quot;,&quot;filledQuantity&quot;:0,&quot;instrument&quot;:&quot;ETH/INR&quot;,&quot;limit_price&quot;:&quot;3500000&quot;,&quot;makerFee&quot;:&quot;-0.04&quot;,&quot;orderID&quot;:&quot;ef1500cc-d324-4f0f-815b-cbd59a321a46&quot;,&quot;quantity&quot;:0.0014,&quot;side&quot;:&quot;SELL&quot;,&quot;status&quot;:&quot;OPEN&quot;,&quot;takerFee&quot;:&quot;0.07&quot;,&quot;updated_at&quot;:&quot;2022-05-18T09:30:52.308Z&quot;},&quot;message&quot;:&quot;Order fetched successfully&quot;}

  &amp;#27;[32mAnd &amp;#27;[0m&amp;#27;[32mVerify the &amp;#27;[0m&amp;#27;[32m&amp;#27;[1m&quot;data.orderID&quot;&amp;#27;[0m&amp;#27;[32m of response &amp;#27;[0m&amp;#27;[32m&amp;#27;[1m&quot;GetOrder&quot;&amp;#27;[0m                                                                                                               &amp;#27;[90m# stepDefinations.SDplaceOrderofBroker1.verify_the_of_response(java.lang.String,java.lang.String)&amp;#27;[0m
  &amp;#27;[32mThen &amp;#27;[0m&amp;#27;[32mgive sleep of &amp;#27;[0m&amp;#27;[32m&amp;#27;[1m&quot;4000&quot;&amp;#27;[0m                                                                                                                                          &amp;#27;[90m# stepDefinations.SDplaceOrderofBroker1.give_sleep_of_something(java.lang.String)&amp;#27;[0m
  &amp;#27;[32mGiven &amp;#27;[0m&amp;#27;[32mloading the header for broker &amp;#27;[0m&amp;#27;[32m&amp;#27;[1m&quot;B1&quot;&amp;#27;[0m                                                                                                                           &amp;#27;[90m# stepDefinations.SDplaceOrderofBroker1.loading_the_header_for_broker_something(java.lang.String)&amp;#27;[0m
{&quot;data&quot;:&quot;1 open or partially_fulfilled orders will be Cancelled&quot;,&quot;message&quot;:&quot;Orders cancellation in progress&quot;}

  &amp;#27;[32mWhen &amp;#27;[0m&amp;#27;[32mProviding request PathUrl &amp;#27;[0m&amp;#27;[32m&amp;#27;[1m&quot;CancelAllOrders&quot;&amp;#27;[0m&amp;#27;[32m with method &amp;#27;[0m&amp;#27;[32m&amp;#27;[1m&quot;DELETE&quot;&amp;#27;[0m                                                                                              &amp;#27;[90m# stepDefinations.SDplaceOrderofBroker1.providing_request_path_url_with_method(java.lang.String,java.lang.String)&amp;#27;[0m
  &amp;#27;[32mGiven &amp;#27;[0m&amp;#27;[32mloading the header for broker &amp;#27;[0m&amp;#27;[32m&amp;#27;[1m&quot;B2&quot;&amp;#27;[0m                                                                                                                           &amp;#27;[90m# stepDefinations.SDplaceOrderofBroker1.loading_the_header_for_broker_something(java.lang.String)&amp;#27;[0m
{&quot;message&quot;:&quot;No Open Orders to Cancel&quot;}

  &amp;#27;[32mWhen &amp;#27;[0m&amp;#27;[32mProviding request PathUrl &amp;#27;[0m&amp;#27;[32m&amp;#27;[1m&quot;CancelAllOrders&quot;&amp;#27;[0m&amp;#27;[32m with method &amp;#27;[0m&amp;#27;[32m&amp;#27;[1m&quot;DELETE&quot;&amp;#27;[0m                                                                                              &amp;#27;[90m# stepDefinations.SDplaceOrderofBroker1.providing_request_path_url_with_method(java.lang.String,java.lang.String)&amp;#27;[0m
  &amp;#27;[32mThen &amp;#27;[0m&amp;#27;[32mgive sleep of &amp;#27;[0m&amp;#27;[32m&amp;#27;[1m&quot;4000&quot;&amp;#27;[0m                                                                                                                                          &amp;#27;[90m# stepDefinations.SDplaceOrderofBroker1.give_sleep_of_something(java.lang.String)&amp;#27;[0m
  &amp;#27;[32mGiven &amp;#27;[0m&amp;#27;[32mloading the header for broker &amp;#27;[0m&amp;#27;[32m&amp;#27;[1m&quot;B1&quot;&amp;#27;[0m                                                                                                                           &amp;#27;[90m# stepDefinations.SDplaceOrderofBroker1.loading_the_header_for_broker_something(java.lang.String)&amp;#27;[0m
s3b1inr = 129819823.839297
  &amp;#27;[32mGiven &amp;#27;[0m&amp;#27;[32mtake balance of &amp;#27;[0m&amp;#27;[32m&amp;#27;[1m&quot;INR&quot;&amp;#27;[0m&amp;#27;[32m with api &amp;#27;[0m&amp;#27;[32m&amp;#27;[1m&quot;Getbalance&quot;&amp;#27;[0m&amp;#27;[32m with name &amp;#27;[0m&amp;#27;[32m&amp;#27;[1m&quot;s3b1inr&quot;&amp;#27;[0m                                                                                              &amp;#27;[90m# stepDefinations.SDplaceOrderofBroker1.take_balance_of_with_api_with_name(java.lang.String,java.lang.String,java.lang.String)&amp;#27;[0m
s3b1btc = 90000909.44923
  &amp;#27;[32mGiven &amp;#27;[0m&amp;#27;[32mtake balance of &amp;#27;[0m&amp;#27;[32m&amp;#27;[1m&quot;ETH&quot;&amp;#27;[0m&amp;#27;[32m with api &amp;#27;[0m&amp;#27;[32m&amp;#27;[1m&quot;Getbalance&quot;&amp;#27;[0m&amp;#27;[32m with name &amp;#27;[0m&amp;#27;[32m&amp;#27;[1m&quot;s3b1btc&quot;&amp;#27;[0m                                                                                              &amp;#27;[90m# stepDefinations.SDplaceOrderofBroker1.take_balance_of_with_api_with_name(java.lang.String,java.lang.String,java.lang.String)&amp;#27;[0m
  &amp;#27;[32mGiven &amp;#27;[0m&amp;#27;[32mloading the header for broker &amp;#27;[0m&amp;#27;[32m&amp;#27;[1m&quot;B2&quot;&amp;#27;[0m                                                                                                                           &amp;#27;[90m# stepDefinations.SDplaceOrderofBroker1.loading_the_header_for_broker_something(java.lang.String)&amp;#27;[0m
s3b2inr = 12015455.11702802
  &amp;#27;[32mGiven &amp;#27;[0m&amp;#27;[32mtake balance of &amp;#27;[0m&amp;#27;[32m&amp;#27;[1m&quot;INR&quot;&amp;#27;[0m&amp;#27;[32m with api &amp;#27;[0m&amp;#27;[32m&amp;#27;[1m&quot;Getbalance&quot;&amp;#27;[0m&amp;#27;[32m with name &amp;#27;[0m&amp;#27;[32m&amp;#27;[1m&quot;s3b2inr&quot;&amp;#27;[0m                                                                                              &amp;#27;[90m# stepDefinations.SDplaceOrderofBroker1.take_balance_of_with_api_with_name(java.lang.String,java.lang.String,java.lang.String)&amp;#27;[0m
s3b2btc = 99999.7456
  &amp;#27;[32mGiven &amp;#27;[0m&amp;#27;[32mtake balance of &amp;#27;[0m&amp;#27;[32m&amp;#27;[1m&quot;ETH&quot;&amp;#27;[0m&amp;#27;[32m with api &amp;#27;[0m&amp;#27;[32m&amp;#27;[1m&quot;Getbalance&quot;&amp;#27;[0m&amp;#27;[32m with name &amp;#27;[0m&amp;#27;[32m&amp;#27;[1m&quot;s3b2btc&quot;&amp;#27;[0m                                                                                              &amp;#27;[90m# stepDefinations.SDplaceOrderofBroker1.take_balance_of_with_api_with_name(java.lang.String,java.lang.String,java.lang.String)&amp;#27;[0m
-------------------------------------------------------------------------------------
Deduction_of_INR_from_broker1 = 4898.0400000065565
-------------------------------------------------------------------------------------
Addition_of_INR_in_broker2 = 4896.570000000298
-------------------------------------------------------------------------------------
Addition_of_BTC_to_broker1 = 0.001399993896484375
-------------------------------------------------------------------------------------
Deduction_of_BTC_to_broker2 = 0.001400000008288771
-------------------------------------------------------------------------------------
Fee_for_diffrent_broker = 1.4700000062584877
-------------------------------------------------------------------------------------
  &amp;#27;[31mThen &amp;#27;[0m&amp;#27;[31mCheck fees &amp;#27;[0m&amp;#27;[31m&amp;#27;[1m&quot;12.9&quot;&amp;#27;[0m&amp;#27;[31m for diffrent broker&amp;#27;[0m                                                                                                                         &amp;#27;[90m# stepDefinations.SDplaceOrderofBroker1.calculate_fees_for_diffrent_broker(java.lang.String)&amp;#27;[0m
      &amp;#27;[31morg.junit.ComparisonFailure: expected:&lt;1[.4700000062584877]&gt; but was:&lt;1[2.9]&gt;
	at org.junit.Assert.assertEquals(Assert.java:117)
	at org.junit.Assert.assertEquals(Assert.java:146)
	at stepDefinations.SDplaceOrderofBroker1.calculate_fees_for_diffrent_broker(SDplaceOrderofBroker1.java:266)
	at Ã¢Å“Â½.Check fees &quot;12.9&quot; for diffrent broker(file:///C:/Users/Dell/eclipse_csk/CSXautomation2Optimision/src/test/java/ETHfeature/ETHINRdiffBrokerFunds2.feature:86)
&amp;#27;[0m
</system-out>
  </testcase>
  <testcase classname="cucumber.options.TestRunner" name="runScenario" time="20.841"/>
  <testcase classname="cucumber.options.TestRunner" name="runScenario" time="20.271">
    <failure message="expected:&lt;2[.93999999761581]4&gt; but was:&lt;2[5.]4&gt;" type="org.junit.ComparisonFailure">org.junit.ComparisonFailure: expected:&lt;2[.93999999761581]4&gt; but was:&lt;2[5.]4&gt;
	at org.junit.Assert.assertEquals(Assert.java:117)
	at org.junit.Assert.assertEquals(Assert.java:146)
	at stepDefinations.SDplaceOrderofBroker1.calculate_fees_for_diffrent_broker(SDplaceOrderofBroker1.java:266)
	at âœ½.Check fees &quot;25.4&quot; for diffrent broker(file:///C:/Users/Dell/eclipse_csk/CSXautomation2Optimision/src/test/java/ETHfeature/ETHINRdiffBrokerFunds2.feature:170)
</failure>
    <system-out>
Scenario: Verify funds for diffrent broker in price improvement case                                                                                                 &amp;#27;[90m# src/test/java/ETHfeature/ETHINRdiffBrokerFunds2.feature:130&amp;#27;[0m
  &amp;#27;[32mGiven &amp;#27;[0m&amp;#27;[32mloading the header for broker &amp;#27;[0m&amp;#27;[32m&amp;#27;[1m&quot;B1&quot;&amp;#27;[0m                                                                                                                           &amp;#27;[90m# stepDefinations.SDplaceOrderofBroker1.loading_the_header_for_broker_something(java.lang.String)&amp;#27;[0m
s1b1inr = 129819823.839297
  &amp;#27;[32mGiven &amp;#27;[0m&amp;#27;[32mtake balance of &amp;#27;[0m&amp;#27;[32m&amp;#27;[1m&quot;INR&quot;&amp;#27;[0m&amp;#27;[32m with api &amp;#27;[0m&amp;#27;[32m&amp;#27;[1m&quot;Getbalance&quot;&amp;#27;[0m&amp;#27;[32m with name &amp;#27;[0m&amp;#27;[32m&amp;#27;[1m&quot;s1b1inr&quot;&amp;#27;[0m                                                                                              &amp;#27;[90m# stepDefinations.SDplaceOrderofBroker1.take_balance_of_with_api_with_name(java.lang.String,java.lang.String,java.lang.String)&amp;#27;[0m
s1b1btc = 90000909.44923
  &amp;#27;[32mGiven &amp;#27;[0m&amp;#27;[32mtake balance of &amp;#27;[0m&amp;#27;[32m&amp;#27;[1m&quot;ETH&quot;&amp;#27;[0m&amp;#27;[32m with api &amp;#27;[0m&amp;#27;[32m&amp;#27;[1m&quot;Getbalance&quot;&amp;#27;[0m&amp;#27;[32m with name &amp;#27;[0m&amp;#27;[32m&amp;#27;[1m&quot;s1b1btc&quot;&amp;#27;[0m                                                                                              &amp;#27;[90m# stepDefinations.SDplaceOrderofBroker1.take_balance_of_with_api_with_name(java.lang.String,java.lang.String,java.lang.String)&amp;#27;[0m
  &amp;#27;[32mGiven &amp;#27;[0m&amp;#27;[32mloading the header for broker &amp;#27;[0m&amp;#27;[32m&amp;#27;[1m&quot;B2&quot;&amp;#27;[0m                                                                                                                           &amp;#27;[90m# stepDefinations.SDplaceOrderofBroker1.loading_the_header_for_broker_something(java.lang.String)&amp;#27;[0m
s1b2inr = 12015455.11702802
  &amp;#27;[32mGiven &amp;#27;[0m&amp;#27;[32mtake balance of &amp;#27;[0m&amp;#27;[32m&amp;#27;[1m&quot;INR&quot;&amp;#27;[0m&amp;#27;[32m with api &amp;#27;[0m&amp;#27;[32m&amp;#27;[1m&quot;Getbalance&quot;&amp;#27;[0m&amp;#27;[32m with name &amp;#27;[0m&amp;#27;[32m&amp;#27;[1m&quot;s1b2inr&quot;&amp;#27;[0m                                                                                              &amp;#27;[90m# stepDefinations.SDplaceOrderofBroker1.take_balance_of_with_api_with_name(java.lang.String,java.lang.String,java.lang.String)&amp;#27;[0m
s1b2btc = 99999.7456
  &amp;#27;[32mGiven &amp;#27;[0m&amp;#27;[32mtake balance of &amp;#27;[0m&amp;#27;[32m&amp;#27;[1m&quot;ETH&quot;&amp;#27;[0m&amp;#27;[32m with api &amp;#27;[0m&amp;#27;[32m&amp;#27;[1m&quot;Getbalance&quot;&amp;#27;[0m&amp;#27;[32m with name &amp;#27;[0m&amp;#27;[32m&amp;#27;[1m&quot;s1b2btc&quot;&amp;#27;[0m                                                                                              &amp;#27;[90m# stepDefinations.SDplaceOrderofBroker1.take_balance_of_with_api_with_name(java.lang.String,java.lang.String,java.lang.String)&amp;#27;[0m
  &amp;#27;[32mGiven &amp;#27;[0m&amp;#27;[32mPlacing an order for broker &amp;#27;[0m&amp;#27;[32m&amp;#27;[1m&quot;B1&quot;&amp;#27;[0m&amp;#27;[32m of type &amp;#27;[0m&amp;#27;[32m&amp;#27;[1m&quot;limit&quot;&amp;#27;[0m&amp;#27;[32m side &amp;#27;[0m&amp;#27;[32m&amp;#27;[1m&quot;BUY&quot;&amp;#27;[0m&amp;#27;[32m instrument &amp;#27;[0m&amp;#27;[32m&amp;#27;[1m&quot;ETH/INR&quot;&amp;#27;[0m&amp;#27;[32m quantityType &amp;#27;[0m&amp;#27;[32m&amp;#27;[1m&quot;QUOTE&quot;&amp;#27;[0m&amp;#27;[32m quantity &amp;#27;[0m&amp;#27;[32m&amp;#27;[1m&quot;10000&quot;&amp;#27;[0m&amp;#27;[32m limitPrice &amp;#27;[0m&amp;#27;[32m&amp;#27;[1m&quot;3500000&quot;&amp;#27;[0m&amp;#27;[32m username &amp;#27;[0m&amp;#27;[32m&amp;#27;[1m&quot;user1&quot;&amp;#27;[0m &amp;#27;[90m# stepDefinations.SDplaceOrderofBroker1.placing_an_order_of_type_side_instrument_quantity_type_quantity_limit_price_username(java.lang.String,java.lang.String,java.lang.String,java.lang.String,java.lang.String,java.lang.String,java.lang.String,java.lang.String)&amp;#27;[0m
{&quot;data&quot;:{&quot;average_price&quot;:&quot;0&quot;,&quot;brokerID&quot;:&quot;97c02e87-a473-414b-9d27-78764a93d439&quot;,&quot;created_at&quot;:&quot;0001-01-01T00:00:00.000Z&quot;,&quot;filledQuantity&quot;:0,&quot;instrument&quot;:&quot;ETH/INR&quot;,&quot;limit_price&quot;:&quot;3500000&quot;,&quot;makerFee&quot;:&quot;-0.04&quot;,&quot;orderID&quot;:&quot;e82e1012-5ce4-482b-9b63-fa0aaf72ed56&quot;,&quot;quantity&quot;:0.0028,&quot;side&quot;:&quot;BUY&quot;,&quot;status&quot;:&quot;OPEN&quot;,&quot;takerFee&quot;:&quot;0.07&quot;,&quot;updated_at&quot;:&quot;0001-01-01T00:00:00.000Z&quot;},&quot;message&quot;:&quot;Order placed successfully&quot;}

  &amp;#27;[32mWhen &amp;#27;[0m&amp;#27;[32mProviding request PathUrl &amp;#27;[0m&amp;#27;[32m&amp;#27;[1m&quot;PlaceOrder&quot;&amp;#27;[0m&amp;#27;[32m with method &amp;#27;[0m&amp;#27;[32m&amp;#27;[1m&quot;POST&quot;&amp;#27;[0m                                                                                                     &amp;#27;[90m# stepDefinations.SDplaceOrderofBroker1.providing_request_path_url_with_method(java.lang.String,java.lang.String)&amp;#27;[0m
  &amp;#27;[32mThen &amp;#27;[0m&amp;#27;[32mI verify the  &amp;#27;[0m&amp;#27;[32m&amp;#27;[1m&quot;200&quot;&amp;#27;[0m&amp;#27;[32m in step&amp;#27;[0m                                                                                                                                   &amp;#27;[90m# stepDefinations.SDplaceOrderofBroker1.i_verify_the_in_step(java.lang.String)&amp;#27;[0m
  &amp;#27;[32mAnd &amp;#27;[0m&amp;#27;[32mVerify key &amp;#27;[0m&amp;#27;[32m&amp;#27;[1m&quot;message&quot;&amp;#27;[0m&amp;#27;[32m of response &amp;#27;[0m&amp;#27;[32m&amp;#27;[1m&quot;Order placed successfully&quot;&amp;#27;[0m                                                                                                   &amp;#27;[90m# stepDefinations.SDplaceOrderofBroker1.verify_key_of_response(java.lang.String,java.lang.String)&amp;#27;[0m
{&quot;data&quot;:{&quot;average_price&quot;:&quot;0&quot;,&quot;brokerID&quot;:&quot;97c02e87-a473-414b-9d27-78764a93d439&quot;,&quot;created_at&quot;:&quot;2022-05-18T09:31:29.510Z&quot;,&quot;filledQuantity&quot;:0,&quot;instrument&quot;:&quot;ETH/INR&quot;,&quot;limit_price&quot;:&quot;3500000&quot;,&quot;makerFee&quot;:&quot;-0.04&quot;,&quot;orderID&quot;:&quot;e82e1012-5ce4-482b-9b63-fa0aaf72ed56&quot;,&quot;quantity&quot;:0.0028,&quot;side&quot;:&quot;BUY&quot;,&quot;status&quot;:&quot;OPEN&quot;,&quot;takerFee&quot;:&quot;0.07&quot;,&quot;updated_at&quot;:&quot;2022-05-18T09:31:29.510Z&quot;},&quot;message&quot;:&quot;Order fetched successfully&quot;}

  &amp;#27;[32mAnd &amp;#27;[0m&amp;#27;[32mVerify the &amp;#27;[0m&amp;#27;[32m&amp;#27;[1m&quot;data.orderID&quot;&amp;#27;[0m&amp;#27;[32m of response &amp;#27;[0m&amp;#27;[32m&amp;#27;[1m&quot;GetOrder&quot;&amp;#27;[0m                                                                                                               &amp;#27;[90m# stepDefinations.SDplaceOrderofBroker1.verify_the_of_response(java.lang.String,java.lang.String)&amp;#27;[0m
  &amp;#27;[32mAnd &amp;#27;[0m&amp;#27;[32mVerify key &amp;#27;[0m&amp;#27;[32m&amp;#27;[1m&quot;data.status&quot;&amp;#27;[0m&amp;#27;[32m of response &amp;#27;[0m&amp;#27;[32m&amp;#27;[1m&quot;OPEN&quot;&amp;#27;[0m                                                                                                                    &amp;#27;[90m# stepDefinations.SDplaceOrderofBroker1.verify_key_of_response(java.lang.String,java.lang.String)&amp;#27;[0m
  &amp;#27;[32mThen &amp;#27;[0m&amp;#27;[32mgive sleep of &amp;#27;[0m&amp;#27;[32m&amp;#27;[1m&quot;000&quot;&amp;#27;[0m                                                                                                                                           &amp;#27;[90m# stepDefinations.SDplaceOrderofBroker1.give_sleep_of_something(java.lang.String)&amp;#27;[0m
  &amp;#27;[32mGiven &amp;#27;[0m&amp;#27;[32mloading the header for broker &amp;#27;[0m&amp;#27;[32m&amp;#27;[1m&quot;B1&quot;&amp;#27;[0m                                                                                                                           &amp;#27;[90m# stepDefinations.SDplaceOrderofBroker1.loading_the_header_for_broker_something(java.lang.String)&amp;#27;[0m
s2b1inr = 129810016.979297
  &amp;#27;[32mGiven &amp;#27;[0m&amp;#27;[32mtake balance of &amp;#27;[0m&amp;#27;[32m&amp;#27;[1m&quot;INR&quot;&amp;#27;[0m&amp;#27;[32m with api &amp;#27;[0m&amp;#27;[32m&amp;#27;[1m&quot;Getbalance&quot;&amp;#27;[0m&amp;#27;[32m with name &amp;#27;[0m&amp;#27;[32m&amp;#27;[1m&quot;s2b1inr&quot;&amp;#27;[0m                                                                                              &amp;#27;[90m# stepDefinations.SDplaceOrderofBroker1.take_balance_of_with_api_with_name(java.lang.String,java.lang.String,java.lang.String)&amp;#27;[0m
s2b1btc = 90000909.44923
  &amp;#27;[32mGiven &amp;#27;[0m&amp;#27;[32mtake balance of &amp;#27;[0m&amp;#27;[32m&amp;#27;[1m&quot;ETH&quot;&amp;#27;[0m&amp;#27;[32m with api &amp;#27;[0m&amp;#27;[32m&amp;#27;[1m&quot;Getbalance&quot;&amp;#27;[0m&amp;#27;[32m with name &amp;#27;[0m&amp;#27;[32m&amp;#27;[1m&quot;s2b1btc&quot;&amp;#27;[0m                                                                                              &amp;#27;[90m# stepDefinations.SDplaceOrderofBroker1.take_balance_of_with_api_with_name(java.lang.String,java.lang.String,java.lang.String)&amp;#27;[0m
  &amp;#27;[32mGiven &amp;#27;[0m&amp;#27;[32mloading the header for broker &amp;#27;[0m&amp;#27;[32m&amp;#27;[1m&quot;B2&quot;&amp;#27;[0m                                                                                                                           &amp;#27;[90m# stepDefinations.SDplaceOrderofBroker1.loading_the_header_for_broker_something(java.lang.String)&amp;#27;[0m
s2b2inr = 12015455.11702802
  &amp;#27;[32mGiven &amp;#27;[0m&amp;#27;[32mtake balance of &amp;#27;[0m&amp;#27;[32m&amp;#27;[1m&quot;INR&quot;&amp;#27;[0m&amp;#27;[32m with api &amp;#27;[0m&amp;#27;[32m&amp;#27;[1m&quot;Getbalance&quot;&amp;#27;[0m&amp;#27;[32m with name &amp;#27;[0m&amp;#27;[32m&amp;#27;[1m&quot;s2b2inr&quot;&amp;#27;[0m                                                                                              &amp;#27;[90m# stepDefinations.SDplaceOrderofBroker1.take_balance_of_with_api_with_name(java.lang.String,java.lang.String,java.lang.String)&amp;#27;[0m
s2b2btc = 99999.7456
  &amp;#27;[32mGiven &amp;#27;[0m&amp;#27;[32mtake balance of &amp;#27;[0m&amp;#27;[32m&amp;#27;[1m&quot;ETH&quot;&amp;#27;[0m&amp;#27;[32m with api &amp;#27;[0m&amp;#27;[32m&amp;#27;[1m&quot;Getbalance&quot;&amp;#27;[0m&amp;#27;[32m with name &amp;#27;[0m&amp;#27;[32m&amp;#27;[1m&quot;s2b2btc&quot;&amp;#27;[0m                                                                                              &amp;#27;[90m# stepDefinations.SDplaceOrderofBroker1.take_balance_of_with_api_with_name(java.lang.String,java.lang.String,java.lang.String)&amp;#27;[0m
  &amp;#27;[32mGiven &amp;#27;[0m&amp;#27;[32mPlacing an order for broker &amp;#27;[0m&amp;#27;[32m&amp;#27;[1m&quot;B2&quot;&amp;#27;[0m&amp;#27;[32m of type &amp;#27;[0m&amp;#27;[32m&amp;#27;[1m&quot;limit&quot;&amp;#27;[0m&amp;#27;[32m side &amp;#27;[0m&amp;#27;[32m&amp;#27;[1m&quot;SELL&quot;&amp;#27;[0m&amp;#27;[32m instrument &amp;#27;[0m&amp;#27;[32m&amp;#27;[1m&quot;ETH/INR&quot;&amp;#27;[0m&amp;#27;[32m quantityType &amp;#27;[0m&amp;#27;[32m&amp;#27;[1m&quot;QUOTE&quot;&amp;#27;[0m&amp;#27;[32m quantity &amp;#27;[0m&amp;#27;[32m&amp;#27;[1m&quot;5000&quot;&amp;#27;[0m&amp;#27;[32m limitPrice &amp;#27;[0m&amp;#27;[32m&amp;#27;[1m&quot;1750000&quot;&amp;#27;[0m&amp;#27;[32m username &amp;#27;[0m&amp;#27;[32m&amp;#27;[1m&quot;user1&quot;&amp;#27;[0m &amp;#27;[90m# stepDefinations.SDplaceOrderofBroker1.placing_an_order_of_type_side_instrument_quantity_type_quantity_limit_price_username(java.lang.String,java.lang.String,java.lang.String,java.lang.String,java.lang.String,java.lang.String,java.lang.String,java.lang.String)&amp;#27;[0m
{&quot;data&quot;:{&quot;average_price&quot;:&quot;0&quot;,&quot;brokerID&quot;:&quot;3ab607d8-8836-4aeb-a71d-7030e7c4524f&quot;,&quot;created_at&quot;:&quot;0001-01-01T00:00:00.000Z&quot;,&quot;filledQuantity&quot;:0,&quot;instrument&quot;:&quot;ETH/INR&quot;,&quot;limit_price&quot;:&quot;1750000&quot;,&quot;makerFee&quot;:&quot;-0.04&quot;,&quot;orderID&quot;:&quot;c22eb153-2ccc-43b9-afa9-8bedf8d559cf&quot;,&quot;quantity&quot;:0.0028,&quot;side&quot;:&quot;SELL&quot;,&quot;status&quot;:&quot;OPEN&quot;,&quot;takerFee&quot;:&quot;0.07&quot;,&quot;updated_at&quot;:&quot;0001-01-01T00:00:00.000Z&quot;},&quot;message&quot;:&quot;Order placed successfully&quot;}

  &amp;#27;[32mWhen &amp;#27;[0m&amp;#27;[32mProviding request PathUrl &amp;#27;[0m&amp;#27;[32m&amp;#27;[1m&quot;PlaceOrder&quot;&amp;#27;[0m&amp;#27;[32m with method &amp;#27;[0m&amp;#27;[32m&amp;#27;[1m&quot;POST&quot;&amp;#27;[0m                                                                                                     &amp;#27;[90m# stepDefinations.SDplaceOrderofBroker1.providing_request_path_url_with_method(java.lang.String,java.lang.String)&amp;#27;[0m
  &amp;#27;[32mThen &amp;#27;[0m&amp;#27;[32mI verify the  &amp;#27;[0m&amp;#27;[32m&amp;#27;[1m&quot;200&quot;&amp;#27;[0m&amp;#27;[32m in step&amp;#27;[0m                                                                                                                                   &amp;#27;[90m# stepDefinations.SDplaceOrderofBroker1.i_verify_the_in_step(java.lang.String)&amp;#27;[0m
  &amp;#27;[32mAnd &amp;#27;[0m&amp;#27;[32mVerify key &amp;#27;[0m&amp;#27;[32m&amp;#27;[1m&quot;message&quot;&amp;#27;[0m&amp;#27;[32m of response &amp;#27;[0m&amp;#27;[32m&amp;#27;[1m&quot;Order placed successfully&quot;&amp;#27;[0m                                                                                                   &amp;#27;[90m# stepDefinations.SDplaceOrderofBroker1.verify_key_of_response(java.lang.String,java.lang.String)&amp;#27;[0m
{&quot;data&quot;:{&quot;average_price&quot;:&quot;0&quot;,&quot;brokerID&quot;:&quot;3ab607d8-8836-4aeb-a71d-7030e7c4524f&quot;,&quot;created_at&quot;:&quot;2022-05-18T09:31:34.000Z&quot;,&quot;filledQuantity&quot;:0,&quot;instrument&quot;:&quot;ETH/INR&quot;,&quot;limit_price&quot;:&quot;1750000&quot;,&quot;makerFee&quot;:&quot;-0.04&quot;,&quot;orderID&quot;:&quot;c22eb153-2ccc-43b9-afa9-8bedf8d559cf&quot;,&quot;quantity&quot;:0.0028,&quot;side&quot;:&quot;SELL&quot;,&quot;status&quot;:&quot;OPEN&quot;,&quot;takerFee&quot;:&quot;0.07&quot;,&quot;updated_at&quot;:&quot;2022-05-18T09:31:34.000Z&quot;},&quot;message&quot;:&quot;Order fetched successfully&quot;}

  &amp;#27;[32mAnd &amp;#27;[0m&amp;#27;[32mVerify the &amp;#27;[0m&amp;#27;[32m&amp;#27;[1m&quot;data.orderID&quot;&amp;#27;[0m&amp;#27;[32m of response &amp;#27;[0m&amp;#27;[32m&amp;#27;[1m&quot;GetOrder&quot;&amp;#27;[0m                                                                                                               &amp;#27;[90m# stepDefinations.SDplaceOrderofBroker1.verify_the_of_response(java.lang.String,java.lang.String)&amp;#27;[0m
  &amp;#27;[32mThen &amp;#27;[0m&amp;#27;[32mgive sleep of &amp;#27;[0m&amp;#27;[32m&amp;#27;[1m&quot;4000&quot;&amp;#27;[0m                                                                                                                                          &amp;#27;[90m# stepDefinations.SDplaceOrderofBroker1.give_sleep_of_something(java.lang.String)&amp;#27;[0m
  &amp;#27;[32mGiven &amp;#27;[0m&amp;#27;[32mloading the header for broker &amp;#27;[0m&amp;#27;[32m&amp;#27;[1m&quot;B1&quot;&amp;#27;[0m                                                                                                                           &amp;#27;[90m# stepDefinations.SDplaceOrderofBroker1.loading_the_header_for_broker_something(java.lang.String)&amp;#27;[0m
{&quot;message&quot;:&quot;No Open Orders to Cancel&quot;}

  &amp;#27;[32mWhen &amp;#27;[0m&amp;#27;[32mProviding request PathUrl &amp;#27;[0m&amp;#27;[32m&amp;#27;[1m&quot;CancelAllOrders&quot;&amp;#27;[0m&amp;#27;[32m with method &amp;#27;[0m&amp;#27;[32m&amp;#27;[1m&quot;DELETE&quot;&amp;#27;[0m                                                                                              &amp;#27;[90m# stepDefinations.SDplaceOrderofBroker1.providing_request_path_url_with_method(java.lang.String,java.lang.String)&amp;#27;[0m
  &amp;#27;[32mGiven &amp;#27;[0m&amp;#27;[32mloading the header for broker &amp;#27;[0m&amp;#27;[32m&amp;#27;[1m&quot;B2&quot;&amp;#27;[0m                                                                                                                           &amp;#27;[90m# stepDefinations.SDplaceOrderofBroker1.loading_the_header_for_broker_something(java.lang.String)&amp;#27;[0m
{&quot;message&quot;:&quot;No Open Orders to Cancel&quot;}

  &amp;#27;[32mWhen &amp;#27;[0m&amp;#27;[32mProviding request PathUrl &amp;#27;[0m&amp;#27;[32m&amp;#27;[1m&quot;CancelAllOrders&quot;&amp;#27;[0m&amp;#27;[32m with method &amp;#27;[0m&amp;#27;[32m&amp;#27;[1m&quot;DELETE&quot;&amp;#27;[0m                                                                                              &amp;#27;[90m# stepDefinations.SDplaceOrderofBroker1.providing_request_path_url_with_method(java.lang.String,java.lang.String)&amp;#27;[0m
  &amp;#27;[32mThen &amp;#27;[0m&amp;#27;[32mgive sleep of &amp;#27;[0m&amp;#27;[32m&amp;#27;[1m&quot;4000&quot;&amp;#27;[0m                                                                                                                                          &amp;#27;[90m# stepDefinations.SDplaceOrderofBroker1.give_sleep_of_something(java.lang.String)&amp;#27;[0m
  &amp;#27;[32mGiven &amp;#27;[0m&amp;#27;[32mloading the header for broker &amp;#27;[0m&amp;#27;[32m&amp;#27;[1m&quot;B1&quot;&amp;#27;[0m                                                                                                                           &amp;#27;[90m# stepDefinations.SDplaceOrderofBroker1.loading_the_header_for_broker_something(java.lang.String)&amp;#27;[0m
s3b1inr = 129810027.759297
  &amp;#27;[32mGiven &amp;#27;[0m&amp;#27;[32mtake balance of &amp;#27;[0m&amp;#27;[32m&amp;#27;[1m&quot;INR&quot;&amp;#27;[0m&amp;#27;[32m with api &amp;#27;[0m&amp;#27;[32m&amp;#27;[1m&quot;Getbalance&quot;&amp;#27;[0m&amp;#27;[32m with name &amp;#27;[0m&amp;#27;[32m&amp;#27;[1m&quot;s3b1inr&quot;&amp;#27;[0m                                                                                              &amp;#27;[90m# stepDefinations.SDplaceOrderofBroker1.take_balance_of_with_api_with_name(java.lang.String,java.lang.String,java.lang.String)&amp;#27;[0m
s3b1btc = 90000909.45203
  &amp;#27;[32mGiven &amp;#27;[0m&amp;#27;[32mtake balance of &amp;#27;[0m&amp;#27;[32m&amp;#27;[1m&quot;ETH&quot;&amp;#27;[0m&amp;#27;[32m with api &amp;#27;[0m&amp;#27;[32m&amp;#27;[1m&quot;Getbalance&quot;&amp;#27;[0m&amp;#27;[32m with name &amp;#27;[0m&amp;#27;[32m&amp;#27;[1m&quot;s3b1btc&quot;&amp;#27;[0m                                                                                              &amp;#27;[90m# stepDefinations.SDplaceOrderofBroker1.take_balance_of_with_api_with_name(java.lang.String,java.lang.String,java.lang.String)&amp;#27;[0m
  &amp;#27;[32mGiven &amp;#27;[0m&amp;#27;[32mloading the header for broker &amp;#27;[0m&amp;#27;[32m&amp;#27;[1m&quot;B2&quot;&amp;#27;[0m                                                                                                                           &amp;#27;[90m# stepDefinations.SDplaceOrderofBroker1.loading_the_header_for_broker_something(java.lang.String)&amp;#27;[0m
s3b2inr = 12025248.25702802
  &amp;#27;[32mGiven &amp;#27;[0m&amp;#27;[32mtake balance of &amp;#27;[0m&amp;#27;[32m&amp;#27;[1m&quot;INR&quot;&amp;#27;[0m&amp;#27;[32m with api &amp;#27;[0m&amp;#27;[32m&amp;#27;[1m&quot;Getbalance&quot;&amp;#27;[0m&amp;#27;[32m with name &amp;#27;[0m&amp;#27;[32m&amp;#27;[1m&quot;s3b2inr&quot;&amp;#27;[0m                                                                                              &amp;#27;[90m# stepDefinations.SDplaceOrderofBroker1.take_balance_of_with_api_with_name(java.lang.String,java.lang.String,java.lang.String)&amp;#27;[0m
s3b2btc = 99999.7428
  &amp;#27;[32mGiven &amp;#27;[0m&amp;#27;[32mtake balance of &amp;#27;[0m&amp;#27;[32m&amp;#27;[1m&quot;ETH&quot;&amp;#27;[0m&amp;#27;[32m with api &amp;#27;[0m&amp;#27;[32m&amp;#27;[1m&quot;Getbalance&quot;&amp;#27;[0m&amp;#27;[32m with name &amp;#27;[0m&amp;#27;[32m&amp;#27;[1m&quot;s3b2btc&quot;&amp;#27;[0m                                                                                              &amp;#27;[90m# stepDefinations.SDplaceOrderofBroker1.take_balance_of_with_api_with_name(java.lang.String,java.lang.String,java.lang.String)&amp;#27;[0m
-------------------------------------------------------------------------------------
Deduction_of_INR_from_broker1 = 9796.079999998212
-------------------------------------------------------------------------------------
Addition_of_INR_in_broker2 = 9793.140000000596
-------------------------------------------------------------------------------------
Addition_of_BTC_to_broker1 = 0.002800002694129944
-------------------------------------------------------------------------------------
Deduction_of_BTC_to_broker2 = 0.0027999999874737114
-------------------------------------------------------------------------------------
Fee_for_diffrent_broker = 2.939999997615814
-------------------------------------------------------------------------------------
  &amp;#27;[31mThen &amp;#27;[0m&amp;#27;[31mCheck fees &amp;#27;[0m&amp;#27;[31m&amp;#27;[1m&quot;25.4&quot;&amp;#27;[0m&amp;#27;[31m for diffrent broker&amp;#27;[0m                                                                                                                         &amp;#27;[90m# stepDefinations.SDplaceOrderofBroker1.calculate_fees_for_diffrent_broker(java.lang.String)&amp;#27;[0m
      &amp;#27;[31morg.junit.ComparisonFailure: expected:&lt;2[.93999999761581]4&gt; but was:&lt;2[5.]4&gt;
	at org.junit.Assert.assertEquals(Assert.java:117)
	at org.junit.Assert.assertEquals(Assert.java:146)
	at stepDefinations.SDplaceOrderofBroker1.calculate_fees_for_diffrent_broker(SDplaceOrderofBroker1.java:266)
	at Ã¢Å“Â½.Check fees &quot;25.4&quot; for diffrent broker(file:///C:/Users/Dell/eclipse_csk/CSXautomation2Optimision/src/test/java/ETHfeature/ETHINRdiffBrokerFunds2.feature:170)
&amp;#27;[0m
</system-out>
  </testcase>
  <testcase classname="cucumber.options.TestRunner" name="runScenario" time="2.282"/>
  <testcase classname="cucumber.options.TestRunner" name="runScenario" time="3.747"/>
  <testcase classname="cucumber.options.TestRunner" name="runScenario" time="1.673"/>
  <testcase classname="cucumber.options.TestRunner" name="runScenario" time="0.885"/>
  <testcase classname="cucumber.options.TestRunner" name="runScenario" time="0.616"/>
  <testcase classname="cucumber.options.TestRunner" name="runScenario" time="0.347"/>
  <testcase classname="cucumber.options.TestRunner" name="runScenario" time="12.968">
    <failure message="expected:&lt;[2.939999997615814]&gt; but was:&lt;[3.0]&gt;" type="org.junit.ComparisonFailure">org.junit.ComparisonFailure: expected:&lt;[2.939999997615814]&gt; but was:&lt;[3.0]&gt;
	at org.junit.Assert.assertEquals(Assert.java:117)
	at org.junit.Assert.assertEquals(Assert.java:146)
	at stepDefinations.SDplaceOrderofBroker1.calculate_fees_for_same_broker(SDplaceOrderofBroker1.java:221)
	at âœ½.Check fees &quot;3.0&quot; for same broker(file:///C:/Users/Dell/eclipse_csk/CSXautomation2Optimision/src/test/java/ETHfeature/ETHINRsameBrokerFunds.feature:31)
</failure>
    <system-out>
@GetBalanceforSameBroker1 @Regression
Scenario: Verify funds for same broker in fulfilled case                                                                                                              &amp;#27;[90m# src/test/java/ETHfeature/ETHINRsameBrokerFunds.feature:4&amp;#27;[0m
  &amp;#27;[32mGiven &amp;#27;[0m&amp;#27;[32mloading the header for broker &amp;#27;[0m&amp;#27;[32m&amp;#27;[1m&quot;B1&quot;&amp;#27;[0m                                                                                                                            &amp;#27;[90m# stepDefinations.SDplaceOrderofBroker1.loading_the_header_for_broker_something(java.lang.String)&amp;#27;[0m
s1b1inr = 129810027.759297
  &amp;#27;[32mGiven &amp;#27;[0m&amp;#27;[32mtake balance of &amp;#27;[0m&amp;#27;[32m&amp;#27;[1m&quot;INR&quot;&amp;#27;[0m&amp;#27;[32m with api &amp;#27;[0m&amp;#27;[32m&amp;#27;[1m&quot;Getbalance&quot;&amp;#27;[0m&amp;#27;[32m with name &amp;#27;[0m&amp;#27;[32m&amp;#27;[1m&quot;s1b1inr&quot;&amp;#27;[0m                                                                                               &amp;#27;[90m# stepDefinations.SDplaceOrderofBroker1.take_balance_of_with_api_with_name(java.lang.String,java.lang.String,java.lang.String)&amp;#27;[0m
s1b1btc = 90000909.45203
  &amp;#27;[32mGiven &amp;#27;[0m&amp;#27;[32mtake balance of &amp;#27;[0m&amp;#27;[32m&amp;#27;[1m&quot;ETH&quot;&amp;#27;[0m&amp;#27;[32m with api &amp;#27;[0m&amp;#27;[32m&amp;#27;[1m&quot;Getbalance&quot;&amp;#27;[0m&amp;#27;[32m with name &amp;#27;[0m&amp;#27;[32m&amp;#27;[1m&quot;s1b1btc&quot;&amp;#27;[0m                                                                                               &amp;#27;[90m# stepDefinations.SDplaceOrderofBroker1.take_balance_of_with_api_with_name(java.lang.String,java.lang.String,java.lang.String)&amp;#27;[0m
  &amp;#27;[32mGiven &amp;#27;[0m&amp;#27;[32mPlacing an order for broker &amp;#27;[0m&amp;#27;[32m&amp;#27;[1m&quot;B1&quot;&amp;#27;[0m&amp;#27;[32m of type &amp;#27;[0m&amp;#27;[32m&amp;#27;[1m&quot;limit&quot;&amp;#27;[0m&amp;#27;[32m side &amp;#27;[0m&amp;#27;[32m&amp;#27;[1m&quot;BUY&quot;&amp;#27;[0m&amp;#27;[32m instrument &amp;#27;[0m&amp;#27;[32m&amp;#27;[1m&quot;ETH/INR&quot;&amp;#27;[0m&amp;#27;[32m quantityType &amp;#27;[0m&amp;#27;[32m&amp;#27;[1m&quot;QUOTE&quot;&amp;#27;[0m&amp;#27;[32m quantity &amp;#27;[0m&amp;#27;[32m&amp;#27;[1m&quot;10000&quot;&amp;#27;[0m&amp;#27;[32m limitPrice &amp;#27;[0m&amp;#27;[32m&amp;#27;[1m&quot;3500000&quot;&amp;#27;[0m&amp;#27;[32m username &amp;#27;[0m&amp;#27;[32m&amp;#27;[1m&quot;user1&quot;&amp;#27;[0m  &amp;#27;[90m# stepDefinations.SDplaceOrderofBroker1.placing_an_order_of_type_side_instrument_quantity_type_quantity_limit_price_username(java.lang.String,java.lang.String,java.lang.String,java.lang.String,java.lang.String,java.lang.String,java.lang.String,java.lang.String)&amp;#27;[0m
{&quot;data&quot;:{&quot;average_price&quot;:&quot;0&quot;,&quot;brokerID&quot;:&quot;97c02e87-a473-414b-9d27-78764a93d439&quot;,&quot;created_at&quot;:&quot;0001-01-01T00:00:00.000Z&quot;,&quot;filledQuantity&quot;:0,&quot;instrument&quot;:&quot;ETH/INR&quot;,&quot;limit_price&quot;:&quot;3500000&quot;,&quot;makerFee&quot;:&quot;-0.04&quot;,&quot;orderID&quot;:&quot;338eb840-beee-4834-92ea-cee7b5fc13df&quot;,&quot;quantity&quot;:0.0028,&quot;side&quot;:&quot;BUY&quot;,&quot;status&quot;:&quot;OPEN&quot;,&quot;takerFee&quot;:&quot;0.07&quot;,&quot;updated_at&quot;:&quot;0001-01-01T00:00:00.000Z&quot;},&quot;message&quot;:&quot;Order placed successfully&quot;}

  &amp;#27;[32mWhen &amp;#27;[0m&amp;#27;[32mProviding request PathUrl &amp;#27;[0m&amp;#27;[32m&amp;#27;[1m&quot;PlaceOrder&quot;&amp;#27;[0m&amp;#27;[32m with method &amp;#27;[0m&amp;#27;[32m&amp;#27;[1m&quot;POST&quot;&amp;#27;[0m                                                                                                      &amp;#27;[90m# stepDefinations.SDplaceOrderofBroker1.providing_request_path_url_with_method(java.lang.String,java.lang.String)&amp;#27;[0m
  &amp;#27;[32mThen &amp;#27;[0m&amp;#27;[32mI verify the  &amp;#27;[0m&amp;#27;[32m&amp;#27;[1m&quot;200&quot;&amp;#27;[0m&amp;#27;[32m in step&amp;#27;[0m                                                                                                                                    &amp;#27;[90m# stepDefinations.SDplaceOrderofBroker1.i_verify_the_in_step(java.lang.String)&amp;#27;[0m
  &amp;#27;[32mAnd &amp;#27;[0m&amp;#27;[32mVerify key &amp;#27;[0m&amp;#27;[32m&amp;#27;[1m&quot;message&quot;&amp;#27;[0m&amp;#27;[32m of response &amp;#27;[0m&amp;#27;[32m&amp;#27;[1m&quot;Order placed successfully&quot;&amp;#27;[0m                                                                                                    &amp;#27;[90m# stepDefinations.SDplaceOrderofBroker1.verify_key_of_response(java.lang.String,java.lang.String)&amp;#27;[0m
{&quot;data&quot;:{&quot;average_price&quot;:&quot;0&quot;,&quot;brokerID&quot;:&quot;97c02e87-a473-414b-9d27-78764a93d439&quot;,&quot;created_at&quot;:&quot;2022-05-18T09:31:57.700Z&quot;,&quot;filledQuantity&quot;:0,&quot;instrument&quot;:&quot;ETH/INR&quot;,&quot;limit_price&quot;:&quot;3500000&quot;,&quot;makerFee&quot;:&quot;-0.04&quot;,&quot;orderID&quot;:&quot;338eb840-beee-4834-92ea-cee7b5fc13df&quot;,&quot;quantity&quot;:0.0028,&quot;side&quot;:&quot;BUY&quot;,&quot;status&quot;:&quot;OPEN&quot;,&quot;takerFee&quot;:&quot;0.07&quot;,&quot;updated_at&quot;:&quot;2022-05-18T09:31:57.700Z&quot;},&quot;message&quot;:&quot;Order fetched successfully&quot;}

  &amp;#27;[32mAnd &amp;#27;[0m&amp;#27;[32mVerify the &amp;#27;[0m&amp;#27;[32m&amp;#27;[1m&quot;data.orderID&quot;&amp;#27;[0m&amp;#27;[32m of response &amp;#27;[0m&amp;#27;[32m&amp;#27;[1m&quot;GetOrder&quot;&amp;#27;[0m                                                                                                                &amp;#27;[90m# stepDefinations.SDplaceOrderofBroker1.verify_the_of_response(java.lang.String,java.lang.String)&amp;#27;[0m
  &amp;#27;[32mAnd &amp;#27;[0m&amp;#27;[32mVerify key &amp;#27;[0m&amp;#27;[32m&amp;#27;[1m&quot;data.status&quot;&amp;#27;[0m&amp;#27;[32m of response &amp;#27;[0m&amp;#27;[32m&amp;#27;[1m&quot;OPEN&quot;&amp;#27;[0m                                                                                                                     &amp;#27;[90m# stepDefinations.SDplaceOrderofBroker1.verify_key_of_response(java.lang.String,java.lang.String)&amp;#27;[0m
  &amp;#27;[32mGiven &amp;#27;[0m&amp;#27;[32mloading the header for broker &amp;#27;[0m&amp;#27;[32m&amp;#27;[1m&quot;B1&quot;&amp;#27;[0m                                                                                                                            &amp;#27;[90m# stepDefinations.SDplaceOrderofBroker1.loading_the_header_for_broker_something(java.lang.String)&amp;#27;[0m
s2b1inr = 129800220.899297
  &amp;#27;[32mGiven &amp;#27;[0m&amp;#27;[32mtake balance of &amp;#27;[0m&amp;#27;[32m&amp;#27;[1m&quot;INR&quot;&amp;#27;[0m&amp;#27;[32m with api &amp;#27;[0m&amp;#27;[32m&amp;#27;[1m&quot;Getbalance&quot;&amp;#27;[0m&amp;#27;[32m with name &amp;#27;[0m&amp;#27;[32m&amp;#27;[1m&quot;s2b1inr&quot;&amp;#27;[0m                                                                                               &amp;#27;[90m# stepDefinations.SDplaceOrderofBroker1.take_balance_of_with_api_with_name(java.lang.String,java.lang.String,java.lang.String)&amp;#27;[0m
s2b1btc = 90000909.45203
  &amp;#27;[32mGiven &amp;#27;[0m&amp;#27;[32mtake balance of &amp;#27;[0m&amp;#27;[32m&amp;#27;[1m&quot;ETH&quot;&amp;#27;[0m&amp;#27;[32m with api &amp;#27;[0m&amp;#27;[32m&amp;#27;[1m&quot;Getbalance&quot;&amp;#27;[0m&amp;#27;[32m with name &amp;#27;[0m&amp;#27;[32m&amp;#27;[1m&quot;s2b1btc&quot;&amp;#27;[0m                                                                                               &amp;#27;[90m# stepDefinations.SDplaceOrderofBroker1.take_balance_of_with_api_with_name(java.lang.String,java.lang.String,java.lang.String)&amp;#27;[0m
  &amp;#27;[32mGiven &amp;#27;[0m&amp;#27;[32mPlacing an order for broker &amp;#27;[0m&amp;#27;[32m&amp;#27;[1m&quot;B1&quot;&amp;#27;[0m&amp;#27;[32m of type &amp;#27;[0m&amp;#27;[32m&amp;#27;[1m&quot;limit&quot;&amp;#27;[0m&amp;#27;[32m side &amp;#27;[0m&amp;#27;[32m&amp;#27;[1m&quot;SELL&quot;&amp;#27;[0m&amp;#27;[32m instrument &amp;#27;[0m&amp;#27;[32m&amp;#27;[1m&quot;ETH/INR&quot;&amp;#27;[0m&amp;#27;[32m quantityType &amp;#27;[0m&amp;#27;[32m&amp;#27;[1m&quot;QUOTE&quot;&amp;#27;[0m&amp;#27;[32m quantity &amp;#27;[0m&amp;#27;[32m&amp;#27;[1m&quot;10000&quot;&amp;#27;[0m&amp;#27;[32m limitPrice &amp;#27;[0m&amp;#27;[32m&amp;#27;[1m&quot;3500000&quot;&amp;#27;[0m&amp;#27;[32m username &amp;#27;[0m&amp;#27;[32m&amp;#27;[1m&quot;user2&quot;&amp;#27;[0m &amp;#27;[90m# stepDefinations.SDplaceOrderofBroker1.placing_an_order_of_type_side_instrument_quantity_type_quantity_limit_price_username(java.lang.String,java.lang.String,java.lang.String,java.lang.String,java.lang.String,java.lang.String,java.lang.String,java.lang.String)&amp;#27;[0m
{&quot;data&quot;:{&quot;average_price&quot;:&quot;0&quot;,&quot;brokerID&quot;:&quot;97c02e87-a473-414b-9d27-78764a93d439&quot;,&quot;created_at&quot;:&quot;0001-01-01T00:00:00.000Z&quot;,&quot;filledQuantity&quot;:0,&quot;instrument&quot;:&quot;ETH/INR&quot;,&quot;limit_price&quot;:&quot;3500000&quot;,&quot;makerFee&quot;:&quot;-0.04&quot;,&quot;orderID&quot;:&quot;e3566422-9af5-4e3c-ad77-04a55cd84698&quot;,&quot;quantity&quot;:0.0028,&quot;side&quot;:&quot;SELL&quot;,&quot;status&quot;:&quot;OPEN&quot;,&quot;takerFee&quot;:&quot;0.07&quot;,&quot;updated_at&quot;:&quot;0001-01-01T00:00:00.000Z&quot;},&quot;message&quot;:&quot;Order placed successfully&quot;}

  &amp;#27;[32mWhen &amp;#27;[0m&amp;#27;[32mProviding request PathUrl &amp;#27;[0m&amp;#27;[32m&amp;#27;[1m&quot;PlaceOrder&quot;&amp;#27;[0m&amp;#27;[32m with method &amp;#27;[0m&amp;#27;[32m&amp;#27;[1m&quot;POST&quot;&amp;#27;[0m                                                                                                      &amp;#27;[90m# stepDefinations.SDplaceOrderofBroker1.providing_request_path_url_with_method(java.lang.String,java.lang.String)&amp;#27;[0m
  &amp;#27;[32mThen &amp;#27;[0m&amp;#27;[32mI verify the  &amp;#27;[0m&amp;#27;[32m&amp;#27;[1m&quot;200&quot;&amp;#27;[0m&amp;#27;[32m in step&amp;#27;[0m                                                                                                                                    &amp;#27;[90m# stepDefinations.SDplaceOrderofBroker1.i_verify_the_in_step(java.lang.String)&amp;#27;[0m
  &amp;#27;[32mAnd &amp;#27;[0m&amp;#27;[32mVerify key &amp;#27;[0m&amp;#27;[32m&amp;#27;[1m&quot;message&quot;&amp;#27;[0m&amp;#27;[32m of response &amp;#27;[0m&amp;#27;[32m&amp;#27;[1m&quot;Order placed successfully&quot;&amp;#27;[0m                                                                                                    &amp;#27;[90m# stepDefinations.SDplaceOrderofBroker1.verify_key_of_response(java.lang.String,java.lang.String)&amp;#27;[0m
{&quot;data&quot;:{&quot;average_price&quot;:&quot;0&quot;,&quot;brokerID&quot;:&quot;97c02e87-a473-414b-9d27-78764a93d439&quot;,&quot;created_at&quot;:&quot;2022-05-18T09:32:00.378Z&quot;,&quot;filledQuantity&quot;:0,&quot;instrument&quot;:&quot;ETH/INR&quot;,&quot;limit_price&quot;:&quot;3500000&quot;,&quot;makerFee&quot;:&quot;-0.04&quot;,&quot;orderID&quot;:&quot;e3566422-9af5-4e3c-ad77-04a55cd84698&quot;,&quot;quantity&quot;:0.0028,&quot;side&quot;:&quot;SELL&quot;,&quot;status&quot;:&quot;OPEN&quot;,&quot;takerFee&quot;:&quot;0.07&quot;,&quot;updated_at&quot;:&quot;2022-05-18T09:32:00.378Z&quot;},&quot;message&quot;:&quot;Order fetched successfully&quot;}

  &amp;#27;[32mAnd &amp;#27;[0m&amp;#27;[32mVerify the &amp;#27;[0m&amp;#27;[32m&amp;#27;[1m&quot;data.orderID&quot;&amp;#27;[0m&amp;#27;[32m of response &amp;#27;[0m&amp;#27;[32m&amp;#27;[1m&quot;GetOrder&quot;&amp;#27;[0m                                                                                                                &amp;#27;[90m# stepDefinations.SDplaceOrderofBroker1.verify_the_of_response(java.lang.String,java.lang.String)&amp;#27;[0m
  &amp;#27;[32mThen &amp;#27;[0m&amp;#27;[32mgive sleep of &amp;#27;[0m&amp;#27;[32m&amp;#27;[1m&quot;4000&quot;&amp;#27;[0m                                                                                                                                           &amp;#27;[90m# stepDefinations.SDplaceOrderofBroker1.give_sleep_of_something(java.lang.String)&amp;#27;[0m
{&quot;message&quot;:&quot;No Open Orders to Cancel&quot;}

  &amp;#27;[32mWhen &amp;#27;[0m&amp;#27;[32mProviding request PathUrl &amp;#27;[0m&amp;#27;[32m&amp;#27;[1m&quot;CancelAllOrders&quot;&amp;#27;[0m&amp;#27;[32m with method &amp;#27;[0m&amp;#27;[32m&amp;#27;[1m&quot;DELETE&quot;&amp;#27;[0m                                                                                               &amp;#27;[90m# stepDefinations.SDplaceOrderofBroker1.providing_request_path_url_with_method(java.lang.String,java.lang.String)&amp;#27;[0m
  &amp;#27;[32mThen &amp;#27;[0m&amp;#27;[32mgive sleep of &amp;#27;[0m&amp;#27;[32m&amp;#27;[1m&quot;2000&quot;&amp;#27;[0m                                                                                                                                           &amp;#27;[90m# stepDefinations.SDplaceOrderofBroker1.give_sleep_of_something(java.lang.String)&amp;#27;[0m
  &amp;#27;[32mGiven &amp;#27;[0m&amp;#27;[32mloading the header for broker &amp;#27;[0m&amp;#27;[32m&amp;#27;[1m&quot;B1&quot;&amp;#27;[0m                                                                                                                            &amp;#27;[90m# stepDefinations.SDplaceOrderofBroker1.loading_the_header_for_broker_something(java.lang.String)&amp;#27;[0m
s3b1inr = 129810024.819297
  &amp;#27;[32mGiven &amp;#27;[0m&amp;#27;[32mtake balance of &amp;#27;[0m&amp;#27;[32m&amp;#27;[1m&quot;INR&quot;&amp;#27;[0m&amp;#27;[32m with api &amp;#27;[0m&amp;#27;[32m&amp;#27;[1m&quot;Getbalance&quot;&amp;#27;[0m&amp;#27;[32m with name &amp;#27;[0m&amp;#27;[32m&amp;#27;[1m&quot;s3b1inr&quot;&amp;#27;[0m                                                                                               &amp;#27;[90m# stepDefinations.SDplaceOrderofBroker1.take_balance_of_with_api_with_name(java.lang.String,java.lang.String,java.lang.String)&amp;#27;[0m
s3b1btc = 90000909.45203
  &amp;#27;[32mGiven &amp;#27;[0m&amp;#27;[32mtake balance of &amp;#27;[0m&amp;#27;[32m&amp;#27;[1m&quot;ETH&quot;&amp;#27;[0m&amp;#27;[32m with api &amp;#27;[0m&amp;#27;[32m&amp;#27;[1m&quot;Getbalance&quot;&amp;#27;[0m&amp;#27;[32m with name &amp;#27;[0m&amp;#27;[32m&amp;#27;[1m&quot;s3b1btc&quot;&amp;#27;[0m                                                                                               &amp;#27;[90m# stepDefinations.SDplaceOrderofBroker1.take_balance_of_with_api_with_name(java.lang.String,java.lang.String,java.lang.String)&amp;#27;[0m
FEE = 2.939999997615814
diffrence inr before matching = 9806.859999999404
diffrence btc before matching = 0.0
BTC is Same
  &amp;#27;[31mThen &amp;#27;[0m&amp;#27;[31mCheck fees &amp;#27;[0m&amp;#27;[31m&amp;#27;[1m&quot;3.0&quot;&amp;#27;[0m&amp;#27;[31m for same broker&amp;#27;[0m                                                                                                                               &amp;#27;[90m# stepDefinations.SDplaceOrderofBroker1.calculate_fees_for_same_broker(java.lang.String)&amp;#27;[0m
      &amp;#27;[31morg.junit.ComparisonFailure: expected:&lt;[2.939999997615814]&gt; but was:&lt;[3.0]&gt;
	at org.junit.Assert.assertEquals(Assert.java:117)
	at org.junit.Assert.assertEquals(Assert.java:146)
	at stepDefinations.SDplaceOrderofBroker1.calculate_fees_for_same_broker(SDplaceOrderofBroker1.java:221)
	at Ã¢Å“Â½.Check fees &quot;3.0&quot; for same broker(file:///C:/Users/Dell/eclipse_csk/CSXautomation2Optimision/src/test/java/ETHfeature/ETHINRsameBrokerFunds.feature:31)
&amp;#27;[0m
</system-out>
  </testcase>
  <testcase classname="cucumber.options.TestRunner" name="runScenario" time="13.927">
    <failure message="expected:&lt;1.[469999998807907]&gt; but was:&lt;1.[5]&gt;" type="org.junit.ComparisonFailure">org.junit.ComparisonFailure: expected:&lt;1.[469999998807907]&gt; but was:&lt;1.[5]&gt;
	at org.junit.Assert.assertEquals(Assert.java:117)
	at org.junit.Assert.assertEquals(Assert.java:146)
	at stepDefinations.SDplaceOrderofBroker1.calculate_fees_for_same_broker(SDplaceOrderofBroker1.java:221)
	at âœ½.Check fees &quot;1.5&quot; for same broker(file:///C:/Users/Dell/eclipse_csk/CSXautomation2Optimision/src/test/java/ETHfeature/ETHINRsameBrokerFunds.feature:61)
</failure>
    <system-out>
@GetBalanceforSameBroker2 @Regression
Scenario: Verify funds for same broker in partially fulfilled case                                                                                                   &amp;#27;[90m# src/test/java/ETHfeature/ETHINRsameBrokerFunds.feature:34&amp;#27;[0m
  &amp;#27;[32mGiven &amp;#27;[0m&amp;#27;[32mloading the header for broker &amp;#27;[0m&amp;#27;[32m&amp;#27;[1m&quot;B1&quot;&amp;#27;[0m                                                                                                                           &amp;#27;[90m# stepDefinations.SDplaceOrderofBroker1.loading_the_header_for_broker_something(java.lang.String)&amp;#27;[0m
s1b1inr = 129810024.819297
  &amp;#27;[32mGiven &amp;#27;[0m&amp;#27;[32mtake balance of &amp;#27;[0m&amp;#27;[32m&amp;#27;[1m&quot;INR&quot;&amp;#27;[0m&amp;#27;[32m with api &amp;#27;[0m&amp;#27;[32m&amp;#27;[1m&quot;Getbalance&quot;&amp;#27;[0m&amp;#27;[32m with name &amp;#27;[0m&amp;#27;[32m&amp;#27;[1m&quot;s1b1inr&quot;&amp;#27;[0m                                                                                              &amp;#27;[90m# stepDefinations.SDplaceOrderofBroker1.take_balance_of_with_api_with_name(java.lang.String,java.lang.String,java.lang.String)&amp;#27;[0m
s1b1btc = 90000909.45203
  &amp;#27;[32mGiven &amp;#27;[0m&amp;#27;[32mtake balance of &amp;#27;[0m&amp;#27;[32m&amp;#27;[1m&quot;ETH&quot;&amp;#27;[0m&amp;#27;[32m with api &amp;#27;[0m&amp;#27;[32m&amp;#27;[1m&quot;Getbalance&quot;&amp;#27;[0m&amp;#27;[32m with name &amp;#27;[0m&amp;#27;[32m&amp;#27;[1m&quot;s1b1btc&quot;&amp;#27;[0m                                                                                              &amp;#27;[90m# stepDefinations.SDplaceOrderofBroker1.take_balance_of_with_api_with_name(java.lang.String,java.lang.String,java.lang.String)&amp;#27;[0m
  &amp;#27;[32mGiven &amp;#27;[0m&amp;#27;[32mPlacing an order for broker &amp;#27;[0m&amp;#27;[32m&amp;#27;[1m&quot;B1&quot;&amp;#27;[0m&amp;#27;[32m of type &amp;#27;[0m&amp;#27;[32m&amp;#27;[1m&quot;limit&quot;&amp;#27;[0m&amp;#27;[32m side &amp;#27;[0m&amp;#27;[32m&amp;#27;[1m&quot;BUY&quot;&amp;#27;[0m&amp;#27;[32m instrument &amp;#27;[0m&amp;#27;[32m&amp;#27;[1m&quot;ETH/INR&quot;&amp;#27;[0m&amp;#27;[32m quantityType &amp;#27;[0m&amp;#27;[32m&amp;#27;[1m&quot;QUOTE&quot;&amp;#27;[0m&amp;#27;[32m quantity &amp;#27;[0m&amp;#27;[32m&amp;#27;[1m&quot;10000&quot;&amp;#27;[0m&amp;#27;[32m limitPrice &amp;#27;[0m&amp;#27;[32m&amp;#27;[1m&quot;3500000&quot;&amp;#27;[0m&amp;#27;[32m username &amp;#27;[0m&amp;#27;[32m&amp;#27;[1m&quot;user1&quot;&amp;#27;[0m &amp;#27;[90m# stepDefinations.SDplaceOrderofBroker1.placing_an_order_of_type_side_instrument_quantity_type_quantity_limit_price_username(java.lang.String,java.lang.String,java.lang.String,java.lang.String,java.lang.String,java.lang.String,java.lang.String,java.lang.String)&amp;#27;[0m
{&quot;data&quot;:{&quot;average_price&quot;:&quot;0&quot;,&quot;brokerID&quot;:&quot;97c02e87-a473-414b-9d27-78764a93d439&quot;,&quot;created_at&quot;:&quot;0001-01-01T00:00:00.000Z&quot;,&quot;filledQuantity&quot;:0,&quot;instrument&quot;:&quot;ETH/INR&quot;,&quot;limit_price&quot;:&quot;3500000&quot;,&quot;makerFee&quot;:&quot;-0.04&quot;,&quot;orderID&quot;:&quot;894ff39e-e8cb-47d3-88d8-f588608c76a5&quot;,&quot;quantity&quot;:0.0028,&quot;side&quot;:&quot;BUY&quot;,&quot;status&quot;:&quot;OPEN&quot;,&quot;takerFee&quot;:&quot;0.07&quot;,&quot;updated_at&quot;:&quot;0001-01-01T00:00:00.000Z&quot;},&quot;message&quot;:&quot;Order placed successfully&quot;}

  &amp;#27;[32mWhen &amp;#27;[0m&amp;#27;[32mProviding request PathUrl &amp;#27;[0m&amp;#27;[32m&amp;#27;[1m&quot;PlaceOrder&quot;&amp;#27;[0m&amp;#27;[32m with method &amp;#27;[0m&amp;#27;[32m&amp;#27;[1m&quot;POST&quot;&amp;#27;[0m                                                                                                     &amp;#27;[90m# stepDefinations.SDplaceOrderofBroker1.providing_request_path_url_with_method(java.lang.String,java.lang.String)&amp;#27;[0m
  &amp;#27;[32mThen &amp;#27;[0m&amp;#27;[32mI verify the  &amp;#27;[0m&amp;#27;[32m&amp;#27;[1m&quot;200&quot;&amp;#27;[0m&amp;#27;[32m in step&amp;#27;[0m                                                                                                                                   &amp;#27;[90m# stepDefinations.SDplaceOrderofBroker1.i_verify_the_in_step(java.lang.String)&amp;#27;[0m
  &amp;#27;[32mAnd &amp;#27;[0m&amp;#27;[32mVerify key &amp;#27;[0m&amp;#27;[32m&amp;#27;[1m&quot;message&quot;&amp;#27;[0m&amp;#27;[32m of response &amp;#27;[0m&amp;#27;[32m&amp;#27;[1m&quot;Order placed successfully&quot;&amp;#27;[0m                                                                                                   &amp;#27;[90m# stepDefinations.SDplaceOrderofBroker1.verify_key_of_response(java.lang.String,java.lang.String)&amp;#27;[0m
{&quot;data&quot;:{&quot;average_price&quot;:&quot;0&quot;,&quot;brokerID&quot;:&quot;97c02e87-a473-414b-9d27-78764a93d439&quot;,&quot;created_at&quot;:&quot;2022-05-18T09:32:10.835Z&quot;,&quot;filledQuantity&quot;:0,&quot;instrument&quot;:&quot;ETH/INR&quot;,&quot;limit_price&quot;:&quot;3500000&quot;,&quot;makerFee&quot;:&quot;-0.04&quot;,&quot;orderID&quot;:&quot;894ff39e-e8cb-47d3-88d8-f588608c76a5&quot;,&quot;quantity&quot;:0.0028,&quot;side&quot;:&quot;BUY&quot;,&quot;status&quot;:&quot;OPEN&quot;,&quot;takerFee&quot;:&quot;0.07&quot;,&quot;updated_at&quot;:&quot;2022-05-18T09:32:10.835Z&quot;},&quot;message&quot;:&quot;Order fetched successfully&quot;}

  &amp;#27;[32mAnd &amp;#27;[0m&amp;#27;[32mVerify the &amp;#27;[0m&amp;#27;[32m&amp;#27;[1m&quot;data.orderID&quot;&amp;#27;[0m&amp;#27;[32m of response &amp;#27;[0m&amp;#27;[32m&amp;#27;[1m&quot;GetOrder&quot;&amp;#27;[0m                                                                                                               &amp;#27;[90m# stepDefinations.SDplaceOrderofBroker1.verify_the_of_response(java.lang.String,java.lang.String)&amp;#27;[0m
  &amp;#27;[32mAnd &amp;#27;[0m&amp;#27;[32mVerify key &amp;#27;[0m&amp;#27;[32m&amp;#27;[1m&quot;data.status&quot;&amp;#27;[0m&amp;#27;[32m of response &amp;#27;[0m&amp;#27;[32m&amp;#27;[1m&quot;OPEN&quot;&amp;#27;[0m                                                                                                                    &amp;#27;[90m# stepDefinations.SDplaceOrderofBroker1.verify_key_of_response(java.lang.String,java.lang.String)&amp;#27;[0m
  &amp;#27;[32mGiven &amp;#27;[0m&amp;#27;[32mloading the header for broker &amp;#27;[0m&amp;#27;[32m&amp;#27;[1m&quot;B1&quot;&amp;#27;[0m                                                                                                                           &amp;#27;[90m# stepDefinations.SDplaceOrderofBroker1.loading_the_header_for_broker_something(java.lang.String)&amp;#27;[0m
s2b1inr = 129800217.959297
  &amp;#27;[32mGiven &amp;#27;[0m&amp;#27;[32mtake balance of &amp;#27;[0m&amp;#27;[32m&amp;#27;[1m&quot;INR&quot;&amp;#27;[0m&amp;#27;[32m with api &amp;#27;[0m&amp;#27;[32m&amp;#27;[1m&quot;Getbalance&quot;&amp;#27;[0m&amp;#27;[32m with name &amp;#27;[0m&amp;#27;[32m&amp;#27;[1m&quot;s2b1inr&quot;&amp;#27;[0m                                                                                              &amp;#27;[90m# stepDefinations.SDplaceOrderofBroker1.take_balance_of_with_api_with_name(java.lang.String,java.lang.String,java.lang.String)&amp;#27;[0m
s2b1btc = 90000909.45203
  &amp;#27;[32mGiven &amp;#27;[0m&amp;#27;[32mtake balance of &amp;#27;[0m&amp;#27;[32m&amp;#27;[1m&quot;ETH&quot;&amp;#27;[0m&amp;#27;[32m with api &amp;#27;[0m&amp;#27;[32m&amp;#27;[1m&quot;Getbalance&quot;&amp;#27;[0m&amp;#27;[32m with name &amp;#27;[0m&amp;#27;[32m&amp;#27;[1m&quot;s2b1btc&quot;&amp;#27;[0m                                                                                              &amp;#27;[90m# stepDefinations.SDplaceOrderofBroker1.take_balance_of_with_api_with_name(java.lang.String,java.lang.String,java.lang.String)&amp;#27;[0m
  &amp;#27;[32mGiven &amp;#27;[0m&amp;#27;[32mPlacing an order for broker &amp;#27;[0m&amp;#27;[32m&amp;#27;[1m&quot;B1&quot;&amp;#27;[0m&amp;#27;[32m of type &amp;#27;[0m&amp;#27;[32m&amp;#27;[1m&quot;limit&quot;&amp;#27;[0m&amp;#27;[32m side &amp;#27;[0m&amp;#27;[32m&amp;#27;[1m&quot;SELL&quot;&amp;#27;[0m&amp;#27;[32m instrument &amp;#27;[0m&amp;#27;[32m&amp;#27;[1m&quot;ETH/INR&quot;&amp;#27;[0m&amp;#27;[32m quantityType &amp;#27;[0m&amp;#27;[32m&amp;#27;[1m&quot;QUOTE&quot;&amp;#27;[0m&amp;#27;[32m quantity &amp;#27;[0m&amp;#27;[32m&amp;#27;[1m&quot;5000&quot;&amp;#27;[0m&amp;#27;[32m limitPrice &amp;#27;[0m&amp;#27;[32m&amp;#27;[1m&quot;3500000&quot;&amp;#27;[0m&amp;#27;[32m username &amp;#27;[0m&amp;#27;[32m&amp;#27;[1m&quot;user2&quot;&amp;#27;[0m &amp;#27;[90m# stepDefinations.SDplaceOrderofBroker1.placing_an_order_of_type_side_instrument_quantity_type_quantity_limit_price_username(java.lang.String,java.lang.String,java.lang.String,java.lang.String,java.lang.String,java.lang.String,java.lang.String,java.lang.String)&amp;#27;[0m
{&quot;data&quot;:{&quot;average_price&quot;:&quot;0&quot;,&quot;brokerID&quot;:&quot;97c02e87-a473-414b-9d27-78764a93d439&quot;,&quot;created_at&quot;:&quot;0001-01-01T00:00:00.000Z&quot;,&quot;filledQuantity&quot;:0,&quot;instrument&quot;:&quot;ETH/INR&quot;,&quot;limit_price&quot;:&quot;3500000&quot;,&quot;makerFee&quot;:&quot;-0.04&quot;,&quot;orderID&quot;:&quot;10880e18-fb15-4789-b146-b480e5f4ae4e&quot;,&quot;quantity&quot;:0.0014,&quot;side&quot;:&quot;SELL&quot;,&quot;status&quot;:&quot;OPEN&quot;,&quot;takerFee&quot;:&quot;0.07&quot;,&quot;updated_at&quot;:&quot;0001-01-01T00:00:00.000Z&quot;},&quot;message&quot;:&quot;Order placed successfully&quot;}

  &amp;#27;[32mWhen &amp;#27;[0m&amp;#27;[32mProviding request PathUrl &amp;#27;[0m&amp;#27;[32m&amp;#27;[1m&quot;PlaceOrder&quot;&amp;#27;[0m&amp;#27;[32m with method &amp;#27;[0m&amp;#27;[32m&amp;#27;[1m&quot;POST&quot;&amp;#27;[0m                                                                                                     &amp;#27;[90m# stepDefinations.SDplaceOrderofBroker1.providing_request_path_url_with_method(java.lang.String,java.lang.String)&amp;#27;[0m
  &amp;#27;[32mThen &amp;#27;[0m&amp;#27;[32mI verify the  &amp;#27;[0m&amp;#27;[32m&amp;#27;[1m&quot;200&quot;&amp;#27;[0m&amp;#27;[32m in step&amp;#27;[0m                                                                                                                                   &amp;#27;[90m# stepDefinations.SDplaceOrderofBroker1.i_verify_the_in_step(java.lang.String)&amp;#27;[0m
  &amp;#27;[32mAnd &amp;#27;[0m&amp;#27;[32mVerify key &amp;#27;[0m&amp;#27;[32m&amp;#27;[1m&quot;message&quot;&amp;#27;[0m&amp;#27;[32m of response &amp;#27;[0m&amp;#27;[32m&amp;#27;[1m&quot;Order placed successfully&quot;&amp;#27;[0m                                                                                                   &amp;#27;[90m# stepDefinations.SDplaceOrderofBroker1.verify_key_of_response(java.lang.String,java.lang.String)&amp;#27;[0m
{&quot;data&quot;:{&quot;average_price&quot;:&quot;0&quot;,&quot;brokerID&quot;:&quot;97c02e87-a473-414b-9d27-78764a93d439&quot;,&quot;created_at&quot;:&quot;2022-05-18T09:32:13.670Z&quot;,&quot;filledQuantity&quot;:0,&quot;instrument&quot;:&quot;ETH/INR&quot;,&quot;limit_price&quot;:&quot;3500000&quot;,&quot;makerFee&quot;:&quot;-0.04&quot;,&quot;orderID&quot;:&quot;10880e18-fb15-4789-b146-b480e5f4ae4e&quot;,&quot;quantity&quot;:0.0014,&quot;side&quot;:&quot;SELL&quot;,&quot;status&quot;:&quot;OPEN&quot;,&quot;takerFee&quot;:&quot;0.07&quot;,&quot;updated_at&quot;:&quot;2022-05-18T09:32:13.670Z&quot;},&quot;message&quot;:&quot;Order fetched successfully&quot;}

  &amp;#27;[32mAnd &amp;#27;[0m&amp;#27;[32mVerify the &amp;#27;[0m&amp;#27;[32m&amp;#27;[1m&quot;data.orderID&quot;&amp;#27;[0m&amp;#27;[32m of response &amp;#27;[0m&amp;#27;[32m&amp;#27;[1m&quot;GetOrder&quot;&amp;#27;[0m                                                                                                               &amp;#27;[90m# stepDefinations.SDplaceOrderofBroker1.verify_the_of_response(java.lang.String,java.lang.String)&amp;#27;[0m
  &amp;#27;[32mThen &amp;#27;[0m&amp;#27;[32mgive sleep of &amp;#27;[0m&amp;#27;[32m&amp;#27;[1m&quot;4000&quot;&amp;#27;[0m                                                                                                                                          &amp;#27;[90m# stepDefinations.SDplaceOrderofBroker1.give_sleep_of_something(java.lang.String)&amp;#27;[0m
{&quot;data&quot;:&quot;1 open or partially_fulfilled orders will be Cancelled&quot;,&quot;message&quot;:&quot;Orders cancellation in progress&quot;}

  &amp;#27;[32mWhen &amp;#27;[0m&amp;#27;[32mProviding request PathUrl &amp;#27;[0m&amp;#27;[32m&amp;#27;[1m&quot;CancelAllOrders&quot;&amp;#27;[0m&amp;#27;[32m with method &amp;#27;[0m&amp;#27;[32m&amp;#27;[1m&quot;DELETE&quot;&amp;#27;[0m                                                                                              &amp;#27;[90m# stepDefinations.SDplaceOrderofBroker1.providing_request_path_url_with_method(java.lang.String,java.lang.String)&amp;#27;[0m
  &amp;#27;[32mThen &amp;#27;[0m&amp;#27;[32mgive sleep of &amp;#27;[0m&amp;#27;[32m&amp;#27;[1m&quot;2000&quot;&amp;#27;[0m                                                                                                                                          &amp;#27;[90m# stepDefinations.SDplaceOrderofBroker1.give_sleep_of_something(java.lang.String)&amp;#27;[0m
  &amp;#27;[32mGiven &amp;#27;[0m&amp;#27;[32mloading the header for broker &amp;#27;[0m&amp;#27;[32m&amp;#27;[1m&quot;B1&quot;&amp;#27;[0m                                                                                                                           &amp;#27;[90m# stepDefinations.SDplaceOrderofBroker1.loading_the_header_for_broker_something(java.lang.String)&amp;#27;[0m
s3b1inr = 129810023.349297
  &amp;#27;[32mGiven &amp;#27;[0m&amp;#27;[32mtake balance of &amp;#27;[0m&amp;#27;[32m&amp;#27;[1m&quot;INR&quot;&amp;#27;[0m&amp;#27;[32m with api &amp;#27;[0m&amp;#27;[32m&amp;#27;[1m&quot;Getbalance&quot;&amp;#27;[0m&amp;#27;[32m with name &amp;#27;[0m&amp;#27;[32m&amp;#27;[1m&quot;s3b1inr&quot;&amp;#27;[0m                                                                                              &amp;#27;[90m# stepDefinations.SDplaceOrderofBroker1.take_balance_of_with_api_with_name(java.lang.String,java.lang.String,java.lang.String)&amp;#27;[0m
s3b1btc = 90000909.45203
  &amp;#27;[32mGiven &amp;#27;[0m&amp;#27;[32mtake balance of &amp;#27;[0m&amp;#27;[32m&amp;#27;[1m&quot;ETH&quot;&amp;#27;[0m&amp;#27;[32m with api &amp;#27;[0m&amp;#27;[32m&amp;#27;[1m&quot;Getbalance&quot;&amp;#27;[0m&amp;#27;[32m with name &amp;#27;[0m&amp;#27;[32m&amp;#27;[1m&quot;s3b1btc&quot;&amp;#27;[0m                                                                                              &amp;#27;[90m# stepDefinations.SDplaceOrderofBroker1.take_balance_of_with_api_with_name(java.lang.String,java.lang.String,java.lang.String)&amp;#27;[0m
FEE = 1.469999998807907
diffrence inr before matching = 9806.859999999404
diffrence btc before matching = 0.0
BTC is Same
  &amp;#27;[31mThen &amp;#27;[0m&amp;#27;[31mCheck fees &amp;#27;[0m&amp;#27;[31m&amp;#27;[1m&quot;1.5&quot;&amp;#27;[0m&amp;#27;[31m for same broker&amp;#27;[0m                                                                                                                              &amp;#27;[90m# stepDefinations.SDplaceOrderofBroker1.calculate_fees_for_same_broker(java.lang.String)&amp;#27;[0m
      &amp;#27;[31morg.junit.ComparisonFailure: expected:&lt;1.[469999998807907]&gt; but was:&lt;1.[5]&gt;
	at org.junit.Assert.assertEquals(Assert.java:117)
	at org.junit.Assert.assertEquals(Assert.java:146)
	at stepDefinations.SDplaceOrderofBroker1.calculate_fees_for_same_broker(SDplaceOrderofBroker1.java:221)
	at Ã¢Å“Â½.Check fees &quot;1.5&quot; for same broker(file:///C:/Users/Dell/eclipse_csk/CSXautomation2Optimision/src/test/java/ETHfeature/ETHINRsameBrokerFunds.feature:61)
&amp;#27;[0m
</system-out>
  </testcase>
  <testcase classname="cucumber.options.TestRunner" name="runScenario" time="12.915"/>
  <testcase classname="cucumber.options.TestRunner" name="runScenario" time="14.121"/>
  <testcase classname="cucumber.options.TestRunner" name="runScenario" time="13.222">
    <failure message="expected:&lt;[2.939999997615814]&gt; but was:&lt;[3.0]&gt;" type="org.junit.ComparisonFailure">org.junit.ComparisonFailure: expected:&lt;[2.939999997615814]&gt; but was:&lt;[3.0]&gt;
	at org.junit.Assert.assertEquals(Assert.java:117)
	at org.junit.Assert.assertEquals(Assert.java:146)
	at stepDefinations.SDplaceOrderofBroker1.calculate_fees_for_same_broker(SDplaceOrderofBroker1.java:221)
	at âœ½.Check fees &quot;3.0&quot; for same broker(file:///C:/Users/Dell/eclipse_csk/CSXautomation2Optimision/src/test/java/ETHfeature/ETHINRsameBrokerFunds.feature:152)
</failure>
    <system-out>
@GetBalanceforSameBroker5 @Regression
Scenario: Verify funds for same broker in price improvement case                                                                                                     &amp;#27;[90m# src/test/java/ETHfeature/ETHINRsameBrokerFunds.feature:125&amp;#27;[0m
  &amp;#27;[32mGiven &amp;#27;[0m&amp;#27;[32mloading the header for broker &amp;#27;[0m&amp;#27;[32m&amp;#27;[1m&quot;B1&quot;&amp;#27;[0m                                                                                                                           &amp;#27;[90m# stepDefinations.SDplaceOrderofBroker1.loading_the_header_for_broker_something(java.lang.String)&amp;#27;[0m
s1b1inr = 129810023.349297
  &amp;#27;[32mGiven &amp;#27;[0m&amp;#27;[32mtake balance of &amp;#27;[0m&amp;#27;[32m&amp;#27;[1m&quot;INR&quot;&amp;#27;[0m&amp;#27;[32m with api &amp;#27;[0m&amp;#27;[32m&amp;#27;[1m&quot;Getbalance&quot;&amp;#27;[0m&amp;#27;[32m with name &amp;#27;[0m&amp;#27;[32m&amp;#27;[1m&quot;s1b1inr&quot;&amp;#27;[0m                                                                                              &amp;#27;[90m# stepDefinations.SDplaceOrderofBroker1.take_balance_of_with_api_with_name(java.lang.String,java.lang.String,java.lang.String)&amp;#27;[0m
s1b1btc = 90000909.45203
  &amp;#27;[32mGiven &amp;#27;[0m&amp;#27;[32mtake balance of &amp;#27;[0m&amp;#27;[32m&amp;#27;[1m&quot;ETH&quot;&amp;#27;[0m&amp;#27;[32m with api &amp;#27;[0m&amp;#27;[32m&amp;#27;[1m&quot;Getbalance&quot;&amp;#27;[0m&amp;#27;[32m with name &amp;#27;[0m&amp;#27;[32m&amp;#27;[1m&quot;s1b1btc&quot;&amp;#27;[0m                                                                                              &amp;#27;[90m# stepDefinations.SDplaceOrderofBroker1.take_balance_of_with_api_with_name(java.lang.String,java.lang.String,java.lang.String)&amp;#27;[0m
  &amp;#27;[32mGiven &amp;#27;[0m&amp;#27;[32mPlacing an order for broker &amp;#27;[0m&amp;#27;[32m&amp;#27;[1m&quot;B1&quot;&amp;#27;[0m&amp;#27;[32m of type &amp;#27;[0m&amp;#27;[32m&amp;#27;[1m&quot;limit&quot;&amp;#27;[0m&amp;#27;[32m side &amp;#27;[0m&amp;#27;[32m&amp;#27;[1m&quot;BUY&quot;&amp;#27;[0m&amp;#27;[32m instrument &amp;#27;[0m&amp;#27;[32m&amp;#27;[1m&quot;ETH/INR&quot;&amp;#27;[0m&amp;#27;[32m quantityType &amp;#27;[0m&amp;#27;[32m&amp;#27;[1m&quot;QUOTE&quot;&amp;#27;[0m&amp;#27;[32m quantity &amp;#27;[0m&amp;#27;[32m&amp;#27;[1m&quot;10000&quot;&amp;#27;[0m&amp;#27;[32m limitPrice &amp;#27;[0m&amp;#27;[32m&amp;#27;[1m&quot;3500000&quot;&amp;#27;[0m&amp;#27;[32m username &amp;#27;[0m&amp;#27;[32m&amp;#27;[1m&quot;user1&quot;&amp;#27;[0m &amp;#27;[90m# stepDefinations.SDplaceOrderofBroker1.placing_an_order_of_type_side_instrument_quantity_type_quantity_limit_price_username(java.lang.String,java.lang.String,java.lang.String,java.lang.String,java.lang.String,java.lang.String,java.lang.String,java.lang.String)&amp;#27;[0m
{&quot;data&quot;:{&quot;average_price&quot;:&quot;0&quot;,&quot;brokerID&quot;:&quot;97c02e87-a473-414b-9d27-78764a93d439&quot;,&quot;created_at&quot;:&quot;0001-01-01T00:00:00.000Z&quot;,&quot;filledQuantity&quot;:0,&quot;instrument&quot;:&quot;ETH/INR&quot;,&quot;limit_price&quot;:&quot;3500000&quot;,&quot;makerFee&quot;:&quot;-0.04&quot;,&quot;orderID&quot;:&quot;95023f0f-90ff-41d9-8bef-71b85af1cf12&quot;,&quot;quantity&quot;:0.0028,&quot;side&quot;:&quot;BUY&quot;,&quot;status&quot;:&quot;OPEN&quot;,&quot;takerFee&quot;:&quot;0.07&quot;,&quot;updated_at&quot;:&quot;0001-01-01T00:00:00.000Z&quot;},&quot;message&quot;:&quot;Order placed successfully&quot;}

  &amp;#27;[32mWhen &amp;#27;[0m&amp;#27;[32mProviding request PathUrl &amp;#27;[0m&amp;#27;[32m&amp;#27;[1m&quot;PlaceOrder&quot;&amp;#27;[0m&amp;#27;[32m with method &amp;#27;[0m&amp;#27;[32m&amp;#27;[1m&quot;POST&quot;&amp;#27;[0m                                                                                                     &amp;#27;[90m# stepDefinations.SDplaceOrderofBroker1.providing_request_path_url_with_method(java.lang.String,java.lang.String)&amp;#27;[0m
  &amp;#27;[32mThen &amp;#27;[0m&amp;#27;[32mI verify the  &amp;#27;[0m&amp;#27;[32m&amp;#27;[1m&quot;200&quot;&amp;#27;[0m&amp;#27;[32m in step&amp;#27;[0m                                                                                                                                   &amp;#27;[90m# stepDefinations.SDplaceOrderofBroker1.i_verify_the_in_step(java.lang.String)&amp;#27;[0m
  &amp;#27;[32mAnd &amp;#27;[0m&amp;#27;[32mVerify key &amp;#27;[0m&amp;#27;[32m&amp;#27;[1m&quot;message&quot;&amp;#27;[0m&amp;#27;[32m of response &amp;#27;[0m&amp;#27;[32m&amp;#27;[1m&quot;Order placed successfully&quot;&amp;#27;[0m                                                                                                   &amp;#27;[90m# stepDefinations.SDplaceOrderofBroker1.verify_key_of_response(java.lang.String,java.lang.String)&amp;#27;[0m
{&quot;data&quot;:{&quot;average_price&quot;:&quot;0&quot;,&quot;brokerID&quot;:&quot;97c02e87-a473-414b-9d27-78764a93d439&quot;,&quot;created_at&quot;:&quot;2022-05-18T09:32:51.790Z&quot;,&quot;filledQuantity&quot;:0,&quot;instrument&quot;:&quot;ETH/INR&quot;,&quot;limit_price&quot;:&quot;3500000&quot;,&quot;makerFee&quot;:&quot;-0.04&quot;,&quot;orderID&quot;:&quot;95023f0f-90ff-41d9-8bef-71b85af1cf12&quot;,&quot;quantity&quot;:0.0028,&quot;side&quot;:&quot;BUY&quot;,&quot;status&quot;:&quot;OPEN&quot;,&quot;takerFee&quot;:&quot;0.07&quot;,&quot;updated_at&quot;:&quot;2022-05-18T09:32:51.790Z&quot;},&quot;message&quot;:&quot;Order fetched successfully&quot;}

  &amp;#27;[32mAnd &amp;#27;[0m&amp;#27;[32mVerify the &amp;#27;[0m&amp;#27;[32m&amp;#27;[1m&quot;data.orderID&quot;&amp;#27;[0m&amp;#27;[32m of response &amp;#27;[0m&amp;#27;[32m&amp;#27;[1m&quot;GetOrder&quot;&amp;#27;[0m                                                                                                               &amp;#27;[90m# stepDefinations.SDplaceOrderofBroker1.verify_the_of_response(java.lang.String,java.lang.String)&amp;#27;[0m
  &amp;#27;[32mAnd &amp;#27;[0m&amp;#27;[32mVerify key &amp;#27;[0m&amp;#27;[32m&amp;#27;[1m&quot;data.status&quot;&amp;#27;[0m&amp;#27;[32m of response &amp;#27;[0m&amp;#27;[32m&amp;#27;[1m&quot;OPEN&quot;&amp;#27;[0m                                                                                                                    &amp;#27;[90m# stepDefinations.SDplaceOrderofBroker1.verify_key_of_response(java.lang.String,java.lang.String)&amp;#27;[0m
  &amp;#27;[32mGiven &amp;#27;[0m&amp;#27;[32mloading the header for broker &amp;#27;[0m&amp;#27;[32m&amp;#27;[1m&quot;B1&quot;&amp;#27;[0m                                                                                                                           &amp;#27;[90m# stepDefinations.SDplaceOrderofBroker1.loading_the_header_for_broker_something(java.lang.String)&amp;#27;[0m
s2b1inr = 129800216.489297
  &amp;#27;[32mGiven &amp;#27;[0m&amp;#27;[32mtake balance of &amp;#27;[0m&amp;#27;[32m&amp;#27;[1m&quot;INR&quot;&amp;#27;[0m&amp;#27;[32m with api &amp;#27;[0m&amp;#27;[32m&amp;#27;[1m&quot;Getbalance&quot;&amp;#27;[0m&amp;#27;[32m with name &amp;#27;[0m&amp;#27;[32m&amp;#27;[1m&quot;s2b1inr&quot;&amp;#27;[0m                                                                                              &amp;#27;[90m# stepDefinations.SDplaceOrderofBroker1.take_balance_of_with_api_with_name(java.lang.String,java.lang.String,java.lang.String)&amp;#27;[0m
s2b1btc = 90000909.45203
  &amp;#27;[32mGiven &amp;#27;[0m&amp;#27;[32mtake balance of &amp;#27;[0m&amp;#27;[32m&amp;#27;[1m&quot;ETH&quot;&amp;#27;[0m&amp;#27;[32m with api &amp;#27;[0m&amp;#27;[32m&amp;#27;[1m&quot;Getbalance&quot;&amp;#27;[0m&amp;#27;[32m with name &amp;#27;[0m&amp;#27;[32m&amp;#27;[1m&quot;s2b1btc&quot;&amp;#27;[0m                                                                                              &amp;#27;[90m# stepDefinations.SDplaceOrderofBroker1.take_balance_of_with_api_with_name(java.lang.String,java.lang.String,java.lang.String)&amp;#27;[0m
  &amp;#27;[32mGiven &amp;#27;[0m&amp;#27;[32mPlacing an order for broker &amp;#27;[0m&amp;#27;[32m&amp;#27;[1m&quot;B1&quot;&amp;#27;[0m&amp;#27;[32m of type &amp;#27;[0m&amp;#27;[32m&amp;#27;[1m&quot;limit&quot;&amp;#27;[0m&amp;#27;[32m side &amp;#27;[0m&amp;#27;[32m&amp;#27;[1m&quot;SELL&quot;&amp;#27;[0m&amp;#27;[32m instrument &amp;#27;[0m&amp;#27;[32m&amp;#27;[1m&quot;ETH/INR&quot;&amp;#27;[0m&amp;#27;[32m quantityType &amp;#27;[0m&amp;#27;[32m&amp;#27;[1m&quot;QUOTE&quot;&amp;#27;[0m&amp;#27;[32m quantity &amp;#27;[0m&amp;#27;[32m&amp;#27;[1m&quot;5000&quot;&amp;#27;[0m&amp;#27;[32m limitPrice &amp;#27;[0m&amp;#27;[32m&amp;#27;[1m&quot;1750000&quot;&amp;#27;[0m&amp;#27;[32m username &amp;#27;[0m&amp;#27;[32m&amp;#27;[1m&quot;user2&quot;&amp;#27;[0m &amp;#27;[90m# stepDefinations.SDplaceOrderofBroker1.placing_an_order_of_type_side_instrument_quantity_type_quantity_limit_price_username(java.lang.String,java.lang.String,java.lang.String,java.lang.String,java.lang.String,java.lang.String,java.lang.String,java.lang.String)&amp;#27;[0m
{&quot;data&quot;:{&quot;average_price&quot;:&quot;0&quot;,&quot;brokerID&quot;:&quot;97c02e87-a473-414b-9d27-78764a93d439&quot;,&quot;created_at&quot;:&quot;0001-01-01T00:00:00.000Z&quot;,&quot;filledQuantity&quot;:0,&quot;instrument&quot;:&quot;ETH/INR&quot;,&quot;limit_price&quot;:&quot;1750000&quot;,&quot;makerFee&quot;:&quot;-0.04&quot;,&quot;orderID&quot;:&quot;377cc97c-83a8-4f2e-9c36-0e775263d41e&quot;,&quot;quantity&quot;:0.0028,&quot;side&quot;:&quot;SELL&quot;,&quot;status&quot;:&quot;OPEN&quot;,&quot;takerFee&quot;:&quot;0.07&quot;,&quot;updated_at&quot;:&quot;0001-01-01T00:00:00.000Z&quot;},&quot;message&quot;:&quot;Order placed successfully&quot;}

  &amp;#27;[32mWhen &amp;#27;[0m&amp;#27;[32mProviding request PathUrl &amp;#27;[0m&amp;#27;[32m&amp;#27;[1m&quot;PlaceOrder&quot;&amp;#27;[0m&amp;#27;[32m with method &amp;#27;[0m&amp;#27;[32m&amp;#27;[1m&quot;POST&quot;&amp;#27;[0m                                                                                                     &amp;#27;[90m# stepDefinations.SDplaceOrderofBroker1.providing_request_path_url_with_method(java.lang.String,java.lang.String)&amp;#27;[0m
  &amp;#27;[32mThen &amp;#27;[0m&amp;#27;[32mI verify the  &amp;#27;[0m&amp;#27;[32m&amp;#27;[1m&quot;200&quot;&amp;#27;[0m&amp;#27;[32m in step&amp;#27;[0m                                                                                                                                   &amp;#27;[90m# stepDefinations.SDplaceOrderofBroker1.i_verify_the_in_step(java.lang.String)&amp;#27;[0m
  &amp;#27;[32mAnd &amp;#27;[0m&amp;#27;[32mVerify key &amp;#27;[0m&amp;#27;[32m&amp;#27;[1m&quot;message&quot;&amp;#27;[0m&amp;#27;[32m of response &amp;#27;[0m&amp;#27;[32m&amp;#27;[1m&quot;Order placed successfully&quot;&amp;#27;[0m                                                                                                   &amp;#27;[90m# stepDefinations.SDplaceOrderofBroker1.verify_key_of_response(java.lang.String,java.lang.String)&amp;#27;[0m
{&quot;data&quot;:{&quot;average_price&quot;:&quot;0&quot;,&quot;brokerID&quot;:&quot;97c02e87-a473-414b-9d27-78764a93d439&quot;,&quot;created_at&quot;:&quot;2022-05-18T09:32:54.473Z&quot;,&quot;filledQuantity&quot;:0,&quot;instrument&quot;:&quot;ETH/INR&quot;,&quot;limit_price&quot;:&quot;1750000&quot;,&quot;makerFee&quot;:&quot;-0.04&quot;,&quot;orderID&quot;:&quot;377cc97c-83a8-4f2e-9c36-0e775263d41e&quot;,&quot;quantity&quot;:0.0028,&quot;side&quot;:&quot;SELL&quot;,&quot;status&quot;:&quot;OPEN&quot;,&quot;takerFee&quot;:&quot;0.07&quot;,&quot;updated_at&quot;:&quot;2022-05-18T09:32:54.473Z&quot;},&quot;message&quot;:&quot;Order fetched successfully&quot;}

  &amp;#27;[32mAnd &amp;#27;[0m&amp;#27;[32mVerify the &amp;#27;[0m&amp;#27;[32m&amp;#27;[1m&quot;data.orderID&quot;&amp;#27;[0m&amp;#27;[32m of response &amp;#27;[0m&amp;#27;[32m&amp;#27;[1m&quot;GetOrder&quot;&amp;#27;[0m                                                                                                               &amp;#27;[90m# stepDefinations.SDplaceOrderofBroker1.verify_the_of_response(java.lang.String,java.lang.String)&amp;#27;[0m
  &amp;#27;[32mThen &amp;#27;[0m&amp;#27;[32mgive sleep of &amp;#27;[0m&amp;#27;[32m&amp;#27;[1m&quot;4000&quot;&amp;#27;[0m                                                                                                                                          &amp;#27;[90m# stepDefinations.SDplaceOrderofBroker1.give_sleep_of_something(java.lang.String)&amp;#27;[0m
{&quot;message&quot;:&quot;No Open Orders to Cancel&quot;}

  &amp;#27;[32mWhen &amp;#27;[0m&amp;#27;[32mProviding request PathUrl &amp;#27;[0m&amp;#27;[32m&amp;#27;[1m&quot;CancelAllOrders&quot;&amp;#27;[0m&amp;#27;[32m with method &amp;#27;[0m&amp;#27;[32m&amp;#27;[1m&quot;DELETE&quot;&amp;#27;[0m                                                                                              &amp;#27;[90m# stepDefinations.SDplaceOrderofBroker1.providing_request_path_url_with_method(java.lang.String,java.lang.String)&amp;#27;[0m
  &amp;#27;[32mThen &amp;#27;[0m&amp;#27;[32mgive sleep of &amp;#27;[0m&amp;#27;[32m&amp;#27;[1m&quot;2000&quot;&amp;#27;[0m                                                                                                                                          &amp;#27;[90m# stepDefinations.SDplaceOrderofBroker1.give_sleep_of_something(java.lang.String)&amp;#27;[0m
  &amp;#27;[32mGiven &amp;#27;[0m&amp;#27;[32mloading the header for broker &amp;#27;[0m&amp;#27;[32m&amp;#27;[1m&quot;B1&quot;&amp;#27;[0m                                                                                                                           &amp;#27;[90m# stepDefinations.SDplaceOrderofBroker1.loading_the_header_for_broker_something(java.lang.String)&amp;#27;[0m
s3b1inr = 129810020.409297
  &amp;#27;[32mGiven &amp;#27;[0m&amp;#27;[32mtake balance of &amp;#27;[0m&amp;#27;[32m&amp;#27;[1m&quot;INR&quot;&amp;#27;[0m&amp;#27;[32m with api &amp;#27;[0m&amp;#27;[32m&amp;#27;[1m&quot;Getbalance&quot;&amp;#27;[0m&amp;#27;[32m with name &amp;#27;[0m&amp;#27;[32m&amp;#27;[1m&quot;s3b1inr&quot;&amp;#27;[0m                                                                                              &amp;#27;[90m# stepDefinations.SDplaceOrderofBroker1.take_balance_of_with_api_with_name(java.lang.String,java.lang.String,java.lang.String)&amp;#27;[0m
s3b1btc = 90000909.45203
  &amp;#27;[32mGiven &amp;#27;[0m&amp;#27;[32mtake balance of &amp;#27;[0m&amp;#27;[32m&amp;#27;[1m&quot;ETH&quot;&amp;#27;[0m&amp;#27;[32m with api &amp;#27;[0m&amp;#27;[32m&amp;#27;[1m&quot;Getbalance&quot;&amp;#27;[0m&amp;#27;[32m with name &amp;#27;[0m&amp;#27;[32m&amp;#27;[1m&quot;s3b1btc&quot;&amp;#27;[0m                                                                                              &amp;#27;[90m# stepDefinations.SDplaceOrderofBroker1.take_balance_of_with_api_with_name(java.lang.String,java.lang.String,java.lang.String)&amp;#27;[0m
FEE = 2.939999997615814
diffrence inr before matching = 9806.859999999404
diffrence btc before matching = 0.0
BTC is Same
  &amp;#27;[31mThen &amp;#27;[0m&amp;#27;[31mCheck fees &amp;#27;[0m&amp;#27;[31m&amp;#27;[1m&quot;3.0&quot;&amp;#27;[0m&amp;#27;[31m for same broker&amp;#27;[0m                                                                                                                              &amp;#27;[90m# stepDefinations.SDplaceOrderofBroker1.calculate_fees_for_same_broker(java.lang.String)&amp;#27;[0m
      &amp;#27;[31morg.junit.ComparisonFailure: expected:&lt;[2.939999997615814]&gt; but was:&lt;[3.0]&gt;
	at org.junit.Assert.assertEquals(Assert.java:117)
	at org.junit.Assert.assertEquals(Assert.java:146)
	at stepDefinations.SDplaceOrderofBroker1.calculate_fees_for_same_broker(SDplaceOrderofBroker1.java:221)
	at Ã¢Å“Â½.Check fees &quot;3.0&quot; for same broker(file:///C:/Users/Dell/eclipse_csk/CSXautomation2Optimision/src/test/java/ETHfeature/ETHINRsameBrokerFunds.feature:152)
&amp;#27;[0m
</system-out>
  </testcase>
  <testcase classname="cucumber.options.TestRunner" name="runScenario" time="13.914">
    <failure message="expected:&lt;[3].0&gt; but was:&lt;[1].0&gt;" type="org.junit.ComparisonFailure">org.junit.ComparisonFailure: expected:&lt;[3].0&gt; but was:&lt;[1].0&gt;
	at org.junit.Assert.assertEquals(Assert.java:117)
	at org.junit.Assert.assertEquals(Assert.java:146)
	at stepDefinations.SDplaceOrderofBroker1.calculate_fees_for_same_broker(SDplaceOrderofBroker1.java:221)
	at âœ½.Check fees &quot;1.0&quot; for same broker(file:///C:/Users/Dell/eclipse_csk/CSXautomation2Optimision/src/test/java/ETHfeature/ETHINRsameBrokerFunds.feature:189)
</failure>
    <system-out>
@BUYSELLBUYorders @Regression
Scenario: Verify funds for same broker in BUYSELLBUY fulfilled case                                                                                                &amp;#27;[90m# src/test/java/ETHfeature/ETHINRsameBrokerFunds.feature:155&amp;#27;[0m
  &amp;#27;[32mGiven &amp;#27;[0m&amp;#27;[32mloading the header for broker &amp;#27;[0m&amp;#27;[32m&amp;#27;[1m&quot;B1&quot;&amp;#27;[0m                                                                                                                         &amp;#27;[90m# stepDefinations.SDplaceOrderofBroker1.loading_the_header_for_broker_something(java.lang.String)&amp;#27;[0m
s1b1inr = 129810020.409297
  &amp;#27;[32mGiven &amp;#27;[0m&amp;#27;[32mtake balance of &amp;#27;[0m&amp;#27;[32m&amp;#27;[1m&quot;INR&quot;&amp;#27;[0m&amp;#27;[32m with api &amp;#27;[0m&amp;#27;[32m&amp;#27;[1m&quot;Getbalance&quot;&amp;#27;[0m&amp;#27;[32m with name &amp;#27;[0m&amp;#27;[32m&amp;#27;[1m&quot;s1b1inr&quot;&amp;#27;[0m                                                                                            &amp;#27;[90m# stepDefinations.SDplaceOrderofBroker1.take_balance_of_with_api_with_name(java.lang.String,java.lang.String,java.lang.String)&amp;#27;[0m
s1b1btc = 90000909.45203
  &amp;#27;[32mGiven &amp;#27;[0m&amp;#27;[32mtake balance of &amp;#27;[0m&amp;#27;[32m&amp;#27;[1m&quot;ETH&quot;&amp;#27;[0m&amp;#27;[32m with api &amp;#27;[0m&amp;#27;[32m&amp;#27;[1m&quot;Getbalance&quot;&amp;#27;[0m&amp;#27;[32m with name &amp;#27;[0m&amp;#27;[32m&amp;#27;[1m&quot;s1b1btc&quot;&amp;#27;[0m                                                                                            &amp;#27;[90m# stepDefinations.SDplaceOrderofBroker1.take_balance_of_with_api_with_name(java.lang.String,java.lang.String,java.lang.String)&amp;#27;[0m
  &amp;#27;[32mGiven &amp;#27;[0m&amp;#27;[32mPlacing an order for broker &amp;#27;[0m&amp;#27;[32m&amp;#27;[1m&quot;B1&quot;&amp;#27;[0m&amp;#27;[32m of type &amp;#27;[0m&amp;#27;[32m&amp;#27;[1m&quot;limit&quot;&amp;#27;[0m&amp;#27;[32m side &amp;#27;[0m&amp;#27;[32m&amp;#27;[1m&quot;BUY&quot;&amp;#27;[0m&amp;#27;[32m instrument &amp;#27;[0m&amp;#27;[32m&amp;#27;[1m&quot;ETH/INR&quot;&amp;#27;[0m&amp;#27;[32m quantityType &amp;#27;[0m&amp;#27;[32m&amp;#27;[1m&quot;quote&quot;&amp;#27;[0m&amp;#27;[32m quantity &amp;#27;[0m&amp;#27;[32m&amp;#27;[1m&quot;5000.06&quot;&amp;#27;[0m&amp;#27;[32m limitPrice &amp;#27;[0m&amp;#27;[32m&amp;#27;[1m&quot;49&quot;&amp;#27;[0m&amp;#27;[32m username &amp;#27;[0m&amp;#27;[32m&amp;#27;[1m&quot;user1&quot;&amp;#27;[0m  &amp;#27;[90m# stepDefinations.SDplaceOrderofBroker1.placing_an_order_of_type_side_instrument_quantity_type_quantity_limit_price_username(java.lang.String,java.lang.String,java.lang.String,java.lang.String,java.lang.String,java.lang.String,java.lang.String,java.lang.String)&amp;#27;[0m
{&quot;data&quot;:{&quot;average_price&quot;:&quot;0&quot;,&quot;brokerID&quot;:&quot;97c02e87-a473-414b-9d27-78764a93d439&quot;,&quot;created_at&quot;:&quot;0001-01-01T00:00:00.000Z&quot;,&quot;filledQuantity&quot;:0,&quot;instrument&quot;:&quot;ETH/INR&quot;,&quot;limit_price&quot;:&quot;49&quot;,&quot;makerFee&quot;:&quot;-0.04&quot;,&quot;orderID&quot;:&quot;36e440df-4060-4c66-85c0-af3d79875ae5&quot;,&quot;quantity&quot;:102.042,&quot;side&quot;:&quot;BUY&quot;,&quot;status&quot;:&quot;OPEN&quot;,&quot;takerFee&quot;:&quot;0.07&quot;,&quot;updated_at&quot;:&quot;0001-01-01T00:00:00.000Z&quot;},&quot;message&quot;:&quot;Order placed successfully&quot;}

  &amp;#27;[32mWhen &amp;#27;[0m&amp;#27;[32mProviding request PathUrl &amp;#27;[0m&amp;#27;[32m&amp;#27;[1m&quot;PlaceOrder&quot;&amp;#27;[0m&amp;#27;[32m with method &amp;#27;[0m&amp;#27;[32m&amp;#27;[1m&quot;POST&quot;&amp;#27;[0m                                                                                                   &amp;#27;[90m# stepDefinations.SDplaceOrderofBroker1.providing_request_path_url_with_method(java.lang.String,java.lang.String)&amp;#27;[0m
  &amp;#27;[32mThen &amp;#27;[0m&amp;#27;[32mI verify the  &amp;#27;[0m&amp;#27;[32m&amp;#27;[1m&quot;200&quot;&amp;#27;[0m&amp;#27;[32m in step&amp;#27;[0m                                                                                                                                 &amp;#27;[90m# stepDefinations.SDplaceOrderofBroker1.i_verify_the_in_step(java.lang.String)&amp;#27;[0m
  &amp;#27;[32mAnd &amp;#27;[0m&amp;#27;[32mVerify key &amp;#27;[0m&amp;#27;[32m&amp;#27;[1m&quot;message&quot;&amp;#27;[0m&amp;#27;[32m of response &amp;#27;[0m&amp;#27;[32m&amp;#27;[1m&quot;Order placed successfully&quot;&amp;#27;[0m                                                                                                 &amp;#27;[90m# stepDefinations.SDplaceOrderofBroker1.verify_key_of_response(java.lang.String,java.lang.String)&amp;#27;[0m
{&quot;data&quot;:{&quot;average_price&quot;:&quot;0&quot;,&quot;brokerID&quot;:&quot;97c02e87-a473-414b-9d27-78764a93d439&quot;,&quot;created_at&quot;:&quot;2022-05-18T09:33:04.849Z&quot;,&quot;filledQuantity&quot;:0,&quot;instrument&quot;:&quot;ETH/INR&quot;,&quot;limit_price&quot;:&quot;49&quot;,&quot;makerFee&quot;:&quot;-0.04&quot;,&quot;orderID&quot;:&quot;36e440df-4060-4c66-85c0-af3d79875ae5&quot;,&quot;quantity&quot;:102.042,&quot;side&quot;:&quot;BUY&quot;,&quot;status&quot;:&quot;OPEN&quot;,&quot;takerFee&quot;:&quot;0.07&quot;,&quot;updated_at&quot;:&quot;2022-05-18T09:33:04.849Z&quot;},&quot;message&quot;:&quot;Order fetched successfully&quot;}

  &amp;#27;[32mAnd &amp;#27;[0m&amp;#27;[32mVerify the &amp;#27;[0m&amp;#27;[32m&amp;#27;[1m&quot;data.orderID&quot;&amp;#27;[0m&amp;#27;[32m of response &amp;#27;[0m&amp;#27;[32m&amp;#27;[1m&quot;GetOrder&quot;&amp;#27;[0m                                                                                                             &amp;#27;[90m# stepDefinations.SDplaceOrderofBroker1.verify_the_of_response(java.lang.String,java.lang.String)&amp;#27;[0m
  &amp;#27;[32mAnd &amp;#27;[0m&amp;#27;[32mVerify key &amp;#27;[0m&amp;#27;[32m&amp;#27;[1m&quot;data.status&quot;&amp;#27;[0m&amp;#27;[32m of response &amp;#27;[0m&amp;#27;[32m&amp;#27;[1m&quot;OPEN&quot;&amp;#27;[0m                                                                                                                  &amp;#27;[90m# stepDefinations.SDplaceOrderofBroker1.verify_key_of_response(java.lang.String,java.lang.String)&amp;#27;[0m
  &amp;#27;[32mGiven &amp;#27;[0m&amp;#27;[32mloading the header for broker &amp;#27;[0m&amp;#27;[32m&amp;#27;[1m&quot;B1&quot;&amp;#27;[0m                                                                                                                         &amp;#27;[90m# stepDefinations.SDplaceOrderofBroker1.loading_the_header_for_broker_something(java.lang.String)&amp;#27;[0m
s2b1inr = 129805016.849297
  &amp;#27;[32mGiven &amp;#27;[0m&amp;#27;[32mtake balance of &amp;#27;[0m&amp;#27;[32m&amp;#27;[1m&quot;INR&quot;&amp;#27;[0m&amp;#27;[32m with api &amp;#27;[0m&amp;#27;[32m&amp;#27;[1m&quot;Getbalance&quot;&amp;#27;[0m&amp;#27;[32m with name &amp;#27;[0m&amp;#27;[32m&amp;#27;[1m&quot;s2b1inr&quot;&amp;#27;[0m                                                                                            &amp;#27;[90m# stepDefinations.SDplaceOrderofBroker1.take_balance_of_with_api_with_name(java.lang.String,java.lang.String,java.lang.String)&amp;#27;[0m
s2b1btc = 90000909.45203
  &amp;#27;[32mGiven &amp;#27;[0m&amp;#27;[32mtake balance of &amp;#27;[0m&amp;#27;[32m&amp;#27;[1m&quot;ETH&quot;&amp;#27;[0m&amp;#27;[32m with api &amp;#27;[0m&amp;#27;[32m&amp;#27;[1m&quot;Getbalance&quot;&amp;#27;[0m&amp;#27;[32m with name &amp;#27;[0m&amp;#27;[32m&amp;#27;[1m&quot;s2b1btc&quot;&amp;#27;[0m                                                                                            &amp;#27;[90m# stepDefinations.SDplaceOrderofBroker1.take_balance_of_with_api_with_name(java.lang.String,java.lang.String,java.lang.String)&amp;#27;[0m
  &amp;#27;[32mGiven &amp;#27;[0m&amp;#27;[32mPlacing an order for broker &amp;#27;[0m&amp;#27;[32m&amp;#27;[1m&quot;B1&quot;&amp;#27;[0m&amp;#27;[32m of type &amp;#27;[0m&amp;#27;[32m&amp;#27;[1m&quot;limit&quot;&amp;#27;[0m&amp;#27;[32m side &amp;#27;[0m&amp;#27;[32m&amp;#27;[1m&quot;SELL&quot;&amp;#27;[0m&amp;#27;[32m instrument &amp;#27;[0m&amp;#27;[32m&amp;#27;[1m&quot;ETH/INR&quot;&amp;#27;[0m&amp;#27;[32m quantityType &amp;#27;[0m&amp;#27;[32m&amp;#27;[1m&quot;quote&quot;&amp;#27;[0m&amp;#27;[32m quantity &amp;#27;[0m&amp;#27;[32m&amp;#27;[1m&quot;10000.12&quot;&amp;#27;[0m&amp;#27;[32m limitPrice &amp;#27;[0m&amp;#27;[32m&amp;#27;[1m&quot;49&quot;&amp;#27;[0m&amp;#27;[32m username &amp;#27;[0m&amp;#27;[32m&amp;#27;[1m&quot;user&quot;&amp;#27;[0m &amp;#27;[90m# stepDefinations.SDplaceOrderofBroker1.placing_an_order_of_type_side_instrument_quantity_type_quantity_limit_price_username(java.lang.String,java.lang.String,java.lang.String,java.lang.String,java.lang.String,java.lang.String,java.lang.String,java.lang.String)&amp;#27;[0m
{&quot;data&quot;:{&quot;average_price&quot;:&quot;0&quot;,&quot;brokerID&quot;:&quot;97c02e87-a473-414b-9d27-78764a93d439&quot;,&quot;created_at&quot;:&quot;0001-01-01T00:00:00.000Z&quot;,&quot;filledQuantity&quot;:0,&quot;instrument&quot;:&quot;ETH/INR&quot;,&quot;limit_price&quot;:&quot;49&quot;,&quot;makerFee&quot;:&quot;-0.04&quot;,&quot;orderID&quot;:&quot;c9e0853f-780e-4f05-bae3-cf3791e600d7&quot;,&quot;quantity&quot;:204.084,&quot;side&quot;:&quot;SELL&quot;,&quot;status&quot;:&quot;OPEN&quot;,&quot;takerFee&quot;:&quot;0.07&quot;,&quot;updated_at&quot;:&quot;0001-01-01T00:00:00.000Z&quot;},&quot;message&quot;:&quot;Order placed successfully&quot;}

  &amp;#27;[32mWhen &amp;#27;[0m&amp;#27;[32mProviding request PathUrl &amp;#27;[0m&amp;#27;[32m&amp;#27;[1m&quot;PlaceOrder&quot;&amp;#27;[0m&amp;#27;[32m with method &amp;#27;[0m&amp;#27;[32m&amp;#27;[1m&quot;POST&quot;&amp;#27;[0m                                                                                                   &amp;#27;[90m# stepDefinations.SDplaceOrderofBroker1.providing_request_path_url_with_method(java.lang.String,java.lang.String)&amp;#27;[0m
  &amp;#27;[32mThen &amp;#27;[0m&amp;#27;[32mI verify the  &amp;#27;[0m&amp;#27;[32m&amp;#27;[1m&quot;200&quot;&amp;#27;[0m&amp;#27;[32m in step&amp;#27;[0m                                                                                                                                 &amp;#27;[90m# stepDefinations.SDplaceOrderofBroker1.i_verify_the_in_step(java.lang.String)&amp;#27;[0m
  &amp;#27;[32mThen &amp;#27;[0m&amp;#27;[32mgive sleep of &amp;#27;[0m&amp;#27;[32m&amp;#27;[1m&quot;2000&quot;&amp;#27;[0m                                                                                                                                        &amp;#27;[90m# stepDefinations.SDplaceOrderofBroker1.give_sleep_of_something(java.lang.String)&amp;#27;[0m
  &amp;#27;[32mAnd &amp;#27;[0m&amp;#27;[32mVerify key &amp;#27;[0m&amp;#27;[32m&amp;#27;[1m&quot;message&quot;&amp;#27;[0m&amp;#27;[32m of response &amp;#27;[0m&amp;#27;[32m&amp;#27;[1m&quot;Order placed successfully&quot;&amp;#27;[0m                                                                                                 &amp;#27;[90m# stepDefinations.SDplaceOrderofBroker1.verify_key_of_response(java.lang.String,java.lang.String)&amp;#27;[0m
{&quot;data&quot;:{&quot;average_price&quot;:&quot;49&quot;,&quot;brokerID&quot;:&quot;97c02e87-a473-414b-9d27-78764a93d439&quot;,&quot;created_at&quot;:&quot;2022-05-18T09:33:07.385Z&quot;,&quot;filledQuantity&quot;:102.042,&quot;instrument&quot;:&quot;ETH/INR&quot;,&quot;limit_price&quot;:&quot;49&quot;,&quot;makerFee&quot;:&quot;-0.04&quot;,&quot;orderID&quot;:&quot;c9e0853f-780e-4f05-bae3-cf3791e600d7&quot;,&quot;quantity&quot;:204.084,&quot;side&quot;:&quot;SELL&quot;,&quot;status&quot;:&quot;PARTIALLY_FULFILLED&quot;,&quot;takerFee&quot;:&quot;0.07&quot;,&quot;updated_at&quot;:&quot;2022-05-18T09:33:07.990Z&quot;},&quot;message&quot;:&quot;Order fetched successfully&quot;}

  &amp;#27;[32mAnd &amp;#27;[0m&amp;#27;[32mVerify the &amp;#27;[0m&amp;#27;[32m&amp;#27;[1m&quot;data.orderID&quot;&amp;#27;[0m&amp;#27;[32m of response &amp;#27;[0m&amp;#27;[32m&amp;#27;[1m&quot;GetOrder&quot;&amp;#27;[0m                                                                                                             &amp;#27;[90m# stepDefinations.SDplaceOrderofBroker1.verify_the_of_response(java.lang.String,java.lang.String)&amp;#27;[0m
  &amp;#27;[32mAnd &amp;#27;[0m&amp;#27;[32mVerify key &amp;#27;[0m&amp;#27;[32m&amp;#27;[1m&quot;data.status&quot;&amp;#27;[0m&amp;#27;[32m of response &amp;#27;[0m&amp;#27;[32m&amp;#27;[1m&quot;PARTIALLY_FULFILLED&quot;&amp;#27;[0m                                                                                                   &amp;#27;[90m# stepDefinations.SDplaceOrderofBroker1.verify_key_of_response(java.lang.String,java.lang.String)&amp;#27;[0m
  &amp;#27;[32mGiven &amp;#27;[0m&amp;#27;[32mPlacing an order for broker &amp;#27;[0m&amp;#27;[32m&amp;#27;[1m&quot;B1&quot;&amp;#27;[0m&amp;#27;[32m of type &amp;#27;[0m&amp;#27;[32m&amp;#27;[1m&quot;limit&quot;&amp;#27;[0m&amp;#27;[32m side &amp;#27;[0m&amp;#27;[32m&amp;#27;[1m&quot;BUY&quot;&amp;#27;[0m&amp;#27;[32m instrument &amp;#27;[0m&amp;#27;[32m&amp;#27;[1m&quot;ETH/INR&quot;&amp;#27;[0m&amp;#27;[32m quantityType &amp;#27;[0m&amp;#27;[32m&amp;#27;[1m&quot;quote&quot;&amp;#27;[0m&amp;#27;[32m quantity &amp;#27;[0m&amp;#27;[32m&amp;#27;[1m&quot;5000.06&quot;&amp;#27;[0m&amp;#27;[32m limitPrice &amp;#27;[0m&amp;#27;[32m&amp;#27;[1m&quot;49&quot;&amp;#27;[0m&amp;#27;[32m username &amp;#27;[0m&amp;#27;[32m&amp;#27;[1m&quot;user2&quot;&amp;#27;[0m  &amp;#27;[90m# stepDefinations.SDplaceOrderofBroker1.placing_an_order_of_type_side_instrument_quantity_type_quantity_limit_price_username(java.lang.String,java.lang.String,java.lang.String,java.lang.String,java.lang.String,java.lang.String,java.lang.String,java.lang.String)&amp;#27;[0m
{&quot;data&quot;:{&quot;average_price&quot;:&quot;0&quot;,&quot;brokerID&quot;:&quot;97c02e87-a473-414b-9d27-78764a93d439&quot;,&quot;created_at&quot;:&quot;0001-01-01T00:00:00.000Z&quot;,&quot;filledQuantity&quot;:0,&quot;instrument&quot;:&quot;ETH/INR&quot;,&quot;limit_price&quot;:&quot;49&quot;,&quot;makerFee&quot;:&quot;-0.04&quot;,&quot;orderID&quot;:&quot;c0e470fb-0b04-4465-a365-b6701dd3bb7d&quot;,&quot;quantity&quot;:102.042,&quot;side&quot;:&quot;BUY&quot;,&quot;status&quot;:&quot;OPEN&quot;,&quot;takerFee&quot;:&quot;0.07&quot;,&quot;updated_at&quot;:&quot;0001-01-01T00:00:00.000Z&quot;},&quot;message&quot;:&quot;Order placed successfully&quot;}

  &amp;#27;[32mWhen &amp;#27;[0m&amp;#27;[32mProviding request PathUrl &amp;#27;[0m&amp;#27;[32m&amp;#27;[1m&quot;PlaceOrder&quot;&amp;#27;[0m&amp;#27;[32m with method &amp;#27;[0m&amp;#27;[32m&amp;#27;[1m&quot;POST&quot;&amp;#27;[0m                                                                                                   &amp;#27;[90m# stepDefinations.SDplaceOrderofBroker1.providing_request_path_url_with_method(java.lang.String,java.lang.String)&amp;#27;[0m
  &amp;#27;[32mThen &amp;#27;[0m&amp;#27;[32mI verify the  &amp;#27;[0m&amp;#27;[32m&amp;#27;[1m&quot;200&quot;&amp;#27;[0m&amp;#27;[32m in step&amp;#27;[0m                                                                                                                                 &amp;#27;[90m# stepDefinations.SDplaceOrderofBroker1.i_verify_the_in_step(java.lang.String)&amp;#27;[0m
  &amp;#27;[32mAnd &amp;#27;[0m&amp;#27;[32mVerify key &amp;#27;[0m&amp;#27;[32m&amp;#27;[1m&quot;message&quot;&amp;#27;[0m&amp;#27;[32m of response &amp;#27;[0m&amp;#27;[32m&amp;#27;[1m&quot;Order placed successfully&quot;&amp;#27;[0m                                                                                                 &amp;#27;[90m# stepDefinations.SDplaceOrderofBroker1.verify_key_of_response(java.lang.String,java.lang.String)&amp;#27;[0m
{&quot;data&quot;:{&quot;average_price&quot;:&quot;0&quot;,&quot;brokerID&quot;:&quot;97c02e87-a473-414b-9d27-78764a93d439&quot;,&quot;created_at&quot;:&quot;2022-05-18T09:33:10.688Z&quot;,&quot;filledQuantity&quot;:0,&quot;instrument&quot;:&quot;ETH/INR&quot;,&quot;limit_price&quot;:&quot;49&quot;,&quot;makerFee&quot;:&quot;-0.04&quot;,&quot;orderID&quot;:&quot;c0e470fb-0b04-4465-a365-b6701dd3bb7d&quot;,&quot;quantity&quot;:102.042,&quot;side&quot;:&quot;BUY&quot;,&quot;status&quot;:&quot;OPEN&quot;,&quot;takerFee&quot;:&quot;0.07&quot;,&quot;updated_at&quot;:&quot;2022-05-18T09:33:10.688Z&quot;},&quot;message&quot;:&quot;Order fetched successfully&quot;}

  &amp;#27;[32mAnd &amp;#27;[0m&amp;#27;[32mVerify the &amp;#27;[0m&amp;#27;[32m&amp;#27;[1m&quot;data.orderID&quot;&amp;#27;[0m&amp;#27;[32m of response &amp;#27;[0m&amp;#27;[32m&amp;#27;[1m&quot;GetOrder&quot;&amp;#27;[0m                                                                                                             &amp;#27;[90m# stepDefinations.SDplaceOrderofBroker1.verify_the_of_response(java.lang.String,java.lang.String)&amp;#27;[0m
  &amp;#27;[32mThen &amp;#27;[0m&amp;#27;[32mgive sleep of &amp;#27;[0m&amp;#27;[32m&amp;#27;[1m&quot;2000&quot;&amp;#27;[0m                                                                                                                                        &amp;#27;[90m# stepDefinations.SDplaceOrderofBroker1.give_sleep_of_something(java.lang.String)&amp;#27;[0m
{&quot;message&quot;:&quot;No Open Orders to Cancel&quot;}

  &amp;#27;[32mWhen &amp;#27;[0m&amp;#27;[32mProviding request PathUrl &amp;#27;[0m&amp;#27;[32m&amp;#27;[1m&quot;CancelAllOrders&quot;&amp;#27;[0m&amp;#27;[32m with method &amp;#27;[0m&amp;#27;[32m&amp;#27;[1m&quot;DELETE&quot;&amp;#27;[0m                                                                                            &amp;#27;[90m# stepDefinations.SDplaceOrderofBroker1.providing_request_path_url_with_method(java.lang.String,java.lang.String)&amp;#27;[0m
  &amp;#27;[32mThen &amp;#27;[0m&amp;#27;[32mgive sleep of &amp;#27;[0m&amp;#27;[32m&amp;#27;[1m&quot;2000&quot;&amp;#27;[0m                                                                                                                                        &amp;#27;[90m# stepDefinations.SDplaceOrderofBroker1.give_sleep_of_something(java.lang.String)&amp;#27;[0m
  &amp;#27;[32mGiven &amp;#27;[0m&amp;#27;[32mloading the header for broker &amp;#27;[0m&amp;#27;[32m&amp;#27;[1m&quot;B1&quot;&amp;#27;[0m                                                                                                                         &amp;#27;[90m# stepDefinations.SDplaceOrderofBroker1.loading_the_header_for_broker_something(java.lang.String)&amp;#27;[0m
s3b1inr = 129810017.409297
  &amp;#27;[32mGiven &amp;#27;[0m&amp;#27;[32mtake balance of &amp;#27;[0m&amp;#27;[32m&amp;#27;[1m&quot;INR&quot;&amp;#27;[0m&amp;#27;[32m with api &amp;#27;[0m&amp;#27;[32m&amp;#27;[1m&quot;Getbalance&quot;&amp;#27;[0m&amp;#27;[32m with name &amp;#27;[0m&amp;#27;[32m&amp;#27;[1m&quot;s3b1inr&quot;&amp;#27;[0m                                                                                            &amp;#27;[90m# stepDefinations.SDplaceOrderofBroker1.take_balance_of_with_api_with_name(java.lang.String,java.lang.String,java.lang.String)&amp;#27;[0m
s3b1btc = 90000909.45203
  &amp;#27;[32mGiven &amp;#27;[0m&amp;#27;[32mtake balance of &amp;#27;[0m&amp;#27;[32m&amp;#27;[1m&quot;ETH&quot;&amp;#27;[0m&amp;#27;[32m with api &amp;#27;[0m&amp;#27;[32m&amp;#27;[1m&quot;Getbalance&quot;&amp;#27;[0m&amp;#27;[32m with name &amp;#27;[0m&amp;#27;[32m&amp;#27;[1m&quot;s3b1btc&quot;&amp;#27;[0m                                                                                            &amp;#27;[90m# stepDefinations.SDplaceOrderofBroker1.take_balance_of_with_api_with_name(java.lang.String,java.lang.String,java.lang.String)&amp;#27;[0m
FEE = 3.0
diffrence inr before matching = 5003.560000002384
diffrence btc before matching = 0.0
BTC is Same
  &amp;#27;[31mThen &amp;#27;[0m&amp;#27;[31mCheck fees &amp;#27;[0m&amp;#27;[31m&amp;#27;[1m&quot;1.0&quot;&amp;#27;[0m&amp;#27;[31m for same broker&amp;#27;[0m                                                                                                                            &amp;#27;[90m# stepDefinations.SDplaceOrderofBroker1.calculate_fees_for_same_broker(java.lang.String)&amp;#27;[0m
      &amp;#27;[31morg.junit.ComparisonFailure: expected:&lt;[3].0&gt; but was:&lt;[1].0&gt;
	at org.junit.Assert.assertEquals(Assert.java:117)
	at org.junit.Assert.assertEquals(Assert.java:146)
	at stepDefinations.SDplaceOrderofBroker1.calculate_fees_for_same_broker(SDplaceOrderofBroker1.java:221)
	at Ã¢Å“Â½.Check fees &quot;1.0&quot; for same broker(file:///C:/Users/Dell/eclipse_csk/CSXautomation2Optimision/src/test/java/ETHfeature/ETHINRsameBrokerFunds.feature:189)
&amp;#27;[0m
</system-out>
  </testcase>
</testsuite>