<?xml version="1.0" encoding="UTF-8" ?>
<testsuite tests="36" failures="17" name="cucumber.options.TestRunner" time="535.243" errors="0" skipped="0">
  <properties>
    <property name="jansi.mode" value="strip"/>
    <property name="java.runtime.name" value="OpenJDK Runtime Environment"/>
    <property name="java.vm.version" value="17.0.1+12"/>
    <property name="sun.boot.library.path" value="C:\Users\Dell\.p2\pool\plugins\org.eclipse.justj.openjdk.hotspot.jre.full.win32.x86_64_17.0.1.v20211116-1657\jre\bin"/>
    <property name="maven.multiModuleProjectDirectory" value="C:\Users\Dell\eclipse_csk\CSXautomation2Optimision"/>
    <property name="java.vm.vendor" value="Eclipse Adoptium"/>
    <property name="java.vendor.url" value="https://adoptium.net/"/>
    <property name="guice.disable.misplaced.annotation.check" value="true"/>
    <property name="path.separator" value=";"/>
    <property name="java.vm.name" value="OpenJDK 64-Bit Server VM"/>
    <property name="sun.os.patch.level" value=""/>
    <property name="user.script" value=""/>
    <property name="user.country" value="US"/>
    <property name="sun.java.launcher" value="SUN_STANDARD"/>
    <property name="java.vm.specification.name" value="Java Virtual Machine Specification"/>
    <property name="user.dir" value="C:\Users\Dell\eclipse_csk\CSXautomation2Optimision"/>
    <property name="java.vm.compressedOopsMode" value="Zero based"/>
    <property name="java.runtime.version" value="17.0.1+12"/>
    <property name="os.arch" value="amd64"/>
    <property name="java.io.tmpdir" value="C:\Users\Dell\AppData\Local\Temp\"/>
    <property name="line.separator" value="
"/>
    <property name="java.vm.specification.vendor" value="Oracle Corporation"/>
    <property name="user.variant" value=""/>
    <property name="os.name" value="Windows 10"/>
    <property name="classworlds.conf" value="C:\Users\Dell\eclipse_csk\.metadata\.plugins\org.eclipse.m2e.launching\launches\m2conf6788123455041840928.tmp"/>
    <property name="sun.jnu.encoding" value="Cp1252"/>
    <property name="java.library.path" value="C:\Users\Dell\.p2\pool\plugins\org.eclipse.justj.openjdk.hotspot.jre.full.win32.x86_64_17.0.1.v20211116-1657\jre\bin;C:\Windows\Sun\Java\bin;C:\Windows\system32;C:\Windows;C:/Users/Dell/.p2/pool/plugins/org.eclipse.justj.openjdk.hotspot.jre.full.win32.x86_64_17.0.1.v20211116-1657/jre/bin/server;C:/Users/Dell/.p2/pool/plugins/org.eclipse.justj.openjdk.hotspot.jre.full.win32.x86_64_17.0.1.v20211116-1657/jre/bin;C:\Program Files (x86)\Common Files\Oracle\Java\javapath;C:\Program Files\Common Files\Oracle\Java\javapath;C:\Windows\system32;C:\Windows;C:\Windows\System32\Wbem;C:\Windows\System32\WindowsPowerShell\v1.0\;C:\Windows\System32\OpenSSH\;C:\Program Files (x86)\Go\bin;C:\Program Files\Git\cmd;C:\Program Files\Docker\Docker\resources\bin;C:\ProgramData\DockerDesktop\version-bin;C:\Program Files\Java\jdk1.8.0_202\bin;C:\Program Files\Go\bin;C:\Program Files\apache-maven-3.8.5\bin;C:\Program Files\Amazon\AWSCLI\bin\;C:\Users\Dell\AppData\Local\Programs\Python\Python310\Scripts\;C:\Users\Dell\AppData\Local\Programs\Python\Python310\;C:\Users\Dell\AppData\Local\Microsoft\WindowsApps;C:\Users\Dell\go\bin;C:\Users\Dell\AppData\Local\Programs\Microsoft VS Code\bin;C:\Program Files\PostgreSQL\14\bin;C:\Users\Dell\AppData\Local\GitHubDesktop\bin;C:\Windows\System32;;."/>
    <property name="jdk.debug" value="release"/>
    <property name="java.class.version" value="61.0"/>
    <property name="java.specification.name" value="Java Platform API Specification"/>
    <property name="sun.management.compiler" value="HotSpot 64-Bit Tiered Compilers"/>
    <property name="os.version" value="10.0"/>
    <property name="user.home" value="C:\Users\Dell"/>
    <property name="user.timezone" value="Asia/Calcutta"/>
    <property name="file.encoding" value="Cp1252"/>
    <property name="java.specification.version" value="17"/>
    <property name="user.name" value="Dell"/>
    <property name="java.class.path" value="C:\Users\Dell\.p2\pool\plugins\org.eclipse.m2e.maven.runtime_1.18.3.20220227-1319\jars\plexus-classworlds-2.6.0.jar"/>
    <property name="java.vm.specification.version" value="17"/>
    <property name="sun.arch.data.model" value="64"/>
    <property name="sun.java.command" value="org.codehaus.plexus.classworlds.launcher.Launcher -B test verify"/>
    <property name="java.home" value="C:\Users\Dell\.p2\pool\plugins\org.eclipse.justj.openjdk.hotspot.jre.full.win32.x86_64_17.0.1.v20211116-1657\jre"/>
    <property name="user.language" value="en"/>
    <property name="java.specification.vendor" value="Oracle Corporation"/>
    <property name="java.vm.info" value="mixed mode"/>
    <property name="java.version" value="17.0.1"/>
    <property name="native.encoding" value="Cp1252"/>
    <property name="java.vendor" value="Eclipse Adoptium"/>
    <property name="maven.home" value="C:\Users\Dell\eclipse_csk\CSXautomation2Optimision\EMBEDDED"/>
    <property name="file.separator" value="\"/>
    <property name="java.version.date" value="2021-10-19"/>
    <property name="java.vendor.url.bug" value="https://github.com/adoptium/adoptium-support/issues"/>
    <property name="sun.io.unicode.encoding" value="UnicodeLittle"/>
    <property name="sun.cpu.endian" value="little"/>
    <property name="java.vendor.version" value="Temurin-17.0.1+12"/>
    <property name="sun.cpu.isalist" value="amd64"/>
  </properties>
  <testcase classname="cucumber.options.TestRunner" name="runScenario" time="5.085"/>
  <testcase classname="cucumber.options.TestRunner" name="runScenario" time="3.136"/>
  <testcase classname="cucumber.options.TestRunner" name="runScenario" time="2.172"/>
  <testcase classname="cucumber.options.TestRunner" name="runScenario" time="1.89"/>
  <testcase classname="cucumber.options.TestRunner" name="runScenario" time="0.527"/>
  <testcase classname="cucumber.options.TestRunner" name="runScenario" time="0.399"/>
  <testcase classname="cucumber.options.TestRunner" name="runScenario" time="18.873">
    <failure message="expected:&lt;16.0&gt; but was:&lt;4.0&gt;" type="java.lang.AssertionError">java.lang.AssertionError: expected:&lt;16.0&gt; but was:&lt;4.0&gt;
	at org.junit.Assert.fail(Assert.java:89)
	at org.junit.Assert.failNotEquals(Assert.java:835)
	at org.junit.Assert.assertEquals(Assert.java:555)
	at org.junit.Assert.assertEquals(Assert.java:685)
	at stepDefinations.SDplaceOrderofBroker1.calculate_fees_for_diffrent_broker(SDplaceOrderofBroker1.java:310)
	at âœ½.Check fees &quot;4&quot; for diffrent broker(file:///C:/Users/Dell/eclipse_csk/CSXautomation2Optimision/src/test/java/features/ETHINR.feature:116)
</failure>
    <system-out>
@GetBalanceforDifferentBrokerfulfilledcase @Regression @ETH
Scenario: Verify funds for diffrent broker in fulfilled case                                                                                                        &amp;#27;[90m# src/test/java/features/ETHINR.feature:76&amp;#27;[0m
  &amp;#27;[32mGiven &amp;#27;[0m&amp;#27;[32mloading the header for broker &amp;#27;[0m&amp;#27;[32m&amp;#27;[1m&quot;B1&quot;&amp;#27;[0m                                                                                                                          &amp;#27;[90m# stepDefinations.SDplaceOrderofBroker1.loading_the_header_for_broker_something(java.lang.String)&amp;#27;[0m
s1b1inr = 130768599.3536362590011
  &amp;#27;[32mGiven &amp;#27;[0m&amp;#27;[32mtake balance of &amp;#27;[0m&amp;#27;[32m&amp;#27;[1m&quot;INR&quot;&amp;#27;[0m&amp;#27;[32m with api &amp;#27;[0m&amp;#27;[32m&amp;#27;[1m&quot;Getbalance&quot;&amp;#27;[0m&amp;#27;[32m with name &amp;#27;[0m&amp;#27;[32m&amp;#27;[1m&quot;s1b1inr&quot;&amp;#27;[0m                                                                                             &amp;#27;[90m# stepDefinations.SDplaceOrderofBroker1.take_balance_of_with_api_with_name(java.lang.String,java.lang.String,java.lang.String)&amp;#27;[0m
s1b1btc = 90000823.6960524464
  &amp;#27;[32mGiven &amp;#27;[0m&amp;#27;[32mtake balance of &amp;#27;[0m&amp;#27;[32m&amp;#27;[1m&quot;ETH&quot;&amp;#27;[0m&amp;#27;[32m with api &amp;#27;[0m&amp;#27;[32m&amp;#27;[1m&quot;Getbalance&quot;&amp;#27;[0m&amp;#27;[32m with name &amp;#27;[0m&amp;#27;[32m&amp;#27;[1m&quot;s1b1btc&quot;&amp;#27;[0m                                                                                             &amp;#27;[90m# stepDefinations.SDplaceOrderofBroker1.take_balance_of_with_api_with_name(java.lang.String,java.lang.String,java.lang.String)&amp;#27;[0m
  &amp;#27;[32mGiven &amp;#27;[0m&amp;#27;[32mloading the header for broker &amp;#27;[0m&amp;#27;[32m&amp;#27;[1m&quot;B2&quot;&amp;#27;[0m                                                                                                                          &amp;#27;[90m# stepDefinations.SDplaceOrderofBroker1.loading_the_header_for_broker_something(java.lang.String)&amp;#27;[0m
s1b2inr = 3699947.59380877
  &amp;#27;[32mGiven &amp;#27;[0m&amp;#27;[32mtake balance of &amp;#27;[0m&amp;#27;[32m&amp;#27;[1m&quot;INR&quot;&amp;#27;[0m&amp;#27;[32m with api &amp;#27;[0m&amp;#27;[32m&amp;#27;[1m&quot;Getbalance&quot;&amp;#27;[0m&amp;#27;[32m with name &amp;#27;[0m&amp;#27;[32m&amp;#27;[1m&quot;s1b2inr&quot;&amp;#27;[0m                                                                                             &amp;#27;[90m# stepDefinations.SDplaceOrderofBroker1.take_balance_of_with_api_with_name(java.lang.String,java.lang.String,java.lang.String)&amp;#27;[0m
s1b2btc = 100001.7194592636
  &amp;#27;[32mGiven &amp;#27;[0m&amp;#27;[32mtake balance of &amp;#27;[0m&amp;#27;[32m&amp;#27;[1m&quot;ETH&quot;&amp;#27;[0m&amp;#27;[32m with api &amp;#27;[0m&amp;#27;[32m&amp;#27;[1m&quot;Getbalance&quot;&amp;#27;[0m&amp;#27;[32m with name &amp;#27;[0m&amp;#27;[32m&amp;#27;[1m&quot;s1b2btc&quot;&amp;#27;[0m                                                                                             &amp;#27;[90m# stepDefinations.SDplaceOrderofBroker1.take_balance_of_with_api_with_name(java.lang.String,java.lang.String,java.lang.String)&amp;#27;[0m
  &amp;#27;[32mGiven &amp;#27;[0m&amp;#27;[32mPlacing an order for broker &amp;#27;[0m&amp;#27;[32m&amp;#27;[1m&quot;B1&quot;&amp;#27;[0m&amp;#27;[32m of type &amp;#27;[0m&amp;#27;[32m&amp;#27;[1m&quot;limit&quot;&amp;#27;[0m&amp;#27;[32m side &amp;#27;[0m&amp;#27;[32m&amp;#27;[1m&quot;BUY&quot;&amp;#27;[0m&amp;#27;[32m instrument &amp;#27;[0m&amp;#27;[32m&amp;#27;[1m&quot;ETH/INR&quot;&amp;#27;[0m&amp;#27;[32m quantityType &amp;#27;[0m&amp;#27;[32m&amp;#27;[1m&quot;QUOTE&quot;&amp;#27;[0m&amp;#27;[32m quantity &amp;#27;[0m&amp;#27;[32m&amp;#27;[1m&quot;10000&quot;&amp;#27;[0m&amp;#27;[32m limitPrice &amp;#27;[0m&amp;#27;[32m&amp;#27;[1m&quot;10000&quot;&amp;#27;[0m&amp;#27;[32m username &amp;#27;[0m&amp;#27;[32m&amp;#27;[1m&quot;user1&quot;&amp;#27;[0m  &amp;#27;[90m# stepDefinations.SDplaceOrderofBroker1.placing_an_order_of_type_side_instrument_quantity_type_quantity_limit_price_username(java.lang.String,java.lang.String,java.lang.String,java.lang.String,java.lang.String,java.lang.String,java.lang.String,java.lang.String)&amp;#27;[0m
{&quot;data&quot;:{&quot;average_price&quot;:&quot;0&quot;,&quot;brokerId&quot;:&quot;97c02e87-a473-414b-9d27-78764a93d439&quot;,&quot;created_at&quot;:&quot;2022-06-10T06:20:16.987Z&quot;,&quot;filledQuantity&quot;:0,&quot;instrument&quot;:&quot;ETH/INR&quot;,&quot;limit_price&quot;:&quot;10000&quot;,&quot;makerFee&quot;:&quot;-0.04&quot;,&quot;orderId&quot;:&quot;d2fdcc04-1920-4f16-bb89-f7422418d49b&quot;,&quot;orderType&quot;:&quot;&quot;,&quot;quantity&quot;:&quot;1&quot;,&quot;quantityType&quot;:&quot;&quot;,&quot;side&quot;:&quot;BUY&quot;,&quot;status&quot;:&quot;OPEN&quot;,&quot;takerFee&quot;:&quot;0.07&quot;,&quot;updated_at&quot;:&quot;2022-06-10T06:20:16.987Z&quot;},&quot;message&quot;:&quot;Order placed successfully&quot;}

  &amp;#27;[32mWhen &amp;#27;[0m&amp;#27;[32mProviding request PathUrl &amp;#27;[0m&amp;#27;[32m&amp;#27;[1m&quot;PlaceOrder&quot;&amp;#27;[0m&amp;#27;[32m with method &amp;#27;[0m&amp;#27;[32m&amp;#27;[1m&quot;POST&quot;&amp;#27;[0m                                                                                                    &amp;#27;[90m# stepDefinations.SDplaceOrderofBroker1.providing_request_path_url_with_method(java.lang.String,java.lang.String)&amp;#27;[0m
  &amp;#27;[32mThen &amp;#27;[0m&amp;#27;[32mI verify the  &amp;#27;[0m&amp;#27;[32m&amp;#27;[1m&quot;200&quot;&amp;#27;[0m&amp;#27;[32m in step&amp;#27;[0m                                                                                                                                  &amp;#27;[90m# stepDefinations.SDplaceOrderofBroker1.i_verify_the_in_step(java.lang.String)&amp;#27;[0m
  &amp;#27;[32mAnd &amp;#27;[0m&amp;#27;[32mVerify key &amp;#27;[0m&amp;#27;[32m&amp;#27;[1m&quot;message&quot;&amp;#27;[0m&amp;#27;[32m of response &amp;#27;[0m&amp;#27;[32m&amp;#27;[1m&quot;Order placed successfully&quot;&amp;#27;[0m                                                                                                  &amp;#27;[90m# stepDefinations.SDplaceOrderofBroker1.verify_key_of_response(java.lang.String,java.lang.String)&amp;#27;[0m
{&quot;data&quot;:{&quot;average_price&quot;:&quot;0&quot;,&quot;brokerId&quot;:&quot;97c02e87-a473-414b-9d27-78764a93d439&quot;,&quot;created_at&quot;:&quot;2022-06-10T06:20:16.987Z&quot;,&quot;filledQuantity&quot;:0,&quot;instrument&quot;:&quot;ETH/INR&quot;,&quot;limit_price&quot;:&quot;10000&quot;,&quot;makerFee&quot;:&quot;-0.04&quot;,&quot;orderId&quot;:&quot;d2fdcc04-1920-4f16-bb89-f7422418d49b&quot;,&quot;orderType&quot;:&quot;&quot;,&quot;quantity&quot;:&quot;1&quot;,&quot;quantityType&quot;:&quot;&quot;,&quot;side&quot;:&quot;BUY&quot;,&quot;status&quot;:&quot;OPEN&quot;,&quot;takerFee&quot;:&quot;0.07&quot;,&quot;updated_at&quot;:&quot;2022-06-10T06:20:16.987Z&quot;},&quot;message&quot;:&quot;Order fetched successfully&quot;}

  &amp;#27;[32mAnd &amp;#27;[0m&amp;#27;[32mVerify the &amp;#27;[0m&amp;#27;[32m&amp;#27;[1m&quot;data.orderId&quot;&amp;#27;[0m&amp;#27;[32m of response &amp;#27;[0m&amp;#27;[32m&amp;#27;[1m&quot;GetOrder&quot;&amp;#27;[0m                                                                                                              &amp;#27;[90m# stepDefinations.SDplaceOrderofBroker1.verify_the_of_response(java.lang.String,java.lang.String)&amp;#27;[0m
  &amp;#27;[32mAnd &amp;#27;[0m&amp;#27;[32mVerify key &amp;#27;[0m&amp;#27;[32m&amp;#27;[1m&quot;data.status&quot;&amp;#27;[0m&amp;#27;[32m of response &amp;#27;[0m&amp;#27;[32m&amp;#27;[1m&quot;OPEN&quot;&amp;#27;[0m                                                                                                                   &amp;#27;[90m# stepDefinations.SDplaceOrderofBroker1.verify_key_of_response(java.lang.String,java.lang.String)&amp;#27;[0m
  &amp;#27;[32mThen &amp;#27;[0m&amp;#27;[32mgive sleep of &amp;#27;[0m&amp;#27;[32m&amp;#27;[1m&quot;000&quot;&amp;#27;[0m                                                                                                                                          &amp;#27;[90m# stepDefinations.SDplaceOrderofBroker1.give_sleep_of_something(java.lang.String)&amp;#27;[0m
  &amp;#27;[32mGiven &amp;#27;[0m&amp;#27;[32mloading the header for broker &amp;#27;[0m&amp;#27;[32m&amp;#27;[1m&quot;B1&quot;&amp;#27;[0m                                                                                                                          &amp;#27;[90m# stepDefinations.SDplaceOrderofBroker1.loading_the_header_for_broker_something(java.lang.String)&amp;#27;[0m
s2b1inr = 130758592.3536362590011
  &amp;#27;[32mGiven &amp;#27;[0m&amp;#27;[32mtake balance of &amp;#27;[0m&amp;#27;[32m&amp;#27;[1m&quot;INR&quot;&amp;#27;[0m&amp;#27;[32m with api &amp;#27;[0m&amp;#27;[32m&amp;#27;[1m&quot;Getbalance&quot;&amp;#27;[0m&amp;#27;[32m with name &amp;#27;[0m&amp;#27;[32m&amp;#27;[1m&quot;s2b1inr&quot;&amp;#27;[0m                                                                                             &amp;#27;[90m# stepDefinations.SDplaceOrderofBroker1.take_balance_of_with_api_with_name(java.lang.String,java.lang.String,java.lang.String)&amp;#27;[0m
s2b1btc = 90000823.6960524464
  &amp;#27;[32mGiven &amp;#27;[0m&amp;#27;[32mtake balance of &amp;#27;[0m&amp;#27;[32m&amp;#27;[1m&quot;ETH&quot;&amp;#27;[0m&amp;#27;[32m with api &amp;#27;[0m&amp;#27;[32m&amp;#27;[1m&quot;Getbalance&quot;&amp;#27;[0m&amp;#27;[32m with name &amp;#27;[0m&amp;#27;[32m&amp;#27;[1m&quot;s2b1btc&quot;&amp;#27;[0m                                                                                             &amp;#27;[90m# stepDefinations.SDplaceOrderofBroker1.take_balance_of_with_api_with_name(java.lang.String,java.lang.String,java.lang.String)&amp;#27;[0m
  &amp;#27;[32mGiven &amp;#27;[0m&amp;#27;[32mloading the header for broker &amp;#27;[0m&amp;#27;[32m&amp;#27;[1m&quot;B2&quot;&amp;#27;[0m                                                                                                                          &amp;#27;[90m# stepDefinations.SDplaceOrderofBroker1.loading_the_header_for_broker_something(java.lang.String)&amp;#27;[0m
s2b2inr = 3699947.59380877
  &amp;#27;[32mGiven &amp;#27;[0m&amp;#27;[32mtake balance of &amp;#27;[0m&amp;#27;[32m&amp;#27;[1m&quot;INR&quot;&amp;#27;[0m&amp;#27;[32m with api &amp;#27;[0m&amp;#27;[32m&amp;#27;[1m&quot;Getbalance&quot;&amp;#27;[0m&amp;#27;[32m with name &amp;#27;[0m&amp;#27;[32m&amp;#27;[1m&quot;s2b2inr&quot;&amp;#27;[0m                                                                                             &amp;#27;[90m# stepDefinations.SDplaceOrderofBroker1.take_balance_of_with_api_with_name(java.lang.String,java.lang.String,java.lang.String)&amp;#27;[0m
s2b2btc = 100001.7194592636
  &amp;#27;[32mGiven &amp;#27;[0m&amp;#27;[32mtake balance of &amp;#27;[0m&amp;#27;[32m&amp;#27;[1m&quot;ETH&quot;&amp;#27;[0m&amp;#27;[32m with api &amp;#27;[0m&amp;#27;[32m&amp;#27;[1m&quot;Getbalance&quot;&amp;#27;[0m&amp;#27;[32m with name &amp;#27;[0m&amp;#27;[32m&amp;#27;[1m&quot;s2b2btc&quot;&amp;#27;[0m                                                                                             &amp;#27;[90m# stepDefinations.SDplaceOrderofBroker1.take_balance_of_with_api_with_name(java.lang.String,java.lang.String,java.lang.String)&amp;#27;[0m
  &amp;#27;[32mGiven &amp;#27;[0m&amp;#27;[32mPlacing an order for broker &amp;#27;[0m&amp;#27;[32m&amp;#27;[1m&quot;B2&quot;&amp;#27;[0m&amp;#27;[32m of type &amp;#27;[0m&amp;#27;[32m&amp;#27;[1m&quot;limit&quot;&amp;#27;[0m&amp;#27;[32m side &amp;#27;[0m&amp;#27;[32m&amp;#27;[1m&quot;SELL&quot;&amp;#27;[0m&amp;#27;[32m instrument &amp;#27;[0m&amp;#27;[32m&amp;#27;[1m&quot;ETH/INR&quot;&amp;#27;[0m&amp;#27;[32m quantityType &amp;#27;[0m&amp;#27;[32m&amp;#27;[1m&quot;QUOTE&quot;&amp;#27;[0m&amp;#27;[32m quantity &amp;#27;[0m&amp;#27;[32m&amp;#27;[1m&quot;10000&quot;&amp;#27;[0m&amp;#27;[32m limitPrice &amp;#27;[0m&amp;#27;[32m&amp;#27;[1m&quot;10000&quot;&amp;#27;[0m&amp;#27;[32m username &amp;#27;[0m&amp;#27;[32m&amp;#27;[1m&quot;user1&quot;&amp;#27;[0m &amp;#27;[90m# stepDefinations.SDplaceOrderofBroker1.placing_an_order_of_type_side_instrument_quantity_type_quantity_limit_price_username(java.lang.String,java.lang.String,java.lang.String,java.lang.String,java.lang.String,java.lang.String,java.lang.String,java.lang.String)&amp;#27;[0m
{&quot;data&quot;:{&quot;average_price&quot;:&quot;0&quot;,&quot;brokerId&quot;:&quot;3ab607d8-8836-4aeb-a71d-7030e7c4524f&quot;,&quot;created_at&quot;:&quot;2022-06-10T06:20:20.018Z&quot;,&quot;filledQuantity&quot;:0,&quot;instrument&quot;:&quot;ETH/INR&quot;,&quot;limit_price&quot;:&quot;10000&quot;,&quot;makerFee&quot;:&quot;0.1&quot;,&quot;orderId&quot;:&quot;d996714d-6ac2-4d10-a3f5-62066792422f&quot;,&quot;orderType&quot;:&quot;&quot;,&quot;quantity&quot;:&quot;1&quot;,&quot;quantityType&quot;:&quot;&quot;,&quot;side&quot;:&quot;SELL&quot;,&quot;status&quot;:&quot;OPEN&quot;,&quot;takerFee&quot;:&quot;0.2&quot;,&quot;updated_at&quot;:&quot;2022-06-10T06:20:20.018Z&quot;},&quot;message&quot;:&quot;Order placed successfully&quot;}

  &amp;#27;[32mWhen &amp;#27;[0m&amp;#27;[32mProviding request PathUrl &amp;#27;[0m&amp;#27;[32m&amp;#27;[1m&quot;PlaceOrder&quot;&amp;#27;[0m&amp;#27;[32m with method &amp;#27;[0m&amp;#27;[32m&amp;#27;[1m&quot;POST&quot;&amp;#27;[0m                                                                                                    &amp;#27;[90m# stepDefinations.SDplaceOrderofBroker1.providing_request_path_url_with_method(java.lang.String,java.lang.String)&amp;#27;[0m
  &amp;#27;[32mThen &amp;#27;[0m&amp;#27;[32mI verify the  &amp;#27;[0m&amp;#27;[32m&amp;#27;[1m&quot;200&quot;&amp;#27;[0m&amp;#27;[32m in step&amp;#27;[0m                                                                                                                                  &amp;#27;[90m# stepDefinations.SDplaceOrderofBroker1.i_verify_the_in_step(java.lang.String)&amp;#27;[0m
  &amp;#27;[32mAnd &amp;#27;[0m&amp;#27;[32mVerify key &amp;#27;[0m&amp;#27;[32m&amp;#27;[1m&quot;message&quot;&amp;#27;[0m&amp;#27;[32m of response &amp;#27;[0m&amp;#27;[32m&amp;#27;[1m&quot;Order placed successfully&quot;&amp;#27;[0m                                                                                                  &amp;#27;[90m# stepDefinations.SDplaceOrderofBroker1.verify_key_of_response(java.lang.String,java.lang.String)&amp;#27;[0m
{&quot;data&quot;:{&quot;average_price&quot;:&quot;0&quot;,&quot;brokerId&quot;:&quot;3ab607d8-8836-4aeb-a71d-7030e7c4524f&quot;,&quot;created_at&quot;:&quot;2022-06-10T06:20:20.018Z&quot;,&quot;filledQuantity&quot;:0,&quot;instrument&quot;:&quot;ETH/INR&quot;,&quot;limit_price&quot;:&quot;10000&quot;,&quot;makerFee&quot;:&quot;0.1&quot;,&quot;orderId&quot;:&quot;d996714d-6ac2-4d10-a3f5-62066792422f&quot;,&quot;orderType&quot;:&quot;&quot;,&quot;quantity&quot;:&quot;1&quot;,&quot;quantityType&quot;:&quot;&quot;,&quot;side&quot;:&quot;SELL&quot;,&quot;status&quot;:&quot;OPEN&quot;,&quot;takerFee&quot;:&quot;0.2&quot;,&quot;updated_at&quot;:&quot;2022-06-10T06:20:20.018Z&quot;},&quot;message&quot;:&quot;Order fetched successfully&quot;}

  &amp;#27;[32mAnd &amp;#27;[0m&amp;#27;[32mVerify the &amp;#27;[0m&amp;#27;[32m&amp;#27;[1m&quot;data.orderId&quot;&amp;#27;[0m&amp;#27;[32m of response &amp;#27;[0m&amp;#27;[32m&amp;#27;[1m&quot;GetOrder&quot;&amp;#27;[0m                                                                                                              &amp;#27;[90m# stepDefinations.SDplaceOrderofBroker1.verify_the_of_response(java.lang.String,java.lang.String)&amp;#27;[0m
  &amp;#27;[32mThen &amp;#27;[0m&amp;#27;[32mgive sleep of &amp;#27;[0m&amp;#27;[32m&amp;#27;[1m&quot;4000&quot;&amp;#27;[0m                                                                                                                                         &amp;#27;[90m# stepDefinations.SDplaceOrderofBroker1.give_sleep_of_something(java.lang.String)&amp;#27;[0m
  &amp;#27;[32mGiven &amp;#27;[0m&amp;#27;[32mloading the header for broker &amp;#27;[0m&amp;#27;[32m&amp;#27;[1m&quot;B1&quot;&amp;#27;[0m                                                                                                                          &amp;#27;[90m# stepDefinations.SDplaceOrderofBroker1.loading_the_header_for_broker_something(java.lang.String)&amp;#27;[0m
{&quot;data&quot;:&quot;18 open orders will be Cancelled&quot;,&quot;message&quot;:&quot;Orders cancellation in progress&quot;}

  &amp;#27;[32mWhen &amp;#27;[0m&amp;#27;[32mProviding request PathUrl &amp;#27;[0m&amp;#27;[32m&amp;#27;[1m&quot;CancelAllOrders&quot;&amp;#27;[0m&amp;#27;[32m with method &amp;#27;[0m&amp;#27;[32m&amp;#27;[1m&quot;DELETE&quot;&amp;#27;[0m                                                                                             &amp;#27;[90m# stepDefinations.SDplaceOrderofBroker1.providing_request_path_url_with_method(java.lang.String,java.lang.String)&amp;#27;[0m
  &amp;#27;[32mGiven &amp;#27;[0m&amp;#27;[32mloading the header for broker &amp;#27;[0m&amp;#27;[32m&amp;#27;[1m&quot;B2&quot;&amp;#27;[0m                                                                                                                          &amp;#27;[90m# stepDefinations.SDplaceOrderofBroker1.loading_the_header_for_broker_something(java.lang.String)&amp;#27;[0m
{&quot;message&quot;:&quot;No Open Orders to Cancel&quot;}

  &amp;#27;[32mWhen &amp;#27;[0m&amp;#27;[32mProviding request PathUrl &amp;#27;[0m&amp;#27;[32m&amp;#27;[1m&quot;CancelAllOrders&quot;&amp;#27;[0m&amp;#27;[32m with method &amp;#27;[0m&amp;#27;[32m&amp;#27;[1m&quot;DELETE&quot;&amp;#27;[0m                                                                                             &amp;#27;[90m# stepDefinations.SDplaceOrderofBroker1.providing_request_path_url_with_method(java.lang.String,java.lang.String)&amp;#27;[0m
  &amp;#27;[32mThen &amp;#27;[0m&amp;#27;[32mgive sleep of &amp;#27;[0m&amp;#27;[32m&amp;#27;[1m&quot;4000&quot;&amp;#27;[0m                                                                                                                                         &amp;#27;[90m# stepDefinations.SDplaceOrderofBroker1.give_sleep_of_something(java.lang.String)&amp;#27;[0m
  &amp;#27;[32mGiven &amp;#27;[0m&amp;#27;[32mloading the header for broker &amp;#27;[0m&amp;#27;[32m&amp;#27;[1m&quot;B1&quot;&amp;#27;[0m                                                                                                                          &amp;#27;[90m# stepDefinations.SDplaceOrderofBroker1.loading_the_header_for_broker_something(java.lang.String)&amp;#27;[0m
s3b1inr = 130758603.3536362590011
  &amp;#27;[32mGiven &amp;#27;[0m&amp;#27;[32mtake balance of &amp;#27;[0m&amp;#27;[32m&amp;#27;[1m&quot;INR&quot;&amp;#27;[0m&amp;#27;[32m with api &amp;#27;[0m&amp;#27;[32m&amp;#27;[1m&quot;Getbalance&quot;&amp;#27;[0m&amp;#27;[32m with name &amp;#27;[0m&amp;#27;[32m&amp;#27;[1m&quot;s3b1inr&quot;&amp;#27;[0m                                                                                             &amp;#27;[90m# stepDefinations.SDplaceOrderofBroker1.take_balance_of_with_api_with_name(java.lang.String,java.lang.String,java.lang.String)&amp;#27;[0m
s3b1btc = 90000824.6960524464
  &amp;#27;[32mGiven &amp;#27;[0m&amp;#27;[32mtake balance of &amp;#27;[0m&amp;#27;[32m&amp;#27;[1m&quot;ETH&quot;&amp;#27;[0m&amp;#27;[32m with api &amp;#27;[0m&amp;#27;[32m&amp;#27;[1m&quot;Getbalance&quot;&amp;#27;[0m&amp;#27;[32m with name &amp;#27;[0m&amp;#27;[32m&amp;#27;[1m&quot;s3b1btc&quot;&amp;#27;[0m                                                                                             &amp;#27;[90m# stepDefinations.SDplaceOrderofBroker1.take_balance_of_with_api_with_name(java.lang.String,java.lang.String,java.lang.String)&amp;#27;[0m
  &amp;#27;[32mGiven &amp;#27;[0m&amp;#27;[32mloading the header for broker &amp;#27;[0m&amp;#27;[32m&amp;#27;[1m&quot;B2&quot;&amp;#27;[0m                                                                                                                          &amp;#27;[90m# stepDefinations.SDplaceOrderofBroker1.loading_the_header_for_broker_something(java.lang.String)&amp;#27;[0m
s3b2inr = 3709927.59380877
  &amp;#27;[32mGiven &amp;#27;[0m&amp;#27;[32mtake balance of &amp;#27;[0m&amp;#27;[32m&amp;#27;[1m&quot;INR&quot;&amp;#27;[0m&amp;#27;[32m with api &amp;#27;[0m&amp;#27;[32m&amp;#27;[1m&quot;Getbalance&quot;&amp;#27;[0m&amp;#27;[32m with name &amp;#27;[0m&amp;#27;[32m&amp;#27;[1m&quot;s3b2inr&quot;&amp;#27;[0m                                                                                             &amp;#27;[90m# stepDefinations.SDplaceOrderofBroker1.take_balance_of_with_api_with_name(java.lang.String,java.lang.String,java.lang.String)&amp;#27;[0m
s3b2btc = 100000.7194592636
  &amp;#27;[32mGiven &amp;#27;[0m&amp;#27;[32mtake balance of &amp;#27;[0m&amp;#27;[32m&amp;#27;[1m&quot;ETH&quot;&amp;#27;[0m&amp;#27;[32m with api &amp;#27;[0m&amp;#27;[32m&amp;#27;[1m&quot;Getbalance&quot;&amp;#27;[0m&amp;#27;[32m with name &amp;#27;[0m&amp;#27;[32m&amp;#27;[1m&quot;s3b2btc&quot;&amp;#27;[0m                                                                                             &amp;#27;[90m# stepDefinations.SDplaceOrderofBroker1.take_balance_of_with_api_with_name(java.lang.String,java.lang.String,java.lang.String)&amp;#27;[0m
-------------------------------------------------------------------------------------
Deduction_of_INR_from_broker1 = 9996.0
-------------------------------------------------------------------------------------
Addition_of_INR_in_broker2 = 9980.0
-------------------------------------------------------------------------------------
Addition_of_BTC_to_broker1 = 1.0
-------------------------------------------------------------------------------------
Deduction_of_BTC_to_broker2 = 1.0
-------------------------------------------------------------------------------------
Fee_for_diffrent_broker = 16.0
-------------------------------------------------------------------------------------
And Fail because diffrence in Fee is= -12.0
  &amp;#27;[31mThen &amp;#27;[0m&amp;#27;[31mCheck fees &amp;#27;[0m&amp;#27;[31m&amp;#27;[1m&quot;4&quot;&amp;#27;[0m&amp;#27;[31m for diffrent broker&amp;#27;[0m                                                                                                                           &amp;#27;[90m# stepDefinations.SDplaceOrderofBroker1.calculate_fees_for_diffrent_broker(java.lang.String)&amp;#27;[0m
      &amp;#27;[31mjava.lang.AssertionError: expected:&lt;16.0&gt; but was:&lt;4.0&gt;
	at org.junit.Assert.fail(Assert.java:89)
	at org.junit.Assert.failNotEquals(Assert.java:835)
	at org.junit.Assert.assertEquals(Assert.java:555)
	at org.junit.Assert.assertEquals(Assert.java:685)
	at stepDefinations.SDplaceOrderofBroker1.calculate_fees_for_diffrent_broker(SDplaceOrderofBroker1.java:310)
	at Ã¢Å“Â½.Check fees &quot;4&quot; for diffrent broker(file:///C:/Users/Dell/eclipse_csk/CSXautomation2Optimision/src/test/java/features/ETHINR.feature:116)
&amp;#27;[0m
</system-out>
  </testcase>
  <testcase classname="cucumber.options.TestRunner" name="runScenario" time="19.238">
    <failure message="expected:&lt;5011.5&gt; but was:&lt;2.0&gt;" type="java.lang.AssertionError">java.lang.AssertionError: expected:&lt;5011.5&gt; but was:&lt;2.0&gt;
	at org.junit.Assert.fail(Assert.java:89)
	at org.junit.Assert.failNotEquals(Assert.java:835)
	at org.junit.Assert.assertEquals(Assert.java:555)
	at org.junit.Assert.assertEquals(Assert.java:685)
	at stepDefinations.SDplaceOrderofBroker1.calculate_fees_for_diffrent_broker(SDplaceOrderofBroker1.java:310)
	at âœ½.Check fees &quot;2&quot; for diffrent broker(file:///C:/Users/Dell/eclipse_csk/CSXautomation2Optimision/src/test/java/features/ETHINR.feature:159)
</failure>
    <system-out>
@ETH
Scenario: Verify funds for diffrent broker in partially fulfilled case                                                                                             &amp;#27;[90m# src/test/java/features/ETHINR.feature:119&amp;#27;[0m
  &amp;#27;[32mGiven &amp;#27;[0m&amp;#27;[32mloading the header for broker &amp;#27;[0m&amp;#27;[32m&amp;#27;[1m&quot;B1&quot;&amp;#27;[0m                                                                                                                         &amp;#27;[90m# stepDefinations.SDplaceOrderofBroker1.loading_the_header_for_broker_something(java.lang.String)&amp;#27;[0m
s1b1inr = 130758603.3536362590011
  &amp;#27;[32mGiven &amp;#27;[0m&amp;#27;[32mtake balance of &amp;#27;[0m&amp;#27;[32m&amp;#27;[1m&quot;INR&quot;&amp;#27;[0m&amp;#27;[32m with api &amp;#27;[0m&amp;#27;[32m&amp;#27;[1m&quot;Getbalance&quot;&amp;#27;[0m&amp;#27;[32m with name &amp;#27;[0m&amp;#27;[32m&amp;#27;[1m&quot;s1b1inr&quot;&amp;#27;[0m                                                                                            &amp;#27;[90m# stepDefinations.SDplaceOrderofBroker1.take_balance_of_with_api_with_name(java.lang.String,java.lang.String,java.lang.String)&amp;#27;[0m
s1b1btc = 90000824.6960524464
  &amp;#27;[32mGiven &amp;#27;[0m&amp;#27;[32mtake balance of &amp;#27;[0m&amp;#27;[32m&amp;#27;[1m&quot;ETH&quot;&amp;#27;[0m&amp;#27;[32m with api &amp;#27;[0m&amp;#27;[32m&amp;#27;[1m&quot;Getbalance&quot;&amp;#27;[0m&amp;#27;[32m with name &amp;#27;[0m&amp;#27;[32m&amp;#27;[1m&quot;s1b1btc&quot;&amp;#27;[0m                                                                                            &amp;#27;[90m# stepDefinations.SDplaceOrderofBroker1.take_balance_of_with_api_with_name(java.lang.String,java.lang.String,java.lang.String)&amp;#27;[0m
  &amp;#27;[32mGiven &amp;#27;[0m&amp;#27;[32mloading the header for broker &amp;#27;[0m&amp;#27;[32m&amp;#27;[1m&quot;B2&quot;&amp;#27;[0m                                                                                                                         &amp;#27;[90m# stepDefinations.SDplaceOrderofBroker1.loading_the_header_for_broker_something(java.lang.String)&amp;#27;[0m
s1b2inr = 3709927.59380877
  &amp;#27;[32mGiven &amp;#27;[0m&amp;#27;[32mtake balance of &amp;#27;[0m&amp;#27;[32m&amp;#27;[1m&quot;INR&quot;&amp;#27;[0m&amp;#27;[32m with api &amp;#27;[0m&amp;#27;[32m&amp;#27;[1m&quot;Getbalance&quot;&amp;#27;[0m&amp;#27;[32m with name &amp;#27;[0m&amp;#27;[32m&amp;#27;[1m&quot;s1b2inr&quot;&amp;#27;[0m                                                                                            &amp;#27;[90m# stepDefinations.SDplaceOrderofBroker1.take_balance_of_with_api_with_name(java.lang.String,java.lang.String,java.lang.String)&amp;#27;[0m
s1b2btc = 100000.7194592636
  &amp;#27;[32mGiven &amp;#27;[0m&amp;#27;[32mtake balance of &amp;#27;[0m&amp;#27;[32m&amp;#27;[1m&quot;ETH&quot;&amp;#27;[0m&amp;#27;[32m with api &amp;#27;[0m&amp;#27;[32m&amp;#27;[1m&quot;Getbalance&quot;&amp;#27;[0m&amp;#27;[32m with name &amp;#27;[0m&amp;#27;[32m&amp;#27;[1m&quot;s1b2btc&quot;&amp;#27;[0m                                                                                            &amp;#27;[90m# stepDefinations.SDplaceOrderofBroker1.take_balance_of_with_api_with_name(java.lang.String,java.lang.String,java.lang.String)&amp;#27;[0m
  &amp;#27;[32mGiven &amp;#27;[0m&amp;#27;[32mPlacing an order for broker &amp;#27;[0m&amp;#27;[32m&amp;#27;[1m&quot;B1&quot;&amp;#27;[0m&amp;#27;[32m of type &amp;#27;[0m&amp;#27;[32m&amp;#27;[1m&quot;limit&quot;&amp;#27;[0m&amp;#27;[32m side &amp;#27;[0m&amp;#27;[32m&amp;#27;[1m&quot;BUY&quot;&amp;#27;[0m&amp;#27;[32m instrument &amp;#27;[0m&amp;#27;[32m&amp;#27;[1m&quot;ETH/INR&quot;&amp;#27;[0m&amp;#27;[32m quantityType &amp;#27;[0m&amp;#27;[32m&amp;#27;[1m&quot;QUOTE&quot;&amp;#27;[0m&amp;#27;[32m quantity &amp;#27;[0m&amp;#27;[32m&amp;#27;[1m&quot;10000&quot;&amp;#27;[0m&amp;#27;[32m limitPrice &amp;#27;[0m&amp;#27;[32m&amp;#27;[1m&quot;10000&quot;&amp;#27;[0m&amp;#27;[32m username &amp;#27;[0m&amp;#27;[32m&amp;#27;[1m&quot;user1&quot;&amp;#27;[0m &amp;#27;[90m# stepDefinations.SDplaceOrderofBroker1.placing_an_order_of_type_side_instrument_quantity_type_quantity_limit_price_username(java.lang.String,java.lang.String,java.lang.String,java.lang.String,java.lang.String,java.lang.String,java.lang.String,java.lang.String)&amp;#27;[0m
{&quot;data&quot;:{&quot;average_price&quot;:&quot;0&quot;,&quot;brokerId&quot;:&quot;97c02e87-a473-414b-9d27-78764a93d439&quot;,&quot;created_at&quot;:&quot;2022-06-10T06:20:36.287Z&quot;,&quot;filledQuantity&quot;:0,&quot;instrument&quot;:&quot;ETH/INR&quot;,&quot;limit_price&quot;:&quot;10000&quot;,&quot;makerFee&quot;:&quot;-0.04&quot;,&quot;orderId&quot;:&quot;984afcde-eb14-46f1-9d27-f5ce1318f747&quot;,&quot;orderType&quot;:&quot;&quot;,&quot;quantity&quot;:&quot;1&quot;,&quot;quantityType&quot;:&quot;&quot;,&quot;side&quot;:&quot;BUY&quot;,&quot;status&quot;:&quot;OPEN&quot;,&quot;takerFee&quot;:&quot;0.07&quot;,&quot;updated_at&quot;:&quot;2022-06-10T06:20:36.287Z&quot;},&quot;message&quot;:&quot;Order placed successfully&quot;}

  &amp;#27;[32mWhen &amp;#27;[0m&amp;#27;[32mProviding request PathUrl &amp;#27;[0m&amp;#27;[32m&amp;#27;[1m&quot;PlaceOrder&quot;&amp;#27;[0m&amp;#27;[32m with method &amp;#27;[0m&amp;#27;[32m&amp;#27;[1m&quot;POST&quot;&amp;#27;[0m                                                                                                   &amp;#27;[90m# stepDefinations.SDplaceOrderofBroker1.providing_request_path_url_with_method(java.lang.String,java.lang.String)&amp;#27;[0m
  &amp;#27;[32mThen &amp;#27;[0m&amp;#27;[32mI verify the  &amp;#27;[0m&amp;#27;[32m&amp;#27;[1m&quot;200&quot;&amp;#27;[0m&amp;#27;[32m in step&amp;#27;[0m                                                                                                                                 &amp;#27;[90m# stepDefinations.SDplaceOrderofBroker1.i_verify_the_in_step(java.lang.String)&amp;#27;[0m
  &amp;#27;[32mAnd &amp;#27;[0m&amp;#27;[32mVerify key &amp;#27;[0m&amp;#27;[32m&amp;#27;[1m&quot;message&quot;&amp;#27;[0m&amp;#27;[32m of response &amp;#27;[0m&amp;#27;[32m&amp;#27;[1m&quot;Order placed successfully&quot;&amp;#27;[0m                                                                                                 &amp;#27;[90m# stepDefinations.SDplaceOrderofBroker1.verify_key_of_response(java.lang.String,java.lang.String)&amp;#27;[0m
{&quot;data&quot;:{&quot;average_price&quot;:&quot;0&quot;,&quot;brokerId&quot;:&quot;97c02e87-a473-414b-9d27-78764a93d439&quot;,&quot;created_at&quot;:&quot;2022-06-10T06:20:36.287Z&quot;,&quot;filledQuantity&quot;:0,&quot;instrument&quot;:&quot;ETH/INR&quot;,&quot;limit_price&quot;:&quot;10000&quot;,&quot;makerFee&quot;:&quot;-0.04&quot;,&quot;orderId&quot;:&quot;984afcde-eb14-46f1-9d27-f5ce1318f747&quot;,&quot;orderType&quot;:&quot;&quot;,&quot;quantity&quot;:&quot;1&quot;,&quot;quantityType&quot;:&quot;&quot;,&quot;side&quot;:&quot;BUY&quot;,&quot;status&quot;:&quot;OPEN&quot;,&quot;takerFee&quot;:&quot;0.07&quot;,&quot;updated_at&quot;:&quot;2022-06-10T06:20:36.287Z&quot;},&quot;message&quot;:&quot;Order fetched successfully&quot;}

  &amp;#27;[32mAnd &amp;#27;[0m&amp;#27;[32mVerify the &amp;#27;[0m&amp;#27;[32m&amp;#27;[1m&quot;data.orderId&quot;&amp;#27;[0m&amp;#27;[32m of response &amp;#27;[0m&amp;#27;[32m&amp;#27;[1m&quot;GetOrder&quot;&amp;#27;[0m                                                                                                             &amp;#27;[90m# stepDefinations.SDplaceOrderofBroker1.verify_the_of_response(java.lang.String,java.lang.String)&amp;#27;[0m
  &amp;#27;[32mAnd &amp;#27;[0m&amp;#27;[32mVerify key &amp;#27;[0m&amp;#27;[32m&amp;#27;[1m&quot;data.status&quot;&amp;#27;[0m&amp;#27;[32m of response &amp;#27;[0m&amp;#27;[32m&amp;#27;[1m&quot;OPEN&quot;&amp;#27;[0m                                                                                                                  &amp;#27;[90m# stepDefinations.SDplaceOrderofBroker1.verify_key_of_response(java.lang.String,java.lang.String)&amp;#27;[0m
  &amp;#27;[32mThen &amp;#27;[0m&amp;#27;[32mgive sleep of &amp;#27;[0m&amp;#27;[32m&amp;#27;[1m&quot;000&quot;&amp;#27;[0m                                                                                                                                         &amp;#27;[90m# stepDefinations.SDplaceOrderofBroker1.give_sleep_of_something(java.lang.String)&amp;#27;[0m
  &amp;#27;[32mGiven &amp;#27;[0m&amp;#27;[32mloading the header for broker &amp;#27;[0m&amp;#27;[32m&amp;#27;[1m&quot;B1&quot;&amp;#27;[0m                                                                                                                         &amp;#27;[90m# stepDefinations.SDplaceOrderofBroker1.loading_the_header_for_broker_something(java.lang.String)&amp;#27;[0m
s2b1inr = 130748596.3536362590011
  &amp;#27;[32mGiven &amp;#27;[0m&amp;#27;[32mtake balance of &amp;#27;[0m&amp;#27;[32m&amp;#27;[1m&quot;INR&quot;&amp;#27;[0m&amp;#27;[32m with api &amp;#27;[0m&amp;#27;[32m&amp;#27;[1m&quot;Getbalance&quot;&amp;#27;[0m&amp;#27;[32m with name &amp;#27;[0m&amp;#27;[32m&amp;#27;[1m&quot;s2b1inr&quot;&amp;#27;[0m                                                                                            &amp;#27;[90m# stepDefinations.SDplaceOrderofBroker1.take_balance_of_with_api_with_name(java.lang.String,java.lang.String,java.lang.String)&amp;#27;[0m
s2b1btc = 90000824.6960524464
  &amp;#27;[32mGiven &amp;#27;[0m&amp;#27;[32mtake balance of &amp;#27;[0m&amp;#27;[32m&amp;#27;[1m&quot;ETH&quot;&amp;#27;[0m&amp;#27;[32m with api &amp;#27;[0m&amp;#27;[32m&amp;#27;[1m&quot;Getbalance&quot;&amp;#27;[0m&amp;#27;[32m with name &amp;#27;[0m&amp;#27;[32m&amp;#27;[1m&quot;s2b1btc&quot;&amp;#27;[0m                                                                                            &amp;#27;[90m# stepDefinations.SDplaceOrderofBroker1.take_balance_of_with_api_with_name(java.lang.String,java.lang.String,java.lang.String)&amp;#27;[0m
  &amp;#27;[32mGiven &amp;#27;[0m&amp;#27;[32mloading the header for broker &amp;#27;[0m&amp;#27;[32m&amp;#27;[1m&quot;B2&quot;&amp;#27;[0m                                                                                                                         &amp;#27;[90m# stepDefinations.SDplaceOrderofBroker1.loading_the_header_for_broker_something(java.lang.String)&amp;#27;[0m
s2b2inr = 3709927.59380877
  &amp;#27;[32mGiven &amp;#27;[0m&amp;#27;[32mtake balance of &amp;#27;[0m&amp;#27;[32m&amp;#27;[1m&quot;INR&quot;&amp;#27;[0m&amp;#27;[32m with api &amp;#27;[0m&amp;#27;[32m&amp;#27;[1m&quot;Getbalance&quot;&amp;#27;[0m&amp;#27;[32m with name &amp;#27;[0m&amp;#27;[32m&amp;#27;[1m&quot;s2b2inr&quot;&amp;#27;[0m                                                                                            &amp;#27;[90m# stepDefinations.SDplaceOrderofBroker1.take_balance_of_with_api_with_name(java.lang.String,java.lang.String,java.lang.String)&amp;#27;[0m
s2b2btc = 100000.7194592636
  &amp;#27;[32mGiven &amp;#27;[0m&amp;#27;[32mtake balance of &amp;#27;[0m&amp;#27;[32m&amp;#27;[1m&quot;ETH&quot;&amp;#27;[0m&amp;#27;[32m with api &amp;#27;[0m&amp;#27;[32m&amp;#27;[1m&quot;Getbalance&quot;&amp;#27;[0m&amp;#27;[32m with name &amp;#27;[0m&amp;#27;[32m&amp;#27;[1m&quot;s2b2btc&quot;&amp;#27;[0m                                                                                            &amp;#27;[90m# stepDefinations.SDplaceOrderofBroker1.take_balance_of_with_api_with_name(java.lang.String,java.lang.String,java.lang.String)&amp;#27;[0m
  &amp;#27;[32mGiven &amp;#27;[0m&amp;#27;[32mPlacing an order for broker &amp;#27;[0m&amp;#27;[32m&amp;#27;[1m&quot;B2&quot;&amp;#27;[0m&amp;#27;[32m of type &amp;#27;[0m&amp;#27;[32m&amp;#27;[1m&quot;limit&quot;&amp;#27;[0m&amp;#27;[32m side &amp;#27;[0m&amp;#27;[32m&amp;#27;[1m&quot;SELL&quot;&amp;#27;[0m&amp;#27;[32m instrument &amp;#27;[0m&amp;#27;[32m&amp;#27;[1m&quot;ETH/INR&quot;&amp;#27;[0m&amp;#27;[32m quantityType &amp;#27;[0m&amp;#27;[32m&amp;#27;[1m&quot;QUOTE&quot;&amp;#27;[0m&amp;#27;[32m quantity &amp;#27;[0m&amp;#27;[32m&amp;#27;[1m&quot;5000&quot;&amp;#27;[0m&amp;#27;[32m limitPrice &amp;#27;[0m&amp;#27;[32m&amp;#27;[1m&quot;10000&quot;&amp;#27;[0m&amp;#27;[32m username &amp;#27;[0m&amp;#27;[32m&amp;#27;[1m&quot;user1&quot;&amp;#27;[0m &amp;#27;[90m# stepDefinations.SDplaceOrderofBroker1.placing_an_order_of_type_side_instrument_quantity_type_quantity_limit_price_username(java.lang.String,java.lang.String,java.lang.String,java.lang.String,java.lang.String,java.lang.String,java.lang.String,java.lang.String)&amp;#27;[0m
{&quot;data&quot;:{&quot;average_price&quot;:&quot;0&quot;,&quot;brokerId&quot;:&quot;3ab607d8-8836-4aeb-a71d-7030e7c4524f&quot;,&quot;created_at&quot;:&quot;2022-06-10T06:20:39.535Z&quot;,&quot;filledQuantity&quot;:0,&quot;instrument&quot;:&quot;ETH/INR&quot;,&quot;limit_price&quot;:&quot;10000&quot;,&quot;makerFee&quot;:&quot;0.1&quot;,&quot;orderId&quot;:&quot;297044a8-89e8-4cea-855e-cefab5bec330&quot;,&quot;orderType&quot;:&quot;&quot;,&quot;quantity&quot;:&quot;0.5&quot;,&quot;quantityType&quot;:&quot;&quot;,&quot;side&quot;:&quot;SELL&quot;,&quot;status&quot;:&quot;OPEN&quot;,&quot;takerFee&quot;:&quot;0.2&quot;,&quot;updated_at&quot;:&quot;2022-06-10T06:20:39.535Z&quot;},&quot;message&quot;:&quot;Order placed successfully&quot;}

  &amp;#27;[32mWhen &amp;#27;[0m&amp;#27;[32mProviding request PathUrl &amp;#27;[0m&amp;#27;[32m&amp;#27;[1m&quot;PlaceOrder&quot;&amp;#27;[0m&amp;#27;[32m with method &amp;#27;[0m&amp;#27;[32m&amp;#27;[1m&quot;POST&quot;&amp;#27;[0m                                                                                                   &amp;#27;[90m# stepDefinations.SDplaceOrderofBroker1.providing_request_path_url_with_method(java.lang.String,java.lang.String)&amp;#27;[0m
  &amp;#27;[32mThen &amp;#27;[0m&amp;#27;[32mI verify the  &amp;#27;[0m&amp;#27;[32m&amp;#27;[1m&quot;200&quot;&amp;#27;[0m&amp;#27;[32m in step&amp;#27;[0m                                                                                                                                 &amp;#27;[90m# stepDefinations.SDplaceOrderofBroker1.i_verify_the_in_step(java.lang.String)&amp;#27;[0m
  &amp;#27;[32mAnd &amp;#27;[0m&amp;#27;[32mVerify key &amp;#27;[0m&amp;#27;[32m&amp;#27;[1m&quot;message&quot;&amp;#27;[0m&amp;#27;[32m of response &amp;#27;[0m&amp;#27;[32m&amp;#27;[1m&quot;Order placed successfully&quot;&amp;#27;[0m                                                                                                 &amp;#27;[90m# stepDefinations.SDplaceOrderofBroker1.verify_key_of_response(java.lang.String,java.lang.String)&amp;#27;[0m
{&quot;data&quot;:{&quot;average_price&quot;:&quot;10000&quot;,&quot;brokerId&quot;:&quot;3ab607d8-8836-4aeb-a71d-7030e7c4524f&quot;,&quot;created_at&quot;:&quot;2022-06-10T06:20:39.535Z&quot;,&quot;filledQuantity&quot;:0.5,&quot;instrument&quot;:&quot;ETH/INR&quot;,&quot;limit_price&quot;:&quot;10000&quot;,&quot;makerFee&quot;:&quot;0.1&quot;,&quot;orderId&quot;:&quot;297044a8-89e8-4cea-855e-cefab5bec330&quot;,&quot;orderType&quot;:&quot;&quot;,&quot;quantity&quot;:&quot;0.5&quot;,&quot;quantityType&quot;:&quot;&quot;,&quot;side&quot;:&quot;SELL&quot;,&quot;status&quot;:&quot;FULFILLED&quot;,&quot;takerFee&quot;:&quot;0.2&quot;,&quot;updated_at&quot;:&quot;2022-06-10T06:20:39.872Z&quot;},&quot;message&quot;:&quot;Order fetched successfully&quot;}

  &amp;#27;[32mAnd &amp;#27;[0m&amp;#27;[32mVerify the &amp;#27;[0m&amp;#27;[32m&amp;#27;[1m&quot;data.orderId&quot;&amp;#27;[0m&amp;#27;[32m of response &amp;#27;[0m&amp;#27;[32m&amp;#27;[1m&quot;GetOrder&quot;&amp;#27;[0m                                                                                                             &amp;#27;[90m# stepDefinations.SDplaceOrderofBroker1.verify_the_of_response(java.lang.String,java.lang.String)&amp;#27;[0m
  &amp;#27;[32mThen &amp;#27;[0m&amp;#27;[32mgive sleep of &amp;#27;[0m&amp;#27;[32m&amp;#27;[1m&quot;4000&quot;&amp;#27;[0m                                                                                                                                        &amp;#27;[90m# stepDefinations.SDplaceOrderofBroker1.give_sleep_of_something(java.lang.String)&amp;#27;[0m
  &amp;#27;[32mGiven &amp;#27;[0m&amp;#27;[32mloading the header for broker &amp;#27;[0m&amp;#27;[32m&amp;#27;[1m&quot;B1&quot;&amp;#27;[0m                                                                                                                         &amp;#27;[90m# stepDefinations.SDplaceOrderofBroker1.loading_the_header_for_broker_something(java.lang.String)&amp;#27;[0m
{&quot;data&quot;:&quot;19 open orders will be Cancelled&quot;,&quot;message&quot;:&quot;Orders cancellation in progress&quot;}

  &amp;#27;[32mWhen &amp;#27;[0m&amp;#27;[32mProviding request PathUrl &amp;#27;[0m&amp;#27;[32m&amp;#27;[1m&quot;CancelAllOrders&quot;&amp;#27;[0m&amp;#27;[32m with method &amp;#27;[0m&amp;#27;[32m&amp;#27;[1m&quot;DELETE&quot;&amp;#27;[0m                                                                                            &amp;#27;[90m# stepDefinations.SDplaceOrderofBroker1.providing_request_path_url_with_method(java.lang.String,java.lang.String)&amp;#27;[0m
  &amp;#27;[32mGiven &amp;#27;[0m&amp;#27;[32mloading the header for broker &amp;#27;[0m&amp;#27;[32m&amp;#27;[1m&quot;B2&quot;&amp;#27;[0m                                                                                                                         &amp;#27;[90m# stepDefinations.SDplaceOrderofBroker1.loading_the_header_for_broker_something(java.lang.String)&amp;#27;[0m
{&quot;message&quot;:&quot;No Open Orders to Cancel&quot;}

  &amp;#27;[32mWhen &amp;#27;[0m&amp;#27;[32mProviding request PathUrl &amp;#27;[0m&amp;#27;[32m&amp;#27;[1m&quot;CancelAllOrders&quot;&amp;#27;[0m&amp;#27;[32m with method &amp;#27;[0m&amp;#27;[32m&amp;#27;[1m&quot;DELETE&quot;&amp;#27;[0m                                                                                            &amp;#27;[90m# stepDefinations.SDplaceOrderofBroker1.providing_request_path_url_with_method(java.lang.String,java.lang.String)&amp;#27;[0m
  &amp;#27;[32mThen &amp;#27;[0m&amp;#27;[32mgive sleep of &amp;#27;[0m&amp;#27;[32m&amp;#27;[1m&quot;4000&quot;&amp;#27;[0m                                                                                                                                        &amp;#27;[90m# stepDefinations.SDplaceOrderofBroker1.give_sleep_of_something(java.lang.String)&amp;#27;[0m
  &amp;#27;[32mGiven &amp;#27;[0m&amp;#27;[32mloading the header for broker &amp;#27;[0m&amp;#27;[32m&amp;#27;[1m&quot;B1&quot;&amp;#27;[0m                                                                                                                         &amp;#27;[90m# stepDefinations.SDplaceOrderofBroker1.loading_the_header_for_broker_something(java.lang.String)&amp;#27;[0m
s3b1inr = 130748601.8536362590011
  &amp;#27;[32mGiven &amp;#27;[0m&amp;#27;[32mtake balance of &amp;#27;[0m&amp;#27;[32m&amp;#27;[1m&quot;INR&quot;&amp;#27;[0m&amp;#27;[32m with api &amp;#27;[0m&amp;#27;[32m&amp;#27;[1m&quot;Getbalance&quot;&amp;#27;[0m&amp;#27;[32m with name &amp;#27;[0m&amp;#27;[32m&amp;#27;[1m&quot;s3b1inr&quot;&amp;#27;[0m                                                                                            &amp;#27;[90m# stepDefinations.SDplaceOrderofBroker1.take_balance_of_with_api_with_name(java.lang.String,java.lang.String,java.lang.String)&amp;#27;[0m
s3b1btc = 90000825.1960524464
  &amp;#27;[32mGiven &amp;#27;[0m&amp;#27;[32mtake balance of &amp;#27;[0m&amp;#27;[32m&amp;#27;[1m&quot;ETH&quot;&amp;#27;[0m&amp;#27;[32m with api &amp;#27;[0m&amp;#27;[32m&amp;#27;[1m&quot;Getbalance&quot;&amp;#27;[0m&amp;#27;[32m with name &amp;#27;[0m&amp;#27;[32m&amp;#27;[1m&quot;s3b1btc&quot;&amp;#27;[0m                                                                                            &amp;#27;[90m# stepDefinations.SDplaceOrderofBroker1.take_balance_of_with_api_with_name(java.lang.String,java.lang.String,java.lang.String)&amp;#27;[0m
  &amp;#27;[32mGiven &amp;#27;[0m&amp;#27;[32mloading the header for broker &amp;#27;[0m&amp;#27;[32m&amp;#27;[1m&quot;B2&quot;&amp;#27;[0m                                                                                                                         &amp;#27;[90m# stepDefinations.SDplaceOrderofBroker1.loading_the_header_for_broker_something(java.lang.String)&amp;#27;[0m
s3b2inr = 3714917.59380877
  &amp;#27;[32mGiven &amp;#27;[0m&amp;#27;[32mtake balance of &amp;#27;[0m&amp;#27;[32m&amp;#27;[1m&quot;INR&quot;&amp;#27;[0m&amp;#27;[32m with api &amp;#27;[0m&amp;#27;[32m&amp;#27;[1m&quot;Getbalance&quot;&amp;#27;[0m&amp;#27;[32m with name &amp;#27;[0m&amp;#27;[32m&amp;#27;[1m&quot;s3b2inr&quot;&amp;#27;[0m                                                                                            &amp;#27;[90m# stepDefinations.SDplaceOrderofBroker1.take_balance_of_with_api_with_name(java.lang.String,java.lang.String,java.lang.String)&amp;#27;[0m
s3b2btc = 100000.2194592636
  &amp;#27;[32mGiven &amp;#27;[0m&amp;#27;[32mtake balance of &amp;#27;[0m&amp;#27;[32m&amp;#27;[1m&quot;ETH&quot;&amp;#27;[0m&amp;#27;[32m with api &amp;#27;[0m&amp;#27;[32m&amp;#27;[1m&quot;Getbalance&quot;&amp;#27;[0m&amp;#27;[32m with name &amp;#27;[0m&amp;#27;[32m&amp;#27;[1m&quot;s3b2btc&quot;&amp;#27;[0m                                                                                            &amp;#27;[90m# stepDefinations.SDplaceOrderofBroker1.take_balance_of_with_api_with_name(java.lang.String,java.lang.String,java.lang.String)&amp;#27;[0m
-------------------------------------------------------------------------------------
Deduction_of_INR_from_broker1 = 10001.5
-------------------------------------------------------------------------------------
Addition_of_INR_in_broker2 = 4990.0
-------------------------------------------------------------------------------------
Addition_of_BTC_to_broker1 = 0.5
-------------------------------------------------------------------------------------
Deduction_of_BTC_to_broker2 = 0.5
-------------------------------------------------------------------------------------
Fee_for_diffrent_broker = 5011.5
-------------------------------------------------------------------------------------
And Fail because diffrence in Fee is= -5009.5
  &amp;#27;[31mThen &amp;#27;[0m&amp;#27;[31mCheck fees &amp;#27;[0m&amp;#27;[31m&amp;#27;[1m&quot;2&quot;&amp;#27;[0m&amp;#27;[31m for diffrent broker&amp;#27;[0m                                                                                                                          &amp;#27;[90m# stepDefinations.SDplaceOrderofBroker1.calculate_fees_for_diffrent_broker(java.lang.String)&amp;#27;[0m
      &amp;#27;[31mjava.lang.AssertionError: expected:&lt;5011.5&gt; but was:&lt;2.0&gt;
	at org.junit.Assert.fail(Assert.java:89)
	at org.junit.Assert.failNotEquals(Assert.java:835)
	at org.junit.Assert.assertEquals(Assert.java:555)
	at org.junit.Assert.assertEquals(Assert.java:685)
	at stepDefinations.SDplaceOrderofBroker1.calculate_fees_for_diffrent_broker(SDplaceOrderofBroker1.java:310)
	at Ã¢Å“Â½.Check fees &quot;2&quot; for diffrent broker(file:///C:/Users/Dell/eclipse_csk/CSXautomation2Optimision/src/test/java/features/ETHINR.feature:159)
&amp;#27;[0m
</system-out>
  </testcase>
  <testcase classname="cucumber.options.TestRunner" name="runScenario" time="27.384">
    <failure message="expected:&lt;10007.0&gt; but was:&lt;0.0&gt;" type="java.lang.AssertionError">java.lang.AssertionError: expected:&lt;10007.0&gt; but was:&lt;0.0&gt;
	at org.junit.Assert.fail(Assert.java:89)
	at org.junit.Assert.failNotEquals(Assert.java:835)
	at org.junit.Assert.assertEquals(Assert.java:555)
	at org.junit.Assert.assertEquals(Assert.java:685)
	at stepDefinations.SDplaceOrderofBroker1.calculate_fees_for_diffrent_broker(SDplaceOrderofBroker1.java:310)
	at âœ½.Check fees &quot;0.0&quot; for diffrent broker(file:///C:/Users/Dell/eclipse_csk/CSXautomation2Optimision/src/test/java/features/ETHINR.feature:202)
</failure>
    <system-out>
@ETH
Scenario: Verify funds for diffrent broker in cancelled case                                                                                                          &amp;#27;[90m# src/test/java/features/ETHINR.feature:162&amp;#27;[0m
  &amp;#27;[32mGiven &amp;#27;[0m&amp;#27;[32mloading the header for broker &amp;#27;[0m&amp;#27;[32m&amp;#27;[1m&quot;B1&quot;&amp;#27;[0m                                                                                                                            &amp;#27;[90m# stepDefinations.SDplaceOrderofBroker1.loading_the_header_for_broker_something(java.lang.String)&amp;#27;[0m
s1b1inr = 130748601.8536362590011
  &amp;#27;[32mGiven &amp;#27;[0m&amp;#27;[32mtake balance of &amp;#27;[0m&amp;#27;[32m&amp;#27;[1m&quot;INR&quot;&amp;#27;[0m&amp;#27;[32m with api &amp;#27;[0m&amp;#27;[32m&amp;#27;[1m&quot;Getbalance&quot;&amp;#27;[0m&amp;#27;[32m with name &amp;#27;[0m&amp;#27;[32m&amp;#27;[1m&quot;s1b1inr&quot;&amp;#27;[0m                                                                                               &amp;#27;[90m# stepDefinations.SDplaceOrderofBroker1.take_balance_of_with_api_with_name(java.lang.String,java.lang.String,java.lang.String)&amp;#27;[0m
s1b1btc = 90000825.1960524464
  &amp;#27;[32mGiven &amp;#27;[0m&amp;#27;[32mtake balance of &amp;#27;[0m&amp;#27;[32m&amp;#27;[1m&quot;ETH&quot;&amp;#27;[0m&amp;#27;[32m with api &amp;#27;[0m&amp;#27;[32m&amp;#27;[1m&quot;Getbalance&quot;&amp;#27;[0m&amp;#27;[32m with name &amp;#27;[0m&amp;#27;[32m&amp;#27;[1m&quot;s1b1btc&quot;&amp;#27;[0m                                                                                               &amp;#27;[90m# stepDefinations.SDplaceOrderofBroker1.take_balance_of_with_api_with_name(java.lang.String,java.lang.String,java.lang.String)&amp;#27;[0m
  &amp;#27;[32mGiven &amp;#27;[0m&amp;#27;[32mloading the header for broker &amp;#27;[0m&amp;#27;[32m&amp;#27;[1m&quot;B2&quot;&amp;#27;[0m                                                                                                                            &amp;#27;[90m# stepDefinations.SDplaceOrderofBroker1.loading_the_header_for_broker_something(java.lang.String)&amp;#27;[0m
s1b2inr = 3714917.59380877
  &amp;#27;[32mGiven &amp;#27;[0m&amp;#27;[32mtake balance of &amp;#27;[0m&amp;#27;[32m&amp;#27;[1m&quot;INR&quot;&amp;#27;[0m&amp;#27;[32m with api &amp;#27;[0m&amp;#27;[32m&amp;#27;[1m&quot;Getbalance&quot;&amp;#27;[0m&amp;#27;[32m with name &amp;#27;[0m&amp;#27;[32m&amp;#27;[1m&quot;s1b2inr&quot;&amp;#27;[0m                                                                                               &amp;#27;[90m# stepDefinations.SDplaceOrderofBroker1.take_balance_of_with_api_with_name(java.lang.String,java.lang.String,java.lang.String)&amp;#27;[0m
s1b2btc = 100000.2194592636
  &amp;#27;[32mGiven &amp;#27;[0m&amp;#27;[32mtake balance of &amp;#27;[0m&amp;#27;[32m&amp;#27;[1m&quot;ETH&quot;&amp;#27;[0m&amp;#27;[32m with api &amp;#27;[0m&amp;#27;[32m&amp;#27;[1m&quot;Getbalance&quot;&amp;#27;[0m&amp;#27;[32m with name &amp;#27;[0m&amp;#27;[32m&amp;#27;[1m&quot;s1b2btc&quot;&amp;#27;[0m                                                                                               &amp;#27;[90m# stepDefinations.SDplaceOrderofBroker1.take_balance_of_with_api_with_name(java.lang.String,java.lang.String,java.lang.String)&amp;#27;[0m
  &amp;#27;[32mGiven &amp;#27;[0m&amp;#27;[32mPlacing an order for broker &amp;#27;[0m&amp;#27;[32m&amp;#27;[1m&quot;B1&quot;&amp;#27;[0m&amp;#27;[32m of type &amp;#27;[0m&amp;#27;[32m&amp;#27;[1m&quot;limit&quot;&amp;#27;[0m&amp;#27;[32m side &amp;#27;[0m&amp;#27;[32m&amp;#27;[1m&quot;BUY&quot;&amp;#27;[0m&amp;#27;[32m instrument &amp;#27;[0m&amp;#27;[32m&amp;#27;[1m&quot;ETH/INR&quot;&amp;#27;[0m&amp;#27;[32m quantityType &amp;#27;[0m&amp;#27;[32m&amp;#27;[1m&quot;QUOTE&quot;&amp;#27;[0m&amp;#27;[32m quantity &amp;#27;[0m&amp;#27;[32m&amp;#27;[1m&quot;10000&quot;&amp;#27;[0m&amp;#27;[32m limitPrice &amp;#27;[0m&amp;#27;[32m&amp;#27;[1m&quot;3500000&quot;&amp;#27;[0m&amp;#27;[32m username &amp;#27;[0m&amp;#27;[32m&amp;#27;[1m&quot;user1&quot;&amp;#27;[0m  &amp;#27;[90m# stepDefinations.SDplaceOrderofBroker1.placing_an_order_of_type_side_instrument_quantity_type_quantity_limit_price_username(java.lang.String,java.lang.String,java.lang.String,java.lang.String,java.lang.String,java.lang.String,java.lang.String,java.lang.String)&amp;#27;[0m
{&quot;data&quot;:{&quot;average_price&quot;:&quot;0&quot;,&quot;brokerId&quot;:&quot;97c02e87-a473-414b-9d27-78764a93d439&quot;,&quot;created_at&quot;:&quot;2022-06-10T06:20:55.148Z&quot;,&quot;filledQuantity&quot;:0,&quot;instrument&quot;:&quot;ETH/INR&quot;,&quot;limit_price&quot;:&quot;3500000&quot;,&quot;makerFee&quot;:&quot;-0.04&quot;,&quot;orderId&quot;:&quot;8f356cdc-9cba-4ba6-8742-fdcd7bfef505&quot;,&quot;orderType&quot;:&quot;&quot;,&quot;quantity&quot;:&quot;0.002857142&quot;,&quot;quantityType&quot;:&quot;&quot;,&quot;side&quot;:&quot;BUY&quot;,&quot;status&quot;:&quot;OPEN&quot;,&quot;takerFee&quot;:&quot;0.07&quot;,&quot;updated_at&quot;:&quot;2022-06-10T06:20:55.148Z&quot;},&quot;message&quot;:&quot;Order placed successfully&quot;}

  &amp;#27;[32mWhen &amp;#27;[0m&amp;#27;[32mProviding request PathUrl &amp;#27;[0m&amp;#27;[32m&amp;#27;[1m&quot;PlaceOrder&quot;&amp;#27;[0m&amp;#27;[32m with method &amp;#27;[0m&amp;#27;[32m&amp;#27;[1m&quot;POST&quot;&amp;#27;[0m                                                                                                      &amp;#27;[90m# stepDefinations.SDplaceOrderofBroker1.providing_request_path_url_with_method(java.lang.String,java.lang.String)&amp;#27;[0m
  &amp;#27;[32mThen &amp;#27;[0m&amp;#27;[32mI verify the  &amp;#27;[0m&amp;#27;[32m&amp;#27;[1m&quot;200&quot;&amp;#27;[0m&amp;#27;[32m in step&amp;#27;[0m                                                                                                                                    &amp;#27;[90m# stepDefinations.SDplaceOrderofBroker1.i_verify_the_in_step(java.lang.String)&amp;#27;[0m
  &amp;#27;[32mAnd &amp;#27;[0m&amp;#27;[32mVerify key &amp;#27;[0m&amp;#27;[32m&amp;#27;[1m&quot;message&quot;&amp;#27;[0m&amp;#27;[32m of response &amp;#27;[0m&amp;#27;[32m&amp;#27;[1m&quot;Order placed successfully&quot;&amp;#27;[0m                                                                                                    &amp;#27;[90m# stepDefinations.SDplaceOrderofBroker1.verify_key_of_response(java.lang.String,java.lang.String)&amp;#27;[0m
{&quot;data&quot;:{&quot;average_price&quot;:&quot;0&quot;,&quot;brokerId&quot;:&quot;97c02e87-a473-414b-9d27-78764a93d439&quot;,&quot;created_at&quot;:&quot;2022-06-10T06:20:55.148Z&quot;,&quot;filledQuantity&quot;:0,&quot;instrument&quot;:&quot;ETH/INR&quot;,&quot;limit_price&quot;:&quot;3500000&quot;,&quot;makerFee&quot;:&quot;-0.04&quot;,&quot;orderId&quot;:&quot;8f356cdc-9cba-4ba6-8742-fdcd7bfef505&quot;,&quot;orderType&quot;:&quot;&quot;,&quot;quantity&quot;:&quot;0.002857142&quot;,&quot;quantityType&quot;:&quot;&quot;,&quot;side&quot;:&quot;BUY&quot;,&quot;status&quot;:&quot;OPEN&quot;,&quot;takerFee&quot;:&quot;0.07&quot;,&quot;updated_at&quot;:&quot;2022-06-10T06:20:55.148Z&quot;},&quot;message&quot;:&quot;Order fetched successfully&quot;}

  &amp;#27;[32mAnd &amp;#27;[0m&amp;#27;[32mVerify the &amp;#27;[0m&amp;#27;[32m&amp;#27;[1m&quot;data.orderId&quot;&amp;#27;[0m&amp;#27;[32m of response &amp;#27;[0m&amp;#27;[32m&amp;#27;[1m&quot;GetOrder&quot;&amp;#27;[0m                                                                                                                &amp;#27;[90m# stepDefinations.SDplaceOrderofBroker1.verify_the_of_response(java.lang.String,java.lang.String)&amp;#27;[0m
  &amp;#27;[32mAnd &amp;#27;[0m&amp;#27;[32mVerify key &amp;#27;[0m&amp;#27;[32m&amp;#27;[1m&quot;data.status&quot;&amp;#27;[0m&amp;#27;[32m of response &amp;#27;[0m&amp;#27;[32m&amp;#27;[1m&quot;OPEN&quot;&amp;#27;[0m                                                                                                                     &amp;#27;[90m# stepDefinations.SDplaceOrderofBroker1.verify_key_of_response(java.lang.String,java.lang.String)&amp;#27;[0m
  &amp;#27;[32mThen &amp;#27;[0m&amp;#27;[32mgive sleep of &amp;#27;[0m&amp;#27;[32m&amp;#27;[1m&quot;000&quot;&amp;#27;[0m                                                                                                                                            &amp;#27;[90m# stepDefinations.SDplaceOrderofBroker1.give_sleep_of_something(java.lang.String)&amp;#27;[0m
  &amp;#27;[32mGiven &amp;#27;[0m&amp;#27;[32mloading the header for broker &amp;#27;[0m&amp;#27;[32m&amp;#27;[1m&quot;B1&quot;&amp;#27;[0m                                                                                                                            &amp;#27;[90m# stepDefinations.SDplaceOrderofBroker1.loading_the_header_for_broker_something(java.lang.String)&amp;#27;[0m
s2b1inr = 130738594.8536362590011
  &amp;#27;[32mGiven &amp;#27;[0m&amp;#27;[32mtake balance of &amp;#27;[0m&amp;#27;[32m&amp;#27;[1m&quot;INR&quot;&amp;#27;[0m&amp;#27;[32m with api &amp;#27;[0m&amp;#27;[32m&amp;#27;[1m&quot;Getbalance&quot;&amp;#27;[0m&amp;#27;[32m with name &amp;#27;[0m&amp;#27;[32m&amp;#27;[1m&quot;s2b1inr&quot;&amp;#27;[0m                                                                                               &amp;#27;[90m# stepDefinations.SDplaceOrderofBroker1.take_balance_of_with_api_with_name(java.lang.String,java.lang.String,java.lang.String)&amp;#27;[0m
s2b1btc = 90000825.1960524464
  &amp;#27;[32mGiven &amp;#27;[0m&amp;#27;[32mtake balance of &amp;#27;[0m&amp;#27;[32m&amp;#27;[1m&quot;ETH&quot;&amp;#27;[0m&amp;#27;[32m with api &amp;#27;[0m&amp;#27;[32m&amp;#27;[1m&quot;Getbalance&quot;&amp;#27;[0m&amp;#27;[32m with name &amp;#27;[0m&amp;#27;[32m&amp;#27;[1m&quot;s2b1btc&quot;&amp;#27;[0m                                                                                               &amp;#27;[90m# stepDefinations.SDplaceOrderofBroker1.take_balance_of_with_api_with_name(java.lang.String,java.lang.String,java.lang.String)&amp;#27;[0m
  &amp;#27;[32mGiven &amp;#27;[0m&amp;#27;[32mloading the header for broker &amp;#27;[0m&amp;#27;[32m&amp;#27;[1m&quot;B2&quot;&amp;#27;[0m                                                                                                                            &amp;#27;[90m# stepDefinations.SDplaceOrderofBroker1.loading_the_header_for_broker_something(java.lang.String)&amp;#27;[0m
s2b2inr = 3714917.59380877
  &amp;#27;[32mGiven &amp;#27;[0m&amp;#27;[32mtake balance of &amp;#27;[0m&amp;#27;[32m&amp;#27;[1m&quot;INR&quot;&amp;#27;[0m&amp;#27;[32m with api &amp;#27;[0m&amp;#27;[32m&amp;#27;[1m&quot;Getbalance&quot;&amp;#27;[0m&amp;#27;[32m with name &amp;#27;[0m&amp;#27;[32m&amp;#27;[1m&quot;s2b2inr&quot;&amp;#27;[0m                                                                                               &amp;#27;[90m# stepDefinations.SDplaceOrderofBroker1.take_balance_of_with_api_with_name(java.lang.String,java.lang.String,java.lang.String)&amp;#27;[0m
s2b2btc = 100000.2194592636
  &amp;#27;[32mGiven &amp;#27;[0m&amp;#27;[32mtake balance of &amp;#27;[0m&amp;#27;[32m&amp;#27;[1m&quot;ETH&quot;&amp;#27;[0m&amp;#27;[32m with api &amp;#27;[0m&amp;#27;[32m&amp;#27;[1m&quot;Getbalance&quot;&amp;#27;[0m&amp;#27;[32m with name &amp;#27;[0m&amp;#27;[32m&amp;#27;[1m&quot;s2b2btc&quot;&amp;#27;[0m                                                                                               &amp;#27;[90m# stepDefinations.SDplaceOrderofBroker1.take_balance_of_with_api_with_name(java.lang.String,java.lang.String,java.lang.String)&amp;#27;[0m
  &amp;#27;[32mGiven &amp;#27;[0m&amp;#27;[32mPlacing an order for broker &amp;#27;[0m&amp;#27;[32m&amp;#27;[1m&quot;B2&quot;&amp;#27;[0m&amp;#27;[32m of type &amp;#27;[0m&amp;#27;[32m&amp;#27;[1m&quot;limit&quot;&amp;#27;[0m&amp;#27;[32m side &amp;#27;[0m&amp;#27;[32m&amp;#27;[1m&quot;SELL&quot;&amp;#27;[0m&amp;#27;[32m instrument &amp;#27;[0m&amp;#27;[32m&amp;#27;[1m&quot;ETH/INR&quot;&amp;#27;[0m&amp;#27;[32m quantityType &amp;#27;[0m&amp;#27;[32m&amp;#27;[1m&quot;QUOTE&quot;&amp;#27;[0m&amp;#27;[32m quantity &amp;#27;[0m&amp;#27;[32m&amp;#27;[1m&quot;10000&quot;&amp;#27;[0m&amp;#27;[32m limitPrice &amp;#27;[0m&amp;#27;[32m&amp;#27;[1m&quot;3600000&quot;&amp;#27;[0m&amp;#27;[32m username &amp;#27;[0m&amp;#27;[32m&amp;#27;[1m&quot;user1&quot;&amp;#27;[0m &amp;#27;[90m# stepDefinations.SDplaceOrderofBroker1.placing_an_order_of_type_side_instrument_quantity_type_quantity_limit_price_username(java.lang.String,java.lang.String,java.lang.String,java.lang.String,java.lang.String,java.lang.String,java.lang.String,java.lang.String)&amp;#27;[0m
{&quot;data&quot;:{&quot;average_price&quot;:&quot;0&quot;,&quot;brokerId&quot;:&quot;3ab607d8-8836-4aeb-a71d-7030e7c4524f&quot;,&quot;created_at&quot;:&quot;2022-06-10T06:21:05.911Z&quot;,&quot;filledQuantity&quot;:0,&quot;instrument&quot;:&quot;ETH/INR&quot;,&quot;limit_price&quot;:&quot;3600000&quot;,&quot;makerFee&quot;:&quot;0.1&quot;,&quot;orderId&quot;:&quot;1d58114e-3b9d-4610-a620-adf887067ac1&quot;,&quot;orderType&quot;:&quot;&quot;,&quot;quantity&quot;:&quot;0.002777777&quot;,&quot;quantityType&quot;:&quot;&quot;,&quot;side&quot;:&quot;SELL&quot;,&quot;status&quot;:&quot;OPEN&quot;,&quot;takerFee&quot;:&quot;0.2&quot;,&quot;updated_at&quot;:&quot;2022-06-10T06:21:05.911Z&quot;},&quot;message&quot;:&quot;Order placed successfully&quot;}

  &amp;#27;[32mWhen &amp;#27;[0m&amp;#27;[32mProviding request PathUrl &amp;#27;[0m&amp;#27;[32m&amp;#27;[1m&quot;PlaceOrder&quot;&amp;#27;[0m&amp;#27;[32m with method &amp;#27;[0m&amp;#27;[32m&amp;#27;[1m&quot;POST&quot;&amp;#27;[0m                                                                                                      &amp;#27;[90m# stepDefinations.SDplaceOrderofBroker1.providing_request_path_url_with_method(java.lang.String,java.lang.String)&amp;#27;[0m
  &amp;#27;[32mThen &amp;#27;[0m&amp;#27;[32mI verify the  &amp;#27;[0m&amp;#27;[32m&amp;#27;[1m&quot;200&quot;&amp;#27;[0m&amp;#27;[32m in step&amp;#27;[0m                                                                                                                                    &amp;#27;[90m# stepDefinations.SDplaceOrderofBroker1.i_verify_the_in_step(java.lang.String)&amp;#27;[0m
  &amp;#27;[32mAnd &amp;#27;[0m&amp;#27;[32mVerify key &amp;#27;[0m&amp;#27;[32m&amp;#27;[1m&quot;message&quot;&amp;#27;[0m&amp;#27;[32m of response &amp;#27;[0m&amp;#27;[32m&amp;#27;[1m&quot;Order placed successfully&quot;&amp;#27;[0m                                                                                                    &amp;#27;[90m# stepDefinations.SDplaceOrderofBroker1.verify_key_of_response(java.lang.String,java.lang.String)&amp;#27;[0m
{&quot;data&quot;:{&quot;average_price&quot;:&quot;0&quot;,&quot;brokerId&quot;:&quot;3ab607d8-8836-4aeb-a71d-7030e7c4524f&quot;,&quot;created_at&quot;:&quot;2022-06-10T06:21:05.911Z&quot;,&quot;filledQuantity&quot;:0,&quot;instrument&quot;:&quot;ETH/INR&quot;,&quot;limit_price&quot;:&quot;3600000&quot;,&quot;makerFee&quot;:&quot;0.1&quot;,&quot;orderId&quot;:&quot;1d58114e-3b9d-4610-a620-adf887067ac1&quot;,&quot;orderType&quot;:&quot;&quot;,&quot;quantity&quot;:&quot;0.002777777&quot;,&quot;quantityType&quot;:&quot;&quot;,&quot;side&quot;:&quot;SELL&quot;,&quot;status&quot;:&quot;OPEN&quot;,&quot;takerFee&quot;:&quot;0.2&quot;,&quot;updated_at&quot;:&quot;2022-06-10T06:21:05.911Z&quot;},&quot;message&quot;:&quot;Order fetched successfully&quot;}

  &amp;#27;[32mAnd &amp;#27;[0m&amp;#27;[32mVerify the &amp;#27;[0m&amp;#27;[32m&amp;#27;[1m&quot;data.orderId&quot;&amp;#27;[0m&amp;#27;[32m of response &amp;#27;[0m&amp;#27;[32m&amp;#27;[1m&quot;GetOrder&quot;&amp;#27;[0m                                                                                                                &amp;#27;[90m# stepDefinations.SDplaceOrderofBroker1.verify_the_of_response(java.lang.String,java.lang.String)&amp;#27;[0m
  &amp;#27;[32mThen &amp;#27;[0m&amp;#27;[32mgive sleep of &amp;#27;[0m&amp;#27;[32m&amp;#27;[1m&quot;4000&quot;&amp;#27;[0m                                                                                                                                           &amp;#27;[90m# stepDefinations.SDplaceOrderofBroker1.give_sleep_of_something(java.lang.String)&amp;#27;[0m
  &amp;#27;[32mGiven &amp;#27;[0m&amp;#27;[32mloading the header for broker &amp;#27;[0m&amp;#27;[32m&amp;#27;[1m&quot;B1&quot;&amp;#27;[0m                                                                                                                            &amp;#27;[90m# stepDefinations.SDplaceOrderofBroker1.loading_the_header_for_broker_something(java.lang.String)&amp;#27;[0m
{&quot;data&quot;:&quot;20 open orders will be Cancelled&quot;,&quot;message&quot;:&quot;Orders cancellation in progress&quot;}

  &amp;#27;[32mWhen &amp;#27;[0m&amp;#27;[32mProviding request PathUrl &amp;#27;[0m&amp;#27;[32m&amp;#27;[1m&quot;CancelAllOrders&quot;&amp;#27;[0m&amp;#27;[32m with method &amp;#27;[0m&amp;#27;[32m&amp;#27;[1m&quot;DELETE&quot;&amp;#27;[0m                                                                                               &amp;#27;[90m# stepDefinations.SDplaceOrderofBroker1.providing_request_path_url_with_method(java.lang.String,java.lang.String)&amp;#27;[0m
  &amp;#27;[32mGiven &amp;#27;[0m&amp;#27;[32mloading the header for broker &amp;#27;[0m&amp;#27;[32m&amp;#27;[1m&quot;B2&quot;&amp;#27;[0m                                                                                                                            &amp;#27;[90m# stepDefinations.SDplaceOrderofBroker1.loading_the_header_for_broker_something(java.lang.String)&amp;#27;[0m
{&quot;data&quot;:&quot;1 open orders will be Cancelled&quot;,&quot;message&quot;:&quot;Orders cancellation in progress&quot;}

  &amp;#27;[32mWhen &amp;#27;[0m&amp;#27;[32mProviding request PathUrl &amp;#27;[0m&amp;#27;[32m&amp;#27;[1m&quot;CancelAllOrders&quot;&amp;#27;[0m&amp;#27;[32m with method &amp;#27;[0m&amp;#27;[32m&amp;#27;[1m&quot;DELETE&quot;&amp;#27;[0m                                                                                               &amp;#27;[90m# stepDefinations.SDplaceOrderofBroker1.providing_request_path_url_with_method(java.lang.String,java.lang.String)&amp;#27;[0m
  &amp;#27;[32mThen &amp;#27;[0m&amp;#27;[32mgive sleep of &amp;#27;[0m&amp;#27;[32m&amp;#27;[1m&quot;4000&quot;&amp;#27;[0m                                                                                                                                           &amp;#27;[90m# stepDefinations.SDplaceOrderofBroker1.give_sleep_of_something(java.lang.String)&amp;#27;[0m
  &amp;#27;[32mGiven &amp;#27;[0m&amp;#27;[32mloading the header for broker &amp;#27;[0m&amp;#27;[32m&amp;#27;[1m&quot;B1&quot;&amp;#27;[0m                                                                                                                            &amp;#27;[90m# stepDefinations.SDplaceOrderofBroker1.loading_the_header_for_broker_something(java.lang.String)&amp;#27;[0m
s3b1inr = 130738594.8536362590011
  &amp;#27;[32mGiven &amp;#27;[0m&amp;#27;[32mtake balance of &amp;#27;[0m&amp;#27;[32m&amp;#27;[1m&quot;INR&quot;&amp;#27;[0m&amp;#27;[32m with api &amp;#27;[0m&amp;#27;[32m&amp;#27;[1m&quot;Getbalance&quot;&amp;#27;[0m&amp;#27;[32m with name &amp;#27;[0m&amp;#27;[32m&amp;#27;[1m&quot;s3b1inr&quot;&amp;#27;[0m                                                                                               &amp;#27;[90m# stepDefinations.SDplaceOrderofBroker1.take_balance_of_with_api_with_name(java.lang.String,java.lang.String,java.lang.String)&amp;#27;[0m
s3b1btc = 90000825.1960524464
  &amp;#27;[32mGiven &amp;#27;[0m&amp;#27;[32mtake balance of &amp;#27;[0m&amp;#27;[32m&amp;#27;[1m&quot;ETH&quot;&amp;#27;[0m&amp;#27;[32m with api &amp;#27;[0m&amp;#27;[32m&amp;#27;[1m&quot;Getbalance&quot;&amp;#27;[0m&amp;#27;[32m with name &amp;#27;[0m&amp;#27;[32m&amp;#27;[1m&quot;s3b1btc&quot;&amp;#27;[0m                                                                                               &amp;#27;[90m# stepDefinations.SDplaceOrderofBroker1.take_balance_of_with_api_with_name(java.lang.String,java.lang.String,java.lang.String)&amp;#27;[0m
  &amp;#27;[32mGiven &amp;#27;[0m&amp;#27;[32mloading the header for broker &amp;#27;[0m&amp;#27;[32m&amp;#27;[1m&quot;B2&quot;&amp;#27;[0m                                                                                                                            &amp;#27;[90m# stepDefinations.SDplaceOrderofBroker1.loading_the_header_for_broker_something(java.lang.String)&amp;#27;[0m
s3b2inr = 3714917.59380877
  &amp;#27;[32mGiven &amp;#27;[0m&amp;#27;[32mtake balance of &amp;#27;[0m&amp;#27;[32m&amp;#27;[1m&quot;INR&quot;&amp;#27;[0m&amp;#27;[32m with api &amp;#27;[0m&amp;#27;[32m&amp;#27;[1m&quot;Getbalance&quot;&amp;#27;[0m&amp;#27;[32m with name &amp;#27;[0m&amp;#27;[32m&amp;#27;[1m&quot;s3b2inr&quot;&amp;#27;[0m                                                                                               &amp;#27;[90m# stepDefinations.SDplaceOrderofBroker1.take_balance_of_with_api_with_name(java.lang.String,java.lang.String,java.lang.String)&amp;#27;[0m
s3b2btc = 100000.2194592636
  &amp;#27;[32mGiven &amp;#27;[0m&amp;#27;[32mtake balance of &amp;#27;[0m&amp;#27;[32m&amp;#27;[1m&quot;ETH&quot;&amp;#27;[0m&amp;#27;[32m with api &amp;#27;[0m&amp;#27;[32m&amp;#27;[1m&quot;Getbalance&quot;&amp;#27;[0m&amp;#27;[32m with name &amp;#27;[0m&amp;#27;[32m&amp;#27;[1m&quot;s3b2btc&quot;&amp;#27;[0m                                                                                               &amp;#27;[90m# stepDefinations.SDplaceOrderofBroker1.take_balance_of_with_api_with_name(java.lang.String,java.lang.String,java.lang.String)&amp;#27;[0m
-------------------------------------------------------------------------------------
Deduction_of_INR_from_broker1 = 10007.0
-------------------------------------------------------------------------------------
Addition_of_INR_in_broker2 = 0.0
-------------------------------------------------------------------------------------
Addition_of_BTC_to_broker1 = 0.0
-------------------------------------------------------------------------------------
Deduction_of_BTC_to_broker2 = 0.0
-------------------------------------------------------------------------------------
Fee_for_diffrent_broker = 10007.0
-------------------------------------------------------------------------------------
And Fail because diffrence in Fee is= -10007.0
  &amp;#27;[31mThen &amp;#27;[0m&amp;#27;[31mCheck fees &amp;#27;[0m&amp;#27;[31m&amp;#27;[1m&quot;0.0&quot;&amp;#27;[0m&amp;#27;[31m for diffrent broker&amp;#27;[0m                                                                                                                           &amp;#27;[90m# stepDefinations.SDplaceOrderofBroker1.calculate_fees_for_diffrent_broker(java.lang.String)&amp;#27;[0m
      &amp;#27;[31mjava.lang.AssertionError: expected:&lt;10007.0&gt; but was:&lt;0.0&gt;
	at org.junit.Assert.fail(Assert.java:89)
	at org.junit.Assert.failNotEquals(Assert.java:835)
	at org.junit.Assert.assertEquals(Assert.java:555)
	at org.junit.Assert.assertEquals(Assert.java:685)
	at stepDefinations.SDplaceOrderofBroker1.calculate_fees_for_diffrent_broker(SDplaceOrderofBroker1.java:310)
	at Ã¢Å“Â½.Check fees &quot;0.0&quot; for diffrent broker(file:///C:/Users/Dell/eclipse_csk/CSXautomation2Optimision/src/test/java/features/ETHINR.feature:202)
&amp;#27;[0m
</system-out>
  </testcase>
  <testcase classname="cucumber.options.TestRunner" name="runScenario" time="23.279">
    <failure message="expected:&lt;-9946.459999998566&gt; but was:&lt;4.0&gt;" type="java.lang.AssertionError">java.lang.AssertionError: expected:&lt;-9946.459999998566&gt; but was:&lt;4.0&gt;
	at org.junit.Assert.fail(Assert.java:89)
	at org.junit.Assert.failNotEquals(Assert.java:835)
	at org.junit.Assert.assertEquals(Assert.java:555)
	at org.junit.Assert.assertEquals(Assert.java:685)
	at stepDefinations.SDplaceOrderofBroker1.calculate_fees_for_diffrent_broker(SDplaceOrderofBroker1.java:316)
	at âœ½.Check fees &quot;4&quot; for diffrent broker(file:///C:/Users/Dell/eclipse_csk/CSXautomation2Optimision/src/test/java/features/ETHINR.feature:245)
</failure>
    <system-out>
@ETH
Scenario: Verify funds for diffrent broker in price improvement case                                                                                               &amp;#27;[90m# src/test/java/features/ETHINR.feature:205&amp;#27;[0m
  &amp;#27;[32mGiven &amp;#27;[0m&amp;#27;[32mloading the header for broker &amp;#27;[0m&amp;#27;[32m&amp;#27;[1m&quot;B1&quot;&amp;#27;[0m                                                                                                                         &amp;#27;[90m# stepDefinations.SDplaceOrderofBroker1.loading_the_header_for_broker_something(java.lang.String)&amp;#27;[0m
s1b1inr = 130738594.8536362590011
  &amp;#27;[32mGiven &amp;#27;[0m&amp;#27;[32mtake balance of &amp;#27;[0m&amp;#27;[32m&amp;#27;[1m&quot;INR&quot;&amp;#27;[0m&amp;#27;[32m with api &amp;#27;[0m&amp;#27;[32m&amp;#27;[1m&quot;Getbalance&quot;&amp;#27;[0m&amp;#27;[32m with name &amp;#27;[0m&amp;#27;[32m&amp;#27;[1m&quot;s1b1inr&quot;&amp;#27;[0m                                                                                            &amp;#27;[90m# stepDefinations.SDplaceOrderofBroker1.take_balance_of_with_api_with_name(java.lang.String,java.lang.String,java.lang.String)&amp;#27;[0m
s1b1btc = 90000825.1960524464
  &amp;#27;[32mGiven &amp;#27;[0m&amp;#27;[32mtake balance of &amp;#27;[0m&amp;#27;[32m&amp;#27;[1m&quot;ETH&quot;&amp;#27;[0m&amp;#27;[32m with api &amp;#27;[0m&amp;#27;[32m&amp;#27;[1m&quot;Getbalance&quot;&amp;#27;[0m&amp;#27;[32m with name &amp;#27;[0m&amp;#27;[32m&amp;#27;[1m&quot;s1b1btc&quot;&amp;#27;[0m                                                                                            &amp;#27;[90m# stepDefinations.SDplaceOrderofBroker1.take_balance_of_with_api_with_name(java.lang.String,java.lang.String,java.lang.String)&amp;#27;[0m
  &amp;#27;[32mGiven &amp;#27;[0m&amp;#27;[32mloading the header for broker &amp;#27;[0m&amp;#27;[32m&amp;#27;[1m&quot;B2&quot;&amp;#27;[0m                                                                                                                         &amp;#27;[90m# stepDefinations.SDplaceOrderofBroker1.loading_the_header_for_broker_something(java.lang.String)&amp;#27;[0m
s1b2inr = 3714917.59380877
  &amp;#27;[32mGiven &amp;#27;[0m&amp;#27;[32mtake balance of &amp;#27;[0m&amp;#27;[32m&amp;#27;[1m&quot;INR&quot;&amp;#27;[0m&amp;#27;[32m with api &amp;#27;[0m&amp;#27;[32m&amp;#27;[1m&quot;Getbalance&quot;&amp;#27;[0m&amp;#27;[32m with name &amp;#27;[0m&amp;#27;[32m&amp;#27;[1m&quot;s1b2inr&quot;&amp;#27;[0m                                                                                            &amp;#27;[90m# stepDefinations.SDplaceOrderofBroker1.take_balance_of_with_api_with_name(java.lang.String,java.lang.String,java.lang.String)&amp;#27;[0m
s1b2btc = 100000.2194592636
  &amp;#27;[32mGiven &amp;#27;[0m&amp;#27;[32mtake balance of &amp;#27;[0m&amp;#27;[32m&amp;#27;[1m&quot;ETH&quot;&amp;#27;[0m&amp;#27;[32m with api &amp;#27;[0m&amp;#27;[32m&amp;#27;[1m&quot;Getbalance&quot;&amp;#27;[0m&amp;#27;[32m with name &amp;#27;[0m&amp;#27;[32m&amp;#27;[1m&quot;s1b2btc&quot;&amp;#27;[0m                                                                                            &amp;#27;[90m# stepDefinations.SDplaceOrderofBroker1.take_balance_of_with_api_with_name(java.lang.String,java.lang.String,java.lang.String)&amp;#27;[0m
  &amp;#27;[32mGiven &amp;#27;[0m&amp;#27;[32mPlacing an order for broker &amp;#27;[0m&amp;#27;[32m&amp;#27;[1m&quot;B1&quot;&amp;#27;[0m&amp;#27;[32m of type &amp;#27;[0m&amp;#27;[32m&amp;#27;[1m&quot;limit&quot;&amp;#27;[0m&amp;#27;[32m side &amp;#27;[0m&amp;#27;[32m&amp;#27;[1m&quot;BUY&quot;&amp;#27;[0m&amp;#27;[32m instrument &amp;#27;[0m&amp;#27;[32m&amp;#27;[1m&quot;ETH/INR&quot;&amp;#27;[0m&amp;#27;[32m quantityType &amp;#27;[0m&amp;#27;[32m&amp;#27;[1m&quot;QUOTE&quot;&amp;#27;[0m&amp;#27;[32m quantity &amp;#27;[0m&amp;#27;[32m&amp;#27;[1m&quot;10000&quot;&amp;#27;[0m&amp;#27;[32m limitPrice &amp;#27;[0m&amp;#27;[32m&amp;#27;[1m&quot;10000&quot;&amp;#27;[0m&amp;#27;[32m username &amp;#27;[0m&amp;#27;[32m&amp;#27;[1m&quot;user1&quot;&amp;#27;[0m &amp;#27;[90m# stepDefinations.SDplaceOrderofBroker1.placing_an_order_of_type_side_instrument_quantity_type_quantity_limit_price_username(java.lang.String,java.lang.String,java.lang.String,java.lang.String,java.lang.String,java.lang.String,java.lang.String,java.lang.String)&amp;#27;[0m
{&quot;data&quot;:{&quot;average_price&quot;:&quot;0&quot;,&quot;brokerId&quot;:&quot;97c02e87-a473-414b-9d27-78764a93d439&quot;,&quot;created_at&quot;:&quot;2022-06-10T06:21:24.008Z&quot;,&quot;filledQuantity&quot;:0,&quot;instrument&quot;:&quot;ETH/INR&quot;,&quot;limit_price&quot;:&quot;10000&quot;,&quot;makerFee&quot;:&quot;-0.04&quot;,&quot;orderId&quot;:&quot;3822d02b-77a0-4447-871e-79a6b5c029ff&quot;,&quot;orderType&quot;:&quot;&quot;,&quot;quantity&quot;:&quot;1&quot;,&quot;quantityType&quot;:&quot;&quot;,&quot;side&quot;:&quot;BUY&quot;,&quot;status&quot;:&quot;OPEN&quot;,&quot;takerFee&quot;:&quot;0.07&quot;,&quot;updated_at&quot;:&quot;2022-06-10T06:21:24.008Z&quot;},&quot;message&quot;:&quot;Order placed successfully&quot;}

  &amp;#27;[32mWhen &amp;#27;[0m&amp;#27;[32mProviding request PathUrl &amp;#27;[0m&amp;#27;[32m&amp;#27;[1m&quot;PlaceOrder&quot;&amp;#27;[0m&amp;#27;[32m with method &amp;#27;[0m&amp;#27;[32m&amp;#27;[1m&quot;POST&quot;&amp;#27;[0m                                                                                                   &amp;#27;[90m# stepDefinations.SDplaceOrderofBroker1.providing_request_path_url_with_method(java.lang.String,java.lang.String)&amp;#27;[0m
  &amp;#27;[32mThen &amp;#27;[0m&amp;#27;[32mI verify the  &amp;#27;[0m&amp;#27;[32m&amp;#27;[1m&quot;200&quot;&amp;#27;[0m&amp;#27;[32m in step&amp;#27;[0m                                                                                                                                 &amp;#27;[90m# stepDefinations.SDplaceOrderofBroker1.i_verify_the_in_step(java.lang.String)&amp;#27;[0m
  &amp;#27;[32mAnd &amp;#27;[0m&amp;#27;[32mVerify key &amp;#27;[0m&amp;#27;[32m&amp;#27;[1m&quot;message&quot;&amp;#27;[0m&amp;#27;[32m of response &amp;#27;[0m&amp;#27;[32m&amp;#27;[1m&quot;Order placed successfully&quot;&amp;#27;[0m                                                                                                 &amp;#27;[90m# stepDefinations.SDplaceOrderofBroker1.verify_key_of_response(java.lang.String,java.lang.String)&amp;#27;[0m
{&quot;data&quot;:{&quot;average_price&quot;:&quot;0&quot;,&quot;brokerId&quot;:&quot;97c02e87-a473-414b-9d27-78764a93d439&quot;,&quot;created_at&quot;:&quot;2022-06-10T06:21:24.008Z&quot;,&quot;filledQuantity&quot;:0,&quot;instrument&quot;:&quot;ETH/INR&quot;,&quot;limit_price&quot;:&quot;10000&quot;,&quot;makerFee&quot;:&quot;-0.04&quot;,&quot;orderId&quot;:&quot;3822d02b-77a0-4447-871e-79a6b5c029ff&quot;,&quot;orderType&quot;:&quot;&quot;,&quot;quantity&quot;:&quot;1&quot;,&quot;quantityType&quot;:&quot;&quot;,&quot;side&quot;:&quot;BUY&quot;,&quot;status&quot;:&quot;OPEN&quot;,&quot;takerFee&quot;:&quot;0.07&quot;,&quot;updated_at&quot;:&quot;2022-06-10T06:21:24.008Z&quot;},&quot;message&quot;:&quot;Order fetched successfully&quot;}

  &amp;#27;[32mAnd &amp;#27;[0m&amp;#27;[32mVerify the &amp;#27;[0m&amp;#27;[32m&amp;#27;[1m&quot;data.orderId&quot;&amp;#27;[0m&amp;#27;[32m of response &amp;#27;[0m&amp;#27;[32m&amp;#27;[1m&quot;GetOrder&quot;&amp;#27;[0m                                                                                                             &amp;#27;[90m# stepDefinations.SDplaceOrderofBroker1.verify_the_of_response(java.lang.String,java.lang.String)&amp;#27;[0m
  &amp;#27;[32mAnd &amp;#27;[0m&amp;#27;[32mVerify key &amp;#27;[0m&amp;#27;[32m&amp;#27;[1m&quot;data.status&quot;&amp;#27;[0m&amp;#27;[32m of response &amp;#27;[0m&amp;#27;[32m&amp;#27;[1m&quot;OPEN&quot;&amp;#27;[0m                                                                                                                  &amp;#27;[90m# stepDefinations.SDplaceOrderofBroker1.verify_key_of_response(java.lang.String,java.lang.String)&amp;#27;[0m
  &amp;#27;[32mThen &amp;#27;[0m&amp;#27;[32mgive sleep of &amp;#27;[0m&amp;#27;[32m&amp;#27;[1m&quot;000&quot;&amp;#27;[0m                                                                                                                                         &amp;#27;[90m# stepDefinations.SDplaceOrderofBroker1.give_sleep_of_something(java.lang.String)&amp;#27;[0m
  &amp;#27;[32mGiven &amp;#27;[0m&amp;#27;[32mloading the header for broker &amp;#27;[0m&amp;#27;[32m&amp;#27;[1m&quot;B1&quot;&amp;#27;[0m                                                                                                                         &amp;#27;[90m# stepDefinations.SDplaceOrderofBroker1.loading_the_header_for_broker_something(java.lang.String)&amp;#27;[0m
s2b1inr = 130728587.8536362590011
  &amp;#27;[32mGiven &amp;#27;[0m&amp;#27;[32mtake balance of &amp;#27;[0m&amp;#27;[32m&amp;#27;[1m&quot;INR&quot;&amp;#27;[0m&amp;#27;[32m with api &amp;#27;[0m&amp;#27;[32m&amp;#27;[1m&quot;Getbalance&quot;&amp;#27;[0m&amp;#27;[32m with name &amp;#27;[0m&amp;#27;[32m&amp;#27;[1m&quot;s2b1inr&quot;&amp;#27;[0m                                                                                            &amp;#27;[90m# stepDefinations.SDplaceOrderofBroker1.take_balance_of_with_api_with_name(java.lang.String,java.lang.String,java.lang.String)&amp;#27;[0m
s2b1btc = 90000825.1960524464
  &amp;#27;[32mGiven &amp;#27;[0m&amp;#27;[32mtake balance of &amp;#27;[0m&amp;#27;[32m&amp;#27;[1m&quot;ETH&quot;&amp;#27;[0m&amp;#27;[32m with api &amp;#27;[0m&amp;#27;[32m&amp;#27;[1m&quot;Getbalance&quot;&amp;#27;[0m&amp;#27;[32m with name &amp;#27;[0m&amp;#27;[32m&amp;#27;[1m&quot;s2b1btc&quot;&amp;#27;[0m                                                                                            &amp;#27;[90m# stepDefinations.SDplaceOrderofBroker1.take_balance_of_with_api_with_name(java.lang.String,java.lang.String,java.lang.String)&amp;#27;[0m
  &amp;#27;[32mGiven &amp;#27;[0m&amp;#27;[32mloading the header for broker &amp;#27;[0m&amp;#27;[32m&amp;#27;[1m&quot;B2&quot;&amp;#27;[0m                                                                                                                         &amp;#27;[90m# stepDefinations.SDplaceOrderofBroker1.loading_the_header_for_broker_something(java.lang.String)&amp;#27;[0m
s2b2inr = 3714917.59380877
  &amp;#27;[32mGiven &amp;#27;[0m&amp;#27;[32mtake balance of &amp;#27;[0m&amp;#27;[32m&amp;#27;[1m&quot;INR&quot;&amp;#27;[0m&amp;#27;[32m with api &amp;#27;[0m&amp;#27;[32m&amp;#27;[1m&quot;Getbalance&quot;&amp;#27;[0m&amp;#27;[32m with name &amp;#27;[0m&amp;#27;[32m&amp;#27;[1m&quot;s2b2inr&quot;&amp;#27;[0m                                                                                            &amp;#27;[90m# stepDefinations.SDplaceOrderofBroker1.take_balance_of_with_api_with_name(java.lang.String,java.lang.String,java.lang.String)&amp;#27;[0m
s2b2btc = 100000.2194592636
  &amp;#27;[32mGiven &amp;#27;[0m&amp;#27;[32mtake balance of &amp;#27;[0m&amp;#27;[32m&amp;#27;[1m&quot;ETH&quot;&amp;#27;[0m&amp;#27;[32m with api &amp;#27;[0m&amp;#27;[32m&amp;#27;[1m&quot;Getbalance&quot;&amp;#27;[0m&amp;#27;[32m with name &amp;#27;[0m&amp;#27;[32m&amp;#27;[1m&quot;s2b2btc&quot;&amp;#27;[0m                                                                                            &amp;#27;[90m# stepDefinations.SDplaceOrderofBroker1.take_balance_of_with_api_with_name(java.lang.String,java.lang.String,java.lang.String)&amp;#27;[0m
  &amp;#27;[32mGiven &amp;#27;[0m&amp;#27;[32mPlacing an order for broker &amp;#27;[0m&amp;#27;[32m&amp;#27;[1m&quot;B2&quot;&amp;#27;[0m&amp;#27;[32m of type &amp;#27;[0m&amp;#27;[32m&amp;#27;[1m&quot;limit&quot;&amp;#27;[0m&amp;#27;[32m side &amp;#27;[0m&amp;#27;[32m&amp;#27;[1m&quot;SELL&quot;&amp;#27;[0m&amp;#27;[32m instrument &amp;#27;[0m&amp;#27;[32m&amp;#27;[1m&quot;ETH/INR&quot;&amp;#27;[0m&amp;#27;[32m quantityType &amp;#27;[0m&amp;#27;[32m&amp;#27;[1m&quot;QUOTE&quot;&amp;#27;[0m&amp;#27;[32m quantity &amp;#27;[0m&amp;#27;[32m&amp;#27;[1m&quot;5000&quot;&amp;#27;[0m&amp;#27;[32m limitPrice &amp;#27;[0m&amp;#27;[32m&amp;#27;[1m&quot;5000&quot;&amp;#27;[0m&amp;#27;[32m username &amp;#27;[0m&amp;#27;[32m&amp;#27;[1m&quot;user1&quot;&amp;#27;[0m  &amp;#27;[90m# stepDefinations.SDplaceOrderofBroker1.placing_an_order_of_type_side_instrument_quantity_type_quantity_limit_price_username(java.lang.String,java.lang.String,java.lang.String,java.lang.String,java.lang.String,java.lang.String,java.lang.String,java.lang.String)&amp;#27;[0m
{&quot;data&quot;:{&quot;average_price&quot;:&quot;0&quot;,&quot;brokerId&quot;:&quot;3ab607d8-8836-4aeb-a71d-7030e7c4524f&quot;,&quot;created_at&quot;:&quot;2022-06-10T06:21:28.617Z&quot;,&quot;filledQuantity&quot;:0,&quot;instrument&quot;:&quot;ETH/INR&quot;,&quot;limit_price&quot;:&quot;5000&quot;,&quot;makerFee&quot;:&quot;0.1&quot;,&quot;orderId&quot;:&quot;8f169fce-9e68-401d-81fb-a52daca0a751&quot;,&quot;orderType&quot;:&quot;&quot;,&quot;quantity&quot;:&quot;1&quot;,&quot;quantityType&quot;:&quot;&quot;,&quot;side&quot;:&quot;SELL&quot;,&quot;status&quot;:&quot;OPEN&quot;,&quot;takerFee&quot;:&quot;0.2&quot;,&quot;updated_at&quot;:&quot;2022-06-10T06:21:28.617Z&quot;},&quot;message&quot;:&quot;Order placed successfully&quot;}

  &amp;#27;[32mWhen &amp;#27;[0m&amp;#27;[32mProviding request PathUrl &amp;#27;[0m&amp;#27;[32m&amp;#27;[1m&quot;PlaceOrder&quot;&amp;#27;[0m&amp;#27;[32m with method &amp;#27;[0m&amp;#27;[32m&amp;#27;[1m&quot;POST&quot;&amp;#27;[0m                                                                                                   &amp;#27;[90m# stepDefinations.SDplaceOrderofBroker1.providing_request_path_url_with_method(java.lang.String,java.lang.String)&amp;#27;[0m
  &amp;#27;[32mThen &amp;#27;[0m&amp;#27;[32mI verify the  &amp;#27;[0m&amp;#27;[32m&amp;#27;[1m&quot;200&quot;&amp;#27;[0m&amp;#27;[32m in step&amp;#27;[0m                                                                                                                                 &amp;#27;[90m# stepDefinations.SDplaceOrderofBroker1.i_verify_the_in_step(java.lang.String)&amp;#27;[0m
  &amp;#27;[32mAnd &amp;#27;[0m&amp;#27;[32mVerify key &amp;#27;[0m&amp;#27;[32m&amp;#27;[1m&quot;message&quot;&amp;#27;[0m&amp;#27;[32m of response &amp;#27;[0m&amp;#27;[32m&amp;#27;[1m&quot;Order placed successfully&quot;&amp;#27;[0m                                                                                                 &amp;#27;[90m# stepDefinations.SDplaceOrderofBroker1.verify_key_of_response(java.lang.String,java.lang.String)&amp;#27;[0m
{&quot;data&quot;:{&quot;average_price&quot;:&quot;19971.43&quot;,&quot;brokerId&quot;:&quot;3ab607d8-8836-4aeb-a71d-7030e7c4524f&quot;,&quot;created_at&quot;:&quot;2022-06-10T06:21:28.617Z&quot;,&quot;filledQuantity&quot;:1,&quot;instrument&quot;:&quot;ETH/INR&quot;,&quot;limit_price&quot;:&quot;5000&quot;,&quot;makerFee&quot;:&quot;0.1&quot;,&quot;orderId&quot;:&quot;8f169fce-9e68-401d-81fb-a52daca0a751&quot;,&quot;orderType&quot;:&quot;&quot;,&quot;quantity&quot;:&quot;1&quot;,&quot;quantityType&quot;:&quot;&quot;,&quot;side&quot;:&quot;SELL&quot;,&quot;status&quot;:&quot;FULFILLED&quot;,&quot;takerFee&quot;:&quot;0.2&quot;,&quot;updated_at&quot;:&quot;2022-06-10T06:21:29.262Z&quot;},&quot;message&quot;:&quot;Order fetched successfully&quot;}

  &amp;#27;[32mAnd &amp;#27;[0m&amp;#27;[32mVerify the &amp;#27;[0m&amp;#27;[32m&amp;#27;[1m&quot;data.orderId&quot;&amp;#27;[0m&amp;#27;[32m of response &amp;#27;[0m&amp;#27;[32m&amp;#27;[1m&quot;GetOrder&quot;&amp;#27;[0m                                                                                                             &amp;#27;[90m# stepDefinations.SDplaceOrderofBroker1.verify_the_of_response(java.lang.String,java.lang.String)&amp;#27;[0m
  &amp;#27;[32mThen &amp;#27;[0m&amp;#27;[32mgive sleep of &amp;#27;[0m&amp;#27;[32m&amp;#27;[1m&quot;4000&quot;&amp;#27;[0m                                                                                                                                        &amp;#27;[90m# stepDefinations.SDplaceOrderofBroker1.give_sleep_of_something(java.lang.String)&amp;#27;[0m
  &amp;#27;[32mGiven &amp;#27;[0m&amp;#27;[32mloading the header for broker &amp;#27;[0m&amp;#27;[32m&amp;#27;[1m&quot;B1&quot;&amp;#27;[0m                                                                                                                         &amp;#27;[90m# stepDefinations.SDplaceOrderofBroker1.loading_the_header_for_broker_something(java.lang.String)&amp;#27;[0m
{&quot;data&quot;:&quot;19 open orders will be Cancelled&quot;,&quot;message&quot;:&quot;Orders cancellation in progress&quot;}

  &amp;#27;[32mWhen &amp;#27;[0m&amp;#27;[32mProviding request PathUrl &amp;#27;[0m&amp;#27;[32m&amp;#27;[1m&quot;CancelAllOrders&quot;&amp;#27;[0m&amp;#27;[32m with method &amp;#27;[0m&amp;#27;[32m&amp;#27;[1m&quot;DELETE&quot;&amp;#27;[0m                                                                                            &amp;#27;[90m# stepDefinations.SDplaceOrderofBroker1.providing_request_path_url_with_method(java.lang.String,java.lang.String)&amp;#27;[0m
  &amp;#27;[32mGiven &amp;#27;[0m&amp;#27;[32mloading the header for broker &amp;#27;[0m&amp;#27;[32m&amp;#27;[1m&quot;B2&quot;&amp;#27;[0m                                                                                                                         &amp;#27;[90m# stepDefinations.SDplaceOrderofBroker1.loading_the_header_for_broker_something(java.lang.String)&amp;#27;[0m
{&quot;message&quot;:&quot;No Open Orders to Cancel&quot;}

  &amp;#27;[32mWhen &amp;#27;[0m&amp;#27;[32mProviding request PathUrl &amp;#27;[0m&amp;#27;[32m&amp;#27;[1m&quot;CancelAllOrders&quot;&amp;#27;[0m&amp;#27;[32m with method &amp;#27;[0m&amp;#27;[32m&amp;#27;[1m&quot;DELETE&quot;&amp;#27;[0m                                                                                            &amp;#27;[90m# stepDefinations.SDplaceOrderofBroker1.providing_request_path_url_with_method(java.lang.String,java.lang.String)&amp;#27;[0m
  &amp;#27;[32mThen &amp;#27;[0m&amp;#27;[32mgive sleep of &amp;#27;[0m&amp;#27;[32m&amp;#27;[1m&quot;4000&quot;&amp;#27;[0m                                                                                                                                        &amp;#27;[90m# stepDefinations.SDplaceOrderofBroker1.give_sleep_of_something(java.lang.String)&amp;#27;[0m
  &amp;#27;[32mGiven &amp;#27;[0m&amp;#27;[32mloading the header for broker &amp;#27;[0m&amp;#27;[32m&amp;#27;[1m&quot;B1&quot;&amp;#27;[0m                                                                                                                         &amp;#27;[90m# stepDefinations.SDplaceOrderofBroker1.loading_the_header_for_broker_something(java.lang.String)&amp;#27;[0m
s3b1inr = 130728609.8236362590011
  &amp;#27;[32mGiven &amp;#27;[0m&amp;#27;[32mtake balance of &amp;#27;[0m&amp;#27;[32m&amp;#27;[1m&quot;INR&quot;&amp;#27;[0m&amp;#27;[32m with api &amp;#27;[0m&amp;#27;[32m&amp;#27;[1m&quot;Getbalance&quot;&amp;#27;[0m&amp;#27;[32m with name &amp;#27;[0m&amp;#27;[32m&amp;#27;[1m&quot;s3b1inr&quot;&amp;#27;[0m                                                                                            &amp;#27;[90m# stepDefinations.SDplaceOrderofBroker1.take_balance_of_with_api_with_name(java.lang.String,java.lang.String,java.lang.String)&amp;#27;[0m
s3b1btc = 90000826.1960524464
  &amp;#27;[32mGiven &amp;#27;[0m&amp;#27;[32mtake balance of &amp;#27;[0m&amp;#27;[32m&amp;#27;[1m&quot;ETH&quot;&amp;#27;[0m&amp;#27;[32m with api &amp;#27;[0m&amp;#27;[32m&amp;#27;[1m&quot;Getbalance&quot;&amp;#27;[0m&amp;#27;[32m with name &amp;#27;[0m&amp;#27;[32m&amp;#27;[1m&quot;s3b1btc&quot;&amp;#27;[0m                                                                                            &amp;#27;[90m# stepDefinations.SDplaceOrderofBroker1.take_balance_of_with_api_with_name(java.lang.String,java.lang.String,java.lang.String)&amp;#27;[0m
  &amp;#27;[32mGiven &amp;#27;[0m&amp;#27;[32mloading the header for broker &amp;#27;[0m&amp;#27;[32m&amp;#27;[1m&quot;B2&quot;&amp;#27;[0m                                                                                                                         &amp;#27;[90m# stepDefinations.SDplaceOrderofBroker1.loading_the_header_for_broker_something(java.lang.String)&amp;#27;[0m
s3b2inr = 3734849.08380877
  &amp;#27;[32mGiven &amp;#27;[0m&amp;#27;[32mtake balance of &amp;#27;[0m&amp;#27;[32m&amp;#27;[1m&quot;INR&quot;&amp;#27;[0m&amp;#27;[32m with api &amp;#27;[0m&amp;#27;[32m&amp;#27;[1m&quot;Getbalance&quot;&amp;#27;[0m&amp;#27;[32m with name &amp;#27;[0m&amp;#27;[32m&amp;#27;[1m&quot;s3b2inr&quot;&amp;#27;[0m                                                                                            &amp;#27;[90m# stepDefinations.SDplaceOrderofBroker1.take_balance_of_with_api_with_name(java.lang.String,java.lang.String,java.lang.String)&amp;#27;[0m
s3b2btc = 99999.2194592636
  &amp;#27;[32mGiven &amp;#27;[0m&amp;#27;[32mtake balance of &amp;#27;[0m&amp;#27;[32m&amp;#27;[1m&quot;ETH&quot;&amp;#27;[0m&amp;#27;[32m with api &amp;#27;[0m&amp;#27;[32m&amp;#27;[1m&quot;Getbalance&quot;&amp;#27;[0m&amp;#27;[32m with name &amp;#27;[0m&amp;#27;[32m&amp;#27;[1m&quot;s3b2btc&quot;&amp;#27;[0m                                                                                            &amp;#27;[90m# stepDefinations.SDplaceOrderofBroker1.take_balance_of_with_api_with_name(java.lang.String,java.lang.String,java.lang.String)&amp;#27;[0m
-------------------------------------------------------------------------------------
Deduction_of_INR_from_broker1 = 9985.030000001192
-------------------------------------------------------------------------------------
Addition_of_INR_in_broker2 = 19931.489999999758
-------------------------------------------------------------------------------------
Addition_of_BTC_to_broker1 = 1.0
-------------------------------------------------------------------------------------
Deduction_of_BTC_to_broker2 = 1.0
-------------------------------------------------------------------------------------
Fee_for_diffrent_broker = -9946.459999998566
-------------------------------------------------------------------------------------
And Fail because diffrence in Fee is= 9950.459999998566
  &amp;#27;[31mThen &amp;#27;[0m&amp;#27;[31mCheck fees &amp;#27;[0m&amp;#27;[31m&amp;#27;[1m&quot;4&quot;&amp;#27;[0m&amp;#27;[31m for diffrent broker&amp;#27;[0m                                                                                                                          &amp;#27;[90m# stepDefinations.SDplaceOrderofBroker1.calculate_fees_for_diffrent_broker(java.lang.String)&amp;#27;[0m
      &amp;#27;[31mjava.lang.AssertionError: expected:&lt;-9946.459999998566&gt; but was:&lt;4.0&gt;
	at org.junit.Assert.fail(Assert.java:89)
	at org.junit.Assert.failNotEquals(Assert.java:835)
	at org.junit.Assert.assertEquals(Assert.java:555)
	at org.junit.Assert.assertEquals(Assert.java:685)
	at stepDefinations.SDplaceOrderofBroker1.calculate_fees_for_diffrent_broker(SDplaceOrderofBroker1.java:316)
	at Ã¢Å“Â½.Check fees &quot;4&quot; for diffrent broker(file:///C:/Users/Dell/eclipse_csk/CSXautomation2Optimision/src/test/java/features/ETHINR.feature:245)
&amp;#27;[0m
</system-out>
  </testcase>
  <testcase classname="cucumber.options.TestRunner" name="runScenario" time="23.125">
    <failure message="expected:&lt;16.0&gt; but was:&lt;4.0&gt;" type="java.lang.AssertionError">java.lang.AssertionError: expected:&lt;16.0&gt; but was:&lt;4.0&gt;
	at org.junit.Assert.fail(Assert.java:89)
	at org.junit.Assert.failNotEquals(Assert.java:835)
	at org.junit.Assert.assertEquals(Assert.java:555)
	at org.junit.Assert.assertEquals(Assert.java:685)
	at stepDefinations.SDplaceOrderofBroker1.calculate_fees_for_diffrent_broker(SDplaceOrderofBroker1.java:310)
	at âœ½.Check fees &quot;4&quot; for diffrent broker(file:///C:/Users/Dell/eclipse_csk/CSXautomation2Optimision/src/test/java/features/ETHINR.feature:301)
</failure>
    <system-out>
@GetBalanceforDifferentBroker12 @Regression @ETH
Scenario: (placing BUY order first)Verify funds while Updating the order and matching it with two counter orders with diffrent brokers                           &amp;#27;[90m# src/test/java/features/ETHINR.feature:248&amp;#27;[0m
  &amp;#27;[32mGiven &amp;#27;[0m&amp;#27;[32mloading the header for broker &amp;#27;[0m&amp;#27;[32m&amp;#27;[1m&quot;B1&quot;&amp;#27;[0m                                                                                                                       &amp;#27;[90m# stepDefinations.SDplaceOrderofBroker1.loading_the_header_for_broker_something(java.lang.String)&amp;#27;[0m
{&quot;data&quot;:&quot;19 open orders will be Cancelled&quot;,&quot;message&quot;:&quot;Orders cancellation in progress&quot;}

  &amp;#27;[32mWhen &amp;#27;[0m&amp;#27;[32mProviding request PathUrl &amp;#27;[0m&amp;#27;[32m&amp;#27;[1m&quot;CancelAllOrders&quot;&amp;#27;[0m&amp;#27;[32m with method &amp;#27;[0m&amp;#27;[32m&amp;#27;[1m&quot;DELETE&quot;&amp;#27;[0m                                                                                          &amp;#27;[90m# stepDefinations.SDplaceOrderofBroker1.providing_request_path_url_with_method(java.lang.String,java.lang.String)&amp;#27;[0m
  &amp;#27;[32mGiven &amp;#27;[0m&amp;#27;[32mloading the header for broker &amp;#27;[0m&amp;#27;[32m&amp;#27;[1m&quot;B2&quot;&amp;#27;[0m                                                                                                                       &amp;#27;[90m# stepDefinations.SDplaceOrderofBroker1.loading_the_header_for_broker_something(java.lang.String)&amp;#27;[0m
{&quot;message&quot;:&quot;No Open Orders to Cancel&quot;}

  &amp;#27;[32mWhen &amp;#27;[0m&amp;#27;[32mProviding request PathUrl &amp;#27;[0m&amp;#27;[32m&amp;#27;[1m&quot;CancelAllOrders&quot;&amp;#27;[0m&amp;#27;[32m with method &amp;#27;[0m&amp;#27;[32m&amp;#27;[1m&quot;DELETE&quot;&amp;#27;[0m                                                                                          &amp;#27;[90m# stepDefinations.SDplaceOrderofBroker1.providing_request_path_url_with_method(java.lang.String,java.lang.String)&amp;#27;[0m
  &amp;#27;[32mGiven &amp;#27;[0m&amp;#27;[32mloading the header for broker &amp;#27;[0m&amp;#27;[32m&amp;#27;[1m&quot;B1&quot;&amp;#27;[0m                                                                                                                       &amp;#27;[90m# stepDefinations.SDplaceOrderofBroker1.loading_the_header_for_broker_something(java.lang.String)&amp;#27;[0m
s1b1inr = 130728609.8236362590011
  &amp;#27;[32mGiven &amp;#27;[0m&amp;#27;[32mtake balance of &amp;#27;[0m&amp;#27;[32m&amp;#27;[1m&quot;INR&quot;&amp;#27;[0m&amp;#27;[32m with api &amp;#27;[0m&amp;#27;[32m&amp;#27;[1m&quot;Getbalance&quot;&amp;#27;[0m&amp;#27;[32m with name &amp;#27;[0m&amp;#27;[32m&amp;#27;[1m&quot;s1b1inr&quot;&amp;#27;[0m                                                                                          &amp;#27;[90m# stepDefinations.SDplaceOrderofBroker1.take_balance_of_with_api_with_name(java.lang.String,java.lang.String,java.lang.String)&amp;#27;[0m
s1b1btc = 90000826.1960524464
  &amp;#27;[32mGiven &amp;#27;[0m&amp;#27;[32mtake balance of &amp;#27;[0m&amp;#27;[32m&amp;#27;[1m&quot;ETH&quot;&amp;#27;[0m&amp;#27;[32m with api &amp;#27;[0m&amp;#27;[32m&amp;#27;[1m&quot;Getbalance&quot;&amp;#27;[0m&amp;#27;[32m with name &amp;#27;[0m&amp;#27;[32m&amp;#27;[1m&quot;s1b1btc&quot;&amp;#27;[0m                                                                                          &amp;#27;[90m# stepDefinations.SDplaceOrderofBroker1.take_balance_of_with_api_with_name(java.lang.String,java.lang.String,java.lang.String)&amp;#27;[0m
  &amp;#27;[32mGiven &amp;#27;[0m&amp;#27;[32mloading the header for broker &amp;#27;[0m&amp;#27;[32m&amp;#27;[1m&quot;B2&quot;&amp;#27;[0m                                                                                                                       &amp;#27;[90m# stepDefinations.SDplaceOrderofBroker1.loading_the_header_for_broker_something(java.lang.String)&amp;#27;[0m
s1b2inr = 3734849.08380877
  &amp;#27;[32mGiven &amp;#27;[0m&amp;#27;[32mtake balance of &amp;#27;[0m&amp;#27;[32m&amp;#27;[1m&quot;INR&quot;&amp;#27;[0m&amp;#27;[32m with api &amp;#27;[0m&amp;#27;[32m&amp;#27;[1m&quot;Getbalance&quot;&amp;#27;[0m&amp;#27;[32m with name &amp;#27;[0m&amp;#27;[32m&amp;#27;[1m&quot;s1b2inr&quot;&amp;#27;[0m                                                                                          &amp;#27;[90m# stepDefinations.SDplaceOrderofBroker1.take_balance_of_with_api_with_name(java.lang.String,java.lang.String,java.lang.String)&amp;#27;[0m
s1b2btc = 99999.2194592636
  &amp;#27;[32mGiven &amp;#27;[0m&amp;#27;[32mtake balance of &amp;#27;[0m&amp;#27;[32m&amp;#27;[1m&quot;ETH&quot;&amp;#27;[0m&amp;#27;[32m with api &amp;#27;[0m&amp;#27;[32m&amp;#27;[1m&quot;Getbalance&quot;&amp;#27;[0m&amp;#27;[32m with name &amp;#27;[0m&amp;#27;[32m&amp;#27;[1m&quot;s1b2btc&quot;&amp;#27;[0m                                                                                          &amp;#27;[90m# stepDefinations.SDplaceOrderofBroker1.take_balance_of_with_api_with_name(java.lang.String,java.lang.String,java.lang.String)&amp;#27;[0m
  &amp;#27;[32mGiven &amp;#27;[0m&amp;#27;[32mPlacing an order for broker &amp;#27;[0m&amp;#27;[32m&amp;#27;[1m&quot;B1&quot;&amp;#27;[0m&amp;#27;[32m of type &amp;#27;[0m&amp;#27;[32m&amp;#27;[1m&quot;limit&quot;&amp;#27;[0m&amp;#27;[32m side &amp;#27;[0m&amp;#27;[32m&amp;#27;[1m&quot;BUY&quot;&amp;#27;[0m&amp;#27;[32m instrument &amp;#27;[0m&amp;#27;[32m&amp;#27;[1m&quot;ETH/INR&quot;&amp;#27;[0m&amp;#27;[32m quantityType &amp;#27;[0m&amp;#27;[32m&amp;#27;[1m&quot;BASE&quot;&amp;#27;[0m&amp;#27;[32m quantity &amp;#27;[0m&amp;#27;[32m&amp;#27;[1m&quot;1&quot;&amp;#27;[0m&amp;#27;[32m limitPrice &amp;#27;[0m&amp;#27;[32m&amp;#27;[1m&quot;10000&quot;&amp;#27;[0m&amp;#27;[32m username &amp;#27;[0m&amp;#27;[32m&amp;#27;[1m&quot;user1&quot;&amp;#27;[0m    &amp;#27;[90m# stepDefinations.SDplaceOrderofBroker1.placing_an_order_of_type_side_instrument_quantity_type_quantity_limit_price_username(java.lang.String,java.lang.String,java.lang.String,java.lang.String,java.lang.String,java.lang.String,java.lang.String,java.lang.String)&amp;#27;[0m
{&quot;data&quot;:{&quot;average_price&quot;:&quot;0&quot;,&quot;brokerId&quot;:&quot;97c02e87-a473-414b-9d27-78764a93d439&quot;,&quot;created_at&quot;:&quot;2022-06-10T06:21:51.457Z&quot;,&quot;filledQuantity&quot;:0,&quot;instrument&quot;:&quot;ETH/INR&quot;,&quot;limit_price&quot;:&quot;10000&quot;,&quot;makerFee&quot;:&quot;-0.04&quot;,&quot;orderId&quot;:&quot;3cd7195b-17c8-42b2-99eb-c5dac4e828a0&quot;,&quot;orderType&quot;:&quot;&quot;,&quot;quantity&quot;:&quot;1&quot;,&quot;quantityType&quot;:&quot;&quot;,&quot;side&quot;:&quot;BUY&quot;,&quot;status&quot;:&quot;OPEN&quot;,&quot;takerFee&quot;:&quot;0.07&quot;,&quot;updated_at&quot;:&quot;2022-06-10T06:21:51.457Z&quot;},&quot;message&quot;:&quot;Order placed successfully&quot;}

  &amp;#27;[32mWhen &amp;#27;[0m&amp;#27;[32mProviding request PathUrl &amp;#27;[0m&amp;#27;[32m&amp;#27;[1m&quot;PlaceOrder&quot;&amp;#27;[0m&amp;#27;[32m with method &amp;#27;[0m&amp;#27;[32m&amp;#27;[1m&quot;POST&quot;&amp;#27;[0m                                                                                                 &amp;#27;[90m# stepDefinations.SDplaceOrderofBroker1.providing_request_path_url_with_method(java.lang.String,java.lang.String)&amp;#27;[0m
  &amp;#27;[32mThen &amp;#27;[0m&amp;#27;[32mI verify the  &amp;#27;[0m&amp;#27;[32m&amp;#27;[1m&quot;200&quot;&amp;#27;[0m&amp;#27;[32m in step&amp;#27;[0m                                                                                                                               &amp;#27;[90m# stepDefinations.SDplaceOrderofBroker1.i_verify_the_in_step(java.lang.String)&amp;#27;[0m
  &amp;#27;[32mAnd &amp;#27;[0m&amp;#27;[32mVerify key &amp;#27;[0m&amp;#27;[32m&amp;#27;[1m&quot;message&quot;&amp;#27;[0m&amp;#27;[32m of response &amp;#27;[0m&amp;#27;[32m&amp;#27;[1m&quot;Order placed successfully&quot;&amp;#27;[0m                                                                                               &amp;#27;[90m# stepDefinations.SDplaceOrderofBroker1.verify_key_of_response(java.lang.String,java.lang.String)&amp;#27;[0m
{&quot;data&quot;:{&quot;average_price&quot;:&quot;0&quot;,&quot;brokerId&quot;:&quot;97c02e87-a473-414b-9d27-78764a93d439&quot;,&quot;created_at&quot;:&quot;2022-06-10T06:21:51.457Z&quot;,&quot;filledQuantity&quot;:0,&quot;instrument&quot;:&quot;ETH/INR&quot;,&quot;limit_price&quot;:&quot;10000&quot;,&quot;makerFee&quot;:&quot;-0.04&quot;,&quot;orderId&quot;:&quot;3cd7195b-17c8-42b2-99eb-c5dac4e828a0&quot;,&quot;orderType&quot;:&quot;&quot;,&quot;quantity&quot;:&quot;1&quot;,&quot;quantityType&quot;:&quot;&quot;,&quot;side&quot;:&quot;BUY&quot;,&quot;status&quot;:&quot;OPEN&quot;,&quot;takerFee&quot;:&quot;0.07&quot;,&quot;updated_at&quot;:&quot;2022-06-10T06:21:51.457Z&quot;},&quot;message&quot;:&quot;Order fetched successfully&quot;}

  &amp;#27;[32mAnd &amp;#27;[0m&amp;#27;[32mVerify the &amp;#27;[0m&amp;#27;[32m&amp;#27;[1m&quot;data.orderId&quot;&amp;#27;[0m&amp;#27;[32m of response &amp;#27;[0m&amp;#27;[32m&amp;#27;[1m&quot;GetOrder&quot;&amp;#27;[0m                                                                                                           &amp;#27;[90m# stepDefinations.SDplaceOrderofBroker1.verify_the_of_response(java.lang.String,java.lang.String)&amp;#27;[0m
  &amp;#27;[32mAnd &amp;#27;[0m&amp;#27;[32mVerify key &amp;#27;[0m&amp;#27;[32m&amp;#27;[1m&quot;data.status&quot;&amp;#27;[0m&amp;#27;[32m of response &amp;#27;[0m&amp;#27;[32m&amp;#27;[1m&quot;OPEN&quot;&amp;#27;[0m                                                                                                                &amp;#27;[90m# stepDefinations.SDplaceOrderofBroker1.verify_key_of_response(java.lang.String,java.lang.String)&amp;#27;[0m
  &amp;#27;[32mGiven &amp;#27;[0m&amp;#27;[32mUpdate an order for broker &amp;#27;[0m&amp;#27;[32m&amp;#27;[1m&quot;B1&quot;&amp;#27;[0m&amp;#27;[32m of  instrument &amp;#27;[0m&amp;#27;[32m&amp;#27;[1m&quot;ETH/INR&quot;&amp;#27;[0m&amp;#27;[32m quantityType &amp;#27;[0m&amp;#27;[32m&amp;#27;[1m&quot;BASE&quot;&amp;#27;[0m&amp;#27;[32m quantity &amp;#27;[0m&amp;#27;[32m&amp;#27;[1m&quot;1&quot;&amp;#27;[0m&amp;#27;[32m limitPrice &amp;#27;[0m&amp;#27;[32m&amp;#27;[1m&quot;10000&quot;&amp;#27;[0m&amp;#27;[32m username &amp;#27;[0m&amp;#27;[32m&amp;#27;[1m&quot;user1&quot;&amp;#27;[0m&amp;#27;[32m orderType &amp;#27;[0m&amp;#27;[32m&amp;#27;[1m&quot;LIMIT&quot;&amp;#27;[0m          &amp;#27;[90m# stepDefinations.SDplaceOrderofBroker1.update_an_order_of_instrument_quantity_type_quantity_limit_price_username(java.lang.String,java.lang.String,java.lang.String,java.lang.String,java.lang.String,java.lang.String,java.lang.String)&amp;#27;[0m
{&quot;data&quot;:{&quot;average_price&quot;:&quot;0&quot;,&quot;brokerId&quot;:&quot;97c02e87-a473-414b-9d27-78764a93d439&quot;,&quot;created_at&quot;:&quot;2022-06-10T06:21:54.005Z&quot;,&quot;filledQuantity&quot;:0,&quot;instrument&quot;:&quot;ETH/INR&quot;,&quot;limit_price&quot;:&quot;10000&quot;,&quot;makerFee&quot;:&quot;-0.04&quot;,&quot;orderId&quot;:&quot;3e1a0504-3380-4614-9f1a-17e2ed5cf3f7&quot;,&quot;orderType&quot;:&quot;&quot;,&quot;quantity&quot;:&quot;1&quot;,&quot;quantityType&quot;:&quot;&quot;,&quot;side&quot;:&quot;BUY&quot;,&quot;status&quot;:&quot;OPEN&quot;,&quot;takerFee&quot;:&quot;0.07&quot;,&quot;updated_at&quot;:&quot;2022-06-10T06:21:54.005Z&quot;},&quot;message&quot;:&quot;Order updated successfully&quot;}

  &amp;#27;[32mWhen &amp;#27;[0m&amp;#27;[32mProviding request PathUrl &amp;#27;[0m&amp;#27;[32m&amp;#27;[1m&quot;PlaceOrder&quot;&amp;#27;[0m&amp;#27;[32m with method &amp;#27;[0m&amp;#27;[32m&amp;#27;[1m&quot;PATCH&quot;&amp;#27;[0m                                                                                                &amp;#27;[90m# stepDefinations.SDplaceOrderofBroker1.providing_request_path_url_with_method(java.lang.String,java.lang.String)&amp;#27;[0m
  &amp;#27;[32mThen &amp;#27;[0m&amp;#27;[32mI verify the  &amp;#27;[0m&amp;#27;[32m&amp;#27;[1m&quot;200&quot;&amp;#27;[0m&amp;#27;[32m in step&amp;#27;[0m                                                                                                                               &amp;#27;[90m# stepDefinations.SDplaceOrderofBroker1.i_verify_the_in_step(java.lang.String)&amp;#27;[0m
  &amp;#27;[32mAnd &amp;#27;[0m&amp;#27;[32mVerify key &amp;#27;[0m&amp;#27;[32m&amp;#27;[1m&quot;message&quot;&amp;#27;[0m&amp;#27;[32m of response &amp;#27;[0m&amp;#27;[32m&amp;#27;[1m&quot;Order updated successfully&quot;&amp;#27;[0m                                                                                              &amp;#27;[90m# stepDefinations.SDplaceOrderofBroker1.verify_key_of_response(java.lang.String,java.lang.String)&amp;#27;[0m
  &amp;#27;[32mThen &amp;#27;[0m&amp;#27;[32mExtracting the data &amp;#27;[0m&amp;#27;[32m&amp;#27;[1m&quot;data&quot;&amp;#27;[0m                                                                                                                                &amp;#27;[90m# stepDefinations.SDplaceOrderofBroker1.Extracting_the_data(java.lang.String)&amp;#27;[0m
{&quot;data&quot;:{&quot;average_price&quot;:&quot;0&quot;,&quot;brokerId&quot;:&quot;97c02e87-a473-414b-9d27-78764a93d439&quot;,&quot;created_at&quot;:&quot;2022-06-10T06:21:54.005Z&quot;,&quot;filledQuantity&quot;:0,&quot;instrument&quot;:&quot;ETH/INR&quot;,&quot;limit_price&quot;:&quot;10000&quot;,&quot;makerFee&quot;:&quot;-0.04&quot;,&quot;orderId&quot;:&quot;3e1a0504-3380-4614-9f1a-17e2ed5cf3f7&quot;,&quot;orderType&quot;:&quot;&quot;,&quot;quantity&quot;:&quot;1&quot;,&quot;quantityType&quot;:&quot;&quot;,&quot;side&quot;:&quot;BUY&quot;,&quot;status&quot;:&quot;OPEN&quot;,&quot;takerFee&quot;:&quot;0.07&quot;,&quot;updated_at&quot;:&quot;2022-06-10T06:21:54.005Z&quot;},&quot;message&quot;:&quot;Order fetched successfully&quot;}

  &amp;#27;[32mAnd &amp;#27;[0m&amp;#27;[32mVerify the &amp;#27;[0m&amp;#27;[32m&amp;#27;[1m&quot;data.orderId&quot;&amp;#27;[0m&amp;#27;[32m of response &amp;#27;[0m&amp;#27;[32m&amp;#27;[1m&quot;GetOrder&quot;&amp;#27;[0m                                                                                                           &amp;#27;[90m# stepDefinations.SDplaceOrderofBroker1.verify_the_of_response(java.lang.String,java.lang.String)&amp;#27;[0m
  &amp;#27;[32mAnd &amp;#27;[0m&amp;#27;[32mVerify key &amp;#27;[0m&amp;#27;[32m&amp;#27;[1m&quot;data.status&quot;&amp;#27;[0m&amp;#27;[32m of response &amp;#27;[0m&amp;#27;[32m&amp;#27;[1m&quot;OPEN&quot;&amp;#27;[0m                                                                                                                &amp;#27;[90m# stepDefinations.SDplaceOrderofBroker1.verify_key_of_response(java.lang.String,java.lang.String)&amp;#27;[0m
  &amp;#27;[32mThen &amp;#27;[0m&amp;#27;[32mgive sleep of &amp;#27;[0m&amp;#27;[32m&amp;#27;[1m&quot;000&quot;&amp;#27;[0m                                                                                                                                       &amp;#27;[90m# stepDefinations.SDplaceOrderofBroker1.give_sleep_of_something(java.lang.String)&amp;#27;[0m
  &amp;#27;[32mGiven &amp;#27;[0m&amp;#27;[32mloading the header for broker &amp;#27;[0m&amp;#27;[32m&amp;#27;[1m&quot;B1&quot;&amp;#27;[0m                                                                                                                       &amp;#27;[90m# stepDefinations.SDplaceOrderofBroker1.loading_the_header_for_broker_something(java.lang.String)&amp;#27;[0m
s2b1inr = 130718602.8236362590011
  &amp;#27;[32mGiven &amp;#27;[0m&amp;#27;[32mtake balance of &amp;#27;[0m&amp;#27;[32m&amp;#27;[1m&quot;INR&quot;&amp;#27;[0m&amp;#27;[32m with api &amp;#27;[0m&amp;#27;[32m&amp;#27;[1m&quot;Getbalance&quot;&amp;#27;[0m&amp;#27;[32m with name &amp;#27;[0m&amp;#27;[32m&amp;#27;[1m&quot;s2b1inr&quot;&amp;#27;[0m                                                                                          &amp;#27;[90m# stepDefinations.SDplaceOrderofBroker1.take_balance_of_with_api_with_name(java.lang.String,java.lang.String,java.lang.String)&amp;#27;[0m
s2b1btc = 90000826.1960524464
  &amp;#27;[32mGiven &amp;#27;[0m&amp;#27;[32mtake balance of &amp;#27;[0m&amp;#27;[32m&amp;#27;[1m&quot;ETH&quot;&amp;#27;[0m&amp;#27;[32m with api &amp;#27;[0m&amp;#27;[32m&amp;#27;[1m&quot;Getbalance&quot;&amp;#27;[0m&amp;#27;[32m with name &amp;#27;[0m&amp;#27;[32m&amp;#27;[1m&quot;s2b1btc&quot;&amp;#27;[0m                                                                                          &amp;#27;[90m# stepDefinations.SDplaceOrderofBroker1.take_balance_of_with_api_with_name(java.lang.String,java.lang.String,java.lang.String)&amp;#27;[0m
  &amp;#27;[32mGiven &amp;#27;[0m&amp;#27;[32mloading the header for broker &amp;#27;[0m&amp;#27;[32m&amp;#27;[1m&quot;B2&quot;&amp;#27;[0m                                                                                                                       &amp;#27;[90m# stepDefinations.SDplaceOrderofBroker1.loading_the_header_for_broker_something(java.lang.String)&amp;#27;[0m
s2b2inr = 3734849.08380877
  &amp;#27;[32mGiven &amp;#27;[0m&amp;#27;[32mtake balance of &amp;#27;[0m&amp;#27;[32m&amp;#27;[1m&quot;INR&quot;&amp;#27;[0m&amp;#27;[32m with api &amp;#27;[0m&amp;#27;[32m&amp;#27;[1m&quot;Getbalance&quot;&amp;#27;[0m&amp;#27;[32m with name &amp;#27;[0m&amp;#27;[32m&amp;#27;[1m&quot;s2b2inr&quot;&amp;#27;[0m                                                                                          &amp;#27;[90m# stepDefinations.SDplaceOrderofBroker1.take_balance_of_with_api_with_name(java.lang.String,java.lang.String,java.lang.String)&amp;#27;[0m
s2b2btc = 99999.2194592636
  &amp;#27;[32mGiven &amp;#27;[0m&amp;#27;[32mtake balance of &amp;#27;[0m&amp;#27;[32m&amp;#27;[1m&quot;ETH&quot;&amp;#27;[0m&amp;#27;[32m with api &amp;#27;[0m&amp;#27;[32m&amp;#27;[1m&quot;Getbalance&quot;&amp;#27;[0m&amp;#27;[32m with name &amp;#27;[0m&amp;#27;[32m&amp;#27;[1m&quot;s2b2btc&quot;&amp;#27;[0m                                                                                          &amp;#27;[90m# stepDefinations.SDplaceOrderofBroker1.take_balance_of_with_api_with_name(java.lang.String,java.lang.String,java.lang.String)&amp;#27;[0m
  &amp;#27;[32mGiven &amp;#27;[0m&amp;#27;[32mPlacing an order for broker &amp;#27;[0m&amp;#27;[32m&amp;#27;[1m&quot;B2&quot;&amp;#27;[0m&amp;#27;[32m of type &amp;#27;[0m&amp;#27;[32m&amp;#27;[1m&quot;limit&quot;&amp;#27;[0m&amp;#27;[32m side &amp;#27;[0m&amp;#27;[32m&amp;#27;[1m&quot;SELL&quot;&amp;#27;[0m&amp;#27;[32m instrument &amp;#27;[0m&amp;#27;[32m&amp;#27;[1m&quot;ETH/INR&quot;&amp;#27;[0m&amp;#27;[32m quantityType &amp;#27;[0m&amp;#27;[32m&amp;#27;[1m&quot;BASE&quot;&amp;#27;[0m&amp;#27;[32m quantity &amp;#27;[0m&amp;#27;[32m&amp;#27;[1m&quot;0.5&quot;&amp;#27;[0m&amp;#27;[32m limitPrice &amp;#27;[0m&amp;#27;[32m&amp;#27;[1m&quot;10000&quot;&amp;#27;[0m&amp;#27;[32m username &amp;#27;[0m&amp;#27;[32m&amp;#27;[1m&quot;user2&quot;&amp;#27;[0m &amp;#27;[90m# stepDefinations.SDplaceOrderofBroker1.placing_an_order_of_type_side_instrument_quantity_type_quantity_limit_price_username(java.lang.String,java.lang.String,java.lang.String,java.lang.String,java.lang.String,java.lang.String,java.lang.String,java.lang.String)&amp;#27;[0m
{&quot;data&quot;:{&quot;average_price&quot;:&quot;0&quot;,&quot;brokerId&quot;:&quot;3ab607d8-8836-4aeb-a71d-7030e7c4524f&quot;,&quot;created_at&quot;:&quot;2022-06-10T06:21:59.849Z&quot;,&quot;filledQuantity&quot;:0,&quot;instrument&quot;:&quot;ETH/INR&quot;,&quot;limit_price&quot;:&quot;10000&quot;,&quot;makerFee&quot;:&quot;0.1&quot;,&quot;orderId&quot;:&quot;7ee7c1df-6ab7-4e99-a618-2b87e6aa0e61&quot;,&quot;orderType&quot;:&quot;&quot;,&quot;quantity&quot;:&quot;0.5&quot;,&quot;quantityType&quot;:&quot;&quot;,&quot;side&quot;:&quot;SELL&quot;,&quot;status&quot;:&quot;OPEN&quot;,&quot;takerFee&quot;:&quot;0.2&quot;,&quot;updated_at&quot;:&quot;2022-06-10T06:21:59.849Z&quot;},&quot;message&quot;:&quot;Order placed successfully&quot;}

  &amp;#27;[32mWhen &amp;#27;[0m&amp;#27;[32mProviding request PathUrl &amp;#27;[0m&amp;#27;[32m&amp;#27;[1m&quot;PlaceOrder&quot;&amp;#27;[0m&amp;#27;[32m with method &amp;#27;[0m&amp;#27;[32m&amp;#27;[1m&quot;POST&quot;&amp;#27;[0m                                                                                                 &amp;#27;[90m# stepDefinations.SDplaceOrderofBroker1.providing_request_path_url_with_method(java.lang.String,java.lang.String)&amp;#27;[0m
  &amp;#27;[32mThen &amp;#27;[0m&amp;#27;[32mI verify the  &amp;#27;[0m&amp;#27;[32m&amp;#27;[1m&quot;200&quot;&amp;#27;[0m&amp;#27;[32m in step&amp;#27;[0m                                                                                                                               &amp;#27;[90m# stepDefinations.SDplaceOrderofBroker1.i_verify_the_in_step(java.lang.String)&amp;#27;[0m
  &amp;#27;[32mAnd &amp;#27;[0m&amp;#27;[32mVerify key &amp;#27;[0m&amp;#27;[32m&amp;#27;[1m&quot;message&quot;&amp;#27;[0m&amp;#27;[32m of response &amp;#27;[0m&amp;#27;[32m&amp;#27;[1m&quot;Order placed successfully&quot;&amp;#27;[0m                                                                                               &amp;#27;[90m# stepDefinations.SDplaceOrderofBroker1.verify_key_of_response(java.lang.String,java.lang.String)&amp;#27;[0m
  &amp;#27;[32mGiven &amp;#27;[0m&amp;#27;[32mPlacing an order for broker &amp;#27;[0m&amp;#27;[32m&amp;#27;[1m&quot;B2&quot;&amp;#27;[0m&amp;#27;[32m of type &amp;#27;[0m&amp;#27;[32m&amp;#27;[1m&quot;limit&quot;&amp;#27;[0m&amp;#27;[32m side &amp;#27;[0m&amp;#27;[32m&amp;#27;[1m&quot;SELL&quot;&amp;#27;[0m&amp;#27;[32m instrument &amp;#27;[0m&amp;#27;[32m&amp;#27;[1m&quot;ETH/INR&quot;&amp;#27;[0m&amp;#27;[32m quantityType &amp;#27;[0m&amp;#27;[32m&amp;#27;[1m&quot;BASE&quot;&amp;#27;[0m&amp;#27;[32m quantity &amp;#27;[0m&amp;#27;[32m&amp;#27;[1m&quot;0.5&quot;&amp;#27;[0m&amp;#27;[32m limitPrice &amp;#27;[0m&amp;#27;[32m&amp;#27;[1m&quot;10000&quot;&amp;#27;[0m&amp;#27;[32m username &amp;#27;[0m&amp;#27;[32m&amp;#27;[1m&quot;user3&quot;&amp;#27;[0m &amp;#27;[90m# stepDefinations.SDplaceOrderofBroker1.placing_an_order_of_type_side_instrument_quantity_type_quantity_limit_price_username(java.lang.String,java.lang.String,java.lang.String,java.lang.String,java.lang.String,java.lang.String,java.lang.String,java.lang.String)&amp;#27;[0m
{&quot;data&quot;:{&quot;average_price&quot;:&quot;0&quot;,&quot;brokerId&quot;:&quot;3ab607d8-8836-4aeb-a71d-7030e7c4524f&quot;,&quot;created_at&quot;:&quot;2022-06-10T06:22:00.677Z&quot;,&quot;filledQuantity&quot;:0,&quot;instrument&quot;:&quot;ETH/INR&quot;,&quot;limit_price&quot;:&quot;10000&quot;,&quot;makerFee&quot;:&quot;0.1&quot;,&quot;orderId&quot;:&quot;81c92461-60e2-499a-82ad-ae0640ca2a70&quot;,&quot;orderType&quot;:&quot;&quot;,&quot;quantity&quot;:&quot;0.5&quot;,&quot;quantityType&quot;:&quot;&quot;,&quot;side&quot;:&quot;SELL&quot;,&quot;status&quot;:&quot;OPEN&quot;,&quot;takerFee&quot;:&quot;0.2&quot;,&quot;updated_at&quot;:&quot;2022-06-10T06:22:00.677Z&quot;},&quot;message&quot;:&quot;Order placed successfully&quot;}

  &amp;#27;[32mWhen &amp;#27;[0m&amp;#27;[32mProviding request PathUrl &amp;#27;[0m&amp;#27;[32m&amp;#27;[1m&quot;PlaceOrder&quot;&amp;#27;[0m&amp;#27;[32m with method &amp;#27;[0m&amp;#27;[32m&amp;#27;[1m&quot;POST&quot;&amp;#27;[0m                                                                                                 &amp;#27;[90m# stepDefinations.SDplaceOrderofBroker1.providing_request_path_url_with_method(java.lang.String,java.lang.String)&amp;#27;[0m
  &amp;#27;[32mThen &amp;#27;[0m&amp;#27;[32mI verify the  &amp;#27;[0m&amp;#27;[32m&amp;#27;[1m&quot;200&quot;&amp;#27;[0m&amp;#27;[32m in step&amp;#27;[0m                                                                                                                               &amp;#27;[90m# stepDefinations.SDplaceOrderofBroker1.i_verify_the_in_step(java.lang.String)&amp;#27;[0m
  &amp;#27;[32mAnd &amp;#27;[0m&amp;#27;[32mVerify key &amp;#27;[0m&amp;#27;[32m&amp;#27;[1m&quot;message&quot;&amp;#27;[0m&amp;#27;[32m of response &amp;#27;[0m&amp;#27;[32m&amp;#27;[1m&quot;Order placed successfully&quot;&amp;#27;[0m                                                                                               &amp;#27;[90m# stepDefinations.SDplaceOrderofBroker1.verify_key_of_response(java.lang.String,java.lang.String)&amp;#27;[0m
{&quot;data&quot;:{&quot;average_price&quot;:&quot;10000&quot;,&quot;brokerId&quot;:&quot;3ab607d8-8836-4aeb-a71d-7030e7c4524f&quot;,&quot;created_at&quot;:&quot;2022-06-10T06:22:00.677Z&quot;,&quot;filledQuantity&quot;:0.5,&quot;instrument&quot;:&quot;ETH/INR&quot;,&quot;limit_price&quot;:&quot;10000&quot;,&quot;makerFee&quot;:&quot;0.1&quot;,&quot;orderId&quot;:&quot;81c92461-60e2-499a-82ad-ae0640ca2a70&quot;,&quot;orderType&quot;:&quot;&quot;,&quot;quantity&quot;:&quot;0.5&quot;,&quot;quantityType&quot;:&quot;&quot;,&quot;side&quot;:&quot;SELL&quot;,&quot;status&quot;:&quot;FULFILLED&quot;,&quot;takerFee&quot;:&quot;0.2&quot;,&quot;updated_at&quot;:&quot;2022-06-10T06:22:01.142Z&quot;},&quot;message&quot;:&quot;Order fetched successfully&quot;}

  &amp;#27;[32mAnd &amp;#27;[0m&amp;#27;[32mVerify the &amp;#27;[0m&amp;#27;[32m&amp;#27;[1m&quot;data.orderId&quot;&amp;#27;[0m&amp;#27;[32m of response &amp;#27;[0m&amp;#27;[32m&amp;#27;[1m&quot;GetOrder&quot;&amp;#27;[0m                                                                                                           &amp;#27;[90m# stepDefinations.SDplaceOrderofBroker1.verify_the_of_response(java.lang.String,java.lang.String)&amp;#27;[0m
  &amp;#27;[32mThen &amp;#27;[0m&amp;#27;[32mgive sleep of &amp;#27;[0m&amp;#27;[32m&amp;#27;[1m&quot;000&quot;&amp;#27;[0m                                                                                                                                       &amp;#27;[90m# stepDefinations.SDplaceOrderofBroker1.give_sleep_of_something(java.lang.String)&amp;#27;[0m
  &amp;#27;[32mThen &amp;#27;[0m&amp;#27;[32mgive sleep of &amp;#27;[0m&amp;#27;[32m&amp;#27;[1m&quot;1000&quot;&amp;#27;[0m                                                                                                                                      &amp;#27;[90m# stepDefinations.SDplaceOrderofBroker1.give_sleep_of_something(java.lang.String)&amp;#27;[0m
  &amp;#27;[32mGiven &amp;#27;[0m&amp;#27;[32mloading the header for broker &amp;#27;[0m&amp;#27;[32m&amp;#27;[1m&quot;B1&quot;&amp;#27;[0m                                                                                                                       &amp;#27;[90m# stepDefinations.SDplaceOrderofBroker1.loading_the_header_for_broker_something(java.lang.String)&amp;#27;[0m
s3b1inr = 130718613.8236362590011
  &amp;#27;[32mGiven &amp;#27;[0m&amp;#27;[32mtake balance of &amp;#27;[0m&amp;#27;[32m&amp;#27;[1m&quot;INR&quot;&amp;#27;[0m&amp;#27;[32m with api &amp;#27;[0m&amp;#27;[32m&amp;#27;[1m&quot;Getbalance&quot;&amp;#27;[0m&amp;#27;[32m with name &amp;#27;[0m&amp;#27;[32m&amp;#27;[1m&quot;s3b1inr&quot;&amp;#27;[0m                                                                                          &amp;#27;[90m# stepDefinations.SDplaceOrderofBroker1.take_balance_of_with_api_with_name(java.lang.String,java.lang.String,java.lang.String)&amp;#27;[0m
s3b1btc = 90000827.1960524464
  &amp;#27;[32mGiven &amp;#27;[0m&amp;#27;[32mtake balance of &amp;#27;[0m&amp;#27;[32m&amp;#27;[1m&quot;ETH&quot;&amp;#27;[0m&amp;#27;[32m with api &amp;#27;[0m&amp;#27;[32m&amp;#27;[1m&quot;Getbalance&quot;&amp;#27;[0m&amp;#27;[32m with name &amp;#27;[0m&amp;#27;[32m&amp;#27;[1m&quot;s3b1btc&quot;&amp;#27;[0m                                                                                          &amp;#27;[90m# stepDefinations.SDplaceOrderofBroker1.take_balance_of_with_api_with_name(java.lang.String,java.lang.String,java.lang.String)&amp;#27;[0m
  &amp;#27;[32mGiven &amp;#27;[0m&amp;#27;[32mloading the header for broker &amp;#27;[0m&amp;#27;[32m&amp;#27;[1m&quot;B2&quot;&amp;#27;[0m                                                                                                                       &amp;#27;[90m# stepDefinations.SDplaceOrderofBroker1.loading_the_header_for_broker_something(java.lang.String)&amp;#27;[0m
s3b2inr = 3744829.08380877
  &amp;#27;[32mGiven &amp;#27;[0m&amp;#27;[32mtake balance of &amp;#27;[0m&amp;#27;[32m&amp;#27;[1m&quot;INR&quot;&amp;#27;[0m&amp;#27;[32m with api &amp;#27;[0m&amp;#27;[32m&amp;#27;[1m&quot;Getbalance&quot;&amp;#27;[0m&amp;#27;[32m with name &amp;#27;[0m&amp;#27;[32m&amp;#27;[1m&quot;s3b2inr&quot;&amp;#27;[0m                                                                                          &amp;#27;[90m# stepDefinations.SDplaceOrderofBroker1.take_balance_of_with_api_with_name(java.lang.String,java.lang.String,java.lang.String)&amp;#27;[0m
s3b2btc = 99998.2194592636
  &amp;#27;[32mGiven &amp;#27;[0m&amp;#27;[32mtake balance of &amp;#27;[0m&amp;#27;[32m&amp;#27;[1m&quot;ETH&quot;&amp;#27;[0m&amp;#27;[32m with api &amp;#27;[0m&amp;#27;[32m&amp;#27;[1m&quot;Getbalance&quot;&amp;#27;[0m&amp;#27;[32m with name &amp;#27;[0m&amp;#27;[32m&amp;#27;[1m&quot;s3b2btc&quot;&amp;#27;[0m                                                                                          &amp;#27;[90m# stepDefinations.SDplaceOrderofBroker1.take_balance_of_with_api_with_name(java.lang.String,java.lang.String,java.lang.String)&amp;#27;[0m
-------------------------------------------------------------------------------------
Deduction_of_INR_from_broker1 = 9996.0
-------------------------------------------------------------------------------------
Addition_of_INR_in_broker2 = 9980.0
-------------------------------------------------------------------------------------
Addition_of_BTC_to_broker1 = 1.0
-------------------------------------------------------------------------------------
Deduction_of_BTC_to_broker2 = 1.0
-------------------------------------------------------------------------------------
Fee_for_diffrent_broker = 16.0
-------------------------------------------------------------------------------------
And Fail because diffrence in Fee is= -12.0
  &amp;#27;[31mThen &amp;#27;[0m&amp;#27;[31mCheck fees &amp;#27;[0m&amp;#27;[31m&amp;#27;[1m&quot;4&quot;&amp;#27;[0m&amp;#27;[31m for diffrent broker&amp;#27;[0m                                                                                                                        &amp;#27;[90m# stepDefinations.SDplaceOrderofBroker1.calculate_fees_for_diffrent_broker(java.lang.String)&amp;#27;[0m
      &amp;#27;[31mjava.lang.AssertionError: expected:&lt;16.0&gt; but was:&lt;4.0&gt;
	at org.junit.Assert.fail(Assert.java:89)
	at org.junit.Assert.failNotEquals(Assert.java:835)
	at org.junit.Assert.assertEquals(Assert.java:555)
	at org.junit.Assert.assertEquals(Assert.java:685)
	at stepDefinations.SDplaceOrderofBroker1.calculate_fees_for_diffrent_broker(SDplaceOrderofBroker1.java:310)
	at Ã¢Å“Â½.Check fees &quot;4&quot; for diffrent broker(file:///C:/Users/Dell/eclipse_csk/CSXautomation2Optimision/src/test/java/features/ETHINR.feature:301)
&amp;#27;[0m
  &amp;#27;[36mThen &amp;#27;[0m&amp;#27;[36mgive sleep of &amp;#27;[0m&amp;#27;[36m&amp;#27;[1m&quot;1000&quot;&amp;#27;[0m                                                                                                                                      &amp;#27;[90m# stepDefinations.SDplaceOrderofBroker1.give_sleep_of_something(java.lang.String)&amp;#27;[0m
</system-out>
  </testcase>
  <testcase classname="cucumber.options.TestRunner" name="runScenario" time="17.566">
    <failure message="expected:&lt;16.0&gt; but was:&lt;4.0&gt;" type="java.lang.AssertionError">java.lang.AssertionError: expected:&lt;16.0&gt; but was:&lt;4.0&gt;
	at org.junit.Assert.fail(Assert.java:89)
	at org.junit.Assert.failNotEquals(Assert.java:835)
	at org.junit.Assert.assertEquals(Assert.java:555)
	at org.junit.Assert.assertEquals(Assert.java:685)
	at stepDefinations.SDplaceOrderofBroker1.calculate_fees_for_diffrent_broker(SDplaceOrderofBroker1.java:310)
	at âœ½.Check fees &quot;4&quot; for diffrent broker(file:///C:/Users/Dell/eclipse_csk/CSXautomation2Optimision/src/test/java/features/ETHINR.feature:350)
</failure>
    <system-out>
@GetBalanceforDifferentBroker @Regression @ETH
Scenario: (placing BUY order first)Verify funds while when order moves in (open---&gt;partially_fulfilled---&gt;fulfilled) for diffrent brokers                        &amp;#27;[90m# src/test/java/features/ETHINR.feature:305&amp;#27;[0m
  &amp;#27;[32mGiven &amp;#27;[0m&amp;#27;[32mloading the header for broker &amp;#27;[0m&amp;#27;[32m&amp;#27;[1m&quot;B1&quot;&amp;#27;[0m                                                                                                                       &amp;#27;[90m# stepDefinations.SDplaceOrderofBroker1.loading_the_header_for_broker_something(java.lang.String)&amp;#27;[0m
{&quot;data&quot;:&quot;19 open orders will be Cancelled&quot;,&quot;message&quot;:&quot;Orders cancellation in progress&quot;}

  &amp;#27;[32mWhen &amp;#27;[0m&amp;#27;[32mProviding request PathUrl &amp;#27;[0m&amp;#27;[32m&amp;#27;[1m&quot;CancelAllOrders&quot;&amp;#27;[0m&amp;#27;[32m with method &amp;#27;[0m&amp;#27;[32m&amp;#27;[1m&quot;DELETE&quot;&amp;#27;[0m                                                                                          &amp;#27;[90m# stepDefinations.SDplaceOrderofBroker1.providing_request_path_url_with_method(java.lang.String,java.lang.String)&amp;#27;[0m
  &amp;#27;[32mGiven &amp;#27;[0m&amp;#27;[32mloading the header for broker &amp;#27;[0m&amp;#27;[32m&amp;#27;[1m&quot;B2&quot;&amp;#27;[0m                                                                                                                       &amp;#27;[90m# stepDefinations.SDplaceOrderofBroker1.loading_the_header_for_broker_something(java.lang.String)&amp;#27;[0m
{&quot;message&quot;:&quot;No Open Orders to Cancel&quot;}

  &amp;#27;[32mWhen &amp;#27;[0m&amp;#27;[32mProviding request PathUrl &amp;#27;[0m&amp;#27;[32m&amp;#27;[1m&quot;CancelAllOrders&quot;&amp;#27;[0m&amp;#27;[32m with method &amp;#27;[0m&amp;#27;[32m&amp;#27;[1m&quot;DELETE&quot;&amp;#27;[0m                                                                                          &amp;#27;[90m# stepDefinations.SDplaceOrderofBroker1.providing_request_path_url_with_method(java.lang.String,java.lang.String)&amp;#27;[0m
  &amp;#27;[32mGiven &amp;#27;[0m&amp;#27;[32mloading the header for broker &amp;#27;[0m&amp;#27;[32m&amp;#27;[1m&quot;B1&quot;&amp;#27;[0m                                                                                                                       &amp;#27;[90m# stepDefinations.SDplaceOrderofBroker1.loading_the_header_for_broker_something(java.lang.String)&amp;#27;[0m
s1b1inr = 130718613.8236362590011
  &amp;#27;[32mGiven &amp;#27;[0m&amp;#27;[32mtake balance of &amp;#27;[0m&amp;#27;[32m&amp;#27;[1m&quot;INR&quot;&amp;#27;[0m&amp;#27;[32m with api &amp;#27;[0m&amp;#27;[32m&amp;#27;[1m&quot;Getbalance&quot;&amp;#27;[0m&amp;#27;[32m with name &amp;#27;[0m&amp;#27;[32m&amp;#27;[1m&quot;s1b1inr&quot;&amp;#27;[0m                                                                                          &amp;#27;[90m# stepDefinations.SDplaceOrderofBroker1.take_balance_of_with_api_with_name(java.lang.String,java.lang.String,java.lang.String)&amp;#27;[0m
s1b1btc = 90000827.1960524464
  &amp;#27;[32mGiven &amp;#27;[0m&amp;#27;[32mtake balance of &amp;#27;[0m&amp;#27;[32m&amp;#27;[1m&quot;ETH&quot;&amp;#27;[0m&amp;#27;[32m with api &amp;#27;[0m&amp;#27;[32m&amp;#27;[1m&quot;Getbalance&quot;&amp;#27;[0m&amp;#27;[32m with name &amp;#27;[0m&amp;#27;[32m&amp;#27;[1m&quot;s1b1btc&quot;&amp;#27;[0m                                                                                          &amp;#27;[90m# stepDefinations.SDplaceOrderofBroker1.take_balance_of_with_api_with_name(java.lang.String,java.lang.String,java.lang.String)&amp;#27;[0m
  &amp;#27;[32mGiven &amp;#27;[0m&amp;#27;[32mloading the header for broker &amp;#27;[0m&amp;#27;[32m&amp;#27;[1m&quot;B2&quot;&amp;#27;[0m                                                                                                                       &amp;#27;[90m# stepDefinations.SDplaceOrderofBroker1.loading_the_header_for_broker_something(java.lang.String)&amp;#27;[0m
s1b2inr = 3744829.08380877
  &amp;#27;[32mGiven &amp;#27;[0m&amp;#27;[32mtake balance of &amp;#27;[0m&amp;#27;[32m&amp;#27;[1m&quot;INR&quot;&amp;#27;[0m&amp;#27;[32m with api &amp;#27;[0m&amp;#27;[32m&amp;#27;[1m&quot;Getbalance&quot;&amp;#27;[0m&amp;#27;[32m with name &amp;#27;[0m&amp;#27;[32m&amp;#27;[1m&quot;s1b2inr&quot;&amp;#27;[0m                                                                                          &amp;#27;[90m# stepDefinations.SDplaceOrderofBroker1.take_balance_of_with_api_with_name(java.lang.String,java.lang.String,java.lang.String)&amp;#27;[0m
s1b2btc = 99998.2194592636
  &amp;#27;[32mGiven &amp;#27;[0m&amp;#27;[32mtake balance of &amp;#27;[0m&amp;#27;[32m&amp;#27;[1m&quot;ETH&quot;&amp;#27;[0m&amp;#27;[32m with api &amp;#27;[0m&amp;#27;[32m&amp;#27;[1m&quot;Getbalance&quot;&amp;#27;[0m&amp;#27;[32m with name &amp;#27;[0m&amp;#27;[32m&amp;#27;[1m&quot;s1b2btc&quot;&amp;#27;[0m                                                                                          &amp;#27;[90m# stepDefinations.SDplaceOrderofBroker1.take_balance_of_with_api_with_name(java.lang.String,java.lang.String,java.lang.String)&amp;#27;[0m
  &amp;#27;[32mGiven &amp;#27;[0m&amp;#27;[32mPlacing an order for broker &amp;#27;[0m&amp;#27;[32m&amp;#27;[1m&quot;B1&quot;&amp;#27;[0m&amp;#27;[32m of type &amp;#27;[0m&amp;#27;[32m&amp;#27;[1m&quot;limit&quot;&amp;#27;[0m&amp;#27;[32m side &amp;#27;[0m&amp;#27;[32m&amp;#27;[1m&quot;BUY&quot;&amp;#27;[0m&amp;#27;[32m instrument &amp;#27;[0m&amp;#27;[32m&amp;#27;[1m&quot;ETH/INR&quot;&amp;#27;[0m&amp;#27;[32m quantityType &amp;#27;[0m&amp;#27;[32m&amp;#27;[1m&quot;BASE&quot;&amp;#27;[0m&amp;#27;[32m quantity &amp;#27;[0m&amp;#27;[32m&amp;#27;[1m&quot;1&quot;&amp;#27;[0m&amp;#27;[32m limitPrice &amp;#27;[0m&amp;#27;[32m&amp;#27;[1m&quot;10000&quot;&amp;#27;[0m&amp;#27;[32m username &amp;#27;[0m&amp;#27;[32m&amp;#27;[1m&quot;user1&quot;&amp;#27;[0m    &amp;#27;[90m# stepDefinations.SDplaceOrderofBroker1.placing_an_order_of_type_side_instrument_quantity_type_quantity_limit_price_username(java.lang.String,java.lang.String,java.lang.String,java.lang.String,java.lang.String,java.lang.String,java.lang.String,java.lang.String)&amp;#27;[0m
{&quot;data&quot;:{&quot;average_price&quot;:&quot;0&quot;,&quot;brokerId&quot;:&quot;97c02e87-a473-414b-9d27-78764a93d439&quot;,&quot;created_at&quot;:&quot;2022-06-10T06:22:13.024Z&quot;,&quot;filledQuantity&quot;:0,&quot;instrument&quot;:&quot;ETH/INR&quot;,&quot;limit_price&quot;:&quot;10000&quot;,&quot;makerFee&quot;:&quot;-0.04&quot;,&quot;orderId&quot;:&quot;75ce880f-04eb-4474-8e6d-5afe47c13d62&quot;,&quot;orderType&quot;:&quot;&quot;,&quot;quantity&quot;:&quot;1&quot;,&quot;quantityType&quot;:&quot;&quot;,&quot;side&quot;:&quot;BUY&quot;,&quot;status&quot;:&quot;OPEN&quot;,&quot;takerFee&quot;:&quot;0.07&quot;,&quot;updated_at&quot;:&quot;2022-06-10T06:22:13.024Z&quot;},&quot;message&quot;:&quot;Order placed successfully&quot;}

  &amp;#27;[32mWhen &amp;#27;[0m&amp;#27;[32mProviding request PathUrl &amp;#27;[0m&amp;#27;[32m&amp;#27;[1m&quot;PlaceOrder&quot;&amp;#27;[0m&amp;#27;[32m with method &amp;#27;[0m&amp;#27;[32m&amp;#27;[1m&quot;POST&quot;&amp;#27;[0m                                                                                                 &amp;#27;[90m# stepDefinations.SDplaceOrderofBroker1.providing_request_path_url_with_method(java.lang.String,java.lang.String)&amp;#27;[0m
  &amp;#27;[32mThen &amp;#27;[0m&amp;#27;[32mI verify the  &amp;#27;[0m&amp;#27;[32m&amp;#27;[1m&quot;200&quot;&amp;#27;[0m&amp;#27;[32m in step&amp;#27;[0m                                                                                                                               &amp;#27;[90m# stepDefinations.SDplaceOrderofBroker1.i_verify_the_in_step(java.lang.String)&amp;#27;[0m
  &amp;#27;[32mAnd &amp;#27;[0m&amp;#27;[32mVerify key &amp;#27;[0m&amp;#27;[32m&amp;#27;[1m&quot;message&quot;&amp;#27;[0m&amp;#27;[32m of response &amp;#27;[0m&amp;#27;[32m&amp;#27;[1m&quot;Order placed successfully&quot;&amp;#27;[0m                                                                                               &amp;#27;[90m# stepDefinations.SDplaceOrderofBroker1.verify_key_of_response(java.lang.String,java.lang.String)&amp;#27;[0m
{&quot;data&quot;:{&quot;average_price&quot;:&quot;0&quot;,&quot;brokerId&quot;:&quot;97c02e87-a473-414b-9d27-78764a93d439&quot;,&quot;created_at&quot;:&quot;2022-06-10T06:22:13.024Z&quot;,&quot;filledQuantity&quot;:0,&quot;instrument&quot;:&quot;ETH/INR&quot;,&quot;limit_price&quot;:&quot;10000&quot;,&quot;makerFee&quot;:&quot;-0.04&quot;,&quot;orderId&quot;:&quot;75ce880f-04eb-4474-8e6d-5afe47c13d62&quot;,&quot;orderType&quot;:&quot;&quot;,&quot;quantity&quot;:&quot;1&quot;,&quot;quantityType&quot;:&quot;&quot;,&quot;side&quot;:&quot;BUY&quot;,&quot;status&quot;:&quot;OPEN&quot;,&quot;takerFee&quot;:&quot;0.07&quot;,&quot;updated_at&quot;:&quot;2022-06-10T06:22:13.024Z&quot;},&quot;message&quot;:&quot;Order fetched successfully&quot;}

  &amp;#27;[32mAnd &amp;#27;[0m&amp;#27;[32mVerify the &amp;#27;[0m&amp;#27;[32m&amp;#27;[1m&quot;data.orderId&quot;&amp;#27;[0m&amp;#27;[32m of response &amp;#27;[0m&amp;#27;[32m&amp;#27;[1m&quot;GetOrder&quot;&amp;#27;[0m                                                                                                           &amp;#27;[90m# stepDefinations.SDplaceOrderofBroker1.verify_the_of_response(java.lang.String,java.lang.String)&amp;#27;[0m
  &amp;#27;[32mAnd &amp;#27;[0m&amp;#27;[32mVerify key &amp;#27;[0m&amp;#27;[32m&amp;#27;[1m&quot;data.status&quot;&amp;#27;[0m&amp;#27;[32m of response &amp;#27;[0m&amp;#27;[32m&amp;#27;[1m&quot;OPEN&quot;&amp;#27;[0m                                                                                                                &amp;#27;[90m# stepDefinations.SDplaceOrderofBroker1.verify_key_of_response(java.lang.String,java.lang.String)&amp;#27;[0m
  &amp;#27;[32mThen &amp;#27;[0m&amp;#27;[32mgive sleep of &amp;#27;[0m&amp;#27;[32m&amp;#27;[1m&quot;000&quot;&amp;#27;[0m                                                                                                                                       &amp;#27;[90m# stepDefinations.SDplaceOrderofBroker1.give_sleep_of_something(java.lang.String)&amp;#27;[0m
  &amp;#27;[32mGiven &amp;#27;[0m&amp;#27;[32mloading the header for broker &amp;#27;[0m&amp;#27;[32m&amp;#27;[1m&quot;B1&quot;&amp;#27;[0m                                                                                                                       &amp;#27;[90m# stepDefinations.SDplaceOrderofBroker1.loading_the_header_for_broker_something(java.lang.String)&amp;#27;[0m
s2b1inr = 130708606.8236362590011
  &amp;#27;[32mGiven &amp;#27;[0m&amp;#27;[32mtake balance of &amp;#27;[0m&amp;#27;[32m&amp;#27;[1m&quot;INR&quot;&amp;#27;[0m&amp;#27;[32m with api &amp;#27;[0m&amp;#27;[32m&amp;#27;[1m&quot;Getbalance&quot;&amp;#27;[0m&amp;#27;[32m with name &amp;#27;[0m&amp;#27;[32m&amp;#27;[1m&quot;s2b1inr&quot;&amp;#27;[0m                                                                                          &amp;#27;[90m# stepDefinations.SDplaceOrderofBroker1.take_balance_of_with_api_with_name(java.lang.String,java.lang.String,java.lang.String)&amp;#27;[0m
s2b1btc = 90000827.1960524464
  &amp;#27;[32mGiven &amp;#27;[0m&amp;#27;[32mtake balance of &amp;#27;[0m&amp;#27;[32m&amp;#27;[1m&quot;ETH&quot;&amp;#27;[0m&amp;#27;[32m with api &amp;#27;[0m&amp;#27;[32m&amp;#27;[1m&quot;Getbalance&quot;&amp;#27;[0m&amp;#27;[32m with name &amp;#27;[0m&amp;#27;[32m&amp;#27;[1m&quot;s2b1btc&quot;&amp;#27;[0m                                                                                          &amp;#27;[90m# stepDefinations.SDplaceOrderofBroker1.take_balance_of_with_api_with_name(java.lang.String,java.lang.String,java.lang.String)&amp;#27;[0m
  &amp;#27;[32mGiven &amp;#27;[0m&amp;#27;[32mloading the header for broker &amp;#27;[0m&amp;#27;[32m&amp;#27;[1m&quot;B2&quot;&amp;#27;[0m                                                                                                                       &amp;#27;[90m# stepDefinations.SDplaceOrderofBroker1.loading_the_header_for_broker_something(java.lang.String)&amp;#27;[0m
s2b2inr = 3744829.08380877
  &amp;#27;[32mGiven &amp;#27;[0m&amp;#27;[32mtake balance of &amp;#27;[0m&amp;#27;[32m&amp;#27;[1m&quot;INR&quot;&amp;#27;[0m&amp;#27;[32m with api &amp;#27;[0m&amp;#27;[32m&amp;#27;[1m&quot;Getbalance&quot;&amp;#27;[0m&amp;#27;[32m with name &amp;#27;[0m&amp;#27;[32m&amp;#27;[1m&quot;s2b2inr&quot;&amp;#27;[0m                                                                                          &amp;#27;[90m# stepDefinations.SDplaceOrderofBroker1.take_balance_of_with_api_with_name(java.lang.String,java.lang.String,java.lang.String)&amp;#27;[0m
s2b2btc = 99998.2194592636
  &amp;#27;[32mGiven &amp;#27;[0m&amp;#27;[32mtake balance of &amp;#27;[0m&amp;#27;[32m&amp;#27;[1m&quot;ETH&quot;&amp;#27;[0m&amp;#27;[32m with api &amp;#27;[0m&amp;#27;[32m&amp;#27;[1m&quot;Getbalance&quot;&amp;#27;[0m&amp;#27;[32m with name &amp;#27;[0m&amp;#27;[32m&amp;#27;[1m&quot;s2b2btc&quot;&amp;#27;[0m                                                                                          &amp;#27;[90m# stepDefinations.SDplaceOrderofBroker1.take_balance_of_with_api_with_name(java.lang.String,java.lang.String,java.lang.String)&amp;#27;[0m
  &amp;#27;[32mGiven &amp;#27;[0m&amp;#27;[32mPlacing an order for broker &amp;#27;[0m&amp;#27;[32m&amp;#27;[1m&quot;B2&quot;&amp;#27;[0m&amp;#27;[32m of type &amp;#27;[0m&amp;#27;[32m&amp;#27;[1m&quot;limit&quot;&amp;#27;[0m&amp;#27;[32m side &amp;#27;[0m&amp;#27;[32m&amp;#27;[1m&quot;SELL&quot;&amp;#27;[0m&amp;#27;[32m instrument &amp;#27;[0m&amp;#27;[32m&amp;#27;[1m&quot;ETH/INR&quot;&amp;#27;[0m&amp;#27;[32m quantityType &amp;#27;[0m&amp;#27;[32m&amp;#27;[1m&quot;BASE&quot;&amp;#27;[0m&amp;#27;[32m quantity &amp;#27;[0m&amp;#27;[32m&amp;#27;[1m&quot;0.5&quot;&amp;#27;[0m&amp;#27;[32m limitPrice &amp;#27;[0m&amp;#27;[32m&amp;#27;[1m&quot;10000&quot;&amp;#27;[0m&amp;#27;[32m username &amp;#27;[0m&amp;#27;[32m&amp;#27;[1m&quot;user2&quot;&amp;#27;[0m &amp;#27;[90m# stepDefinations.SDplaceOrderofBroker1.placing_an_order_of_type_side_instrument_quantity_type_quantity_limit_price_username(java.lang.String,java.lang.String,java.lang.String,java.lang.String,java.lang.String,java.lang.String,java.lang.String,java.lang.String)&amp;#27;[0m
{&quot;data&quot;:{&quot;average_price&quot;:&quot;0&quot;,&quot;brokerId&quot;:&quot;3ab607d8-8836-4aeb-a71d-7030e7c4524f&quot;,&quot;created_at&quot;:&quot;2022-06-10T06:22:17.496Z&quot;,&quot;filledQuantity&quot;:0,&quot;instrument&quot;:&quot;ETH/INR&quot;,&quot;limit_price&quot;:&quot;10000&quot;,&quot;makerFee&quot;:&quot;0.1&quot;,&quot;orderId&quot;:&quot;ec8008fa-9f64-4d42-a722-68b445ee3aed&quot;,&quot;orderType&quot;:&quot;&quot;,&quot;quantity&quot;:&quot;0.5&quot;,&quot;quantityType&quot;:&quot;&quot;,&quot;side&quot;:&quot;SELL&quot;,&quot;status&quot;:&quot;OPEN&quot;,&quot;takerFee&quot;:&quot;0.2&quot;,&quot;updated_at&quot;:&quot;2022-06-10T06:22:17.496Z&quot;},&quot;message&quot;:&quot;Order placed successfully&quot;}

  &amp;#27;[32mWhen &amp;#27;[0m&amp;#27;[32mProviding request PathUrl &amp;#27;[0m&amp;#27;[32m&amp;#27;[1m&quot;PlaceOrder&quot;&amp;#27;[0m&amp;#27;[32m with method &amp;#27;[0m&amp;#27;[32m&amp;#27;[1m&quot;POST&quot;&amp;#27;[0m                                                                                                 &amp;#27;[90m# stepDefinations.SDplaceOrderofBroker1.providing_request_path_url_with_method(java.lang.String,java.lang.String)&amp;#27;[0m
  &amp;#27;[32mThen &amp;#27;[0m&amp;#27;[32mI verify the  &amp;#27;[0m&amp;#27;[32m&amp;#27;[1m&quot;200&quot;&amp;#27;[0m&amp;#27;[32m in step&amp;#27;[0m                                                                                                                               &amp;#27;[90m# stepDefinations.SDplaceOrderofBroker1.i_verify_the_in_step(java.lang.String)&amp;#27;[0m
  &amp;#27;[32mAnd &amp;#27;[0m&amp;#27;[32mVerify key &amp;#27;[0m&amp;#27;[32m&amp;#27;[1m&quot;message&quot;&amp;#27;[0m&amp;#27;[32m of response &amp;#27;[0m&amp;#27;[32m&amp;#27;[1m&quot;Order placed successfully&quot;&amp;#27;[0m                                                                                               &amp;#27;[90m# stepDefinations.SDplaceOrderofBroker1.verify_key_of_response(java.lang.String,java.lang.String)&amp;#27;[0m
  &amp;#27;[32mGiven &amp;#27;[0m&amp;#27;[32mPlacing an order for broker &amp;#27;[0m&amp;#27;[32m&amp;#27;[1m&quot;B2&quot;&amp;#27;[0m&amp;#27;[32m of type &amp;#27;[0m&amp;#27;[32m&amp;#27;[1m&quot;limit&quot;&amp;#27;[0m&amp;#27;[32m side &amp;#27;[0m&amp;#27;[32m&amp;#27;[1m&quot;SELL&quot;&amp;#27;[0m&amp;#27;[32m instrument &amp;#27;[0m&amp;#27;[32m&amp;#27;[1m&quot;ETH/INR&quot;&amp;#27;[0m&amp;#27;[32m quantityType &amp;#27;[0m&amp;#27;[32m&amp;#27;[1m&quot;BASE&quot;&amp;#27;[0m&amp;#27;[32m quantity &amp;#27;[0m&amp;#27;[32m&amp;#27;[1m&quot;0.5&quot;&amp;#27;[0m&amp;#27;[32m limitPrice &amp;#27;[0m&amp;#27;[32m&amp;#27;[1m&quot;10000&quot;&amp;#27;[0m&amp;#27;[32m username &amp;#27;[0m&amp;#27;[32m&amp;#27;[1m&quot;user3&quot;&amp;#27;[0m &amp;#27;[90m# stepDefinations.SDplaceOrderofBroker1.placing_an_order_of_type_side_instrument_quantity_type_quantity_limit_price_username(java.lang.String,java.lang.String,java.lang.String,java.lang.String,java.lang.String,java.lang.String,java.lang.String,java.lang.String)&amp;#27;[0m
{&quot;data&quot;:{&quot;average_price&quot;:&quot;0&quot;,&quot;brokerId&quot;:&quot;3ab607d8-8836-4aeb-a71d-7030e7c4524f&quot;,&quot;created_at&quot;:&quot;2022-06-10T06:22:18.308Z&quot;,&quot;filledQuantity&quot;:0,&quot;instrument&quot;:&quot;ETH/INR&quot;,&quot;limit_price&quot;:&quot;10000&quot;,&quot;makerFee&quot;:&quot;0.1&quot;,&quot;orderId&quot;:&quot;24399c73-db5d-4b9e-aa30-cf052cb2739f&quot;,&quot;orderType&quot;:&quot;&quot;,&quot;quantity&quot;:&quot;0.5&quot;,&quot;quantityType&quot;:&quot;&quot;,&quot;side&quot;:&quot;SELL&quot;,&quot;status&quot;:&quot;OPEN&quot;,&quot;takerFee&quot;:&quot;0.2&quot;,&quot;updated_at&quot;:&quot;2022-06-10T06:22:18.308Z&quot;},&quot;message&quot;:&quot;Order placed successfully&quot;}

  &amp;#27;[32mWhen &amp;#27;[0m&amp;#27;[32mProviding request PathUrl &amp;#27;[0m&amp;#27;[32m&amp;#27;[1m&quot;PlaceOrder&quot;&amp;#27;[0m&amp;#27;[32m with method &amp;#27;[0m&amp;#27;[32m&amp;#27;[1m&quot;POST&quot;&amp;#27;[0m                                                                                                 &amp;#27;[90m# stepDefinations.SDplaceOrderofBroker1.providing_request_path_url_with_method(java.lang.String,java.lang.String)&amp;#27;[0m
  &amp;#27;[32mThen &amp;#27;[0m&amp;#27;[32mI verify the  &amp;#27;[0m&amp;#27;[32m&amp;#27;[1m&quot;200&quot;&amp;#27;[0m&amp;#27;[32m in step&amp;#27;[0m                                                                                                                               &amp;#27;[90m# stepDefinations.SDplaceOrderofBroker1.i_verify_the_in_step(java.lang.String)&amp;#27;[0m
  &amp;#27;[32mAnd &amp;#27;[0m&amp;#27;[32mVerify key &amp;#27;[0m&amp;#27;[32m&amp;#27;[1m&quot;message&quot;&amp;#27;[0m&amp;#27;[32m of response &amp;#27;[0m&amp;#27;[32m&amp;#27;[1m&quot;Order placed successfully&quot;&amp;#27;[0m                                                                                               &amp;#27;[90m# stepDefinations.SDplaceOrderofBroker1.verify_key_of_response(java.lang.String,java.lang.String)&amp;#27;[0m
{&quot;data&quot;:{&quot;average_price&quot;:&quot;10000&quot;,&quot;brokerId&quot;:&quot;3ab607d8-8836-4aeb-a71d-7030e7c4524f&quot;,&quot;created_at&quot;:&quot;2022-06-10T06:22:18.308Z&quot;,&quot;filledQuantity&quot;:0.5,&quot;instrument&quot;:&quot;ETH/INR&quot;,&quot;limit_price&quot;:&quot;10000&quot;,&quot;makerFee&quot;:&quot;0.1&quot;,&quot;orderId&quot;:&quot;24399c73-db5d-4b9e-aa30-cf052cb2739f&quot;,&quot;orderType&quot;:&quot;&quot;,&quot;quantity&quot;:&quot;0.5&quot;,&quot;quantityType&quot;:&quot;&quot;,&quot;side&quot;:&quot;SELL&quot;,&quot;status&quot;:&quot;FULFILLED&quot;,&quot;takerFee&quot;:&quot;0.2&quot;,&quot;updated_at&quot;:&quot;2022-06-10T06:22:18.801Z&quot;},&quot;message&quot;:&quot;Order fetched successfully&quot;}

  &amp;#27;[32mAnd &amp;#27;[0m&amp;#27;[32mVerify the &amp;#27;[0m&amp;#27;[32m&amp;#27;[1m&quot;data.orderId&quot;&amp;#27;[0m&amp;#27;[32m of response &amp;#27;[0m&amp;#27;[32m&amp;#27;[1m&quot;GetOrder&quot;&amp;#27;[0m                                                                                                           &amp;#27;[90m# stepDefinations.SDplaceOrderofBroker1.verify_the_of_response(java.lang.String,java.lang.String)&amp;#27;[0m
  &amp;#27;[32mThen &amp;#27;[0m&amp;#27;[32mgive sleep of &amp;#27;[0m&amp;#27;[32m&amp;#27;[1m&quot;000&quot;&amp;#27;[0m                                                                                                                                       &amp;#27;[90m# stepDefinations.SDplaceOrderofBroker1.give_sleep_of_something(java.lang.String)&amp;#27;[0m
  &amp;#27;[32mThen &amp;#27;[0m&amp;#27;[32mgive sleep of &amp;#27;[0m&amp;#27;[32m&amp;#27;[1m&quot;1000&quot;&amp;#27;[0m                                                                                                                                      &amp;#27;[90m# stepDefinations.SDplaceOrderofBroker1.give_sleep_of_something(java.lang.String)&amp;#27;[0m
  &amp;#27;[32mGiven &amp;#27;[0m&amp;#27;[32mloading the header for broker &amp;#27;[0m&amp;#27;[32m&amp;#27;[1m&quot;B1&quot;&amp;#27;[0m                                                                                                                       &amp;#27;[90m# stepDefinations.SDplaceOrderofBroker1.loading_the_header_for_broker_something(java.lang.String)&amp;#27;[0m
s3b1inr = 130708617.8236362590011
  &amp;#27;[32mGiven &amp;#27;[0m&amp;#27;[32mtake balance of &amp;#27;[0m&amp;#27;[32m&amp;#27;[1m&quot;INR&quot;&amp;#27;[0m&amp;#27;[32m with api &amp;#27;[0m&amp;#27;[32m&amp;#27;[1m&quot;Getbalance&quot;&amp;#27;[0m&amp;#27;[32m with name &amp;#27;[0m&amp;#27;[32m&amp;#27;[1m&quot;s3b1inr&quot;&amp;#27;[0m                                                                                          &amp;#27;[90m# stepDefinations.SDplaceOrderofBroker1.take_balance_of_with_api_with_name(java.lang.String,java.lang.String,java.lang.String)&amp;#27;[0m
s3b1btc = 90000828.1960524464
  &amp;#27;[32mGiven &amp;#27;[0m&amp;#27;[32mtake balance of &amp;#27;[0m&amp;#27;[32m&amp;#27;[1m&quot;ETH&quot;&amp;#27;[0m&amp;#27;[32m with api &amp;#27;[0m&amp;#27;[32m&amp;#27;[1m&quot;Getbalance&quot;&amp;#27;[0m&amp;#27;[32m with name &amp;#27;[0m&amp;#27;[32m&amp;#27;[1m&quot;s3b1btc&quot;&amp;#27;[0m                                                                                          &amp;#27;[90m# stepDefinations.SDplaceOrderofBroker1.take_balance_of_with_api_with_name(java.lang.String,java.lang.String,java.lang.String)&amp;#27;[0m
  &amp;#27;[32mGiven &amp;#27;[0m&amp;#27;[32mloading the header for broker &amp;#27;[0m&amp;#27;[32m&amp;#27;[1m&quot;B2&quot;&amp;#27;[0m                                                                                                                       &amp;#27;[90m# stepDefinations.SDplaceOrderofBroker1.loading_the_header_for_broker_something(java.lang.String)&amp;#27;[0m
s3b2inr = 3754809.08380877
  &amp;#27;[32mGiven &amp;#27;[0m&amp;#27;[32mtake balance of &amp;#27;[0m&amp;#27;[32m&amp;#27;[1m&quot;INR&quot;&amp;#27;[0m&amp;#27;[32m with api &amp;#27;[0m&amp;#27;[32m&amp;#27;[1m&quot;Getbalance&quot;&amp;#27;[0m&amp;#27;[32m with name &amp;#27;[0m&amp;#27;[32m&amp;#27;[1m&quot;s3b2inr&quot;&amp;#27;[0m                                                                                          &amp;#27;[90m# stepDefinations.SDplaceOrderofBroker1.take_balance_of_with_api_with_name(java.lang.String,java.lang.String,java.lang.String)&amp;#27;[0m
s3b2btc = 99997.2194592636
  &amp;#27;[32mGiven &amp;#27;[0m&amp;#27;[32mtake balance of &amp;#27;[0m&amp;#27;[32m&amp;#27;[1m&quot;ETH&quot;&amp;#27;[0m&amp;#27;[32m with api &amp;#27;[0m&amp;#27;[32m&amp;#27;[1m&quot;Getbalance&quot;&amp;#27;[0m&amp;#27;[32m with name &amp;#27;[0m&amp;#27;[32m&amp;#27;[1m&quot;s3b2btc&quot;&amp;#27;[0m                                                                                          &amp;#27;[90m# stepDefinations.SDplaceOrderofBroker1.take_balance_of_with_api_with_name(java.lang.String,java.lang.String,java.lang.String)&amp;#27;[0m
-------------------------------------------------------------------------------------
Deduction_of_INR_from_broker1 = 9996.0
-------------------------------------------------------------------------------------
Addition_of_INR_in_broker2 = 9980.0
-------------------------------------------------------------------------------------
Addition_of_BTC_to_broker1 = 1.0
-------------------------------------------------------------------------------------
Deduction_of_BTC_to_broker2 = 1.0
-------------------------------------------------------------------------------------
Fee_for_diffrent_broker = 16.0
-------------------------------------------------------------------------------------
And Fail because diffrence in Fee is= -12.0
  &amp;#27;[31mThen &amp;#27;[0m&amp;#27;[31mCheck fees &amp;#27;[0m&amp;#27;[31m&amp;#27;[1m&quot;4&quot;&amp;#27;[0m&amp;#27;[31m for diffrent broker&amp;#27;[0m                                                                                                                        &amp;#27;[90m# stepDefinations.SDplaceOrderofBroker1.calculate_fees_for_diffrent_broker(java.lang.String)&amp;#27;[0m
      &amp;#27;[31mjava.lang.AssertionError: expected:&lt;16.0&gt; but was:&lt;4.0&gt;
	at org.junit.Assert.fail(Assert.java:89)
	at org.junit.Assert.failNotEquals(Assert.java:835)
	at org.junit.Assert.assertEquals(Assert.java:555)
	at org.junit.Assert.assertEquals(Assert.java:685)
	at stepDefinations.SDplaceOrderofBroker1.calculate_fees_for_diffrent_broker(SDplaceOrderofBroker1.java:310)
	at Ã¢Å“Â½.Check fees &quot;4&quot; for diffrent broker(file:///C:/Users/Dell/eclipse_csk/CSXautomation2Optimision/src/test/java/features/ETHINR.feature:350)
&amp;#27;[0m
  &amp;#27;[36mThen &amp;#27;[0m&amp;#27;[36mgive sleep of &amp;#27;[0m&amp;#27;[36m&amp;#27;[1m&quot;1000&quot;&amp;#27;[0m                                                                                                                                      &amp;#27;[90m# stepDefinations.SDplaceOrderofBroker1.give_sleep_of_something(java.lang.String)&amp;#27;[0m
</system-out>
  </testcase>
  <testcase classname="cucumber.options.TestRunner" name="runScenario" time="37.856">
    <failure message="expected:&lt;8.0&gt; but was:&lt;2.0&gt;" type="java.lang.AssertionError">java.lang.AssertionError: expected:&lt;8.0&gt; but was:&lt;2.0&gt;
	at org.junit.Assert.fail(Assert.java:89)
	at org.junit.Assert.failNotEquals(Assert.java:835)
	at org.junit.Assert.assertEquals(Assert.java:555)
	at org.junit.Assert.assertEquals(Assert.java:685)
	at stepDefinations.SDplaceOrderofBroker1.calculate_fees_for_diffrent_broker(SDplaceOrderofBroker1.java:310)
	at âœ½.Check fees &quot;2&quot; for diffrent broker(file:///C:/Users/Dell/eclipse_csk/CSXautomation2Optimision/src/test/java/features/ETHINR.feature:399)
</failure>
    <system-out>
@GetBalanceforDifferentBrokerDF12 @Regression @ETH
Scenario: (placing BUY order first)Verify funds while when order moves in (open---&gt;partially_decrement---&gt;partially_fulfilled(fulfilled)) for diffrent brokers   &amp;#27;[90m# src/test/java/features/ETHINR.feature:354&amp;#27;[0m
  &amp;#27;[32mGiven &amp;#27;[0m&amp;#27;[32mloading the header for broker &amp;#27;[0m&amp;#27;[32m&amp;#27;[1m&quot;B1&quot;&amp;#27;[0m                                                                                                                       &amp;#27;[90m# stepDefinations.SDplaceOrderofBroker1.loading_the_header_for_broker_something(java.lang.String)&amp;#27;[0m
{&quot;data&quot;:&quot;19 open orders will be Cancelled&quot;,&quot;message&quot;:&quot;Orders cancellation in progress&quot;}

  &amp;#27;[32mWhen &amp;#27;[0m&amp;#27;[32mProviding request PathUrl &amp;#27;[0m&amp;#27;[32m&amp;#27;[1m&quot;CancelAllOrders&quot;&amp;#27;[0m&amp;#27;[32m with method &amp;#27;[0m&amp;#27;[32m&amp;#27;[1m&quot;DELETE&quot;&amp;#27;[0m                                                                                          &amp;#27;[90m# stepDefinations.SDplaceOrderofBroker1.providing_request_path_url_with_method(java.lang.String,java.lang.String)&amp;#27;[0m
  &amp;#27;[32mGiven &amp;#27;[0m&amp;#27;[32mloading the header for broker &amp;#27;[0m&amp;#27;[32m&amp;#27;[1m&quot;B2&quot;&amp;#27;[0m                                                                                                                       &amp;#27;[90m# stepDefinations.SDplaceOrderofBroker1.loading_the_header_for_broker_something(java.lang.String)&amp;#27;[0m
{&quot;message&quot;:&quot;No Open Orders to Cancel&quot;}

  &amp;#27;[32mWhen &amp;#27;[0m&amp;#27;[32mProviding request PathUrl &amp;#27;[0m&amp;#27;[32m&amp;#27;[1m&quot;CancelAllOrders&quot;&amp;#27;[0m&amp;#27;[32m with method &amp;#27;[0m&amp;#27;[32m&amp;#27;[1m&quot;DELETE&quot;&amp;#27;[0m                                                                                          &amp;#27;[90m# stepDefinations.SDplaceOrderofBroker1.providing_request_path_url_with_method(java.lang.String,java.lang.String)&amp;#27;[0m
  &amp;#27;[32mGiven &amp;#27;[0m&amp;#27;[32mloading the header for broker &amp;#27;[0m&amp;#27;[32m&amp;#27;[1m&quot;B1&quot;&amp;#27;[0m                                                                                                                       &amp;#27;[90m# stepDefinations.SDplaceOrderofBroker1.loading_the_header_for_broker_something(java.lang.String)&amp;#27;[0m
s1b1inr = 130708617.8236362590011
  &amp;#27;[32mGiven &amp;#27;[0m&amp;#27;[32mtake balance of &amp;#27;[0m&amp;#27;[32m&amp;#27;[1m&quot;INR&quot;&amp;#27;[0m&amp;#27;[32m with api &amp;#27;[0m&amp;#27;[32m&amp;#27;[1m&quot;Getbalance&quot;&amp;#27;[0m&amp;#27;[32m with name &amp;#27;[0m&amp;#27;[32m&amp;#27;[1m&quot;s1b1inr&quot;&amp;#27;[0m                                                                                          &amp;#27;[90m# stepDefinations.SDplaceOrderofBroker1.take_balance_of_with_api_with_name(java.lang.String,java.lang.String,java.lang.String)&amp;#27;[0m
s1b1btc = 90000828.1960524464
  &amp;#27;[32mGiven &amp;#27;[0m&amp;#27;[32mtake balance of &amp;#27;[0m&amp;#27;[32m&amp;#27;[1m&quot;ETH&quot;&amp;#27;[0m&amp;#27;[32m with api &amp;#27;[0m&amp;#27;[32m&amp;#27;[1m&quot;Getbalance&quot;&amp;#27;[0m&amp;#27;[32m with name &amp;#27;[0m&amp;#27;[32m&amp;#27;[1m&quot;s1b1btc&quot;&amp;#27;[0m                                                                                          &amp;#27;[90m# stepDefinations.SDplaceOrderofBroker1.take_balance_of_with_api_with_name(java.lang.String,java.lang.String,java.lang.String)&amp;#27;[0m
  &amp;#27;[32mGiven &amp;#27;[0m&amp;#27;[32mloading the header for broker &amp;#27;[0m&amp;#27;[32m&amp;#27;[1m&quot;B2&quot;&amp;#27;[0m                                                                                                                       &amp;#27;[90m# stepDefinations.SDplaceOrderofBroker1.loading_the_header_for_broker_something(java.lang.String)&amp;#27;[0m
s1b2inr = 3754809.08380877
  &amp;#27;[32mGiven &amp;#27;[0m&amp;#27;[32mtake balance of &amp;#27;[0m&amp;#27;[32m&amp;#27;[1m&quot;INR&quot;&amp;#27;[0m&amp;#27;[32m with api &amp;#27;[0m&amp;#27;[32m&amp;#27;[1m&quot;Getbalance&quot;&amp;#27;[0m&amp;#27;[32m with name &amp;#27;[0m&amp;#27;[32m&amp;#27;[1m&quot;s1b2inr&quot;&amp;#27;[0m                                                                                          &amp;#27;[90m# stepDefinations.SDplaceOrderofBroker1.take_balance_of_with_api_with_name(java.lang.String,java.lang.String,java.lang.String)&amp;#27;[0m
s1b2btc = 99997.2194592636
  &amp;#27;[32mGiven &amp;#27;[0m&amp;#27;[32mtake balance of &amp;#27;[0m&amp;#27;[32m&amp;#27;[1m&quot;ETH&quot;&amp;#27;[0m&amp;#27;[32m with api &amp;#27;[0m&amp;#27;[32m&amp;#27;[1m&quot;Getbalance&quot;&amp;#27;[0m&amp;#27;[32m with name &amp;#27;[0m&amp;#27;[32m&amp;#27;[1m&quot;s1b2btc&quot;&amp;#27;[0m                                                                                          &amp;#27;[90m# stepDefinations.SDplaceOrderofBroker1.take_balance_of_with_api_with_name(java.lang.String,java.lang.String,java.lang.String)&amp;#27;[0m
  &amp;#27;[32mGiven &amp;#27;[0m&amp;#27;[32mPlacing an order for broker &amp;#27;[0m&amp;#27;[32m&amp;#27;[1m&quot;B1&quot;&amp;#27;[0m&amp;#27;[32m of type &amp;#27;[0m&amp;#27;[32m&amp;#27;[1m&quot;limit&quot;&amp;#27;[0m&amp;#27;[32m side &amp;#27;[0m&amp;#27;[32m&amp;#27;[1m&quot;BUY&quot;&amp;#27;[0m&amp;#27;[32m instrument &amp;#27;[0m&amp;#27;[32m&amp;#27;[1m&quot;ETH/INR&quot;&amp;#27;[0m&amp;#27;[32m quantityType &amp;#27;[0m&amp;#27;[32m&amp;#27;[1m&quot;BASE&quot;&amp;#27;[0m&amp;#27;[32m quantity &amp;#27;[0m&amp;#27;[32m&amp;#27;[1m&quot;1&quot;&amp;#27;[0m&amp;#27;[32m limitPrice &amp;#27;[0m&amp;#27;[32m&amp;#27;[1m&quot;10000&quot;&amp;#27;[0m&amp;#27;[32m username &amp;#27;[0m&amp;#27;[32m&amp;#27;[1m&quot;user1&quot;&amp;#27;[0m    &amp;#27;[90m# stepDefinations.SDplaceOrderofBroker1.placing_an_order_of_type_side_instrument_quantity_type_quantity_limit_price_username(java.lang.String,java.lang.String,java.lang.String,java.lang.String,java.lang.String,java.lang.String,java.lang.String,java.lang.String)&amp;#27;[0m
{&quot;data&quot;:{&quot;average_price&quot;:&quot;0&quot;,&quot;brokerId&quot;:&quot;97c02e87-a473-414b-9d27-78764a93d439&quot;,&quot;created_at&quot;:&quot;2022-06-10T06:22:50.853Z&quot;,&quot;filledQuantity&quot;:0,&quot;instrument&quot;:&quot;ETH/INR&quot;,&quot;limit_price&quot;:&quot;10000&quot;,&quot;makerFee&quot;:&quot;-0.04&quot;,&quot;orderId&quot;:&quot;25454a50-fd11-441c-9008-700a93cc51ed&quot;,&quot;orderType&quot;:&quot;&quot;,&quot;quantity&quot;:&quot;1&quot;,&quot;quantityType&quot;:&quot;&quot;,&quot;side&quot;:&quot;BUY&quot;,&quot;status&quot;:&quot;OPEN&quot;,&quot;takerFee&quot;:&quot;0.07&quot;,&quot;updated_at&quot;:&quot;2022-06-10T06:22:50.853Z&quot;},&quot;message&quot;:&quot;Order placed successfully&quot;}

  &amp;#27;[32mWhen &amp;#27;[0m&amp;#27;[32mProviding request PathUrl &amp;#27;[0m&amp;#27;[32m&amp;#27;[1m&quot;PlaceOrder&quot;&amp;#27;[0m&amp;#27;[32m with method &amp;#27;[0m&amp;#27;[32m&amp;#27;[1m&quot;POST&quot;&amp;#27;[0m                                                                                                 &amp;#27;[90m# stepDefinations.SDplaceOrderofBroker1.providing_request_path_url_with_method(java.lang.String,java.lang.String)&amp;#27;[0m
  &amp;#27;[32mThen &amp;#27;[0m&amp;#27;[32mI verify the  &amp;#27;[0m&amp;#27;[32m&amp;#27;[1m&quot;200&quot;&amp;#27;[0m&amp;#27;[32m in step&amp;#27;[0m                                                                                                                               &amp;#27;[90m# stepDefinations.SDplaceOrderofBroker1.i_verify_the_in_step(java.lang.String)&amp;#27;[0m
  &amp;#27;[32mAnd &amp;#27;[0m&amp;#27;[32mVerify key &amp;#27;[0m&amp;#27;[32m&amp;#27;[1m&quot;message&quot;&amp;#27;[0m&amp;#27;[32m of response &amp;#27;[0m&amp;#27;[32m&amp;#27;[1m&quot;Order placed successfully&quot;&amp;#27;[0m                                                                                               &amp;#27;[90m# stepDefinations.SDplaceOrderofBroker1.verify_key_of_response(java.lang.String,java.lang.String)&amp;#27;[0m
{&quot;data&quot;:{&quot;average_price&quot;:&quot;0&quot;,&quot;brokerId&quot;:&quot;97c02e87-a473-414b-9d27-78764a93d439&quot;,&quot;created_at&quot;:&quot;2022-06-10T06:22:50.853Z&quot;,&quot;filledQuantity&quot;:0,&quot;instrument&quot;:&quot;ETH/INR&quot;,&quot;limit_price&quot;:&quot;10000&quot;,&quot;makerFee&quot;:&quot;-0.04&quot;,&quot;orderId&quot;:&quot;25454a50-fd11-441c-9008-700a93cc51ed&quot;,&quot;orderType&quot;:&quot;&quot;,&quot;quantity&quot;:&quot;1&quot;,&quot;quantityType&quot;:&quot;&quot;,&quot;side&quot;:&quot;BUY&quot;,&quot;status&quot;:&quot;OPEN&quot;,&quot;takerFee&quot;:&quot;0.07&quot;,&quot;updated_at&quot;:&quot;2022-06-10T06:22:50.853Z&quot;},&quot;message&quot;:&quot;Order fetched successfully&quot;}

  &amp;#27;[32mAnd &amp;#27;[0m&amp;#27;[32mVerify the &amp;#27;[0m&amp;#27;[32m&amp;#27;[1m&quot;data.orderId&quot;&amp;#27;[0m&amp;#27;[32m of response &amp;#27;[0m&amp;#27;[32m&amp;#27;[1m&quot;GetOrder&quot;&amp;#27;[0m                                                                                                           &amp;#27;[90m# stepDefinations.SDplaceOrderofBroker1.verify_the_of_response(java.lang.String,java.lang.String)&amp;#27;[0m
  &amp;#27;[32mAnd &amp;#27;[0m&amp;#27;[32mVerify key &amp;#27;[0m&amp;#27;[32m&amp;#27;[1m&quot;data.status&quot;&amp;#27;[0m&amp;#27;[32m of response &amp;#27;[0m&amp;#27;[32m&amp;#27;[1m&quot;OPEN&quot;&amp;#27;[0m                                                                                                                &amp;#27;[90m# stepDefinations.SDplaceOrderofBroker1.verify_key_of_response(java.lang.String,java.lang.String)&amp;#27;[0m
  &amp;#27;[32mThen &amp;#27;[0m&amp;#27;[32mgive sleep of &amp;#27;[0m&amp;#27;[32m&amp;#27;[1m&quot;000&quot;&amp;#27;[0m                                                                                                                                       &amp;#27;[90m# stepDefinations.SDplaceOrderofBroker1.give_sleep_of_something(java.lang.String)&amp;#27;[0m
  &amp;#27;[32mGiven &amp;#27;[0m&amp;#27;[32mloading the header for broker &amp;#27;[0m&amp;#27;[32m&amp;#27;[1m&quot;B1&quot;&amp;#27;[0m                                                                                                                       &amp;#27;[90m# stepDefinations.SDplaceOrderofBroker1.loading_the_header_for_broker_something(java.lang.String)&amp;#27;[0m
s2b1inr = 130698610.8236362590011
  &amp;#27;[32mGiven &amp;#27;[0m&amp;#27;[32mtake balance of &amp;#27;[0m&amp;#27;[32m&amp;#27;[1m&quot;INR&quot;&amp;#27;[0m&amp;#27;[32m with api &amp;#27;[0m&amp;#27;[32m&amp;#27;[1m&quot;Getbalance&quot;&amp;#27;[0m&amp;#27;[32m with name &amp;#27;[0m&amp;#27;[32m&amp;#27;[1m&quot;s2b1inr&quot;&amp;#27;[0m                                                                                          &amp;#27;[90m# stepDefinations.SDplaceOrderofBroker1.take_balance_of_with_api_with_name(java.lang.String,java.lang.String,java.lang.String)&amp;#27;[0m
s2b1btc = 90000828.1960524464
  &amp;#27;[32mGiven &amp;#27;[0m&amp;#27;[32mtake balance of &amp;#27;[0m&amp;#27;[32m&amp;#27;[1m&quot;ETH&quot;&amp;#27;[0m&amp;#27;[32m with api &amp;#27;[0m&amp;#27;[32m&amp;#27;[1m&quot;Getbalance&quot;&amp;#27;[0m&amp;#27;[32m with name &amp;#27;[0m&amp;#27;[32m&amp;#27;[1m&quot;s2b1btc&quot;&amp;#27;[0m                                                                                          &amp;#27;[90m# stepDefinations.SDplaceOrderofBroker1.take_balance_of_with_api_with_name(java.lang.String,java.lang.String,java.lang.String)&amp;#27;[0m
  &amp;#27;[32mGiven &amp;#27;[0m&amp;#27;[32mloading the header for broker &amp;#27;[0m&amp;#27;[32m&amp;#27;[1m&quot;B2&quot;&amp;#27;[0m                                                                                                                       &amp;#27;[90m# stepDefinations.SDplaceOrderofBroker1.loading_the_header_for_broker_something(java.lang.String)&amp;#27;[0m
s2b2inr = 3754809.08380877
  &amp;#27;[32mGiven &amp;#27;[0m&amp;#27;[32mtake balance of &amp;#27;[0m&amp;#27;[32m&amp;#27;[1m&quot;INR&quot;&amp;#27;[0m&amp;#27;[32m with api &amp;#27;[0m&amp;#27;[32m&amp;#27;[1m&quot;Getbalance&quot;&amp;#27;[0m&amp;#27;[32m with name &amp;#27;[0m&amp;#27;[32m&amp;#27;[1m&quot;s2b2inr&quot;&amp;#27;[0m                                                                                          &amp;#27;[90m# stepDefinations.SDplaceOrderofBroker1.take_balance_of_with_api_with_name(java.lang.String,java.lang.String,java.lang.String)&amp;#27;[0m
s2b2btc = 99997.2194592636
  &amp;#27;[32mGiven &amp;#27;[0m&amp;#27;[32mtake balance of &amp;#27;[0m&amp;#27;[32m&amp;#27;[1m&quot;ETH&quot;&amp;#27;[0m&amp;#27;[32m with api &amp;#27;[0m&amp;#27;[32m&amp;#27;[1m&quot;Getbalance&quot;&amp;#27;[0m&amp;#27;[32m with name &amp;#27;[0m&amp;#27;[32m&amp;#27;[1m&quot;s2b2btc&quot;&amp;#27;[0m                                                                                          &amp;#27;[90m# stepDefinations.SDplaceOrderofBroker1.take_balance_of_with_api_with_name(java.lang.String,java.lang.String,java.lang.String)&amp;#27;[0m
  &amp;#27;[32mGiven &amp;#27;[0m&amp;#27;[32mPlacing an order for broker &amp;#27;[0m&amp;#27;[32m&amp;#27;[1m&quot;B1&quot;&amp;#27;[0m&amp;#27;[32m of type &amp;#27;[0m&amp;#27;[32m&amp;#27;[1m&quot;limit&quot;&amp;#27;[0m&amp;#27;[32m side &amp;#27;[0m&amp;#27;[32m&amp;#27;[1m&quot;SELL&quot;&amp;#27;[0m&amp;#27;[32m instrument &amp;#27;[0m&amp;#27;[32m&amp;#27;[1m&quot;ETH/INR&quot;&amp;#27;[0m&amp;#27;[32m quantityType &amp;#27;[0m&amp;#27;[32m&amp;#27;[1m&quot;BASE&quot;&amp;#27;[0m&amp;#27;[32m quantity &amp;#27;[0m&amp;#27;[32m&amp;#27;[1m&quot;0.5&quot;&amp;#27;[0m&amp;#27;[32m limitPrice &amp;#27;[0m&amp;#27;[32m&amp;#27;[1m&quot;10000&quot;&amp;#27;[0m&amp;#27;[32m username &amp;#27;[0m&amp;#27;[32m&amp;#27;[1m&quot;user1&quot;&amp;#27;[0m &amp;#27;[90m# stepDefinations.SDplaceOrderofBroker1.placing_an_order_of_type_side_instrument_quantity_type_quantity_limit_price_username(java.lang.String,java.lang.String,java.lang.String,java.lang.String,java.lang.String,java.lang.String,java.lang.String,java.lang.String)&amp;#27;[0m
{&quot;data&quot;:{&quot;average_price&quot;:&quot;0&quot;,&quot;brokerId&quot;:&quot;97c02e87-a473-414b-9d27-78764a93d439&quot;,&quot;created_at&quot;:&quot;2022-06-10T06:22:55.301Z&quot;,&quot;filledQuantity&quot;:0,&quot;instrument&quot;:&quot;ETH/INR&quot;,&quot;limit_price&quot;:&quot;10000&quot;,&quot;makerFee&quot;:&quot;-0.04&quot;,&quot;orderId&quot;:&quot;beea604c-bbbf-4aa5-bdb3-ada53d35c5d7&quot;,&quot;orderType&quot;:&quot;&quot;,&quot;quantity&quot;:&quot;0.5&quot;,&quot;quantityType&quot;:&quot;&quot;,&quot;side&quot;:&quot;SELL&quot;,&quot;status&quot;:&quot;OPEN&quot;,&quot;takerFee&quot;:&quot;0.07&quot;,&quot;updated_at&quot;:&quot;2022-06-10T06:22:55.301Z&quot;},&quot;message&quot;:&quot;Order placed successfully&quot;}

  &amp;#27;[32mWhen &amp;#27;[0m&amp;#27;[32mProviding request PathUrl &amp;#27;[0m&amp;#27;[32m&amp;#27;[1m&quot;PlaceOrder&quot;&amp;#27;[0m&amp;#27;[32m with method &amp;#27;[0m&amp;#27;[32m&amp;#27;[1m&quot;POST&quot;&amp;#27;[0m                                                                                                 &amp;#27;[90m# stepDefinations.SDplaceOrderofBroker1.providing_request_path_url_with_method(java.lang.String,java.lang.String)&amp;#27;[0m
  &amp;#27;[32mThen &amp;#27;[0m&amp;#27;[32mI verify the  &amp;#27;[0m&amp;#27;[32m&amp;#27;[1m&quot;200&quot;&amp;#27;[0m&amp;#27;[32m in step&amp;#27;[0m                                                                                                                               &amp;#27;[90m# stepDefinations.SDplaceOrderofBroker1.i_verify_the_in_step(java.lang.String)&amp;#27;[0m
  &amp;#27;[32mAnd &amp;#27;[0m&amp;#27;[32mVerify key &amp;#27;[0m&amp;#27;[32m&amp;#27;[1m&quot;message&quot;&amp;#27;[0m&amp;#27;[32m of response &amp;#27;[0m&amp;#27;[32m&amp;#27;[1m&quot;Order placed successfully&quot;&amp;#27;[0m                                                                                               &amp;#27;[90m# stepDefinations.SDplaceOrderofBroker1.verify_key_of_response(java.lang.String,java.lang.String)&amp;#27;[0m
  &amp;#27;[32mGiven &amp;#27;[0m&amp;#27;[32mPlacing an order for broker &amp;#27;[0m&amp;#27;[32m&amp;#27;[1m&quot;B2&quot;&amp;#27;[0m&amp;#27;[32m of type &amp;#27;[0m&amp;#27;[32m&amp;#27;[1m&quot;limit&quot;&amp;#27;[0m&amp;#27;[32m side &amp;#27;[0m&amp;#27;[32m&amp;#27;[1m&quot;SELL&quot;&amp;#27;[0m&amp;#27;[32m instrument &amp;#27;[0m&amp;#27;[32m&amp;#27;[1m&quot;ETH/INR&quot;&amp;#27;[0m&amp;#27;[32m quantityType &amp;#27;[0m&amp;#27;[32m&amp;#27;[1m&quot;BASE&quot;&amp;#27;[0m&amp;#27;[32m quantity &amp;#27;[0m&amp;#27;[32m&amp;#27;[1m&quot;0.5&quot;&amp;#27;[0m&amp;#27;[32m limitPrice &amp;#27;[0m&amp;#27;[32m&amp;#27;[1m&quot;10000&quot;&amp;#27;[0m&amp;#27;[32m username &amp;#27;[0m&amp;#27;[32m&amp;#27;[1m&quot;user3&quot;&amp;#27;[0m &amp;#27;[90m# stepDefinations.SDplaceOrderofBroker1.placing_an_order_of_type_side_instrument_quantity_type_quantity_limit_price_username(java.lang.String,java.lang.String,java.lang.String,java.lang.String,java.lang.String,java.lang.String,java.lang.String,java.lang.String)&amp;#27;[0m
{&quot;data&quot;:{&quot;average_price&quot;:&quot;0&quot;,&quot;brokerId&quot;:&quot;3ab607d8-8836-4aeb-a71d-7030e7c4524f&quot;,&quot;created_at&quot;:&quot;2022-06-10T06:22:56.184Z&quot;,&quot;filledQuantity&quot;:0,&quot;instrument&quot;:&quot;ETH/INR&quot;,&quot;limit_price&quot;:&quot;10000&quot;,&quot;makerFee&quot;:&quot;0.1&quot;,&quot;orderId&quot;:&quot;17cae74d-6218-424a-ad04-7320471a9019&quot;,&quot;orderType&quot;:&quot;&quot;,&quot;quantity&quot;:&quot;0.5&quot;,&quot;quantityType&quot;:&quot;&quot;,&quot;side&quot;:&quot;SELL&quot;,&quot;status&quot;:&quot;OPEN&quot;,&quot;takerFee&quot;:&quot;0.2&quot;,&quot;updated_at&quot;:&quot;2022-06-10T06:22:56.184Z&quot;},&quot;message&quot;:&quot;Order placed successfully&quot;}

  &amp;#27;[32mWhen &amp;#27;[0m&amp;#27;[32mProviding request PathUrl &amp;#27;[0m&amp;#27;[32m&amp;#27;[1m&quot;PlaceOrder&quot;&amp;#27;[0m&amp;#27;[32m with method &amp;#27;[0m&amp;#27;[32m&amp;#27;[1m&quot;POST&quot;&amp;#27;[0m                                                                                                 &amp;#27;[90m# stepDefinations.SDplaceOrderofBroker1.providing_request_path_url_with_method(java.lang.String,java.lang.String)&amp;#27;[0m
  &amp;#27;[32mThen &amp;#27;[0m&amp;#27;[32mI verify the  &amp;#27;[0m&amp;#27;[32m&amp;#27;[1m&quot;200&quot;&amp;#27;[0m&amp;#27;[32m in step&amp;#27;[0m                                                                                                                               &amp;#27;[90m# stepDefinations.SDplaceOrderofBroker1.i_verify_the_in_step(java.lang.String)&amp;#27;[0m
  &amp;#27;[32mAnd &amp;#27;[0m&amp;#27;[32mVerify key &amp;#27;[0m&amp;#27;[32m&amp;#27;[1m&quot;message&quot;&amp;#27;[0m&amp;#27;[32m of response &amp;#27;[0m&amp;#27;[32m&amp;#27;[1m&quot;Order placed successfully&quot;&amp;#27;[0m                                                                                               &amp;#27;[90m# stepDefinations.SDplaceOrderofBroker1.verify_key_of_response(java.lang.String,java.lang.String)&amp;#27;[0m
{&quot;data&quot;:{&quot;average_price&quot;:&quot;10000&quot;,&quot;brokerId&quot;:&quot;3ab607d8-8836-4aeb-a71d-7030e7c4524f&quot;,&quot;created_at&quot;:&quot;2022-06-10T06:22:56.184Z&quot;,&quot;filledQuantity&quot;:0.5,&quot;instrument&quot;:&quot;ETH/INR&quot;,&quot;limit_price&quot;:&quot;10000&quot;,&quot;makerFee&quot;:&quot;0.1&quot;,&quot;orderId&quot;:&quot;17cae74d-6218-424a-ad04-7320471a9019&quot;,&quot;orderType&quot;:&quot;&quot;,&quot;quantity&quot;:&quot;0.5&quot;,&quot;quantityType&quot;:&quot;&quot;,&quot;side&quot;:&quot;SELL&quot;,&quot;status&quot;:&quot;FULFILLED&quot;,&quot;takerFee&quot;:&quot;0.2&quot;,&quot;updated_at&quot;:&quot;2022-06-10T06:22:56.845Z&quot;},&quot;message&quot;:&quot;Order fetched successfully&quot;}

  &amp;#27;[32mAnd &amp;#27;[0m&amp;#27;[32mVerify the &amp;#27;[0m&amp;#27;[32m&amp;#27;[1m&quot;data.orderId&quot;&amp;#27;[0m&amp;#27;[32m of response &amp;#27;[0m&amp;#27;[32m&amp;#27;[1m&quot;GetOrder&quot;&amp;#27;[0m                                                                                                           &amp;#27;[90m# stepDefinations.SDplaceOrderofBroker1.verify_the_of_response(java.lang.String,java.lang.String)&amp;#27;[0m
  &amp;#27;[32mThen &amp;#27;[0m&amp;#27;[32mgive sleep of &amp;#27;[0m&amp;#27;[32m&amp;#27;[1m&quot;000&quot;&amp;#27;[0m                                                                                                                                       &amp;#27;[90m# stepDefinations.SDplaceOrderofBroker1.give_sleep_of_something(java.lang.String)&amp;#27;[0m
  &amp;#27;[32mThen &amp;#27;[0m&amp;#27;[32mgive sleep of &amp;#27;[0m&amp;#27;[32m&amp;#27;[1m&quot;1000&quot;&amp;#27;[0m                                                                                                                                      &amp;#27;[90m# stepDefinations.SDplaceOrderofBroker1.give_sleep_of_something(java.lang.String)&amp;#27;[0m
  &amp;#27;[32mGiven &amp;#27;[0m&amp;#27;[32mloading the header for broker &amp;#27;[0m&amp;#27;[32m&amp;#27;[1m&quot;B1&quot;&amp;#27;[0m                                                                                                                       &amp;#27;[90m# stepDefinations.SDplaceOrderofBroker1.loading_the_header_for_broker_something(java.lang.String)&amp;#27;[0m
s3b1inr = 130703619.8236362590011
  &amp;#27;[32mGiven &amp;#27;[0m&amp;#27;[32mtake balance of &amp;#27;[0m&amp;#27;[32m&amp;#27;[1m&quot;INR&quot;&amp;#27;[0m&amp;#27;[32m with api &amp;#27;[0m&amp;#27;[32m&amp;#27;[1m&quot;Getbalance&quot;&amp;#27;[0m&amp;#27;[32m with name &amp;#27;[0m&amp;#27;[32m&amp;#27;[1m&quot;s3b1inr&quot;&amp;#27;[0m                                                                                          &amp;#27;[90m# stepDefinations.SDplaceOrderofBroker1.take_balance_of_with_api_with_name(java.lang.String,java.lang.String,java.lang.String)&amp;#27;[0m
s3b1btc = 90000828.6960524464
  &amp;#27;[32mGiven &amp;#27;[0m&amp;#27;[32mtake balance of &amp;#27;[0m&amp;#27;[32m&amp;#27;[1m&quot;ETH&quot;&amp;#27;[0m&amp;#27;[32m with api &amp;#27;[0m&amp;#27;[32m&amp;#27;[1m&quot;Getbalance&quot;&amp;#27;[0m&amp;#27;[32m with name &amp;#27;[0m&amp;#27;[32m&amp;#27;[1m&quot;s3b1btc&quot;&amp;#27;[0m                                                                                          &amp;#27;[90m# stepDefinations.SDplaceOrderofBroker1.take_balance_of_with_api_with_name(java.lang.String,java.lang.String,java.lang.String)&amp;#27;[0m
  &amp;#27;[32mGiven &amp;#27;[0m&amp;#27;[32mloading the header for broker &amp;#27;[0m&amp;#27;[32m&amp;#27;[1m&quot;B2&quot;&amp;#27;[0m                                                                                                                       &amp;#27;[90m# stepDefinations.SDplaceOrderofBroker1.loading_the_header_for_broker_something(java.lang.String)&amp;#27;[0m
s3b2inr = 3759799.08380877
  &amp;#27;[32mGiven &amp;#27;[0m&amp;#27;[32mtake balance of &amp;#27;[0m&amp;#27;[32m&amp;#27;[1m&quot;INR&quot;&amp;#27;[0m&amp;#27;[32m with api &amp;#27;[0m&amp;#27;[32m&amp;#27;[1m&quot;Getbalance&quot;&amp;#27;[0m&amp;#27;[32m with name &amp;#27;[0m&amp;#27;[32m&amp;#27;[1m&quot;s3b2inr&quot;&amp;#27;[0m                                                                                          &amp;#27;[90m# stepDefinations.SDplaceOrderofBroker1.take_balance_of_with_api_with_name(java.lang.String,java.lang.String,java.lang.String)&amp;#27;[0m
s3b2btc = 99996.7194592636
  &amp;#27;[32mGiven &amp;#27;[0m&amp;#27;[32mtake balance of &amp;#27;[0m&amp;#27;[32m&amp;#27;[1m&quot;ETH&quot;&amp;#27;[0m&amp;#27;[32m with api &amp;#27;[0m&amp;#27;[32m&amp;#27;[1m&quot;Getbalance&quot;&amp;#27;[0m&amp;#27;[32m with name &amp;#27;[0m&amp;#27;[32m&amp;#27;[1m&quot;s3b2btc&quot;&amp;#27;[0m                                                                                          &amp;#27;[90m# stepDefinations.SDplaceOrderofBroker1.take_balance_of_with_api_with_name(java.lang.String,java.lang.String,java.lang.String)&amp;#27;[0m
-------------------------------------------------------------------------------------
Deduction_of_INR_from_broker1 = 4998.0
-------------------------------------------------------------------------------------
Addition_of_INR_in_broker2 = 4990.0
-------------------------------------------------------------------------------------
Addition_of_BTC_to_broker1 = 0.5
-------------------------------------------------------------------------------------
Deduction_of_BTC_to_broker2 = 0.5
-------------------------------------------------------------------------------------
Fee_for_diffrent_broker = 8.0
-------------------------------------------------------------------------------------
And Fail because diffrence in Fee is= -6.0
  &amp;#27;[31mThen &amp;#27;[0m&amp;#27;[31mCheck fees &amp;#27;[0m&amp;#27;[31m&amp;#27;[1m&quot;2&quot;&amp;#27;[0m&amp;#27;[31m for diffrent broker&amp;#27;[0m                                                                                                                        &amp;#27;[90m# stepDefinations.SDplaceOrderofBroker1.calculate_fees_for_diffrent_broker(java.lang.String)&amp;#27;[0m
      &amp;#27;[31mjava.lang.AssertionError: expected:&lt;8.0&gt; but was:&lt;2.0&gt;
	at org.junit.Assert.fail(Assert.java:89)
	at org.junit.Assert.failNotEquals(Assert.java:835)
	at org.junit.Assert.assertEquals(Assert.java:555)
	at org.junit.Assert.assertEquals(Assert.java:685)
	at stepDefinations.SDplaceOrderofBroker1.calculate_fees_for_diffrent_broker(SDplaceOrderofBroker1.java:310)
	at Ã¢Å“Â½.Check fees &quot;2&quot; for diffrent broker(file:///C:/Users/Dell/eclipse_csk/CSXautomation2Optimision/src/test/java/features/ETHINR.feature:399)
&amp;#27;[0m
  &amp;#27;[36mThen &amp;#27;[0m&amp;#27;[36mgive sleep of &amp;#27;[0m&amp;#27;[36m&amp;#27;[1m&quot;1000&quot;&amp;#27;[0m                                                                                                                                      &amp;#27;[90m# stepDefinations.SDplaceOrderofBroker1.give_sleep_of_something(java.lang.String)&amp;#27;[0m
</system-out>
  </testcase>
  <testcase classname="cucumber.options.TestRunner" name="runScenario" time="25.807">
    <failure message="expected:&lt;8.0&gt; but was:&lt;2.0&gt;" type="java.lang.AssertionError">java.lang.AssertionError: expected:&lt;8.0&gt; but was:&lt;2.0&gt;
	at org.junit.Assert.fail(Assert.java:89)
	at org.junit.Assert.failNotEquals(Assert.java:835)
	at org.junit.Assert.assertEquals(Assert.java:555)
	at org.junit.Assert.assertEquals(Assert.java:685)
	at stepDefinations.SDplaceOrderofBroker1.calculate_fees_for_diffrent_broker(SDplaceOrderofBroker1.java:310)
	at âœ½.Check fees &quot;2&quot; for diffrent broker(file:///C:/Users/Dell/eclipse_csk/CSXautomation2Optimision/src/test/java/features/ETHINR.feature:448)
</failure>
    <system-out>
@GetBalanceforDifferentBrokerPFPD12 @Regression @ETH
Scenario: (placing BUY order first)Verify funds while when order moves in (open---&gt;partially_fulfilled---&gt;partially_decrement(fulfilled)) for diffrent brokers   &amp;#27;[90m# src/test/java/features/ETHINR.feature:403&amp;#27;[0m
  &amp;#27;[32mGiven &amp;#27;[0m&amp;#27;[32mloading the header for broker &amp;#27;[0m&amp;#27;[32m&amp;#27;[1m&quot;B1&quot;&amp;#27;[0m                                                                                                                       &amp;#27;[90m# stepDefinations.SDplaceOrderofBroker1.loading_the_header_for_broker_something(java.lang.String)&amp;#27;[0m
{&quot;data&quot;:&quot;19 open orders will be Cancelled&quot;,&quot;message&quot;:&quot;Orders cancellation in progress&quot;}

  &amp;#27;[32mWhen &amp;#27;[0m&amp;#27;[32mProviding request PathUrl &amp;#27;[0m&amp;#27;[32m&amp;#27;[1m&quot;CancelAllOrders&quot;&amp;#27;[0m&amp;#27;[32m with method &amp;#27;[0m&amp;#27;[32m&amp;#27;[1m&quot;DELETE&quot;&amp;#27;[0m                                                                                          &amp;#27;[90m# stepDefinations.SDplaceOrderofBroker1.providing_request_path_url_with_method(java.lang.String,java.lang.String)&amp;#27;[0m
  &amp;#27;[32mGiven &amp;#27;[0m&amp;#27;[32mloading the header for broker &amp;#27;[0m&amp;#27;[32m&amp;#27;[1m&quot;B2&quot;&amp;#27;[0m                                                                                                                       &amp;#27;[90m# stepDefinations.SDplaceOrderofBroker1.loading_the_header_for_broker_something(java.lang.String)&amp;#27;[0m
{&quot;message&quot;:&quot;No Open Orders to Cancel&quot;}

  &amp;#27;[32mWhen &amp;#27;[0m&amp;#27;[32mProviding request PathUrl &amp;#27;[0m&amp;#27;[32m&amp;#27;[1m&quot;CancelAllOrders&quot;&amp;#27;[0m&amp;#27;[32m with method &amp;#27;[0m&amp;#27;[32m&amp;#27;[1m&quot;DELETE&quot;&amp;#27;[0m                                                                                          &amp;#27;[90m# stepDefinations.SDplaceOrderofBroker1.providing_request_path_url_with_method(java.lang.String,java.lang.String)&amp;#27;[0m
  &amp;#27;[32mGiven &amp;#27;[0m&amp;#27;[32mloading the header for broker &amp;#27;[0m&amp;#27;[32m&amp;#27;[1m&quot;B1&quot;&amp;#27;[0m                                                                                                                       &amp;#27;[90m# stepDefinations.SDplaceOrderofBroker1.loading_the_header_for_broker_something(java.lang.String)&amp;#27;[0m
s1b1inr = 130708651.9136362590011
  &amp;#27;[32mGiven &amp;#27;[0m&amp;#27;[32mtake balance of &amp;#27;[0m&amp;#27;[32m&amp;#27;[1m&quot;INR&quot;&amp;#27;[0m&amp;#27;[32m with api &amp;#27;[0m&amp;#27;[32m&amp;#27;[1m&quot;Getbalance&quot;&amp;#27;[0m&amp;#27;[32m with name &amp;#27;[0m&amp;#27;[32m&amp;#27;[1m&quot;s1b1inr&quot;&amp;#27;[0m                                                                                          &amp;#27;[90m# stepDefinations.SDplaceOrderofBroker1.take_balance_of_with_api_with_name(java.lang.String,java.lang.String,java.lang.String)&amp;#27;[0m
s1b1btc = 90000828.6960524464
  &amp;#27;[32mGiven &amp;#27;[0m&amp;#27;[32mtake balance of &amp;#27;[0m&amp;#27;[32m&amp;#27;[1m&quot;ETH&quot;&amp;#27;[0m&amp;#27;[32m with api &amp;#27;[0m&amp;#27;[32m&amp;#27;[1m&quot;Getbalance&quot;&amp;#27;[0m&amp;#27;[32m with name &amp;#27;[0m&amp;#27;[32m&amp;#27;[1m&quot;s1b1btc&quot;&amp;#27;[0m                                                                                          &amp;#27;[90m# stepDefinations.SDplaceOrderofBroker1.take_balance_of_with_api_with_name(java.lang.String,java.lang.String,java.lang.String)&amp;#27;[0m
  &amp;#27;[32mGiven &amp;#27;[0m&amp;#27;[32mloading the header for broker &amp;#27;[0m&amp;#27;[32m&amp;#27;[1m&quot;B2&quot;&amp;#27;[0m                                                                                                                       &amp;#27;[90m# stepDefinations.SDplaceOrderofBroker1.loading_the_header_for_broker_something(java.lang.String)&amp;#27;[0m
s1b2inr = 3759799.08380877
  &amp;#27;[32mGiven &amp;#27;[0m&amp;#27;[32mtake balance of &amp;#27;[0m&amp;#27;[32m&amp;#27;[1m&quot;INR&quot;&amp;#27;[0m&amp;#27;[32m with api &amp;#27;[0m&amp;#27;[32m&amp;#27;[1m&quot;Getbalance&quot;&amp;#27;[0m&amp;#27;[32m with name &amp;#27;[0m&amp;#27;[32m&amp;#27;[1m&quot;s1b2inr&quot;&amp;#27;[0m                                                                                          &amp;#27;[90m# stepDefinations.SDplaceOrderofBroker1.take_balance_of_with_api_with_name(java.lang.String,java.lang.String,java.lang.String)&amp;#27;[0m
s1b2btc = 99996.7194592636
  &amp;#27;[32mGiven &amp;#27;[0m&amp;#27;[32mtake balance of &amp;#27;[0m&amp;#27;[32m&amp;#27;[1m&quot;ETH&quot;&amp;#27;[0m&amp;#27;[32m with api &amp;#27;[0m&amp;#27;[32m&amp;#27;[1m&quot;Getbalance&quot;&amp;#27;[0m&amp;#27;[32m with name &amp;#27;[0m&amp;#27;[32m&amp;#27;[1m&quot;s1b2btc&quot;&amp;#27;[0m                                                                                          &amp;#27;[90m# stepDefinations.SDplaceOrderofBroker1.take_balance_of_with_api_with_name(java.lang.String,java.lang.String,java.lang.String)&amp;#27;[0m
  &amp;#27;[32mGiven &amp;#27;[0m&amp;#27;[32mPlacing an order for broker &amp;#27;[0m&amp;#27;[32m&amp;#27;[1m&quot;B1&quot;&amp;#27;[0m&amp;#27;[32m of type &amp;#27;[0m&amp;#27;[32m&amp;#27;[1m&quot;limit&quot;&amp;#27;[0m&amp;#27;[32m side &amp;#27;[0m&amp;#27;[32m&amp;#27;[1m&quot;BUY&quot;&amp;#27;[0m&amp;#27;[32m instrument &amp;#27;[0m&amp;#27;[32m&amp;#27;[1m&quot;ETH/INR&quot;&amp;#27;[0m&amp;#27;[32m quantityType &amp;#27;[0m&amp;#27;[32m&amp;#27;[1m&quot;BASE&quot;&amp;#27;[0m&amp;#27;[32m quantity &amp;#27;[0m&amp;#27;[32m&amp;#27;[1m&quot;1&quot;&amp;#27;[0m&amp;#27;[32m limitPrice &amp;#27;[0m&amp;#27;[32m&amp;#27;[1m&quot;10000&quot;&amp;#27;[0m&amp;#27;[32m username &amp;#27;[0m&amp;#27;[32m&amp;#27;[1m&quot;user1&quot;&amp;#27;[0m    &amp;#27;[90m# stepDefinations.SDplaceOrderofBroker1.placing_an_order_of_type_side_instrument_quantity_type_quantity_limit_price_username(java.lang.String,java.lang.String,java.lang.String,java.lang.String,java.lang.String,java.lang.String,java.lang.String,java.lang.String)&amp;#27;[0m
{&quot;data&quot;:{&quot;average_price&quot;:&quot;0&quot;,&quot;brokerId&quot;:&quot;97c02e87-a473-414b-9d27-78764a93d439&quot;,&quot;created_at&quot;:&quot;2022-06-10T06:23:09.765Z&quot;,&quot;filledQuantity&quot;:0,&quot;instrument&quot;:&quot;ETH/INR&quot;,&quot;limit_price&quot;:&quot;10000&quot;,&quot;makerFee&quot;:&quot;-0.04&quot;,&quot;orderId&quot;:&quot;92c3265d-da37-4226-95cd-dbe7c30a3cd2&quot;,&quot;orderType&quot;:&quot;&quot;,&quot;quantity&quot;:&quot;1&quot;,&quot;quantityType&quot;:&quot;&quot;,&quot;side&quot;:&quot;BUY&quot;,&quot;status&quot;:&quot;OPEN&quot;,&quot;takerFee&quot;:&quot;0.07&quot;,&quot;updated_at&quot;:&quot;2022-06-10T06:23:09.765Z&quot;},&quot;message&quot;:&quot;Order placed successfully&quot;}

  &amp;#27;[32mWhen &amp;#27;[0m&amp;#27;[32mProviding request PathUrl &amp;#27;[0m&amp;#27;[32m&amp;#27;[1m&quot;PlaceOrder&quot;&amp;#27;[0m&amp;#27;[32m with method &amp;#27;[0m&amp;#27;[32m&amp;#27;[1m&quot;POST&quot;&amp;#27;[0m                                                                                                 &amp;#27;[90m# stepDefinations.SDplaceOrderofBroker1.providing_request_path_url_with_method(java.lang.String,java.lang.String)&amp;#27;[0m
  &amp;#27;[32mThen &amp;#27;[0m&amp;#27;[32mI verify the  &amp;#27;[0m&amp;#27;[32m&amp;#27;[1m&quot;200&quot;&amp;#27;[0m&amp;#27;[32m in step&amp;#27;[0m                                                                                                                               &amp;#27;[90m# stepDefinations.SDplaceOrderofBroker1.i_verify_the_in_step(java.lang.String)&amp;#27;[0m
  &amp;#27;[32mAnd &amp;#27;[0m&amp;#27;[32mVerify key &amp;#27;[0m&amp;#27;[32m&amp;#27;[1m&quot;message&quot;&amp;#27;[0m&amp;#27;[32m of response &amp;#27;[0m&amp;#27;[32m&amp;#27;[1m&quot;Order placed successfully&quot;&amp;#27;[0m                                                                                               &amp;#27;[90m# stepDefinations.SDplaceOrderofBroker1.verify_key_of_response(java.lang.String,java.lang.String)&amp;#27;[0m
{&quot;data&quot;:{&quot;average_price&quot;:&quot;0&quot;,&quot;brokerId&quot;:&quot;97c02e87-a473-414b-9d27-78764a93d439&quot;,&quot;created_at&quot;:&quot;2022-06-10T06:23:09.765Z&quot;,&quot;filledQuantity&quot;:0,&quot;instrument&quot;:&quot;ETH/INR&quot;,&quot;limit_price&quot;:&quot;10000&quot;,&quot;makerFee&quot;:&quot;-0.04&quot;,&quot;orderId&quot;:&quot;92c3265d-da37-4226-95cd-dbe7c30a3cd2&quot;,&quot;orderType&quot;:&quot;&quot;,&quot;quantity&quot;:&quot;1&quot;,&quot;quantityType&quot;:&quot;&quot;,&quot;side&quot;:&quot;BUY&quot;,&quot;status&quot;:&quot;OPEN&quot;,&quot;takerFee&quot;:&quot;0.07&quot;,&quot;updated_at&quot;:&quot;2022-06-10T06:23:09.765Z&quot;},&quot;message&quot;:&quot;Order fetched successfully&quot;}

  &amp;#27;[32mAnd &amp;#27;[0m&amp;#27;[32mVerify the &amp;#27;[0m&amp;#27;[32m&amp;#27;[1m&quot;data.orderId&quot;&amp;#27;[0m&amp;#27;[32m of response &amp;#27;[0m&amp;#27;[32m&amp;#27;[1m&quot;GetOrder&quot;&amp;#27;[0m                                                                                                           &amp;#27;[90m# stepDefinations.SDplaceOrderofBroker1.verify_the_of_response(java.lang.String,java.lang.String)&amp;#27;[0m
  &amp;#27;[32mAnd &amp;#27;[0m&amp;#27;[32mVerify key &amp;#27;[0m&amp;#27;[32m&amp;#27;[1m&quot;data.status&quot;&amp;#27;[0m&amp;#27;[32m of response &amp;#27;[0m&amp;#27;[32m&amp;#27;[1m&quot;OPEN&quot;&amp;#27;[0m                                                                                                                &amp;#27;[90m# stepDefinations.SDplaceOrderofBroker1.verify_key_of_response(java.lang.String,java.lang.String)&amp;#27;[0m
  &amp;#27;[32mThen &amp;#27;[0m&amp;#27;[32mgive sleep of &amp;#27;[0m&amp;#27;[32m&amp;#27;[1m&quot;000&quot;&amp;#27;[0m                                                                                                                                       &amp;#27;[90m# stepDefinations.SDplaceOrderofBroker1.give_sleep_of_something(java.lang.String)&amp;#27;[0m
  &amp;#27;[32mGiven &amp;#27;[0m&amp;#27;[32mloading the header for broker &amp;#27;[0m&amp;#27;[32m&amp;#27;[1m&quot;B1&quot;&amp;#27;[0m                                                                                                                       &amp;#27;[90m# stepDefinations.SDplaceOrderofBroker1.loading_the_header_for_broker_something(java.lang.String)&amp;#27;[0m
s2b1inr = 130698644.9136362590011
  &amp;#27;[32mGiven &amp;#27;[0m&amp;#27;[32mtake balance of &amp;#27;[0m&amp;#27;[32m&amp;#27;[1m&quot;INR&quot;&amp;#27;[0m&amp;#27;[32m with api &amp;#27;[0m&amp;#27;[32m&amp;#27;[1m&quot;Getbalance&quot;&amp;#27;[0m&amp;#27;[32m with name &amp;#27;[0m&amp;#27;[32m&amp;#27;[1m&quot;s2b1inr&quot;&amp;#27;[0m                                                                                          &amp;#27;[90m# stepDefinations.SDplaceOrderofBroker1.take_balance_of_with_api_with_name(java.lang.String,java.lang.String,java.lang.String)&amp;#27;[0m
s2b1btc = 90000828.6960524464
  &amp;#27;[32mGiven &amp;#27;[0m&amp;#27;[32mtake balance of &amp;#27;[0m&amp;#27;[32m&amp;#27;[1m&quot;ETH&quot;&amp;#27;[0m&amp;#27;[32m with api &amp;#27;[0m&amp;#27;[32m&amp;#27;[1m&quot;Getbalance&quot;&amp;#27;[0m&amp;#27;[32m with name &amp;#27;[0m&amp;#27;[32m&amp;#27;[1m&quot;s2b1btc&quot;&amp;#27;[0m                                                                                          &amp;#27;[90m# stepDefinations.SDplaceOrderofBroker1.take_balance_of_with_api_with_name(java.lang.String,java.lang.String,java.lang.String)&amp;#27;[0m
  &amp;#27;[32mGiven &amp;#27;[0m&amp;#27;[32mloading the header for broker &amp;#27;[0m&amp;#27;[32m&amp;#27;[1m&quot;B2&quot;&amp;#27;[0m                                                                                                                       &amp;#27;[90m# stepDefinations.SDplaceOrderofBroker1.loading_the_header_for_broker_something(java.lang.String)&amp;#27;[0m
s2b2inr = 3759799.08380877
  &amp;#27;[32mGiven &amp;#27;[0m&amp;#27;[32mtake balance of &amp;#27;[0m&amp;#27;[32m&amp;#27;[1m&quot;INR&quot;&amp;#27;[0m&amp;#27;[32m with api &amp;#27;[0m&amp;#27;[32m&amp;#27;[1m&quot;Getbalance&quot;&amp;#27;[0m&amp;#27;[32m with name &amp;#27;[0m&amp;#27;[32m&amp;#27;[1m&quot;s2b2inr&quot;&amp;#27;[0m                                                                                          &amp;#27;[90m# stepDefinations.SDplaceOrderofBroker1.take_balance_of_with_api_with_name(java.lang.String,java.lang.String,java.lang.String)&amp;#27;[0m
s2b2btc = 99996.7194592636
  &amp;#27;[32mGiven &amp;#27;[0m&amp;#27;[32mtake balance of &amp;#27;[0m&amp;#27;[32m&amp;#27;[1m&quot;ETH&quot;&amp;#27;[0m&amp;#27;[32m with api &amp;#27;[0m&amp;#27;[32m&amp;#27;[1m&quot;Getbalance&quot;&amp;#27;[0m&amp;#27;[32m with name &amp;#27;[0m&amp;#27;[32m&amp;#27;[1m&quot;s2b2btc&quot;&amp;#27;[0m                                                                                          &amp;#27;[90m# stepDefinations.SDplaceOrderofBroker1.take_balance_of_with_api_with_name(java.lang.String,java.lang.String,java.lang.String)&amp;#27;[0m
  &amp;#27;[32mGiven &amp;#27;[0m&amp;#27;[32mPlacing an order for broker &amp;#27;[0m&amp;#27;[32m&amp;#27;[1m&quot;B2&quot;&amp;#27;[0m&amp;#27;[32m of type &amp;#27;[0m&amp;#27;[32m&amp;#27;[1m&quot;limit&quot;&amp;#27;[0m&amp;#27;[32m side &amp;#27;[0m&amp;#27;[32m&amp;#27;[1m&quot;SELL&quot;&amp;#27;[0m&amp;#27;[32m instrument &amp;#27;[0m&amp;#27;[32m&amp;#27;[1m&quot;ETH/INR&quot;&amp;#27;[0m&amp;#27;[32m quantityType &amp;#27;[0m&amp;#27;[32m&amp;#27;[1m&quot;BASE&quot;&amp;#27;[0m&amp;#27;[32m quantity &amp;#27;[0m&amp;#27;[32m&amp;#27;[1m&quot;0.5&quot;&amp;#27;[0m&amp;#27;[32m limitPrice &amp;#27;[0m&amp;#27;[32m&amp;#27;[1m&quot;10000&quot;&amp;#27;[0m&amp;#27;[32m username &amp;#27;[0m&amp;#27;[32m&amp;#27;[1m&quot;user1&quot;&amp;#27;[0m &amp;#27;[90m# stepDefinations.SDplaceOrderofBroker1.placing_an_order_of_type_side_instrument_quantity_type_quantity_limit_price_username(java.lang.String,java.lang.String,java.lang.String,java.lang.String,java.lang.String,java.lang.String,java.lang.String,java.lang.String)&amp;#27;[0m
{&quot;data&quot;:{&quot;average_price&quot;:&quot;0&quot;,&quot;brokerId&quot;:&quot;3ab607d8-8836-4aeb-a71d-7030e7c4524f&quot;,&quot;created_at&quot;:&quot;2022-06-10T06:23:21.982Z&quot;,&quot;filledQuantity&quot;:0,&quot;instrument&quot;:&quot;ETH/INR&quot;,&quot;limit_price&quot;:&quot;10000&quot;,&quot;makerFee&quot;:&quot;0.1&quot;,&quot;orderId&quot;:&quot;8b93a4f2-aa02-41ca-9ddf-abc084422413&quot;,&quot;orderType&quot;:&quot;&quot;,&quot;quantity&quot;:&quot;0.5&quot;,&quot;quantityType&quot;:&quot;&quot;,&quot;side&quot;:&quot;SELL&quot;,&quot;status&quot;:&quot;OPEN&quot;,&quot;takerFee&quot;:&quot;0.2&quot;,&quot;updated_at&quot;:&quot;2022-06-10T06:23:21.982Z&quot;},&quot;message&quot;:&quot;Order placed successfully&quot;}

  &amp;#27;[32mWhen &amp;#27;[0m&amp;#27;[32mProviding request PathUrl &amp;#27;[0m&amp;#27;[32m&amp;#27;[1m&quot;PlaceOrder&quot;&amp;#27;[0m&amp;#27;[32m with method &amp;#27;[0m&amp;#27;[32m&amp;#27;[1m&quot;POST&quot;&amp;#27;[0m                                                                                                 &amp;#27;[90m# stepDefinations.SDplaceOrderofBroker1.providing_request_path_url_with_method(java.lang.String,java.lang.String)&amp;#27;[0m
  &amp;#27;[32mThen &amp;#27;[0m&amp;#27;[32mI verify the  &amp;#27;[0m&amp;#27;[32m&amp;#27;[1m&quot;200&quot;&amp;#27;[0m&amp;#27;[32m in step&amp;#27;[0m                                                                                                                               &amp;#27;[90m# stepDefinations.SDplaceOrderofBroker1.i_verify_the_in_step(java.lang.String)&amp;#27;[0m
  &amp;#27;[32mAnd &amp;#27;[0m&amp;#27;[32mVerify key &amp;#27;[0m&amp;#27;[32m&amp;#27;[1m&quot;message&quot;&amp;#27;[0m&amp;#27;[32m of response &amp;#27;[0m&amp;#27;[32m&amp;#27;[1m&quot;Order placed successfully&quot;&amp;#27;[0m                                                                                               &amp;#27;[90m# stepDefinations.SDplaceOrderofBroker1.verify_key_of_response(java.lang.String,java.lang.String)&amp;#27;[0m
  &amp;#27;[32mGiven &amp;#27;[0m&amp;#27;[32mPlacing an order for broker &amp;#27;[0m&amp;#27;[32m&amp;#27;[1m&quot;B1&quot;&amp;#27;[0m&amp;#27;[32m of type &amp;#27;[0m&amp;#27;[32m&amp;#27;[1m&quot;limit&quot;&amp;#27;[0m&amp;#27;[32m side &amp;#27;[0m&amp;#27;[32m&amp;#27;[1m&quot;SELL&quot;&amp;#27;[0m&amp;#27;[32m instrument &amp;#27;[0m&amp;#27;[32m&amp;#27;[1m&quot;ETH/INR&quot;&amp;#27;[0m&amp;#27;[32m quantityType &amp;#27;[0m&amp;#27;[32m&amp;#27;[1m&quot;BASE&quot;&amp;#27;[0m&amp;#27;[32m quantity &amp;#27;[0m&amp;#27;[32m&amp;#27;[1m&quot;0.5&quot;&amp;#27;[0m&amp;#27;[32m limitPrice &amp;#27;[0m&amp;#27;[32m&amp;#27;[1m&quot;10000&quot;&amp;#27;[0m&amp;#27;[32m username &amp;#27;[0m&amp;#27;[32m&amp;#27;[1m&quot;user1&quot;&amp;#27;[0m &amp;#27;[90m# stepDefinations.SDplaceOrderofBroker1.placing_an_order_of_type_side_instrument_quantity_type_quantity_limit_price_username(java.lang.String,java.lang.String,java.lang.String,java.lang.String,java.lang.String,java.lang.String,java.lang.String,java.lang.String)&amp;#27;[0m
{&quot;data&quot;:{&quot;average_price&quot;:&quot;0&quot;,&quot;brokerId&quot;:&quot;97c02e87-a473-414b-9d27-78764a93d439&quot;,&quot;created_at&quot;:&quot;2022-06-10T06:23:22.823Z&quot;,&quot;filledQuantity&quot;:0,&quot;instrument&quot;:&quot;ETH/INR&quot;,&quot;limit_price&quot;:&quot;10000&quot;,&quot;makerFee&quot;:&quot;-0.04&quot;,&quot;orderId&quot;:&quot;1e1b425d-5273-4295-b191-da5c98b8e566&quot;,&quot;orderType&quot;:&quot;&quot;,&quot;quantity&quot;:&quot;0.5&quot;,&quot;quantityType&quot;:&quot;&quot;,&quot;side&quot;:&quot;SELL&quot;,&quot;status&quot;:&quot;OPEN&quot;,&quot;takerFee&quot;:&quot;0.07&quot;,&quot;updated_at&quot;:&quot;2022-06-10T06:23:22.823Z&quot;},&quot;message&quot;:&quot;Order placed successfully&quot;}

  &amp;#27;[32mWhen &amp;#27;[0m&amp;#27;[32mProviding request PathUrl &amp;#27;[0m&amp;#27;[32m&amp;#27;[1m&quot;PlaceOrder&quot;&amp;#27;[0m&amp;#27;[32m with method &amp;#27;[0m&amp;#27;[32m&amp;#27;[1m&quot;POST&quot;&amp;#27;[0m                                                                                                 &amp;#27;[90m# stepDefinations.SDplaceOrderofBroker1.providing_request_path_url_with_method(java.lang.String,java.lang.String)&amp;#27;[0m
  &amp;#27;[32mThen &amp;#27;[0m&amp;#27;[32mI verify the  &amp;#27;[0m&amp;#27;[32m&amp;#27;[1m&quot;200&quot;&amp;#27;[0m&amp;#27;[32m in step&amp;#27;[0m                                                                                                                               &amp;#27;[90m# stepDefinations.SDplaceOrderofBroker1.i_verify_the_in_step(java.lang.String)&amp;#27;[0m
  &amp;#27;[32mAnd &amp;#27;[0m&amp;#27;[32mVerify key &amp;#27;[0m&amp;#27;[32m&amp;#27;[1m&quot;message&quot;&amp;#27;[0m&amp;#27;[32m of response &amp;#27;[0m&amp;#27;[32m&amp;#27;[1m&quot;Order placed successfully&quot;&amp;#27;[0m                                                                                               &amp;#27;[90m# stepDefinations.SDplaceOrderofBroker1.verify_key_of_response(java.lang.String,java.lang.String)&amp;#27;[0m
{&quot;data&quot;:{&quot;average_price&quot;:&quot;10000&quot;,&quot;brokerId&quot;:&quot;97c02e87-a473-414b-9d27-78764a93d439&quot;,&quot;created_at&quot;:&quot;2022-06-10T06:23:22.823Z&quot;,&quot;filledQuantity&quot;:0.5,&quot;instrument&quot;:&quot;ETH/INR&quot;,&quot;limit_price&quot;:&quot;10000&quot;,&quot;makerFee&quot;:&quot;-0.04&quot;,&quot;orderId&quot;:&quot;1e1b425d-5273-4295-b191-da5c98b8e566&quot;,&quot;orderType&quot;:&quot;&quot;,&quot;quantity&quot;:&quot;0.5&quot;,&quot;quantityType&quot;:&quot;&quot;,&quot;side&quot;:&quot;SELL&quot;,&quot;status&quot;:&quot;FULFILLED&quot;,&quot;takerFee&quot;:&quot;0.07&quot;,&quot;updated_at&quot;:&quot;2022-06-10T06:23:23.072Z&quot;},&quot;message&quot;:&quot;Order fetched successfully&quot;}

  &amp;#27;[32mAnd &amp;#27;[0m&amp;#27;[32mVerify the &amp;#27;[0m&amp;#27;[32m&amp;#27;[1m&quot;data.orderId&quot;&amp;#27;[0m&amp;#27;[32m of response &amp;#27;[0m&amp;#27;[32m&amp;#27;[1m&quot;GetOrder&quot;&amp;#27;[0m                                                                                                           &amp;#27;[90m# stepDefinations.SDplaceOrderofBroker1.verify_the_of_response(java.lang.String,java.lang.String)&amp;#27;[0m
  &amp;#27;[32mThen &amp;#27;[0m&amp;#27;[32mgive sleep of &amp;#27;[0m&amp;#27;[32m&amp;#27;[1m&quot;000&quot;&amp;#27;[0m                                                                                                                                       &amp;#27;[90m# stepDefinations.SDplaceOrderofBroker1.give_sleep_of_something(java.lang.String)&amp;#27;[0m
  &amp;#27;[32mThen &amp;#27;[0m&amp;#27;[32mgive sleep of &amp;#27;[0m&amp;#27;[32m&amp;#27;[1m&quot;1000&quot;&amp;#27;[0m                                                                                                                                      &amp;#27;[90m# stepDefinations.SDplaceOrderofBroker1.give_sleep_of_something(java.lang.String)&amp;#27;[0m
  &amp;#27;[32mGiven &amp;#27;[0m&amp;#27;[32mloading the header for broker &amp;#27;[0m&amp;#27;[32m&amp;#27;[1m&quot;B1&quot;&amp;#27;[0m                                                                                                                       &amp;#27;[90m# stepDefinations.SDplaceOrderofBroker1.loading_the_header_for_broker_something(java.lang.String)&amp;#27;[0m
s3b1inr = 130703653.9136362590011
  &amp;#27;[32mGiven &amp;#27;[0m&amp;#27;[32mtake balance of &amp;#27;[0m&amp;#27;[32m&amp;#27;[1m&quot;INR&quot;&amp;#27;[0m&amp;#27;[32m with api &amp;#27;[0m&amp;#27;[32m&amp;#27;[1m&quot;Getbalance&quot;&amp;#27;[0m&amp;#27;[32m with name &amp;#27;[0m&amp;#27;[32m&amp;#27;[1m&quot;s3b1inr&quot;&amp;#27;[0m                                                                                          &amp;#27;[90m# stepDefinations.SDplaceOrderofBroker1.take_balance_of_with_api_with_name(java.lang.String,java.lang.String,java.lang.String)&amp;#27;[0m
s3b1btc = 90000829.1960524464
  &amp;#27;[32mGiven &amp;#27;[0m&amp;#27;[32mtake balance of &amp;#27;[0m&amp;#27;[32m&amp;#27;[1m&quot;ETH&quot;&amp;#27;[0m&amp;#27;[32m with api &amp;#27;[0m&amp;#27;[32m&amp;#27;[1m&quot;Getbalance&quot;&amp;#27;[0m&amp;#27;[32m with name &amp;#27;[0m&amp;#27;[32m&amp;#27;[1m&quot;s3b1btc&quot;&amp;#27;[0m                                                                                          &amp;#27;[90m# stepDefinations.SDplaceOrderofBroker1.take_balance_of_with_api_with_name(java.lang.String,java.lang.String,java.lang.String)&amp;#27;[0m
  &amp;#27;[32mGiven &amp;#27;[0m&amp;#27;[32mloading the header for broker &amp;#27;[0m&amp;#27;[32m&amp;#27;[1m&quot;B2&quot;&amp;#27;[0m                                                                                                                       &amp;#27;[90m# stepDefinations.SDplaceOrderofBroker1.loading_the_header_for_broker_something(java.lang.String)&amp;#27;[0m
s3b2inr = 3764789.08380877
  &amp;#27;[32mGiven &amp;#27;[0m&amp;#27;[32mtake balance of &amp;#27;[0m&amp;#27;[32m&amp;#27;[1m&quot;INR&quot;&amp;#27;[0m&amp;#27;[32m with api &amp;#27;[0m&amp;#27;[32m&amp;#27;[1m&quot;Getbalance&quot;&amp;#27;[0m&amp;#27;[32m with name &amp;#27;[0m&amp;#27;[32m&amp;#27;[1m&quot;s3b2inr&quot;&amp;#27;[0m                                                                                          &amp;#27;[90m# stepDefinations.SDplaceOrderofBroker1.take_balance_of_with_api_with_name(java.lang.String,java.lang.String,java.lang.String)&amp;#27;[0m
s3b2btc = 99996.2194592636
  &amp;#27;[32mGiven &amp;#27;[0m&amp;#27;[32mtake balance of &amp;#27;[0m&amp;#27;[32m&amp;#27;[1m&quot;ETH&quot;&amp;#27;[0m&amp;#27;[32m with api &amp;#27;[0m&amp;#27;[32m&amp;#27;[1m&quot;Getbalance&quot;&amp;#27;[0m&amp;#27;[32m with name &amp;#27;[0m&amp;#27;[32m&amp;#27;[1m&quot;s3b2btc&quot;&amp;#27;[0m                                                                                          &amp;#27;[90m# stepDefinations.SDplaceOrderofBroker1.take_balance_of_with_api_with_name(java.lang.String,java.lang.String,java.lang.String)&amp;#27;[0m
-------------------------------------------------------------------------------------
Deduction_of_INR_from_broker1 = 4998.0
-------------------------------------------------------------------------------------
Addition_of_INR_in_broker2 = 4990.0
-------------------------------------------------------------------------------------
Addition_of_BTC_to_broker1 = 0.5
-------------------------------------------------------------------------------------
Deduction_of_BTC_to_broker2 = 0.5
-------------------------------------------------------------------------------------
Fee_for_diffrent_broker = 8.0
-------------------------------------------------------------------------------------
And Fail because diffrence in Fee is= -6.0
  &amp;#27;[31mThen &amp;#27;[0m&amp;#27;[31mCheck fees &amp;#27;[0m&amp;#27;[31m&amp;#27;[1m&quot;2&quot;&amp;#27;[0m&amp;#27;[31m for diffrent broker&amp;#27;[0m                                                                                                                        &amp;#27;[90m# stepDefinations.SDplaceOrderofBroker1.calculate_fees_for_diffrent_broker(java.lang.String)&amp;#27;[0m
      &amp;#27;[31mjava.lang.AssertionError: expected:&lt;8.0&gt; but was:&lt;2.0&gt;
	at org.junit.Assert.fail(Assert.java:89)
	at org.junit.Assert.failNotEquals(Assert.java:835)
	at org.junit.Assert.assertEquals(Assert.java:555)
	at org.junit.Assert.assertEquals(Assert.java:685)
	at stepDefinations.SDplaceOrderofBroker1.calculate_fees_for_diffrent_broker(SDplaceOrderofBroker1.java:310)
	at Ã¢Å“Â½.Check fees &quot;2&quot; for diffrent broker(file:///C:/Users/Dell/eclipse_csk/CSXautomation2Optimision/src/test/java/features/ETHINR.feature:448)
&amp;#27;[0m
  &amp;#27;[36mThen &amp;#27;[0m&amp;#27;[36mgive sleep of &amp;#27;[0m&amp;#27;[36m&amp;#27;[1m&quot;1000&quot;&amp;#27;[0m                                                                                                                                      &amp;#27;[90m# stepDefinations.SDplaceOrderofBroker1.give_sleep_of_something(java.lang.String)&amp;#27;[0m
</system-out>
  </testcase>
  <testcase classname="cucumber.options.TestRunner" name="runScenario" time="14.788">
    <failure message="expected:&lt;16.0&gt; but was:&lt;4.0&gt;" type="java.lang.AssertionError">java.lang.AssertionError: expected:&lt;16.0&gt; but was:&lt;4.0&gt;
	at org.junit.Assert.fail(Assert.java:89)
	at org.junit.Assert.failNotEquals(Assert.java:835)
	at org.junit.Assert.assertEquals(Assert.java:555)
	at org.junit.Assert.assertEquals(Assert.java:685)
	at stepDefinations.SDplaceOrderofBroker1.calculate_fees_for_diffrent_broker(SDplaceOrderofBroker1.java:310)
	at âœ½.Check fees &quot;4&quot; for diffrent broker(file:///C:/Users/Dell/eclipse_csk/CSXautomation2Optimision/src/test/java/features/ETHINR.feature:498)
</failure>
    <system-out>
@GetBalanceforDifferentBrokerUOM12 @Regression @ETH
Scenario: (placing sell order first)Verify funds while Updating the order and matching it with two counter orders with diffrent brokers                         &amp;#27;[90m# src/test/java/features/ETHINR.feature:452&amp;#27;[0m
  &amp;#27;[32mGiven &amp;#27;[0m&amp;#27;[32mloading the header for broker &amp;#27;[0m&amp;#27;[32m&amp;#27;[1m&quot;B1&quot;&amp;#27;[0m                                                                                                                      &amp;#27;[90m# stepDefinations.SDplaceOrderofBroker1.loading_the_header_for_broker_something(java.lang.String)&amp;#27;[0m
s1b1inr = 130703653.9136362590011
  &amp;#27;[32mGiven &amp;#27;[0m&amp;#27;[32mtake balance of &amp;#27;[0m&amp;#27;[32m&amp;#27;[1m&quot;INR&quot;&amp;#27;[0m&amp;#27;[32m with api &amp;#27;[0m&amp;#27;[32m&amp;#27;[1m&quot;Getbalance&quot;&amp;#27;[0m&amp;#27;[32m with name &amp;#27;[0m&amp;#27;[32m&amp;#27;[1m&quot;s1b1inr&quot;&amp;#27;[0m                                                                                         &amp;#27;[90m# stepDefinations.SDplaceOrderofBroker1.take_balance_of_with_api_with_name(java.lang.String,java.lang.String,java.lang.String)&amp;#27;[0m
s1b1btc = 90000829.1960524464
  &amp;#27;[32mGiven &amp;#27;[0m&amp;#27;[32mtake balance of &amp;#27;[0m&amp;#27;[32m&amp;#27;[1m&quot;ETH&quot;&amp;#27;[0m&amp;#27;[32m with api &amp;#27;[0m&amp;#27;[32m&amp;#27;[1m&quot;Getbalance&quot;&amp;#27;[0m&amp;#27;[32m with name &amp;#27;[0m&amp;#27;[32m&amp;#27;[1m&quot;s1b1btc&quot;&amp;#27;[0m                                                                                         &amp;#27;[90m# stepDefinations.SDplaceOrderofBroker1.take_balance_of_with_api_with_name(java.lang.String,java.lang.String,java.lang.String)&amp;#27;[0m
  &amp;#27;[32mGiven &amp;#27;[0m&amp;#27;[32mloading the header for broker &amp;#27;[0m&amp;#27;[32m&amp;#27;[1m&quot;B2&quot;&amp;#27;[0m                                                                                                                      &amp;#27;[90m# stepDefinations.SDplaceOrderofBroker1.loading_the_header_for_broker_something(java.lang.String)&amp;#27;[0m
s1b2inr = 3764789.08380877
  &amp;#27;[32mGiven &amp;#27;[0m&amp;#27;[32mtake balance of &amp;#27;[0m&amp;#27;[32m&amp;#27;[1m&quot;INR&quot;&amp;#27;[0m&amp;#27;[32m with api &amp;#27;[0m&amp;#27;[32m&amp;#27;[1m&quot;Getbalance&quot;&amp;#27;[0m&amp;#27;[32m with name &amp;#27;[0m&amp;#27;[32m&amp;#27;[1m&quot;s1b2inr&quot;&amp;#27;[0m                                                                                         &amp;#27;[90m# stepDefinations.SDplaceOrderofBroker1.take_balance_of_with_api_with_name(java.lang.String,java.lang.String,java.lang.String)&amp;#27;[0m
s1b2btc = 99996.2194592636
  &amp;#27;[32mGiven &amp;#27;[0m&amp;#27;[32mtake balance of &amp;#27;[0m&amp;#27;[32m&amp;#27;[1m&quot;ETH&quot;&amp;#27;[0m&amp;#27;[32m with api &amp;#27;[0m&amp;#27;[32m&amp;#27;[1m&quot;Getbalance&quot;&amp;#27;[0m&amp;#27;[32m with name &amp;#27;[0m&amp;#27;[32m&amp;#27;[1m&quot;s1b2btc&quot;&amp;#27;[0m                                                                                         &amp;#27;[90m# stepDefinations.SDplaceOrderofBroker1.take_balance_of_with_api_with_name(java.lang.String,java.lang.String,java.lang.String)&amp;#27;[0m
  &amp;#27;[32mGiven &amp;#27;[0m&amp;#27;[32mPlacing an order for broker &amp;#27;[0m&amp;#27;[32m&amp;#27;[1m&quot;B1&quot;&amp;#27;[0m&amp;#27;[32m of type &amp;#27;[0m&amp;#27;[32m&amp;#27;[1m&quot;limit&quot;&amp;#27;[0m&amp;#27;[32m side &amp;#27;[0m&amp;#27;[32m&amp;#27;[1m&quot;SELL&quot;&amp;#27;[0m&amp;#27;[32m instrument &amp;#27;[0m&amp;#27;[32m&amp;#27;[1m&quot;ETH/INR&quot;&amp;#27;[0m&amp;#27;[32m quantityType &amp;#27;[0m&amp;#27;[32m&amp;#27;[1m&quot;BASE&quot;&amp;#27;[0m&amp;#27;[32m quantity &amp;#27;[0m&amp;#27;[32m&amp;#27;[1m&quot;1&quot;&amp;#27;[0m&amp;#27;[32m limitPrice &amp;#27;[0m&amp;#27;[32m&amp;#27;[1m&quot;1000&quot;&amp;#27;[0m&amp;#27;[32m username &amp;#27;[0m&amp;#27;[32m&amp;#27;[1m&quot;user1&quot;&amp;#27;[0m   &amp;#27;[90m# stepDefinations.SDplaceOrderofBroker1.placing_an_order_of_type_side_instrument_quantity_type_quantity_limit_price_username(java.lang.String,java.lang.String,java.lang.String,java.lang.String,java.lang.String,java.lang.String,java.lang.String,java.lang.String)&amp;#27;[0m
{&quot;data&quot;:{&quot;average_price&quot;:&quot;0&quot;,&quot;brokerId&quot;:&quot;97c02e87-a473-414b-9d27-78764a93d439&quot;,&quot;created_at&quot;:&quot;2022-06-10T06:23:30.781Z&quot;,&quot;filledQuantity&quot;:0,&quot;instrument&quot;:&quot;ETH/INR&quot;,&quot;limit_price&quot;:&quot;1000&quot;,&quot;makerFee&quot;:&quot;-0.04&quot;,&quot;orderId&quot;:&quot;1af73edf-9787-415f-aeb4-78b704e0c6fe&quot;,&quot;orderType&quot;:&quot;&quot;,&quot;quantity&quot;:&quot;1&quot;,&quot;quantityType&quot;:&quot;&quot;,&quot;side&quot;:&quot;SELL&quot;,&quot;status&quot;:&quot;OPEN&quot;,&quot;takerFee&quot;:&quot;0.07&quot;,&quot;updated_at&quot;:&quot;2022-06-10T06:23:30.781Z&quot;},&quot;message&quot;:&quot;Order placed successfully&quot;}

  &amp;#27;[32mWhen &amp;#27;[0m&amp;#27;[32mProviding request PathUrl &amp;#27;[0m&amp;#27;[32m&amp;#27;[1m&quot;PlaceOrder&quot;&amp;#27;[0m&amp;#27;[32m with method &amp;#27;[0m&amp;#27;[32m&amp;#27;[1m&quot;POST&quot;&amp;#27;[0m                                                                                                &amp;#27;[90m# stepDefinations.SDplaceOrderofBroker1.providing_request_path_url_with_method(java.lang.String,java.lang.String)&amp;#27;[0m
  &amp;#27;[32mThen &amp;#27;[0m&amp;#27;[32mI verify the  &amp;#27;[0m&amp;#27;[32m&amp;#27;[1m&quot;200&quot;&amp;#27;[0m&amp;#27;[32m in step&amp;#27;[0m                                                                                                                              &amp;#27;[90m# stepDefinations.SDplaceOrderofBroker1.i_verify_the_in_step(java.lang.String)&amp;#27;[0m
  &amp;#27;[32mAnd &amp;#27;[0m&amp;#27;[32mVerify key &amp;#27;[0m&amp;#27;[32m&amp;#27;[1m&quot;message&quot;&amp;#27;[0m&amp;#27;[32m of response &amp;#27;[0m&amp;#27;[32m&amp;#27;[1m&quot;Order placed successfully&quot;&amp;#27;[0m                                                                                              &amp;#27;[90m# stepDefinations.SDplaceOrderofBroker1.verify_key_of_response(java.lang.String,java.lang.String)&amp;#27;[0m
{&quot;data&quot;:{&quot;average_price&quot;:&quot;0&quot;,&quot;brokerId&quot;:&quot;97c02e87-a473-414b-9d27-78764a93d439&quot;,&quot;created_at&quot;:&quot;2022-06-10T06:23:30.781Z&quot;,&quot;filledQuantity&quot;:0,&quot;instrument&quot;:&quot;ETH/INR&quot;,&quot;limit_price&quot;:&quot;1000&quot;,&quot;makerFee&quot;:&quot;-0.04&quot;,&quot;orderId&quot;:&quot;1af73edf-9787-415f-aeb4-78b704e0c6fe&quot;,&quot;orderType&quot;:&quot;&quot;,&quot;quantity&quot;:&quot;1&quot;,&quot;quantityType&quot;:&quot;&quot;,&quot;side&quot;:&quot;SELL&quot;,&quot;status&quot;:&quot;OPEN&quot;,&quot;takerFee&quot;:&quot;0.07&quot;,&quot;updated_at&quot;:&quot;2022-06-10T06:23:30.781Z&quot;},&quot;message&quot;:&quot;Order fetched successfully&quot;}

  &amp;#27;[32mAnd &amp;#27;[0m&amp;#27;[32mVerify the &amp;#27;[0m&amp;#27;[32m&amp;#27;[1m&quot;data.orderId&quot;&amp;#27;[0m&amp;#27;[32m of response &amp;#27;[0m&amp;#27;[32m&amp;#27;[1m&quot;GetOrder&quot;&amp;#27;[0m                                                                                                          &amp;#27;[90m# stepDefinations.SDplaceOrderofBroker1.verify_the_of_response(java.lang.String,java.lang.String)&amp;#27;[0m
  &amp;#27;[32mAnd &amp;#27;[0m&amp;#27;[32mVerify key &amp;#27;[0m&amp;#27;[32m&amp;#27;[1m&quot;data.status&quot;&amp;#27;[0m&amp;#27;[32m of response &amp;#27;[0m&amp;#27;[32m&amp;#27;[1m&quot;OPEN&quot;&amp;#27;[0m                                                                                                               &amp;#27;[90m# stepDefinations.SDplaceOrderofBroker1.verify_key_of_response(java.lang.String,java.lang.String)&amp;#27;[0m
  &amp;#27;[32mGiven &amp;#27;[0m&amp;#27;[32mUpdate an order for broker &amp;#27;[0m&amp;#27;[32m&amp;#27;[1m&quot;B1&quot;&amp;#27;[0m&amp;#27;[32m of  instrument &amp;#27;[0m&amp;#27;[32m&amp;#27;[1m&quot;ETH/INR&quot;&amp;#27;[0m&amp;#27;[32m quantityType &amp;#27;[0m&amp;#27;[32m&amp;#27;[1m&quot;BASE&quot;&amp;#27;[0m&amp;#27;[32m quantity &amp;#27;[0m&amp;#27;[32m&amp;#27;[1m&quot;1&quot;&amp;#27;[0m&amp;#27;[32m limitPrice &amp;#27;[0m&amp;#27;[32m&amp;#27;[1m&quot;10000&quot;&amp;#27;[0m&amp;#27;[32m username &amp;#27;[0m&amp;#27;[32m&amp;#27;[1m&quot;user1&quot;&amp;#27;[0m&amp;#27;[32m orderType &amp;#27;[0m&amp;#27;[32m&amp;#27;[1m&quot;LIMIT&quot;&amp;#27;[0m         &amp;#27;[90m# stepDefinations.SDplaceOrderofBroker1.update_an_order_of_instrument_quantity_type_quantity_limit_price_username(java.lang.String,java.lang.String,java.lang.String,java.lang.String,java.lang.String,java.lang.String,java.lang.String)&amp;#27;[0m
{&quot;data&quot;:{&quot;average_price&quot;:&quot;0&quot;,&quot;brokerId&quot;:&quot;97c02e87-a473-414b-9d27-78764a93d439&quot;,&quot;created_at&quot;:&quot;2022-06-10T06:23:32.459Z&quot;,&quot;filledQuantity&quot;:0,&quot;instrument&quot;:&quot;ETH/INR&quot;,&quot;limit_price&quot;:&quot;10000&quot;,&quot;makerFee&quot;:&quot;-0.04&quot;,&quot;orderId&quot;:&quot;49f36ed4-f06f-4cfb-b508-a107ebf04900&quot;,&quot;orderType&quot;:&quot;&quot;,&quot;quantity&quot;:&quot;1&quot;,&quot;quantityType&quot;:&quot;&quot;,&quot;side&quot;:&quot;SELL&quot;,&quot;status&quot;:&quot;OPEN&quot;,&quot;takerFee&quot;:&quot;0.07&quot;,&quot;updated_at&quot;:&quot;2022-06-10T06:23:32.459Z&quot;},&quot;message&quot;:&quot;Order updated successfully&quot;}

  &amp;#27;[32mWhen &amp;#27;[0m&amp;#27;[32mProviding request PathUrl &amp;#27;[0m&amp;#27;[32m&amp;#27;[1m&quot;PlaceOrder&quot;&amp;#27;[0m&amp;#27;[32m with method &amp;#27;[0m&amp;#27;[32m&amp;#27;[1m&quot;PATCH&quot;&amp;#27;[0m                                                                                               &amp;#27;[90m# stepDefinations.SDplaceOrderofBroker1.providing_request_path_url_with_method(java.lang.String,java.lang.String)&amp;#27;[0m
  &amp;#27;[32mThen &amp;#27;[0m&amp;#27;[32mI verify the  &amp;#27;[0m&amp;#27;[32m&amp;#27;[1m&quot;200&quot;&amp;#27;[0m&amp;#27;[32m in step&amp;#27;[0m                                                                                                                              &amp;#27;[90m# stepDefinations.SDplaceOrderofBroker1.i_verify_the_in_step(java.lang.String)&amp;#27;[0m
  &amp;#27;[32mAnd &amp;#27;[0m&amp;#27;[32mVerify key &amp;#27;[0m&amp;#27;[32m&amp;#27;[1m&quot;message&quot;&amp;#27;[0m&amp;#27;[32m of response &amp;#27;[0m&amp;#27;[32m&amp;#27;[1m&quot;Order updated successfully&quot;&amp;#27;[0m                                                                                             &amp;#27;[90m# stepDefinations.SDplaceOrderofBroker1.verify_key_of_response(java.lang.String,java.lang.String)&amp;#27;[0m
  &amp;#27;[32mThen &amp;#27;[0m&amp;#27;[32mExtracting the data &amp;#27;[0m&amp;#27;[32m&amp;#27;[1m&quot;data&quot;&amp;#27;[0m                                                                                                                               &amp;#27;[90m# stepDefinations.SDplaceOrderofBroker1.Extracting_the_data(java.lang.String)&amp;#27;[0m
{&quot;data&quot;:{&quot;average_price&quot;:&quot;0&quot;,&quot;brokerId&quot;:&quot;97c02e87-a473-414b-9d27-78764a93d439&quot;,&quot;created_at&quot;:&quot;2022-06-10T06:23:32.459Z&quot;,&quot;filledQuantity&quot;:0,&quot;instrument&quot;:&quot;ETH/INR&quot;,&quot;limit_price&quot;:&quot;10000&quot;,&quot;makerFee&quot;:&quot;-0.04&quot;,&quot;orderId&quot;:&quot;49f36ed4-f06f-4cfb-b508-a107ebf04900&quot;,&quot;orderType&quot;:&quot;&quot;,&quot;quantity&quot;:&quot;1&quot;,&quot;quantityType&quot;:&quot;&quot;,&quot;side&quot;:&quot;SELL&quot;,&quot;status&quot;:&quot;OPEN&quot;,&quot;takerFee&quot;:&quot;0.07&quot;,&quot;updated_at&quot;:&quot;2022-06-10T06:23:32.459Z&quot;},&quot;message&quot;:&quot;Order fetched successfully&quot;}

  &amp;#27;[32mAnd &amp;#27;[0m&amp;#27;[32mVerify the &amp;#27;[0m&amp;#27;[32m&amp;#27;[1m&quot;data.orderId&quot;&amp;#27;[0m&amp;#27;[32m of response &amp;#27;[0m&amp;#27;[32m&amp;#27;[1m&quot;GetOrder&quot;&amp;#27;[0m                                                                                                          &amp;#27;[90m# stepDefinations.SDplaceOrderofBroker1.verify_the_of_response(java.lang.String,java.lang.String)&amp;#27;[0m
  &amp;#27;[32mAnd &amp;#27;[0m&amp;#27;[32mVerify key &amp;#27;[0m&amp;#27;[32m&amp;#27;[1m&quot;data.status&quot;&amp;#27;[0m&amp;#27;[32m of response &amp;#27;[0m&amp;#27;[32m&amp;#27;[1m&quot;OPEN&quot;&amp;#27;[0m                                                                                                               &amp;#27;[90m# stepDefinations.SDplaceOrderofBroker1.verify_key_of_response(java.lang.String,java.lang.String)&amp;#27;[0m
  &amp;#27;[32mThen &amp;#27;[0m&amp;#27;[32mgive sleep of &amp;#27;[0m&amp;#27;[32m&amp;#27;[1m&quot;000&quot;&amp;#27;[0m                                                                                                                                      &amp;#27;[90m# stepDefinations.SDplaceOrderofBroker1.give_sleep_of_something(java.lang.String)&amp;#27;[0m
  &amp;#27;[32mGiven &amp;#27;[0m&amp;#27;[32mloading the header for broker &amp;#27;[0m&amp;#27;[32m&amp;#27;[1m&quot;B1&quot;&amp;#27;[0m                                                                                                                      &amp;#27;[90m# stepDefinations.SDplaceOrderofBroker1.loading_the_header_for_broker_something(java.lang.String)&amp;#27;[0m
s2b1inr = 130703653.9136362590011
  &amp;#27;[32mGiven &amp;#27;[0m&amp;#27;[32mtake balance of &amp;#27;[0m&amp;#27;[32m&amp;#27;[1m&quot;INR&quot;&amp;#27;[0m&amp;#27;[32m with api &amp;#27;[0m&amp;#27;[32m&amp;#27;[1m&quot;Getbalance&quot;&amp;#27;[0m&amp;#27;[32m with name &amp;#27;[0m&amp;#27;[32m&amp;#27;[1m&quot;s2b1inr&quot;&amp;#27;[0m                                                                                         &amp;#27;[90m# stepDefinations.SDplaceOrderofBroker1.take_balance_of_with_api_with_name(java.lang.String,java.lang.String,java.lang.String)&amp;#27;[0m
s2b1btc = 90000828.1960524464
  &amp;#27;[32mGiven &amp;#27;[0m&amp;#27;[32mtake balance of &amp;#27;[0m&amp;#27;[32m&amp;#27;[1m&quot;ETH&quot;&amp;#27;[0m&amp;#27;[32m with api &amp;#27;[0m&amp;#27;[32m&amp;#27;[1m&quot;Getbalance&quot;&amp;#27;[0m&amp;#27;[32m with name &amp;#27;[0m&amp;#27;[32m&amp;#27;[1m&quot;s2b1btc&quot;&amp;#27;[0m                                                                                         &amp;#27;[90m# stepDefinations.SDplaceOrderofBroker1.take_balance_of_with_api_with_name(java.lang.String,java.lang.String,java.lang.String)&amp;#27;[0m
  &amp;#27;[32mGiven &amp;#27;[0m&amp;#27;[32mloading the header for broker &amp;#27;[0m&amp;#27;[32m&amp;#27;[1m&quot;B2&quot;&amp;#27;[0m                                                                                                                      &amp;#27;[90m# stepDefinations.SDplaceOrderofBroker1.loading_the_header_for_broker_something(java.lang.String)&amp;#27;[0m
s2b2inr = 3764789.08380877
  &amp;#27;[32mGiven &amp;#27;[0m&amp;#27;[32mtake balance of &amp;#27;[0m&amp;#27;[32m&amp;#27;[1m&quot;INR&quot;&amp;#27;[0m&amp;#27;[32m with api &amp;#27;[0m&amp;#27;[32m&amp;#27;[1m&quot;Getbalance&quot;&amp;#27;[0m&amp;#27;[32m with name &amp;#27;[0m&amp;#27;[32m&amp;#27;[1m&quot;s2b2inr&quot;&amp;#27;[0m                                                                                         &amp;#27;[90m# stepDefinations.SDplaceOrderofBroker1.take_balance_of_with_api_with_name(java.lang.String,java.lang.String,java.lang.String)&amp;#27;[0m
s2b2btc = 99996.2194592636
  &amp;#27;[32mGiven &amp;#27;[0m&amp;#27;[32mtake balance of &amp;#27;[0m&amp;#27;[32m&amp;#27;[1m&quot;ETH&quot;&amp;#27;[0m&amp;#27;[32m with api &amp;#27;[0m&amp;#27;[32m&amp;#27;[1m&quot;Getbalance&quot;&amp;#27;[0m&amp;#27;[32m with name &amp;#27;[0m&amp;#27;[32m&amp;#27;[1m&quot;s2b2btc&quot;&amp;#27;[0m                                                                                         &amp;#27;[90m# stepDefinations.SDplaceOrderofBroker1.take_balance_of_with_api_with_name(java.lang.String,java.lang.String,java.lang.String)&amp;#27;[0m
  &amp;#27;[32mGiven &amp;#27;[0m&amp;#27;[32mPlacing an order for broker &amp;#27;[0m&amp;#27;[32m&amp;#27;[1m&quot;B2&quot;&amp;#27;[0m&amp;#27;[32m of type &amp;#27;[0m&amp;#27;[32m&amp;#27;[1m&quot;limit&quot;&amp;#27;[0m&amp;#27;[32m side &amp;#27;[0m&amp;#27;[32m&amp;#27;[1m&quot;BUY&quot;&amp;#27;[0m&amp;#27;[32m instrument &amp;#27;[0m&amp;#27;[32m&amp;#27;[1m&quot;ETH/INR&quot;&amp;#27;[0m&amp;#27;[32m quantityType &amp;#27;[0m&amp;#27;[32m&amp;#27;[1m&quot;BASE&quot;&amp;#27;[0m&amp;#27;[32m quantity &amp;#27;[0m&amp;#27;[32m&amp;#27;[1m&quot;0.5&quot;&amp;#27;[0m&amp;#27;[32m limitPrice &amp;#27;[0m&amp;#27;[32m&amp;#27;[1m&quot;10000&quot;&amp;#27;[0m&amp;#27;[32m username &amp;#27;[0m&amp;#27;[32m&amp;#27;[1m&quot;user2&quot;&amp;#27;[0m &amp;#27;[90m# stepDefinations.SDplaceOrderofBroker1.placing_an_order_of_type_side_instrument_quantity_type_quantity_limit_price_username(java.lang.String,java.lang.String,java.lang.String,java.lang.String,java.lang.String,java.lang.String,java.lang.String,java.lang.String)&amp;#27;[0m
{&quot;data&quot;:{&quot;average_price&quot;:&quot;0&quot;,&quot;brokerId&quot;:&quot;3ab607d8-8836-4aeb-a71d-7030e7c4524f&quot;,&quot;created_at&quot;:&quot;2022-06-10T06:23:37.105Z&quot;,&quot;filledQuantity&quot;:0,&quot;instrument&quot;:&quot;ETH/INR&quot;,&quot;limit_price&quot;:&quot;10000&quot;,&quot;makerFee&quot;:&quot;0.1&quot;,&quot;orderId&quot;:&quot;aa451219-0c23-44a0-bef9-011e4127da22&quot;,&quot;orderType&quot;:&quot;&quot;,&quot;quantity&quot;:&quot;0.5&quot;,&quot;quantityType&quot;:&quot;&quot;,&quot;side&quot;:&quot;BUY&quot;,&quot;status&quot;:&quot;OPEN&quot;,&quot;takerFee&quot;:&quot;0.2&quot;,&quot;updated_at&quot;:&quot;2022-06-10T06:23:37.105Z&quot;},&quot;message&quot;:&quot;Order placed successfully&quot;}

  &amp;#27;[32mWhen &amp;#27;[0m&amp;#27;[32mProviding request PathUrl &amp;#27;[0m&amp;#27;[32m&amp;#27;[1m&quot;PlaceOrder&quot;&amp;#27;[0m&amp;#27;[32m with method &amp;#27;[0m&amp;#27;[32m&amp;#27;[1m&quot;POST&quot;&amp;#27;[0m                                                                                                &amp;#27;[90m# stepDefinations.SDplaceOrderofBroker1.providing_request_path_url_with_method(java.lang.String,java.lang.String)&amp;#27;[0m
  &amp;#27;[32mThen &amp;#27;[0m&amp;#27;[32mI verify the  &amp;#27;[0m&amp;#27;[32m&amp;#27;[1m&quot;200&quot;&amp;#27;[0m&amp;#27;[32m in step&amp;#27;[0m                                                                                                                              &amp;#27;[90m# stepDefinations.SDplaceOrderofBroker1.i_verify_the_in_step(java.lang.String)&amp;#27;[0m
  &amp;#27;[32mAnd &amp;#27;[0m&amp;#27;[32mVerify key &amp;#27;[0m&amp;#27;[32m&amp;#27;[1m&quot;message&quot;&amp;#27;[0m&amp;#27;[32m of response &amp;#27;[0m&amp;#27;[32m&amp;#27;[1m&quot;Order placed successfully&quot;&amp;#27;[0m                                                                                              &amp;#27;[90m# stepDefinations.SDplaceOrderofBroker1.verify_key_of_response(java.lang.String,java.lang.String)&amp;#27;[0m
  &amp;#27;[32mGiven &amp;#27;[0m&amp;#27;[32mPlacing an order for broker &amp;#27;[0m&amp;#27;[32m&amp;#27;[1m&quot;B2&quot;&amp;#27;[0m&amp;#27;[32m of type &amp;#27;[0m&amp;#27;[32m&amp;#27;[1m&quot;limit&quot;&amp;#27;[0m&amp;#27;[32m side &amp;#27;[0m&amp;#27;[32m&amp;#27;[1m&quot;BUY&quot;&amp;#27;[0m&amp;#27;[32m instrument &amp;#27;[0m&amp;#27;[32m&amp;#27;[1m&quot;ETH/INR&quot;&amp;#27;[0m&amp;#27;[32m quantityType &amp;#27;[0m&amp;#27;[32m&amp;#27;[1m&quot;BASE&quot;&amp;#27;[0m&amp;#27;[32m quantity &amp;#27;[0m&amp;#27;[32m&amp;#27;[1m&quot;0.5&quot;&amp;#27;[0m&amp;#27;[32m limitPrice &amp;#27;[0m&amp;#27;[32m&amp;#27;[1m&quot;10000&quot;&amp;#27;[0m&amp;#27;[32m username &amp;#27;[0m&amp;#27;[32m&amp;#27;[1m&quot;user3&quot;&amp;#27;[0m &amp;#27;[90m# stepDefinations.SDplaceOrderofBroker1.placing_an_order_of_type_side_instrument_quantity_type_quantity_limit_price_username(java.lang.String,java.lang.String,java.lang.String,java.lang.String,java.lang.String,java.lang.String,java.lang.String,java.lang.String)&amp;#27;[0m
{&quot;data&quot;:{&quot;average_price&quot;:&quot;0&quot;,&quot;brokerId&quot;:&quot;3ab607d8-8836-4aeb-a71d-7030e7c4524f&quot;,&quot;created_at&quot;:&quot;2022-06-10T06:23:37.966Z&quot;,&quot;filledQuantity&quot;:0,&quot;instrument&quot;:&quot;ETH/INR&quot;,&quot;limit_price&quot;:&quot;10000&quot;,&quot;makerFee&quot;:&quot;0.1&quot;,&quot;orderId&quot;:&quot;a8a828eb-ab14-4e44-8afe-3069266b77db&quot;,&quot;orderType&quot;:&quot;&quot;,&quot;quantity&quot;:&quot;0.5&quot;,&quot;quantityType&quot;:&quot;&quot;,&quot;side&quot;:&quot;BUY&quot;,&quot;status&quot;:&quot;OPEN&quot;,&quot;takerFee&quot;:&quot;0.2&quot;,&quot;updated_at&quot;:&quot;2022-06-10T06:23:37.966Z&quot;},&quot;message&quot;:&quot;Order placed successfully&quot;}

  &amp;#27;[32mWhen &amp;#27;[0m&amp;#27;[32mProviding request PathUrl &amp;#27;[0m&amp;#27;[32m&amp;#27;[1m&quot;PlaceOrder&quot;&amp;#27;[0m&amp;#27;[32m with method &amp;#27;[0m&amp;#27;[32m&amp;#27;[1m&quot;POST&quot;&amp;#27;[0m                                                                                                &amp;#27;[90m# stepDefinations.SDplaceOrderofBroker1.providing_request_path_url_with_method(java.lang.String,java.lang.String)&amp;#27;[0m
  &amp;#27;[32mThen &amp;#27;[0m&amp;#27;[32mI verify the  &amp;#27;[0m&amp;#27;[32m&amp;#27;[1m&quot;200&quot;&amp;#27;[0m&amp;#27;[32m in step&amp;#27;[0m                                                                                                                              &amp;#27;[90m# stepDefinations.SDplaceOrderofBroker1.i_verify_the_in_step(java.lang.String)&amp;#27;[0m
  &amp;#27;[32mAnd &amp;#27;[0m&amp;#27;[32mVerify key &amp;#27;[0m&amp;#27;[32m&amp;#27;[1m&quot;message&quot;&amp;#27;[0m&amp;#27;[32m of response &amp;#27;[0m&amp;#27;[32m&amp;#27;[1m&quot;Order placed successfully&quot;&amp;#27;[0m                                                                                              &amp;#27;[90m# stepDefinations.SDplaceOrderofBroker1.verify_key_of_response(java.lang.String,java.lang.String)&amp;#27;[0m
{&quot;data&quot;:{&quot;average_price&quot;:&quot;10000&quot;,&quot;brokerId&quot;:&quot;3ab607d8-8836-4aeb-a71d-7030e7c4524f&quot;,&quot;created_at&quot;:&quot;2022-06-10T06:23:37.966Z&quot;,&quot;filledQuantity&quot;:0.5,&quot;instrument&quot;:&quot;ETH/INR&quot;,&quot;limit_price&quot;:&quot;10000&quot;,&quot;makerFee&quot;:&quot;0.1&quot;,&quot;orderId&quot;:&quot;a8a828eb-ab14-4e44-8afe-3069266b77db&quot;,&quot;orderType&quot;:&quot;&quot;,&quot;quantity&quot;:&quot;0.5&quot;,&quot;quantityType&quot;:&quot;&quot;,&quot;side&quot;:&quot;BUY&quot;,&quot;status&quot;:&quot;FULFILLED&quot;,&quot;takerFee&quot;:&quot;0.2&quot;,&quot;updated_at&quot;:&quot;2022-06-10T06:23:38.164Z&quot;},&quot;message&quot;:&quot;Order fetched successfully&quot;}

  &amp;#27;[32mAnd &amp;#27;[0m&amp;#27;[32mVerify the &amp;#27;[0m&amp;#27;[32m&amp;#27;[1m&quot;data.orderId&quot;&amp;#27;[0m&amp;#27;[32m of response &amp;#27;[0m&amp;#27;[32m&amp;#27;[1m&quot;GetOrder&quot;&amp;#27;[0m                                                                                                          &amp;#27;[90m# stepDefinations.SDplaceOrderofBroker1.verify_the_of_response(java.lang.String,java.lang.String)&amp;#27;[0m
  &amp;#27;[32mThen &amp;#27;[0m&amp;#27;[32mgive sleep of &amp;#27;[0m&amp;#27;[32m&amp;#27;[1m&quot;000&quot;&amp;#27;[0m                                                                                                                                      &amp;#27;[90m# stepDefinations.SDplaceOrderofBroker1.give_sleep_of_something(java.lang.String)&amp;#27;[0m
  &amp;#27;[32mThen &amp;#27;[0m&amp;#27;[32mgive sleep of &amp;#27;[0m&amp;#27;[32m&amp;#27;[1m&quot;1000&quot;&amp;#27;[0m                                                                                                                                     &amp;#27;[90m# stepDefinations.SDplaceOrderofBroker1.give_sleep_of_something(java.lang.String)&amp;#27;[0m
  &amp;#27;[32mGiven &amp;#27;[0m&amp;#27;[32mloading the header for broker &amp;#27;[0m&amp;#27;[32m&amp;#27;[1m&quot;B1&quot;&amp;#27;[0m                                                                                                                      &amp;#27;[90m# stepDefinations.SDplaceOrderofBroker1.loading_the_header_for_broker_something(java.lang.String)&amp;#27;[0m
s3b1inr = 130713657.9136362590011
  &amp;#27;[32mGiven &amp;#27;[0m&amp;#27;[32mtake balance of &amp;#27;[0m&amp;#27;[32m&amp;#27;[1m&quot;INR&quot;&amp;#27;[0m&amp;#27;[32m with api &amp;#27;[0m&amp;#27;[32m&amp;#27;[1m&quot;Getbalance&quot;&amp;#27;[0m&amp;#27;[32m with name &amp;#27;[0m&amp;#27;[32m&amp;#27;[1m&quot;s3b1inr&quot;&amp;#27;[0m                                                                                         &amp;#27;[90m# stepDefinations.SDplaceOrderofBroker1.take_balance_of_with_api_with_name(java.lang.String,java.lang.String,java.lang.String)&amp;#27;[0m
s3b1btc = 90000828.1960524464
  &amp;#27;[32mGiven &amp;#27;[0m&amp;#27;[32mtake balance of &amp;#27;[0m&amp;#27;[32m&amp;#27;[1m&quot;ETH&quot;&amp;#27;[0m&amp;#27;[32m with api &amp;#27;[0m&amp;#27;[32m&amp;#27;[1m&quot;Getbalance&quot;&amp;#27;[0m&amp;#27;[32m with name &amp;#27;[0m&amp;#27;[32m&amp;#27;[1m&quot;s3b1btc&quot;&amp;#27;[0m                                                                                         &amp;#27;[90m# stepDefinations.SDplaceOrderofBroker1.take_balance_of_with_api_with_name(java.lang.String,java.lang.String,java.lang.String)&amp;#27;[0m
  &amp;#27;[32mGiven &amp;#27;[0m&amp;#27;[32mloading the header for broker &amp;#27;[0m&amp;#27;[32m&amp;#27;[1m&quot;B2&quot;&amp;#27;[0m                                                                                                                      &amp;#27;[90m# stepDefinations.SDplaceOrderofBroker1.loading_the_header_for_broker_something(java.lang.String)&amp;#27;[0m
s3b2inr = 3754769.08380877
  &amp;#27;[32mGiven &amp;#27;[0m&amp;#27;[32mtake balance of &amp;#27;[0m&amp;#27;[32m&amp;#27;[1m&quot;INR&quot;&amp;#27;[0m&amp;#27;[32m with api &amp;#27;[0m&amp;#27;[32m&amp;#27;[1m&quot;Getbalance&quot;&amp;#27;[0m&amp;#27;[32m with name &amp;#27;[0m&amp;#27;[32m&amp;#27;[1m&quot;s3b2inr&quot;&amp;#27;[0m                                                                                         &amp;#27;[90m# stepDefinations.SDplaceOrderofBroker1.take_balance_of_with_api_with_name(java.lang.String,java.lang.String,java.lang.String)&amp;#27;[0m
s3b2btc = 99997.2194592636
  &amp;#27;[32mGiven &amp;#27;[0m&amp;#27;[32mtake balance of &amp;#27;[0m&amp;#27;[32m&amp;#27;[1m&quot;ETH&quot;&amp;#27;[0m&amp;#27;[32m with api &amp;#27;[0m&amp;#27;[32m&amp;#27;[1m&quot;Getbalance&quot;&amp;#27;[0m&amp;#27;[32m with name &amp;#27;[0m&amp;#27;[32m&amp;#27;[1m&quot;s3b2btc&quot;&amp;#27;[0m                                                                                         &amp;#27;[90m# stepDefinations.SDplaceOrderofBroker1.take_balance_of_with_api_with_name(java.lang.String,java.lang.String,java.lang.String)&amp;#27;[0m
-------------------------------------------------------------------------------------
Deduction_of_INR_from_broker1 = -10004.0
-------------------------------------------------------------------------------------
Addition_of_INR_in_broker2 = -10020.0
-------------------------------------------------------------------------------------
Addition_of_BTC_to_broker1 = -1.0
-------------------------------------------------------------------------------------
Deduction_of_BTC_to_broker2 = -1.0
-------------------------------------------------------------------------------------
Fee_for_diffrent_broker = 16.0
-------------------------------------------------------------------------------------
And Fail because diffrence in Fee is= -12.0
  &amp;#27;[31mThen &amp;#27;[0m&amp;#27;[31mCheck fees &amp;#27;[0m&amp;#27;[31m&amp;#27;[1m&quot;4&quot;&amp;#27;[0m&amp;#27;[31m for diffrent broker&amp;#27;[0m                                                                                                                       &amp;#27;[90m# stepDefinations.SDplaceOrderofBroker1.calculate_fees_for_diffrent_broker(java.lang.String)&amp;#27;[0m
      &amp;#27;[31mjava.lang.AssertionError: expected:&lt;16.0&gt; but was:&lt;4.0&gt;
	at org.junit.Assert.fail(Assert.java:89)
	at org.junit.Assert.failNotEquals(Assert.java:835)
	at org.junit.Assert.assertEquals(Assert.java:555)
	at org.junit.Assert.assertEquals(Assert.java:685)
	at stepDefinations.SDplaceOrderofBroker1.calculate_fees_for_diffrent_broker(SDplaceOrderofBroker1.java:310)
	at Ã¢Å“Â½.Check fees &quot;4&quot; for diffrent broker(file:///C:/Users/Dell/eclipse_csk/CSXautomation2Optimision/src/test/java/features/ETHINR.feature:498)
&amp;#27;[0m
  &amp;#27;[36mThen &amp;#27;[0m&amp;#27;[36mgive sleep of &amp;#27;[0m&amp;#27;[36m&amp;#27;[1m&quot;1000&quot;&amp;#27;[0m                                                                                                                                     &amp;#27;[90m# stepDefinations.SDplaceOrderofBroker1.give_sleep_of_something(java.lang.String)&amp;#27;[0m
  &amp;#27;[36mGiven &amp;#27;[0m&amp;#27;[36mloading the header for broker &amp;#27;[0m&amp;#27;[36m&amp;#27;[1m&quot;B1&quot;&amp;#27;[0m                                                                                                                      &amp;#27;[90m# stepDefinations.SDplaceOrderofBroker1.loading_the_header_for_broker_something(java.lang.String)&amp;#27;[0m
  &amp;#27;[36mWhen &amp;#27;[0m&amp;#27;[36mProviding request PathUrl &amp;#27;[0m&amp;#27;[36m&amp;#27;[1m&quot;CancelAllOrders&quot;&amp;#27;[0m&amp;#27;[36m with method &amp;#27;[0m&amp;#27;[36m&amp;#27;[1m&quot;DELETE&quot;&amp;#27;[0m                                                                                         &amp;#27;[90m# stepDefinations.SDplaceOrderofBroker1.providing_request_path_url_with_method(java.lang.String,java.lang.String)&amp;#27;[0m
  &amp;#27;[36mGiven &amp;#27;[0m&amp;#27;[36mloading the header for broker &amp;#27;[0m&amp;#27;[36m&amp;#27;[1m&quot;B2&quot;&amp;#27;[0m                                                                                                                      &amp;#27;[90m# stepDefinations.SDplaceOrderofBroker1.loading_the_header_for_broker_something(java.lang.String)&amp;#27;[0m
  &amp;#27;[36mWhen &amp;#27;[0m&amp;#27;[36mProviding request PathUrl &amp;#27;[0m&amp;#27;[36m&amp;#27;[1m&quot;CancelAllOrders&quot;&amp;#27;[0m&amp;#27;[36m with method &amp;#27;[0m&amp;#27;[36m&amp;#27;[1m&quot;DELETE&quot;&amp;#27;[0m                                                                                         &amp;#27;[90m# stepDefinations.SDplaceOrderofBroker1.providing_request_path_url_with_method(java.lang.String,java.lang.String)&amp;#27;[0m
</system-out>
  </testcase>
  <testcase classname="cucumber.options.TestRunner" name="runScenario" time="18.024">
    <failure message="expected:&lt;1.5999999940395355&gt; but was:&lt;4.0&gt;" type="java.lang.AssertionError">java.lang.AssertionError: expected:&lt;1.5999999940395355&gt; but was:&lt;4.0&gt;
	at org.junit.Assert.fail(Assert.java:89)
	at org.junit.Assert.failNotEquals(Assert.java:835)
	at org.junit.Assert.assertEquals(Assert.java:555)
	at org.junit.Assert.assertEquals(Assert.java:685)
	at stepDefinations.SDplaceOrderofBroker1.calculate_fees_for_diffrent_broker(SDplaceOrderofBroker1.java:316)
	at âœ½.Check fees &quot;4&quot; for diffrent broker(file:///C:/Users/Dell/eclipse_csk/CSXautomation2Optimision/src/test/java/features/ETHINR.feature:546)
</failure>
    <system-out>
@GetBalanceforDifferentBroker @Regression @ETH
Scenario: (placing sell order first)Verify funds while when order moves in (open---&gt;partially_fulfilled---&gt;fulfilled) for diffrent brokers                      &amp;#27;[90m# src/test/java/features/ETHINR.feature:508&amp;#27;[0m
  &amp;#27;[32mGiven &amp;#27;[0m&amp;#27;[32mloading the header for broker &amp;#27;[0m&amp;#27;[32m&amp;#27;[1m&quot;B1&quot;&amp;#27;[0m                                                                                                                      &amp;#27;[90m# stepDefinations.SDplaceOrderofBroker1.loading_the_header_for_broker_something(java.lang.String)&amp;#27;[0m
s1b1inr = 130713657.9136362590011
  &amp;#27;[32mGiven &amp;#27;[0m&amp;#27;[32mtake balance of &amp;#27;[0m&amp;#27;[32m&amp;#27;[1m&quot;INR&quot;&amp;#27;[0m&amp;#27;[32m with api &amp;#27;[0m&amp;#27;[32m&amp;#27;[1m&quot;Getbalance&quot;&amp;#27;[0m&amp;#27;[32m with name &amp;#27;[0m&amp;#27;[32m&amp;#27;[1m&quot;s1b1inr&quot;&amp;#27;[0m                                                                                         &amp;#27;[90m# stepDefinations.SDplaceOrderofBroker1.take_balance_of_with_api_with_name(java.lang.String,java.lang.String,java.lang.String)&amp;#27;[0m
s1b1btc = 90000828.1960524464
  &amp;#27;[32mGiven &amp;#27;[0m&amp;#27;[32mtake balance of &amp;#27;[0m&amp;#27;[32m&amp;#27;[1m&quot;ETH&quot;&amp;#27;[0m&amp;#27;[32m with api &amp;#27;[0m&amp;#27;[32m&amp;#27;[1m&quot;Getbalance&quot;&amp;#27;[0m&amp;#27;[32m with name &amp;#27;[0m&amp;#27;[32m&amp;#27;[1m&quot;s1b1btc&quot;&amp;#27;[0m                                                                                         &amp;#27;[90m# stepDefinations.SDplaceOrderofBroker1.take_balance_of_with_api_with_name(java.lang.String,java.lang.String,java.lang.String)&amp;#27;[0m
  &amp;#27;[32mGiven &amp;#27;[0m&amp;#27;[32mloading the header for broker &amp;#27;[0m&amp;#27;[32m&amp;#27;[1m&quot;B2&quot;&amp;#27;[0m                                                                                                                      &amp;#27;[90m# stepDefinations.SDplaceOrderofBroker1.loading_the_header_for_broker_something(java.lang.String)&amp;#27;[0m
s1b2inr = 3754769.08380877
  &amp;#27;[32mGiven &amp;#27;[0m&amp;#27;[32mtake balance of &amp;#27;[0m&amp;#27;[32m&amp;#27;[1m&quot;INR&quot;&amp;#27;[0m&amp;#27;[32m with api &amp;#27;[0m&amp;#27;[32m&amp;#27;[1m&quot;Getbalance&quot;&amp;#27;[0m&amp;#27;[32m with name &amp;#27;[0m&amp;#27;[32m&amp;#27;[1m&quot;s1b2inr&quot;&amp;#27;[0m                                                                                         &amp;#27;[90m# stepDefinations.SDplaceOrderofBroker1.take_balance_of_with_api_with_name(java.lang.String,java.lang.String,java.lang.String)&amp;#27;[0m
s1b2btc = 99997.2194592636
  &amp;#27;[32mGiven &amp;#27;[0m&amp;#27;[32mtake balance of &amp;#27;[0m&amp;#27;[32m&amp;#27;[1m&quot;ETH&quot;&amp;#27;[0m&amp;#27;[32m with api &amp;#27;[0m&amp;#27;[32m&amp;#27;[1m&quot;Getbalance&quot;&amp;#27;[0m&amp;#27;[32m with name &amp;#27;[0m&amp;#27;[32m&amp;#27;[1m&quot;s1b2btc&quot;&amp;#27;[0m                                                                                         &amp;#27;[90m# stepDefinations.SDplaceOrderofBroker1.take_balance_of_with_api_with_name(java.lang.String,java.lang.String,java.lang.String)&amp;#27;[0m
  &amp;#27;[32mGiven &amp;#27;[0m&amp;#27;[32mPlacing an order for broker &amp;#27;[0m&amp;#27;[32m&amp;#27;[1m&quot;B1&quot;&amp;#27;[0m&amp;#27;[32m of type &amp;#27;[0m&amp;#27;[32m&amp;#27;[1m&quot;limit&quot;&amp;#27;[0m&amp;#27;[32m side &amp;#27;[0m&amp;#27;[32m&amp;#27;[1m&quot;SELL&quot;&amp;#27;[0m&amp;#27;[32m instrument &amp;#27;[0m&amp;#27;[32m&amp;#27;[1m&quot;ETH/INR&quot;&amp;#27;[0m&amp;#27;[32m quantityType &amp;#27;[0m&amp;#27;[32m&amp;#27;[1m&quot;BASE&quot;&amp;#27;[0m&amp;#27;[32m quantity &amp;#27;[0m&amp;#27;[32m&amp;#27;[1m&quot;1&quot;&amp;#27;[0m&amp;#27;[32m limitPrice &amp;#27;[0m&amp;#27;[32m&amp;#27;[1m&quot;1000&quot;&amp;#27;[0m&amp;#27;[32m username &amp;#27;[0m&amp;#27;[32m&amp;#27;[1m&quot;user1&quot;&amp;#27;[0m   &amp;#27;[90m# stepDefinations.SDplaceOrderofBroker1.placing_an_order_of_type_side_instrument_quantity_type_quantity_limit_price_username(java.lang.String,java.lang.String,java.lang.String,java.lang.String,java.lang.String,java.lang.String,java.lang.String,java.lang.String)&amp;#27;[0m
{&quot;data&quot;:{&quot;average_price&quot;:&quot;0&quot;,&quot;brokerId&quot;:&quot;97c02e87-a473-414b-9d27-78764a93d439&quot;,&quot;created_at&quot;:&quot;2022-06-10T06:23:45.989Z&quot;,&quot;filledQuantity&quot;:0,&quot;instrument&quot;:&quot;ETH/INR&quot;,&quot;limit_price&quot;:&quot;1000&quot;,&quot;makerFee&quot;:&quot;-0.04&quot;,&quot;orderId&quot;:&quot;fd345676-4694-4ebc-becd-c0e8bdd6fd8e&quot;,&quot;orderType&quot;:&quot;&quot;,&quot;quantity&quot;:&quot;1&quot;,&quot;quantityType&quot;:&quot;&quot;,&quot;side&quot;:&quot;SELL&quot;,&quot;status&quot;:&quot;OPEN&quot;,&quot;takerFee&quot;:&quot;0.07&quot;,&quot;updated_at&quot;:&quot;2022-06-10T06:23:45.989Z&quot;},&quot;message&quot;:&quot;Order placed successfully&quot;}

  &amp;#27;[32mWhen &amp;#27;[0m&amp;#27;[32mProviding request PathUrl &amp;#27;[0m&amp;#27;[32m&amp;#27;[1m&quot;PlaceOrder&quot;&amp;#27;[0m&amp;#27;[32m with method &amp;#27;[0m&amp;#27;[32m&amp;#27;[1m&quot;POST&quot;&amp;#27;[0m                                                                                                &amp;#27;[90m# stepDefinations.SDplaceOrderofBroker1.providing_request_path_url_with_method(java.lang.String,java.lang.String)&amp;#27;[0m
  &amp;#27;[32mThen &amp;#27;[0m&amp;#27;[32mI verify the  &amp;#27;[0m&amp;#27;[32m&amp;#27;[1m&quot;200&quot;&amp;#27;[0m&amp;#27;[32m in step&amp;#27;[0m                                                                                                                              &amp;#27;[90m# stepDefinations.SDplaceOrderofBroker1.i_verify_the_in_step(java.lang.String)&amp;#27;[0m
  &amp;#27;[32mAnd &amp;#27;[0m&amp;#27;[32mVerify key &amp;#27;[0m&amp;#27;[32m&amp;#27;[1m&quot;message&quot;&amp;#27;[0m&amp;#27;[32m of response &amp;#27;[0m&amp;#27;[32m&amp;#27;[1m&quot;Order placed successfully&quot;&amp;#27;[0m                                                                                              &amp;#27;[90m# stepDefinations.SDplaceOrderofBroker1.verify_key_of_response(java.lang.String,java.lang.String)&amp;#27;[0m
{&quot;data&quot;:{&quot;average_price&quot;:&quot;0&quot;,&quot;brokerId&quot;:&quot;97c02e87-a473-414b-9d27-78764a93d439&quot;,&quot;created_at&quot;:&quot;2022-06-10T06:23:45.989Z&quot;,&quot;filledQuantity&quot;:0,&quot;instrument&quot;:&quot;ETH/INR&quot;,&quot;limit_price&quot;:&quot;1000&quot;,&quot;makerFee&quot;:&quot;-0.04&quot;,&quot;orderId&quot;:&quot;fd345676-4694-4ebc-becd-c0e8bdd6fd8e&quot;,&quot;orderType&quot;:&quot;&quot;,&quot;quantity&quot;:&quot;1&quot;,&quot;quantityType&quot;:&quot;&quot;,&quot;side&quot;:&quot;SELL&quot;,&quot;status&quot;:&quot;OPEN&quot;,&quot;takerFee&quot;:&quot;0.07&quot;,&quot;updated_at&quot;:&quot;2022-06-10T06:23:45.989Z&quot;},&quot;message&quot;:&quot;Order fetched successfully&quot;}

  &amp;#27;[32mAnd &amp;#27;[0m&amp;#27;[32mVerify the &amp;#27;[0m&amp;#27;[32m&amp;#27;[1m&quot;data.orderId&quot;&amp;#27;[0m&amp;#27;[32m of response &amp;#27;[0m&amp;#27;[32m&amp;#27;[1m&quot;GetOrder&quot;&amp;#27;[0m                                                                                                          &amp;#27;[90m# stepDefinations.SDplaceOrderofBroker1.verify_the_of_response(java.lang.String,java.lang.String)&amp;#27;[0m
  &amp;#27;[32mAnd &amp;#27;[0m&amp;#27;[32mVerify key &amp;#27;[0m&amp;#27;[32m&amp;#27;[1m&quot;data.status&quot;&amp;#27;[0m&amp;#27;[32m of response &amp;#27;[0m&amp;#27;[32m&amp;#27;[1m&quot;OPEN&quot;&amp;#27;[0m                                                                                                               &amp;#27;[90m# stepDefinations.SDplaceOrderofBroker1.verify_key_of_response(java.lang.String,java.lang.String)&amp;#27;[0m
  &amp;#27;[32mThen &amp;#27;[0m&amp;#27;[32mgive sleep of &amp;#27;[0m&amp;#27;[32m&amp;#27;[1m&quot;000&quot;&amp;#27;[0m                                                                                                                                      &amp;#27;[90m# stepDefinations.SDplaceOrderofBroker1.give_sleep_of_something(java.lang.String)&amp;#27;[0m
  &amp;#27;[32mGiven &amp;#27;[0m&amp;#27;[32mloading the header for broker &amp;#27;[0m&amp;#27;[32m&amp;#27;[1m&quot;B1&quot;&amp;#27;[0m                                                                                                                      &amp;#27;[90m# stepDefinations.SDplaceOrderofBroker1.loading_the_header_for_broker_something(java.lang.String)&amp;#27;[0m
s2b1inr = 130713657.9136362590011
  &amp;#27;[32mGiven &amp;#27;[0m&amp;#27;[32mtake balance of &amp;#27;[0m&amp;#27;[32m&amp;#27;[1m&quot;INR&quot;&amp;#27;[0m&amp;#27;[32m with api &amp;#27;[0m&amp;#27;[32m&amp;#27;[1m&quot;Getbalance&quot;&amp;#27;[0m&amp;#27;[32m with name &amp;#27;[0m&amp;#27;[32m&amp;#27;[1m&quot;s2b1inr&quot;&amp;#27;[0m                                                                                         &amp;#27;[90m# stepDefinations.SDplaceOrderofBroker1.take_balance_of_with_api_with_name(java.lang.String,java.lang.String,java.lang.String)&amp;#27;[0m
s2b1btc = 90000827.1960524464
  &amp;#27;[32mGiven &amp;#27;[0m&amp;#27;[32mtake balance of &amp;#27;[0m&amp;#27;[32m&amp;#27;[1m&quot;ETH&quot;&amp;#27;[0m&amp;#27;[32m with api &amp;#27;[0m&amp;#27;[32m&amp;#27;[1m&quot;Getbalance&quot;&amp;#27;[0m&amp;#27;[32m with name &amp;#27;[0m&amp;#27;[32m&amp;#27;[1m&quot;s2b1btc&quot;&amp;#27;[0m                                                                                         &amp;#27;[90m# stepDefinations.SDplaceOrderofBroker1.take_balance_of_with_api_with_name(java.lang.String,java.lang.String,java.lang.String)&amp;#27;[0m
  &amp;#27;[32mGiven &amp;#27;[0m&amp;#27;[32mloading the header for broker &amp;#27;[0m&amp;#27;[32m&amp;#27;[1m&quot;B2&quot;&amp;#27;[0m                                                                                                                      &amp;#27;[90m# stepDefinations.SDplaceOrderofBroker1.loading_the_header_for_broker_something(java.lang.String)&amp;#27;[0m
s2b2inr = 3754769.08380877
  &amp;#27;[32mGiven &amp;#27;[0m&amp;#27;[32mtake balance of &amp;#27;[0m&amp;#27;[32m&amp;#27;[1m&quot;INR&quot;&amp;#27;[0m&amp;#27;[32m with api &amp;#27;[0m&amp;#27;[32m&amp;#27;[1m&quot;Getbalance&quot;&amp;#27;[0m&amp;#27;[32m with name &amp;#27;[0m&amp;#27;[32m&amp;#27;[1m&quot;s2b2inr&quot;&amp;#27;[0m                                                                                         &amp;#27;[90m# stepDefinations.SDplaceOrderofBroker1.take_balance_of_with_api_with_name(java.lang.String,java.lang.String,java.lang.String)&amp;#27;[0m
s2b2btc = 99997.2194592636
  &amp;#27;[32mGiven &amp;#27;[0m&amp;#27;[32mtake balance of &amp;#27;[0m&amp;#27;[32m&amp;#27;[1m&quot;ETH&quot;&amp;#27;[0m&amp;#27;[32m with api &amp;#27;[0m&amp;#27;[32m&amp;#27;[1m&quot;Getbalance&quot;&amp;#27;[0m&amp;#27;[32m with name &amp;#27;[0m&amp;#27;[32m&amp;#27;[1m&quot;s2b2btc&quot;&amp;#27;[0m                                                                                         &amp;#27;[90m# stepDefinations.SDplaceOrderofBroker1.take_balance_of_with_api_with_name(java.lang.String,java.lang.String,java.lang.String)&amp;#27;[0m
  &amp;#27;[32mGiven &amp;#27;[0m&amp;#27;[32mPlacing an order for broker &amp;#27;[0m&amp;#27;[32m&amp;#27;[1m&quot;B2&quot;&amp;#27;[0m&amp;#27;[32m of type &amp;#27;[0m&amp;#27;[32m&amp;#27;[1m&quot;limit&quot;&amp;#27;[0m&amp;#27;[32m side &amp;#27;[0m&amp;#27;[32m&amp;#27;[1m&quot;BUY&quot;&amp;#27;[0m&amp;#27;[32m instrument &amp;#27;[0m&amp;#27;[32m&amp;#27;[1m&quot;ETH/INR&quot;&amp;#27;[0m&amp;#27;[32m quantityType &amp;#27;[0m&amp;#27;[32m&amp;#27;[1m&quot;BASE&quot;&amp;#27;[0m&amp;#27;[32m quantity &amp;#27;[0m&amp;#27;[32m&amp;#27;[1m&quot;0.5&quot;&amp;#27;[0m&amp;#27;[32m limitPrice &amp;#27;[0m&amp;#27;[32m&amp;#27;[1m&quot;10000&quot;&amp;#27;[0m&amp;#27;[32m username &amp;#27;[0m&amp;#27;[32m&amp;#27;[1m&quot;user2&quot;&amp;#27;[0m &amp;#27;[90m# stepDefinations.SDplaceOrderofBroker1.placing_an_order_of_type_side_instrument_quantity_type_quantity_limit_price_username(java.lang.String,java.lang.String,java.lang.String,java.lang.String,java.lang.String,java.lang.String,java.lang.String,java.lang.String)&amp;#27;[0m
{&quot;data&quot;:{&quot;average_price&quot;:&quot;0&quot;,&quot;brokerId&quot;:&quot;3ab607d8-8836-4aeb-a71d-7030e7c4524f&quot;,&quot;created_at&quot;:&quot;2022-06-10T06:23:53.548Z&quot;,&quot;filledQuantity&quot;:0,&quot;instrument&quot;:&quot;ETH/INR&quot;,&quot;limit_price&quot;:&quot;10000&quot;,&quot;makerFee&quot;:&quot;0.1&quot;,&quot;orderId&quot;:&quot;8cc1ef22-1650-4e09-967d-2550069d619f&quot;,&quot;orderType&quot;:&quot;&quot;,&quot;quantity&quot;:&quot;0.5&quot;,&quot;quantityType&quot;:&quot;&quot;,&quot;side&quot;:&quot;BUY&quot;,&quot;status&quot;:&quot;OPEN&quot;,&quot;takerFee&quot;:&quot;0.2&quot;,&quot;updated_at&quot;:&quot;2022-06-10T06:23:53.548Z&quot;},&quot;message&quot;:&quot;Order placed successfully&quot;}

  &amp;#27;[32mWhen &amp;#27;[0m&amp;#27;[32mProviding request PathUrl &amp;#27;[0m&amp;#27;[32m&amp;#27;[1m&quot;PlaceOrder&quot;&amp;#27;[0m&amp;#27;[32m with method &amp;#27;[0m&amp;#27;[32m&amp;#27;[1m&quot;POST&quot;&amp;#27;[0m                                                                                                &amp;#27;[90m# stepDefinations.SDplaceOrderofBroker1.providing_request_path_url_with_method(java.lang.String,java.lang.String)&amp;#27;[0m
  &amp;#27;[32mThen &amp;#27;[0m&amp;#27;[32mI verify the  &amp;#27;[0m&amp;#27;[32m&amp;#27;[1m&quot;200&quot;&amp;#27;[0m&amp;#27;[32m in step&amp;#27;[0m                                                                                                                              &amp;#27;[90m# stepDefinations.SDplaceOrderofBroker1.i_verify_the_in_step(java.lang.String)&amp;#27;[0m
  &amp;#27;[32mAnd &amp;#27;[0m&amp;#27;[32mVerify key &amp;#27;[0m&amp;#27;[32m&amp;#27;[1m&quot;message&quot;&amp;#27;[0m&amp;#27;[32m of response &amp;#27;[0m&amp;#27;[32m&amp;#27;[1m&quot;Order placed successfully&quot;&amp;#27;[0m                                                                                              &amp;#27;[90m# stepDefinations.SDplaceOrderofBroker1.verify_key_of_response(java.lang.String,java.lang.String)&amp;#27;[0m
  &amp;#27;[32mGiven &amp;#27;[0m&amp;#27;[32mPlacing an order for broker &amp;#27;[0m&amp;#27;[32m&amp;#27;[1m&quot;B2&quot;&amp;#27;[0m&amp;#27;[32m of type &amp;#27;[0m&amp;#27;[32m&amp;#27;[1m&quot;limit&quot;&amp;#27;[0m&amp;#27;[32m side &amp;#27;[0m&amp;#27;[32m&amp;#27;[1m&quot;BUY&quot;&amp;#27;[0m&amp;#27;[32m instrument &amp;#27;[0m&amp;#27;[32m&amp;#27;[1m&quot;ETH/INR&quot;&amp;#27;[0m&amp;#27;[32m quantityType &amp;#27;[0m&amp;#27;[32m&amp;#27;[1m&quot;BASE&quot;&amp;#27;[0m&amp;#27;[32m quantity &amp;#27;[0m&amp;#27;[32m&amp;#27;[1m&quot;0.5&quot;&amp;#27;[0m&amp;#27;[32m limitPrice &amp;#27;[0m&amp;#27;[32m&amp;#27;[1m&quot;10000&quot;&amp;#27;[0m&amp;#27;[32m username &amp;#27;[0m&amp;#27;[32m&amp;#27;[1m&quot;user3&quot;&amp;#27;[0m &amp;#27;[90m# stepDefinations.SDplaceOrderofBroker1.placing_an_order_of_type_side_instrument_quantity_type_quantity_limit_price_username(java.lang.String,java.lang.String,java.lang.String,java.lang.String,java.lang.String,java.lang.String,java.lang.String,java.lang.String)&amp;#27;[0m
{&quot;data&quot;:{&quot;average_price&quot;:&quot;0&quot;,&quot;brokerId&quot;:&quot;3ab607d8-8836-4aeb-a71d-7030e7c4524f&quot;,&quot;created_at&quot;:&quot;2022-06-10T06:23:54.536Z&quot;,&quot;filledQuantity&quot;:0,&quot;instrument&quot;:&quot;ETH/INR&quot;,&quot;limit_price&quot;:&quot;10000&quot;,&quot;makerFee&quot;:&quot;0.1&quot;,&quot;orderId&quot;:&quot;523697f8-d180-4df5-94fa-b277b1b2d6c0&quot;,&quot;orderType&quot;:&quot;&quot;,&quot;quantity&quot;:&quot;0.5&quot;,&quot;quantityType&quot;:&quot;&quot;,&quot;side&quot;:&quot;BUY&quot;,&quot;status&quot;:&quot;OPEN&quot;,&quot;takerFee&quot;:&quot;0.2&quot;,&quot;updated_at&quot;:&quot;2022-06-10T06:23:54.536Z&quot;},&quot;message&quot;:&quot;Order placed successfully&quot;}

  &amp;#27;[32mWhen &amp;#27;[0m&amp;#27;[32mProviding request PathUrl &amp;#27;[0m&amp;#27;[32m&amp;#27;[1m&quot;PlaceOrder&quot;&amp;#27;[0m&amp;#27;[32m with method &amp;#27;[0m&amp;#27;[32m&amp;#27;[1m&quot;POST&quot;&amp;#27;[0m                                                                                                &amp;#27;[90m# stepDefinations.SDplaceOrderofBroker1.providing_request_path_url_with_method(java.lang.String,java.lang.String)&amp;#27;[0m
  &amp;#27;[32mThen &amp;#27;[0m&amp;#27;[32mI verify the  &amp;#27;[0m&amp;#27;[32m&amp;#27;[1m&quot;200&quot;&amp;#27;[0m&amp;#27;[32m in step&amp;#27;[0m                                                                                                                              &amp;#27;[90m# stepDefinations.SDplaceOrderofBroker1.i_verify_the_in_step(java.lang.String)&amp;#27;[0m
  &amp;#27;[32mAnd &amp;#27;[0m&amp;#27;[32mVerify key &amp;#27;[0m&amp;#27;[32m&amp;#27;[1m&quot;message&quot;&amp;#27;[0m&amp;#27;[32m of response &amp;#27;[0m&amp;#27;[32m&amp;#27;[1m&quot;Order placed successfully&quot;&amp;#27;[0m                                                                                              &amp;#27;[90m# stepDefinations.SDplaceOrderofBroker1.verify_key_of_response(java.lang.String,java.lang.String)&amp;#27;[0m
{&quot;data&quot;:{&quot;average_price&quot;:&quot;1000&quot;,&quot;brokerId&quot;:&quot;3ab607d8-8836-4aeb-a71d-7030e7c4524f&quot;,&quot;created_at&quot;:&quot;2022-06-10T06:23:54.536Z&quot;,&quot;filledQuantity&quot;:0.5,&quot;instrument&quot;:&quot;ETH/INR&quot;,&quot;limit_price&quot;:&quot;10000&quot;,&quot;makerFee&quot;:&quot;0.1&quot;,&quot;orderId&quot;:&quot;523697f8-d180-4df5-94fa-b277b1b2d6c0&quot;,&quot;orderType&quot;:&quot;&quot;,&quot;quantity&quot;:&quot;0.5&quot;,&quot;quantityType&quot;:&quot;&quot;,&quot;side&quot;:&quot;BUY&quot;,&quot;status&quot;:&quot;FULFILLED&quot;,&quot;takerFee&quot;:&quot;0.2&quot;,&quot;updated_at&quot;:&quot;2022-06-10T06:23:54.827Z&quot;},&quot;message&quot;:&quot;Order fetched successfully&quot;}

  &amp;#27;[32mAnd &amp;#27;[0m&amp;#27;[32mVerify the &amp;#27;[0m&amp;#27;[32m&amp;#27;[1m&quot;data.orderId&quot;&amp;#27;[0m&amp;#27;[32m of response &amp;#27;[0m&amp;#27;[32m&amp;#27;[1m&quot;GetOrder&quot;&amp;#27;[0m                                                                                                          &amp;#27;[90m# stepDefinations.SDplaceOrderofBroker1.verify_the_of_response(java.lang.String,java.lang.String)&amp;#27;[0m
  &amp;#27;[32mThen &amp;#27;[0m&amp;#27;[32mgive sleep of &amp;#27;[0m&amp;#27;[32m&amp;#27;[1m&quot;000&quot;&amp;#27;[0m                                                                                                                                      &amp;#27;[90m# stepDefinations.SDplaceOrderofBroker1.give_sleep_of_something(java.lang.String)&amp;#27;[0m
  &amp;#27;[32mThen &amp;#27;[0m&amp;#27;[32mgive sleep of &amp;#27;[0m&amp;#27;[32m&amp;#27;[1m&quot;1000&quot;&amp;#27;[0m                                                                                                                                     &amp;#27;[90m# stepDefinations.SDplaceOrderofBroker1.give_sleep_of_something(java.lang.String)&amp;#27;[0m
  &amp;#27;[32mGiven &amp;#27;[0m&amp;#27;[32mloading the header for broker &amp;#27;[0m&amp;#27;[32m&amp;#27;[1m&quot;B1&quot;&amp;#27;[0m                                                                                                                      &amp;#27;[90m# stepDefinations.SDplaceOrderofBroker1.loading_the_header_for_broker_something(java.lang.String)&amp;#27;[0m
s3b1inr = 130714658.3136362590011
  &amp;#27;[32mGiven &amp;#27;[0m&amp;#27;[32mtake balance of &amp;#27;[0m&amp;#27;[32m&amp;#27;[1m&quot;INR&quot;&amp;#27;[0m&amp;#27;[32m with api &amp;#27;[0m&amp;#27;[32m&amp;#27;[1m&quot;Getbalance&quot;&amp;#27;[0m&amp;#27;[32m with name &amp;#27;[0m&amp;#27;[32m&amp;#27;[1m&quot;s3b1inr&quot;&amp;#27;[0m                                                                                         &amp;#27;[90m# stepDefinations.SDplaceOrderofBroker1.take_balance_of_with_api_with_name(java.lang.String,java.lang.String,java.lang.String)&amp;#27;[0m
s3b1btc = 90000827.1960524464
  &amp;#27;[32mGiven &amp;#27;[0m&amp;#27;[32mtake balance of &amp;#27;[0m&amp;#27;[32m&amp;#27;[1m&quot;ETH&quot;&amp;#27;[0m&amp;#27;[32m with api &amp;#27;[0m&amp;#27;[32m&amp;#27;[1m&quot;Getbalance&quot;&amp;#27;[0m&amp;#27;[32m with name &amp;#27;[0m&amp;#27;[32m&amp;#27;[1m&quot;s3b1btc&quot;&amp;#27;[0m                                                                                         &amp;#27;[90m# stepDefinations.SDplaceOrderofBroker1.take_balance_of_with_api_with_name(java.lang.String,java.lang.String,java.lang.String)&amp;#27;[0m
  &amp;#27;[32mGiven &amp;#27;[0m&amp;#27;[32mloading the header for broker &amp;#27;[0m&amp;#27;[32m&amp;#27;[1m&quot;B2&quot;&amp;#27;[0m                                                                                                                      &amp;#27;[90m# stepDefinations.SDplaceOrderofBroker1.loading_the_header_for_broker_something(java.lang.String)&amp;#27;[0m
s3b2inr = 3753767.08380877
  &amp;#27;[32mGiven &amp;#27;[0m&amp;#27;[32mtake balance of &amp;#27;[0m&amp;#27;[32m&amp;#27;[1m&quot;INR&quot;&amp;#27;[0m&amp;#27;[32m with api &amp;#27;[0m&amp;#27;[32m&amp;#27;[1m&quot;Getbalance&quot;&amp;#27;[0m&amp;#27;[32m with name &amp;#27;[0m&amp;#27;[32m&amp;#27;[1m&quot;s3b2inr&quot;&amp;#27;[0m                                                                                         &amp;#27;[90m# stepDefinations.SDplaceOrderofBroker1.take_balance_of_with_api_with_name(java.lang.String,java.lang.String,java.lang.String)&amp;#27;[0m
s3b2btc = 99998.2194592636
  &amp;#27;[32mGiven &amp;#27;[0m&amp;#27;[32mtake balance of &amp;#27;[0m&amp;#27;[32m&amp;#27;[1m&quot;ETH&quot;&amp;#27;[0m&amp;#27;[32m with api &amp;#27;[0m&amp;#27;[32m&amp;#27;[1m&quot;Getbalance&quot;&amp;#27;[0m&amp;#27;[32m with name &amp;#27;[0m&amp;#27;[32m&amp;#27;[1m&quot;s3b2btc&quot;&amp;#27;[0m                                                                                         &amp;#27;[90m# stepDefinations.SDplaceOrderofBroker1.take_balance_of_with_api_with_name(java.lang.String,java.lang.String,java.lang.String)&amp;#27;[0m
-------------------------------------------------------------------------------------
Deduction_of_INR_from_broker1 = -1000.4000000059605
-------------------------------------------------------------------------------------
Addition_of_INR_in_broker2 = -1002.0
-------------------------------------------------------------------------------------
Addition_of_BTC_to_broker1 = -1.0
-------------------------------------------------------------------------------------
Deduction_of_BTC_to_broker2 = -1.0
-------------------------------------------------------------------------------------
Fee_for_diffrent_broker = 1.5999999940395355
-------------------------------------------------------------------------------------
And Fail because diffrence in Fee is= 2.4000000059604645
  &amp;#27;[31mThen &amp;#27;[0m&amp;#27;[31mCheck fees &amp;#27;[0m&amp;#27;[31m&amp;#27;[1m&quot;4&quot;&amp;#27;[0m&amp;#27;[31m for diffrent broker&amp;#27;[0m                                                                                                                       &amp;#27;[90m# stepDefinations.SDplaceOrderofBroker1.calculate_fees_for_diffrent_broker(java.lang.String)&amp;#27;[0m
      &amp;#27;[31mjava.lang.AssertionError: expected:&lt;1.5999999940395355&gt; but was:&lt;4.0&gt;
	at org.junit.Assert.fail(Assert.java:89)
	at org.junit.Assert.failNotEquals(Assert.java:835)
	at org.junit.Assert.assertEquals(Assert.java:555)
	at org.junit.Assert.assertEquals(Assert.java:685)
	at stepDefinations.SDplaceOrderofBroker1.calculate_fees_for_diffrent_broker(SDplaceOrderofBroker1.java:316)
	at Ã¢Å“Â½.Check fees &quot;4&quot; for diffrent broker(file:///C:/Users/Dell/eclipse_csk/CSXautomation2Optimision/src/test/java/features/ETHINR.feature:546)
&amp;#27;[0m
  &amp;#27;[36mThen &amp;#27;[0m&amp;#27;[36mgive sleep of &amp;#27;[0m&amp;#27;[36m&amp;#27;[1m&quot;1000&quot;&amp;#27;[0m                                                                                                                                     &amp;#27;[90m# stepDefinations.SDplaceOrderofBroker1.give_sleep_of_something(java.lang.String)&amp;#27;[0m
  &amp;#27;[36mGiven &amp;#27;[0m&amp;#27;[36mloading the header for broker &amp;#27;[0m&amp;#27;[36m&amp;#27;[1m&quot;B1&quot;&amp;#27;[0m                                                                                                                      &amp;#27;[90m# stepDefinations.SDplaceOrderofBroker1.loading_the_header_for_broker_something(java.lang.String)&amp;#27;[0m
  &amp;#27;[36mWhen &amp;#27;[0m&amp;#27;[36mProviding request PathUrl &amp;#27;[0m&amp;#27;[36m&amp;#27;[1m&quot;CancelAllOrders&quot;&amp;#27;[0m&amp;#27;[36m with method &amp;#27;[0m&amp;#27;[36m&amp;#27;[1m&quot;DELETE&quot;&amp;#27;[0m                                                                                         &amp;#27;[90m# stepDefinations.SDplaceOrderofBroker1.providing_request_path_url_with_method(java.lang.String,java.lang.String)&amp;#27;[0m
  &amp;#27;[36mGiven &amp;#27;[0m&amp;#27;[36mloading the header for broker &amp;#27;[0m&amp;#27;[36m&amp;#27;[1m&quot;B2&quot;&amp;#27;[0m                                                                                                                      &amp;#27;[90m# stepDefinations.SDplaceOrderofBroker1.loading_the_header_for_broker_something(java.lang.String)&amp;#27;[0m
  &amp;#27;[36mWhen &amp;#27;[0m&amp;#27;[36mProviding request PathUrl &amp;#27;[0m&amp;#27;[36m&amp;#27;[1m&quot;CancelAllOrders&quot;&amp;#27;[0m&amp;#27;[36m with method &amp;#27;[0m&amp;#27;[36m&amp;#27;[1m&quot;DELETE&quot;&amp;#27;[0m                                                                                         &amp;#27;[90m# stepDefinations.SDplaceOrderofBroker1.providing_request_path_url_with_method(java.lang.String,java.lang.String)&amp;#27;[0m
</system-out>
  </testcase>
  <testcase classname="cucumber.options.TestRunner" name="runScenario" time="28.561">
    <failure message="expected:&lt;0.7999999970197678&gt; but was:&lt;2.0&gt;" type="java.lang.AssertionError">java.lang.AssertionError: expected:&lt;0.7999999970197678&gt; but was:&lt;2.0&gt;
	at org.junit.Assert.fail(Assert.java:89)
	at org.junit.Assert.failNotEquals(Assert.java:835)
	at org.junit.Assert.assertEquals(Assert.java:555)
	at org.junit.Assert.assertEquals(Assert.java:685)
	at stepDefinations.SDplaceOrderofBroker1.calculate_fees_for_diffrent_broker(SDplaceOrderofBroker1.java:316)
	at âœ½.Check fees &quot;2&quot; for diffrent broker(file:///C:/Users/Dell/eclipse_csk/CSXautomation2Optimision/src/test/java/features/ETHINR.feature:594)
</failure>
    <system-out>
@GetBalanceforDifferentBroker @Regression @ETH
Scenario: (placing sell order first)Verify funds while when order moves in (open---&gt;partially_decrement---&gt;partially_fulfilled(fulfilled)) for diffrent brokers &amp;#27;[90m# src/test/java/features/ETHINR.feature:556&amp;#27;[0m
  &amp;#27;[32mGiven &amp;#27;[0m&amp;#27;[32mloading the header for broker &amp;#27;[0m&amp;#27;[32m&amp;#27;[1m&quot;B1&quot;&amp;#27;[0m                                                                                                                      &amp;#27;[90m# stepDefinations.SDplaceOrderofBroker1.loading_the_header_for_broker_something(java.lang.String)&amp;#27;[0m
s1b1inr = 130714658.3136362590011
  &amp;#27;[32mGiven &amp;#27;[0m&amp;#27;[32mtake balance of &amp;#27;[0m&amp;#27;[32m&amp;#27;[1m&quot;INR&quot;&amp;#27;[0m&amp;#27;[32m with api &amp;#27;[0m&amp;#27;[32m&amp;#27;[1m&quot;Getbalance&quot;&amp;#27;[0m&amp;#27;[32m with name &amp;#27;[0m&amp;#27;[32m&amp;#27;[1m&quot;s1b1inr&quot;&amp;#27;[0m                                                                                         &amp;#27;[90m# stepDefinations.SDplaceOrderofBroker1.take_balance_of_with_api_with_name(java.lang.String,java.lang.String,java.lang.String)&amp;#27;[0m
s1b1btc = 90000827.1960524464
  &amp;#27;[32mGiven &amp;#27;[0m&amp;#27;[32mtake balance of &amp;#27;[0m&amp;#27;[32m&amp;#27;[1m&quot;ETH&quot;&amp;#27;[0m&amp;#27;[32m with api &amp;#27;[0m&amp;#27;[32m&amp;#27;[1m&quot;Getbalance&quot;&amp;#27;[0m&amp;#27;[32m with name &amp;#27;[0m&amp;#27;[32m&amp;#27;[1m&quot;s1b1btc&quot;&amp;#27;[0m                                                                                         &amp;#27;[90m# stepDefinations.SDplaceOrderofBroker1.take_balance_of_with_api_with_name(java.lang.String,java.lang.String,java.lang.String)&amp;#27;[0m
  &amp;#27;[32mGiven &amp;#27;[0m&amp;#27;[32mloading the header for broker &amp;#27;[0m&amp;#27;[32m&amp;#27;[1m&quot;B2&quot;&amp;#27;[0m                                                                                                                      &amp;#27;[90m# stepDefinations.SDplaceOrderofBroker1.loading_the_header_for_broker_something(java.lang.String)&amp;#27;[0m
s1b2inr = 3753767.08380877
  &amp;#27;[32mGiven &amp;#27;[0m&amp;#27;[32mtake balance of &amp;#27;[0m&amp;#27;[32m&amp;#27;[1m&quot;INR&quot;&amp;#27;[0m&amp;#27;[32m with api &amp;#27;[0m&amp;#27;[32m&amp;#27;[1m&quot;Getbalance&quot;&amp;#27;[0m&amp;#27;[32m with name &amp;#27;[0m&amp;#27;[32m&amp;#27;[1m&quot;s1b2inr&quot;&amp;#27;[0m                                                                                         &amp;#27;[90m# stepDefinations.SDplaceOrderofBroker1.take_balance_of_with_api_with_name(java.lang.String,java.lang.String,java.lang.String)&amp;#27;[0m
s1b2btc = 99998.2194592636
  &amp;#27;[32mGiven &amp;#27;[0m&amp;#27;[32mtake balance of &amp;#27;[0m&amp;#27;[32m&amp;#27;[1m&quot;ETH&quot;&amp;#27;[0m&amp;#27;[32m with api &amp;#27;[0m&amp;#27;[32m&amp;#27;[1m&quot;Getbalance&quot;&amp;#27;[0m&amp;#27;[32m with name &amp;#27;[0m&amp;#27;[32m&amp;#27;[1m&quot;s1b2btc&quot;&amp;#27;[0m                                                                                         &amp;#27;[90m# stepDefinations.SDplaceOrderofBroker1.take_balance_of_with_api_with_name(java.lang.String,java.lang.String,java.lang.String)&amp;#27;[0m
  &amp;#27;[32mGiven &amp;#27;[0m&amp;#27;[32mPlacing an order for broker &amp;#27;[0m&amp;#27;[32m&amp;#27;[1m&quot;B1&quot;&amp;#27;[0m&amp;#27;[32m of type &amp;#27;[0m&amp;#27;[32m&amp;#27;[1m&quot;limit&quot;&amp;#27;[0m&amp;#27;[32m side &amp;#27;[0m&amp;#27;[32m&amp;#27;[1m&quot;SELL&quot;&amp;#27;[0m&amp;#27;[32m instrument &amp;#27;[0m&amp;#27;[32m&amp;#27;[1m&quot;ETH/INR&quot;&amp;#27;[0m&amp;#27;[32m quantityType &amp;#27;[0m&amp;#27;[32m&amp;#27;[1m&quot;BASE&quot;&amp;#27;[0m&amp;#27;[32m quantity &amp;#27;[0m&amp;#27;[32m&amp;#27;[1m&quot;1&quot;&amp;#27;[0m&amp;#27;[32m limitPrice &amp;#27;[0m&amp;#27;[32m&amp;#27;[1m&quot;1000&quot;&amp;#27;[0m&amp;#27;[32m username &amp;#27;[0m&amp;#27;[32m&amp;#27;[1m&quot;user1&quot;&amp;#27;[0m   &amp;#27;[90m# stepDefinations.SDplaceOrderofBroker1.placing_an_order_of_type_side_instrument_quantity_type_quantity_limit_price_username(java.lang.String,java.lang.String,java.lang.String,java.lang.String,java.lang.String,java.lang.String,java.lang.String,java.lang.String)&amp;#27;[0m
{&quot;data&quot;:{&quot;average_price&quot;:&quot;0&quot;,&quot;brokerId&quot;:&quot;97c02e87-a473-414b-9d27-78764a93d439&quot;,&quot;created_at&quot;:&quot;2022-06-10T06:24:06.258Z&quot;,&quot;filledQuantity&quot;:0,&quot;instrument&quot;:&quot;ETH/INR&quot;,&quot;limit_price&quot;:&quot;1000&quot;,&quot;makerFee&quot;:&quot;-0.04&quot;,&quot;orderId&quot;:&quot;535bb686-c331-4a67-90a5-fdb7ceb4839a&quot;,&quot;orderType&quot;:&quot;&quot;,&quot;quantity&quot;:&quot;1&quot;,&quot;quantityType&quot;:&quot;&quot;,&quot;side&quot;:&quot;SELL&quot;,&quot;status&quot;:&quot;OPEN&quot;,&quot;takerFee&quot;:&quot;0.07&quot;,&quot;updated_at&quot;:&quot;2022-06-10T06:24:06.258Z&quot;},&quot;message&quot;:&quot;Order placed successfully&quot;}

  &amp;#27;[32mWhen &amp;#27;[0m&amp;#27;[32mProviding request PathUrl &amp;#27;[0m&amp;#27;[32m&amp;#27;[1m&quot;PlaceOrder&quot;&amp;#27;[0m&amp;#27;[32m with method &amp;#27;[0m&amp;#27;[32m&amp;#27;[1m&quot;POST&quot;&amp;#27;[0m                                                                                                &amp;#27;[90m# stepDefinations.SDplaceOrderofBroker1.providing_request_path_url_with_method(java.lang.String,java.lang.String)&amp;#27;[0m
  &amp;#27;[32mThen &amp;#27;[0m&amp;#27;[32mI verify the  &amp;#27;[0m&amp;#27;[32m&amp;#27;[1m&quot;200&quot;&amp;#27;[0m&amp;#27;[32m in step&amp;#27;[0m                                                                                                                              &amp;#27;[90m# stepDefinations.SDplaceOrderofBroker1.i_verify_the_in_step(java.lang.String)&amp;#27;[0m
  &amp;#27;[32mAnd &amp;#27;[0m&amp;#27;[32mVerify key &amp;#27;[0m&amp;#27;[32m&amp;#27;[1m&quot;message&quot;&amp;#27;[0m&amp;#27;[32m of response &amp;#27;[0m&amp;#27;[32m&amp;#27;[1m&quot;Order placed successfully&quot;&amp;#27;[0m                                                                                              &amp;#27;[90m# stepDefinations.SDplaceOrderofBroker1.verify_key_of_response(java.lang.String,java.lang.String)&amp;#27;[0m
{&quot;data&quot;:{&quot;average_price&quot;:&quot;0&quot;,&quot;brokerId&quot;:&quot;97c02e87-a473-414b-9d27-78764a93d439&quot;,&quot;created_at&quot;:&quot;2022-06-10T06:24:06.258Z&quot;,&quot;filledQuantity&quot;:0,&quot;instrument&quot;:&quot;ETH/INR&quot;,&quot;limit_price&quot;:&quot;1000&quot;,&quot;makerFee&quot;:&quot;-0.04&quot;,&quot;orderId&quot;:&quot;535bb686-c331-4a67-90a5-fdb7ceb4839a&quot;,&quot;orderType&quot;:&quot;&quot;,&quot;quantity&quot;:&quot;1&quot;,&quot;quantityType&quot;:&quot;&quot;,&quot;side&quot;:&quot;SELL&quot;,&quot;status&quot;:&quot;OPEN&quot;,&quot;takerFee&quot;:&quot;0.07&quot;,&quot;updated_at&quot;:&quot;2022-06-10T06:24:06.258Z&quot;},&quot;message&quot;:&quot;Order fetched successfully&quot;}

  &amp;#27;[32mAnd &amp;#27;[0m&amp;#27;[32mVerify the &amp;#27;[0m&amp;#27;[32m&amp;#27;[1m&quot;data.orderId&quot;&amp;#27;[0m&amp;#27;[32m of response &amp;#27;[0m&amp;#27;[32m&amp;#27;[1m&quot;GetOrder&quot;&amp;#27;[0m                                                                                                          &amp;#27;[90m# stepDefinations.SDplaceOrderofBroker1.verify_the_of_response(java.lang.String,java.lang.String)&amp;#27;[0m
  &amp;#27;[32mAnd &amp;#27;[0m&amp;#27;[32mVerify key &amp;#27;[0m&amp;#27;[32m&amp;#27;[1m&quot;data.status&quot;&amp;#27;[0m&amp;#27;[32m of response &amp;#27;[0m&amp;#27;[32m&amp;#27;[1m&quot;OPEN&quot;&amp;#27;[0m                                                                                                               &amp;#27;[90m# stepDefinations.SDplaceOrderofBroker1.verify_key_of_response(java.lang.String,java.lang.String)&amp;#27;[0m
  &amp;#27;[32mThen &amp;#27;[0m&amp;#27;[32mgive sleep of &amp;#27;[0m&amp;#27;[32m&amp;#27;[1m&quot;000&quot;&amp;#27;[0m                                                                                                                                      &amp;#27;[90m# stepDefinations.SDplaceOrderofBroker1.give_sleep_of_something(java.lang.String)&amp;#27;[0m
  &amp;#27;[32mGiven &amp;#27;[0m&amp;#27;[32mloading the header for broker &amp;#27;[0m&amp;#27;[32m&amp;#27;[1m&quot;B1&quot;&amp;#27;[0m                                                                                                                      &amp;#27;[90m# stepDefinations.SDplaceOrderofBroker1.loading_the_header_for_broker_something(java.lang.String)&amp;#27;[0m
s2b1inr = 130714658.3136362590011
  &amp;#27;[32mGiven &amp;#27;[0m&amp;#27;[32mtake balance of &amp;#27;[0m&amp;#27;[32m&amp;#27;[1m&quot;INR&quot;&amp;#27;[0m&amp;#27;[32m with api &amp;#27;[0m&amp;#27;[32m&amp;#27;[1m&quot;Getbalance&quot;&amp;#27;[0m&amp;#27;[32m with name &amp;#27;[0m&amp;#27;[32m&amp;#27;[1m&quot;s2b1inr&quot;&amp;#27;[0m                                                                                         &amp;#27;[90m# stepDefinations.SDplaceOrderofBroker1.take_balance_of_with_api_with_name(java.lang.String,java.lang.String,java.lang.String)&amp;#27;[0m
s2b1btc = 90000826.1960524464
  &amp;#27;[32mGiven &amp;#27;[0m&amp;#27;[32mtake balance of &amp;#27;[0m&amp;#27;[32m&amp;#27;[1m&quot;ETH&quot;&amp;#27;[0m&amp;#27;[32m with api &amp;#27;[0m&amp;#27;[32m&amp;#27;[1m&quot;Getbalance&quot;&amp;#27;[0m&amp;#27;[32m with name &amp;#27;[0m&amp;#27;[32m&amp;#27;[1m&quot;s2b1btc&quot;&amp;#27;[0m                                                                                         &amp;#27;[90m# stepDefinations.SDplaceOrderofBroker1.take_balance_of_with_api_with_name(java.lang.String,java.lang.String,java.lang.String)&amp;#27;[0m
  &amp;#27;[32mGiven &amp;#27;[0m&amp;#27;[32mloading the header for broker &amp;#27;[0m&amp;#27;[32m&amp;#27;[1m&quot;B2&quot;&amp;#27;[0m                                                                                                                      &amp;#27;[90m# stepDefinations.SDplaceOrderofBroker1.loading_the_header_for_broker_something(java.lang.String)&amp;#27;[0m
s2b2inr = 3753767.08380877
  &amp;#27;[32mGiven &amp;#27;[0m&amp;#27;[32mtake balance of &amp;#27;[0m&amp;#27;[32m&amp;#27;[1m&quot;INR&quot;&amp;#27;[0m&amp;#27;[32m with api &amp;#27;[0m&amp;#27;[32m&amp;#27;[1m&quot;Getbalance&quot;&amp;#27;[0m&amp;#27;[32m with name &amp;#27;[0m&amp;#27;[32m&amp;#27;[1m&quot;s2b2inr&quot;&amp;#27;[0m                                                                                         &amp;#27;[90m# stepDefinations.SDplaceOrderofBroker1.take_balance_of_with_api_with_name(java.lang.String,java.lang.String,java.lang.String)&amp;#27;[0m
s2b2btc = 99998.2194592636
  &amp;#27;[32mGiven &amp;#27;[0m&amp;#27;[32mtake balance of &amp;#27;[0m&amp;#27;[32m&amp;#27;[1m&quot;ETH&quot;&amp;#27;[0m&amp;#27;[32m with api &amp;#27;[0m&amp;#27;[32m&amp;#27;[1m&quot;Getbalance&quot;&amp;#27;[0m&amp;#27;[32m with name &amp;#27;[0m&amp;#27;[32m&amp;#27;[1m&quot;s2b2btc&quot;&amp;#27;[0m                                                                                         &amp;#27;[90m# stepDefinations.SDplaceOrderofBroker1.take_balance_of_with_api_with_name(java.lang.String,java.lang.String,java.lang.String)&amp;#27;[0m
  &amp;#27;[32mGiven &amp;#27;[0m&amp;#27;[32mPlacing an order for broker &amp;#27;[0m&amp;#27;[32m&amp;#27;[1m&quot;B1&quot;&amp;#27;[0m&amp;#27;[32m of type &amp;#27;[0m&amp;#27;[32m&amp;#27;[1m&quot;limit&quot;&amp;#27;[0m&amp;#27;[32m side &amp;#27;[0m&amp;#27;[32m&amp;#27;[1m&quot;BUY&quot;&amp;#27;[0m&amp;#27;[32m instrument &amp;#27;[0m&amp;#27;[32m&amp;#27;[1m&quot;ETH/INR&quot;&amp;#27;[0m&amp;#27;[32m quantityType &amp;#27;[0m&amp;#27;[32m&amp;#27;[1m&quot;BASE&quot;&amp;#27;[0m&amp;#27;[32m quantity &amp;#27;[0m&amp;#27;[32m&amp;#27;[1m&quot;0.5&quot;&amp;#27;[0m&amp;#27;[32m limitPrice &amp;#27;[0m&amp;#27;[32m&amp;#27;[1m&quot;10000&quot;&amp;#27;[0m&amp;#27;[32m username &amp;#27;[0m&amp;#27;[32m&amp;#27;[1m&quot;user1&quot;&amp;#27;[0m &amp;#27;[90m# stepDefinations.SDplaceOrderofBroker1.placing_an_order_of_type_side_instrument_quantity_type_quantity_limit_price_username(java.lang.String,java.lang.String,java.lang.String,java.lang.String,java.lang.String,java.lang.String,java.lang.String,java.lang.String)&amp;#27;[0m
{&quot;data&quot;:{&quot;average_price&quot;:&quot;0&quot;,&quot;brokerId&quot;:&quot;97c02e87-a473-414b-9d27-78764a93d439&quot;,&quot;created_at&quot;:&quot;2022-06-10T06:24:14.073Z&quot;,&quot;filledQuantity&quot;:0,&quot;instrument&quot;:&quot;ETH/INR&quot;,&quot;limit_price&quot;:&quot;10000&quot;,&quot;makerFee&quot;:&quot;-0.04&quot;,&quot;orderId&quot;:&quot;76cf5e5f-94a4-44dd-ad62-9944254f0ac2&quot;,&quot;orderType&quot;:&quot;&quot;,&quot;quantity&quot;:&quot;0.5&quot;,&quot;quantityType&quot;:&quot;&quot;,&quot;side&quot;:&quot;BUY&quot;,&quot;status&quot;:&quot;OPEN&quot;,&quot;takerFee&quot;:&quot;0.07&quot;,&quot;updated_at&quot;:&quot;2022-06-10T06:24:14.073Z&quot;},&quot;message&quot;:&quot;Order placed successfully&quot;}

  &amp;#27;[32mWhen &amp;#27;[0m&amp;#27;[32mProviding request PathUrl &amp;#27;[0m&amp;#27;[32m&amp;#27;[1m&quot;PlaceOrder&quot;&amp;#27;[0m&amp;#27;[32m with method &amp;#27;[0m&amp;#27;[32m&amp;#27;[1m&quot;POST&quot;&amp;#27;[0m                                                                                                &amp;#27;[90m# stepDefinations.SDplaceOrderofBroker1.providing_request_path_url_with_method(java.lang.String,java.lang.String)&amp;#27;[0m
  &amp;#27;[32mThen &amp;#27;[0m&amp;#27;[32mI verify the  &amp;#27;[0m&amp;#27;[32m&amp;#27;[1m&quot;200&quot;&amp;#27;[0m&amp;#27;[32m in step&amp;#27;[0m                                                                                                                              &amp;#27;[90m# stepDefinations.SDplaceOrderofBroker1.i_verify_the_in_step(java.lang.String)&amp;#27;[0m
  &amp;#27;[32mAnd &amp;#27;[0m&amp;#27;[32mVerify key &amp;#27;[0m&amp;#27;[32m&amp;#27;[1m&quot;message&quot;&amp;#27;[0m&amp;#27;[32m of response &amp;#27;[0m&amp;#27;[32m&amp;#27;[1m&quot;Order placed successfully&quot;&amp;#27;[0m                                                                                              &amp;#27;[90m# stepDefinations.SDplaceOrderofBroker1.verify_key_of_response(java.lang.String,java.lang.String)&amp;#27;[0m
  &amp;#27;[32mGiven &amp;#27;[0m&amp;#27;[32mPlacing an order for broker &amp;#27;[0m&amp;#27;[32m&amp;#27;[1m&quot;B2&quot;&amp;#27;[0m&amp;#27;[32m of type &amp;#27;[0m&amp;#27;[32m&amp;#27;[1m&quot;limit&quot;&amp;#27;[0m&amp;#27;[32m side &amp;#27;[0m&amp;#27;[32m&amp;#27;[1m&quot;BUY&quot;&amp;#27;[0m&amp;#27;[32m instrument &amp;#27;[0m&amp;#27;[32m&amp;#27;[1m&quot;ETH/INR&quot;&amp;#27;[0m&amp;#27;[32m quantityType &amp;#27;[0m&amp;#27;[32m&amp;#27;[1m&quot;BASE&quot;&amp;#27;[0m&amp;#27;[32m quantity &amp;#27;[0m&amp;#27;[32m&amp;#27;[1m&quot;0.5&quot;&amp;#27;[0m&amp;#27;[32m limitPrice &amp;#27;[0m&amp;#27;[32m&amp;#27;[1m&quot;10000&quot;&amp;#27;[0m&amp;#27;[32m username &amp;#27;[0m&amp;#27;[32m&amp;#27;[1m&quot;user3&quot;&amp;#27;[0m &amp;#27;[90m# stepDefinations.SDplaceOrderofBroker1.placing_an_order_of_type_side_instrument_quantity_type_quantity_limit_price_username(java.lang.String,java.lang.String,java.lang.String,java.lang.String,java.lang.String,java.lang.String,java.lang.String,java.lang.String)&amp;#27;[0m
{&quot;data&quot;:{&quot;average_price&quot;:&quot;0&quot;,&quot;brokerId&quot;:&quot;3ab607d8-8836-4aeb-a71d-7030e7c4524f&quot;,&quot;created_at&quot;:&quot;2022-06-10T06:24:15.179Z&quot;,&quot;filledQuantity&quot;:0,&quot;instrument&quot;:&quot;ETH/INR&quot;,&quot;limit_price&quot;:&quot;10000&quot;,&quot;makerFee&quot;:&quot;0.1&quot;,&quot;orderId&quot;:&quot;c4a77835-feeb-4ea2-895f-0b3c4bc1f0fa&quot;,&quot;orderType&quot;:&quot;&quot;,&quot;quantity&quot;:&quot;0.5&quot;,&quot;quantityType&quot;:&quot;&quot;,&quot;side&quot;:&quot;BUY&quot;,&quot;status&quot;:&quot;OPEN&quot;,&quot;takerFee&quot;:&quot;0.2&quot;,&quot;updated_at&quot;:&quot;2022-06-10T06:24:15.179Z&quot;},&quot;message&quot;:&quot;Order placed successfully&quot;}

  &amp;#27;[32mWhen &amp;#27;[0m&amp;#27;[32mProviding request PathUrl &amp;#27;[0m&amp;#27;[32m&amp;#27;[1m&quot;PlaceOrder&quot;&amp;#27;[0m&amp;#27;[32m with method &amp;#27;[0m&amp;#27;[32m&amp;#27;[1m&quot;POST&quot;&amp;#27;[0m                                                                                                &amp;#27;[90m# stepDefinations.SDplaceOrderofBroker1.providing_request_path_url_with_method(java.lang.String,java.lang.String)&amp;#27;[0m
  &amp;#27;[32mThen &amp;#27;[0m&amp;#27;[32mI verify the  &amp;#27;[0m&amp;#27;[32m&amp;#27;[1m&quot;200&quot;&amp;#27;[0m&amp;#27;[32m in step&amp;#27;[0m                                                                                                                              &amp;#27;[90m# stepDefinations.SDplaceOrderofBroker1.i_verify_the_in_step(java.lang.String)&amp;#27;[0m
  &amp;#27;[32mAnd &amp;#27;[0m&amp;#27;[32mVerify key &amp;#27;[0m&amp;#27;[32m&amp;#27;[1m&quot;message&quot;&amp;#27;[0m&amp;#27;[32m of response &amp;#27;[0m&amp;#27;[32m&amp;#27;[1m&quot;Order placed successfully&quot;&amp;#27;[0m                                                                                              &amp;#27;[90m# stepDefinations.SDplaceOrderofBroker1.verify_key_of_response(java.lang.String,java.lang.String)&amp;#27;[0m
{&quot;data&quot;:{&quot;average_price&quot;:&quot;1000&quot;,&quot;brokerId&quot;:&quot;3ab607d8-8836-4aeb-a71d-7030e7c4524f&quot;,&quot;created_at&quot;:&quot;2022-06-10T06:24:15.179Z&quot;,&quot;filledQuantity&quot;:0.5,&quot;instrument&quot;:&quot;ETH/INR&quot;,&quot;limit_price&quot;:&quot;10000&quot;,&quot;makerFee&quot;:&quot;0.1&quot;,&quot;orderId&quot;:&quot;c4a77835-feeb-4ea2-895f-0b3c4bc1f0fa&quot;,&quot;orderType&quot;:&quot;&quot;,&quot;quantity&quot;:&quot;0.5&quot;,&quot;quantityType&quot;:&quot;&quot;,&quot;side&quot;:&quot;BUY&quot;,&quot;status&quot;:&quot;FULFILLED&quot;,&quot;takerFee&quot;:&quot;0.2&quot;,&quot;updated_at&quot;:&quot;2022-06-10T06:24:15.444Z&quot;},&quot;message&quot;:&quot;Order fetched successfully&quot;}

  &amp;#27;[32mAnd &amp;#27;[0m&amp;#27;[32mVerify the &amp;#27;[0m&amp;#27;[32m&amp;#27;[1m&quot;data.orderId&quot;&amp;#27;[0m&amp;#27;[32m of response &amp;#27;[0m&amp;#27;[32m&amp;#27;[1m&quot;GetOrder&quot;&amp;#27;[0m                                                                                                          &amp;#27;[90m# stepDefinations.SDplaceOrderofBroker1.verify_the_of_response(java.lang.String,java.lang.String)&amp;#27;[0m
  &amp;#27;[32mThen &amp;#27;[0m&amp;#27;[32mgive sleep of &amp;#27;[0m&amp;#27;[32m&amp;#27;[1m&quot;000&quot;&amp;#27;[0m                                                                                                                                      &amp;#27;[90m# stepDefinations.SDplaceOrderofBroker1.give_sleep_of_something(java.lang.String)&amp;#27;[0m
  &amp;#27;[32mThen &amp;#27;[0m&amp;#27;[32mgive sleep of &amp;#27;[0m&amp;#27;[32m&amp;#27;[1m&quot;1000&quot;&amp;#27;[0m                                                                                                                                     &amp;#27;[90m# stepDefinations.SDplaceOrderofBroker1.give_sleep_of_something(java.lang.String)&amp;#27;[0m
  &amp;#27;[32mGiven &amp;#27;[0m&amp;#27;[32mloading the header for broker &amp;#27;[0m&amp;#27;[32m&amp;#27;[1m&quot;B1&quot;&amp;#27;[0m                                                                                                                      &amp;#27;[90m# stepDefinations.SDplaceOrderofBroker1.loading_the_header_for_broker_something(java.lang.String)&amp;#27;[0m
s3b1inr = 130715158.5136362590011
  &amp;#27;[32mGiven &amp;#27;[0m&amp;#27;[32mtake balance of &amp;#27;[0m&amp;#27;[32m&amp;#27;[1m&quot;INR&quot;&amp;#27;[0m&amp;#27;[32m with api &amp;#27;[0m&amp;#27;[32m&amp;#27;[1m&quot;Getbalance&quot;&amp;#27;[0m&amp;#27;[32m with name &amp;#27;[0m&amp;#27;[32m&amp;#27;[1m&quot;s3b1inr&quot;&amp;#27;[0m                                                                                         &amp;#27;[90m# stepDefinations.SDplaceOrderofBroker1.take_balance_of_with_api_with_name(java.lang.String,java.lang.String,java.lang.String)&amp;#27;[0m
s3b1btc = 90000826.6960524464
  &amp;#27;[32mGiven &amp;#27;[0m&amp;#27;[32mtake balance of &amp;#27;[0m&amp;#27;[32m&amp;#27;[1m&quot;ETH&quot;&amp;#27;[0m&amp;#27;[32m with api &amp;#27;[0m&amp;#27;[32m&amp;#27;[1m&quot;Getbalance&quot;&amp;#27;[0m&amp;#27;[32m with name &amp;#27;[0m&amp;#27;[32m&amp;#27;[1m&quot;s3b1btc&quot;&amp;#27;[0m                                                                                         &amp;#27;[90m# stepDefinations.SDplaceOrderofBroker1.take_balance_of_with_api_with_name(java.lang.String,java.lang.String,java.lang.String)&amp;#27;[0m
  &amp;#27;[32mGiven &amp;#27;[0m&amp;#27;[32mloading the header for broker &amp;#27;[0m&amp;#27;[32m&amp;#27;[1m&quot;B2&quot;&amp;#27;[0m                                                                                                                      &amp;#27;[90m# stepDefinations.SDplaceOrderofBroker1.loading_the_header_for_broker_something(java.lang.String)&amp;#27;[0m
s3b2inr = 3753266.08380877
  &amp;#27;[32mGiven &amp;#27;[0m&amp;#27;[32mtake balance of &amp;#27;[0m&amp;#27;[32m&amp;#27;[1m&quot;INR&quot;&amp;#27;[0m&amp;#27;[32m with api &amp;#27;[0m&amp;#27;[32m&amp;#27;[1m&quot;Getbalance&quot;&amp;#27;[0m&amp;#27;[32m with name &amp;#27;[0m&amp;#27;[32m&amp;#27;[1m&quot;s3b2inr&quot;&amp;#27;[0m                                                                                         &amp;#27;[90m# stepDefinations.SDplaceOrderofBroker1.take_balance_of_with_api_with_name(java.lang.String,java.lang.String,java.lang.String)&amp;#27;[0m
s3b2btc = 99998.7194592636
  &amp;#27;[32mGiven &amp;#27;[0m&amp;#27;[32mtake balance of &amp;#27;[0m&amp;#27;[32m&amp;#27;[1m&quot;ETH&quot;&amp;#27;[0m&amp;#27;[32m with api &amp;#27;[0m&amp;#27;[32m&amp;#27;[1m&quot;Getbalance&quot;&amp;#27;[0m&amp;#27;[32m with name &amp;#27;[0m&amp;#27;[32m&amp;#27;[1m&quot;s3b2btc&quot;&amp;#27;[0m                                                                                         &amp;#27;[90m# stepDefinations.SDplaceOrderofBroker1.take_balance_of_with_api_with_name(java.lang.String,java.lang.String,java.lang.String)&amp;#27;[0m
-------------------------------------------------------------------------------------
Deduction_of_INR_from_broker1 = -500.20000000298023
-------------------------------------------------------------------------------------
Addition_of_INR_in_broker2 = -501.0
-------------------------------------------------------------------------------------
Addition_of_BTC_to_broker1 = -0.5
-------------------------------------------------------------------------------------
Deduction_of_BTC_to_broker2 = -0.5
-------------------------------------------------------------------------------------
Fee_for_diffrent_broker = 0.7999999970197678
-------------------------------------------------------------------------------------
And Fail because diffrence in Fee is= 1.2000000029802322
  &amp;#27;[31mThen &amp;#27;[0m&amp;#27;[31mCheck fees &amp;#27;[0m&amp;#27;[31m&amp;#27;[1m&quot;2&quot;&amp;#27;[0m&amp;#27;[31m for diffrent broker&amp;#27;[0m                                                                                                                       &amp;#27;[90m# stepDefinations.SDplaceOrderofBroker1.calculate_fees_for_diffrent_broker(java.lang.String)&amp;#27;[0m
      &amp;#27;[31mjava.lang.AssertionError: expected:&lt;0.7999999970197678&gt; but was:&lt;2.0&gt;
	at org.junit.Assert.fail(Assert.java:89)
	at org.junit.Assert.failNotEquals(Assert.java:835)
	at org.junit.Assert.assertEquals(Assert.java:555)
	at org.junit.Assert.assertEquals(Assert.java:685)
	at stepDefinations.SDplaceOrderofBroker1.calculate_fees_for_diffrent_broker(SDplaceOrderofBroker1.java:316)
	at Ã¢Å“Â½.Check fees &quot;2&quot; for diffrent broker(file:///C:/Users/Dell/eclipse_csk/CSXautomation2Optimision/src/test/java/features/ETHINR.feature:594)
&amp;#27;[0m
  &amp;#27;[36mThen &amp;#27;[0m&amp;#27;[36mgive sleep of &amp;#27;[0m&amp;#27;[36m&amp;#27;[1m&quot;1000&quot;&amp;#27;[0m                                                                                                                                     &amp;#27;[90m# stepDefinations.SDplaceOrderofBroker1.give_sleep_of_something(java.lang.String)&amp;#27;[0m
  &amp;#27;[36mGiven &amp;#27;[0m&amp;#27;[36mloading the header for broker &amp;#27;[0m&amp;#27;[36m&amp;#27;[1m&quot;B1&quot;&amp;#27;[0m                                                                                                                      &amp;#27;[90m# stepDefinations.SDplaceOrderofBroker1.loading_the_header_for_broker_something(java.lang.String)&amp;#27;[0m
  &amp;#27;[36mWhen &amp;#27;[0m&amp;#27;[36mProviding request PathUrl &amp;#27;[0m&amp;#27;[36m&amp;#27;[1m&quot;CancelAllOrders&quot;&amp;#27;[0m&amp;#27;[36m with method &amp;#27;[0m&amp;#27;[36m&amp;#27;[1m&quot;DELETE&quot;&amp;#27;[0m                                                                                         &amp;#27;[90m# stepDefinations.SDplaceOrderofBroker1.providing_request_path_url_with_method(java.lang.String,java.lang.String)&amp;#27;[0m
  &amp;#27;[36mGiven &amp;#27;[0m&amp;#27;[36mloading the header for broker &amp;#27;[0m&amp;#27;[36m&amp;#27;[1m&quot;B2&quot;&amp;#27;[0m                                                                                                                      &amp;#27;[90m# stepDefinations.SDplaceOrderofBroker1.loading_the_header_for_broker_something(java.lang.String)&amp;#27;[0m
  &amp;#27;[36mWhen &amp;#27;[0m&amp;#27;[36mProviding request PathUrl &amp;#27;[0m&amp;#27;[36m&amp;#27;[1m&quot;CancelAllOrders&quot;&amp;#27;[0m&amp;#27;[36m with method &amp;#27;[0m&amp;#27;[36m&amp;#27;[1m&quot;DELETE&quot;&amp;#27;[0m                                                                                         &amp;#27;[90m# stepDefinations.SDplaceOrderofBroker1.providing_request_path_url_with_method(java.lang.String,java.lang.String)&amp;#27;[0m
</system-out>
  </testcase>
  <testcase classname="cucumber.options.TestRunner" name="runScenario" time="18.068">
    <failure message="expected:&lt;-4502.3499999940395&gt; but was:&lt;2.0&gt;" type="java.lang.AssertionError">java.lang.AssertionError: expected:&lt;-4502.3499999940395&gt; but was:&lt;2.0&gt;
	at org.junit.Assert.fail(Assert.java:89)
	at org.junit.Assert.failNotEquals(Assert.java:835)
	at org.junit.Assert.assertEquals(Assert.java:555)
	at org.junit.Assert.assertEquals(Assert.java:685)
	at stepDefinations.SDplaceOrderofBroker1.calculate_fees_for_diffrent_broker(SDplaceOrderofBroker1.java:316)
	at âœ½.Check fees &quot;2&quot; for diffrent broker(file:///C:/Users/Dell/eclipse_csk/CSXautomation2Optimision/src/test/java/features/ETHINR.feature:642)
</failure>
    <system-out>
@GetBalanceforDifferentBroker @Regression @ETH
Scenario: (placing sell order first)Verify funds while when order moves in (open---&gt;partially_fulfilled---&gt;partially_decrement(fulfilled)) for diffrent brokers &amp;#27;[90m# src/test/java/features/ETHINR.feature:604&amp;#27;[0m
  &amp;#27;[32mGiven &amp;#27;[0m&amp;#27;[32mloading the header for broker &amp;#27;[0m&amp;#27;[32m&amp;#27;[1m&quot;B1&quot;&amp;#27;[0m                                                                                                                      &amp;#27;[90m# stepDefinations.SDplaceOrderofBroker1.loading_the_header_for_broker_something(java.lang.String)&amp;#27;[0m
s1b1inr = 130715158.5136362590011
  &amp;#27;[32mGiven &amp;#27;[0m&amp;#27;[32mtake balance of &amp;#27;[0m&amp;#27;[32m&amp;#27;[1m&quot;INR&quot;&amp;#27;[0m&amp;#27;[32m with api &amp;#27;[0m&amp;#27;[32m&amp;#27;[1m&quot;Getbalance&quot;&amp;#27;[0m&amp;#27;[32m with name &amp;#27;[0m&amp;#27;[32m&amp;#27;[1m&quot;s1b1inr&quot;&amp;#27;[0m                                                                                         &amp;#27;[90m# stepDefinations.SDplaceOrderofBroker1.take_balance_of_with_api_with_name(java.lang.String,java.lang.String,java.lang.String)&amp;#27;[0m
s1b1btc = 90000826.6960524464
  &amp;#27;[32mGiven &amp;#27;[0m&amp;#27;[32mtake balance of &amp;#27;[0m&amp;#27;[32m&amp;#27;[1m&quot;ETH&quot;&amp;#27;[0m&amp;#27;[32m with api &amp;#27;[0m&amp;#27;[32m&amp;#27;[1m&quot;Getbalance&quot;&amp;#27;[0m&amp;#27;[32m with name &amp;#27;[0m&amp;#27;[32m&amp;#27;[1m&quot;s1b1btc&quot;&amp;#27;[0m                                                                                         &amp;#27;[90m# stepDefinations.SDplaceOrderofBroker1.take_balance_of_with_api_with_name(java.lang.String,java.lang.String,java.lang.String)&amp;#27;[0m
  &amp;#27;[32mGiven &amp;#27;[0m&amp;#27;[32mloading the header for broker &amp;#27;[0m&amp;#27;[32m&amp;#27;[1m&quot;B2&quot;&amp;#27;[0m                                                                                                                      &amp;#27;[90m# stepDefinations.SDplaceOrderofBroker1.loading_the_header_for_broker_something(java.lang.String)&amp;#27;[0m
s1b2inr = 3753266.08380877
  &amp;#27;[32mGiven &amp;#27;[0m&amp;#27;[32mtake balance of &amp;#27;[0m&amp;#27;[32m&amp;#27;[1m&quot;INR&quot;&amp;#27;[0m&amp;#27;[32m with api &amp;#27;[0m&amp;#27;[32m&amp;#27;[1m&quot;Getbalance&quot;&amp;#27;[0m&amp;#27;[32m with name &amp;#27;[0m&amp;#27;[32m&amp;#27;[1m&quot;s1b2inr&quot;&amp;#27;[0m                                                                                         &amp;#27;[90m# stepDefinations.SDplaceOrderofBroker1.take_balance_of_with_api_with_name(java.lang.String,java.lang.String,java.lang.String)&amp;#27;[0m
s1b2btc = 99998.7194592636
  &amp;#27;[32mGiven &amp;#27;[0m&amp;#27;[32mtake balance of &amp;#27;[0m&amp;#27;[32m&amp;#27;[1m&quot;ETH&quot;&amp;#27;[0m&amp;#27;[32m with api &amp;#27;[0m&amp;#27;[32m&amp;#27;[1m&quot;Getbalance&quot;&amp;#27;[0m&amp;#27;[32m with name &amp;#27;[0m&amp;#27;[32m&amp;#27;[1m&quot;s1b2btc&quot;&amp;#27;[0m                                                                                         &amp;#27;[90m# stepDefinations.SDplaceOrderofBroker1.take_balance_of_with_api_with_name(java.lang.String,java.lang.String,java.lang.String)&amp;#27;[0m
  &amp;#27;[32mGiven &amp;#27;[0m&amp;#27;[32mPlacing an order for broker &amp;#27;[0m&amp;#27;[32m&amp;#27;[1m&quot;B1&quot;&amp;#27;[0m&amp;#27;[32m of type &amp;#27;[0m&amp;#27;[32m&amp;#27;[1m&quot;limit&quot;&amp;#27;[0m&amp;#27;[32m side &amp;#27;[0m&amp;#27;[32m&amp;#27;[1m&quot;SELL&quot;&amp;#27;[0m&amp;#27;[32m instrument &amp;#27;[0m&amp;#27;[32m&amp;#27;[1m&quot;ETH/INR&quot;&amp;#27;[0m&amp;#27;[32m quantityType &amp;#27;[0m&amp;#27;[32m&amp;#27;[1m&quot;BASE&quot;&amp;#27;[0m&amp;#27;[32m quantity &amp;#27;[0m&amp;#27;[32m&amp;#27;[1m&quot;1&quot;&amp;#27;[0m&amp;#27;[32m limitPrice &amp;#27;[0m&amp;#27;[32m&amp;#27;[1m&quot;1000&quot;&amp;#27;[0m&amp;#27;[32m username &amp;#27;[0m&amp;#27;[32m&amp;#27;[1m&quot;user1&quot;&amp;#27;[0m   &amp;#27;[90m# stepDefinations.SDplaceOrderofBroker1.placing_an_order_of_type_side_instrument_quantity_type_quantity_limit_price_username(java.lang.String,java.lang.String,java.lang.String,java.lang.String,java.lang.String,java.lang.String,java.lang.String,java.lang.String)&amp;#27;[0m
{&quot;data&quot;:{&quot;average_price&quot;:&quot;0&quot;,&quot;brokerId&quot;:&quot;97c02e87-a473-414b-9d27-78764a93d439&quot;,&quot;created_at&quot;:&quot;2022-06-10T06:24:33.046Z&quot;,&quot;filledQuantity&quot;:0,&quot;instrument&quot;:&quot;ETH/INR&quot;,&quot;limit_price&quot;:&quot;1000&quot;,&quot;makerFee&quot;:&quot;-0.04&quot;,&quot;orderId&quot;:&quot;1394533f-e83f-4c6b-bd22-d2824fa89b1f&quot;,&quot;orderType&quot;:&quot;&quot;,&quot;quantity&quot;:&quot;1&quot;,&quot;quantityType&quot;:&quot;&quot;,&quot;side&quot;:&quot;SELL&quot;,&quot;status&quot;:&quot;OPEN&quot;,&quot;takerFee&quot;:&quot;0.07&quot;,&quot;updated_at&quot;:&quot;2022-06-10T06:24:33.046Z&quot;},&quot;message&quot;:&quot;Order placed successfully&quot;}

  &amp;#27;[32mWhen &amp;#27;[0m&amp;#27;[32mProviding request PathUrl &amp;#27;[0m&amp;#27;[32m&amp;#27;[1m&quot;PlaceOrder&quot;&amp;#27;[0m&amp;#27;[32m with method &amp;#27;[0m&amp;#27;[32m&amp;#27;[1m&quot;POST&quot;&amp;#27;[0m                                                                                                &amp;#27;[90m# stepDefinations.SDplaceOrderofBroker1.providing_request_path_url_with_method(java.lang.String,java.lang.String)&amp;#27;[0m
  &amp;#27;[32mThen &amp;#27;[0m&amp;#27;[32mI verify the  &amp;#27;[0m&amp;#27;[32m&amp;#27;[1m&quot;200&quot;&amp;#27;[0m&amp;#27;[32m in step&amp;#27;[0m                                                                                                                              &amp;#27;[90m# stepDefinations.SDplaceOrderofBroker1.i_verify_the_in_step(java.lang.String)&amp;#27;[0m
  &amp;#27;[32mAnd &amp;#27;[0m&amp;#27;[32mVerify key &amp;#27;[0m&amp;#27;[32m&amp;#27;[1m&quot;message&quot;&amp;#27;[0m&amp;#27;[32m of response &amp;#27;[0m&amp;#27;[32m&amp;#27;[1m&quot;Order placed successfully&quot;&amp;#27;[0m                                                                                              &amp;#27;[90m# stepDefinations.SDplaceOrderofBroker1.verify_key_of_response(java.lang.String,java.lang.String)&amp;#27;[0m
{&quot;data&quot;:{&quot;average_price&quot;:&quot;0&quot;,&quot;brokerId&quot;:&quot;97c02e87-a473-414b-9d27-78764a93d439&quot;,&quot;created_at&quot;:&quot;2022-06-10T06:24:33.046Z&quot;,&quot;filledQuantity&quot;:0,&quot;instrument&quot;:&quot;ETH/INR&quot;,&quot;limit_price&quot;:&quot;1000&quot;,&quot;makerFee&quot;:&quot;-0.04&quot;,&quot;orderId&quot;:&quot;1394533f-e83f-4c6b-bd22-d2824fa89b1f&quot;,&quot;orderType&quot;:&quot;&quot;,&quot;quantity&quot;:&quot;1&quot;,&quot;quantityType&quot;:&quot;&quot;,&quot;side&quot;:&quot;SELL&quot;,&quot;status&quot;:&quot;OPEN&quot;,&quot;takerFee&quot;:&quot;0.07&quot;,&quot;updated_at&quot;:&quot;2022-06-10T06:24:33.046Z&quot;},&quot;message&quot;:&quot;Order fetched successfully&quot;}

  &amp;#27;[32mAnd &amp;#27;[0m&amp;#27;[32mVerify the &amp;#27;[0m&amp;#27;[32m&amp;#27;[1m&quot;data.orderId&quot;&amp;#27;[0m&amp;#27;[32m of response &amp;#27;[0m&amp;#27;[32m&amp;#27;[1m&quot;GetOrder&quot;&amp;#27;[0m                                                                                                          &amp;#27;[90m# stepDefinations.SDplaceOrderofBroker1.verify_the_of_response(java.lang.String,java.lang.String)&amp;#27;[0m
  &amp;#27;[32mAnd &amp;#27;[0m&amp;#27;[32mVerify key &amp;#27;[0m&amp;#27;[32m&amp;#27;[1m&quot;data.status&quot;&amp;#27;[0m&amp;#27;[32m of response &amp;#27;[0m&amp;#27;[32m&amp;#27;[1m&quot;OPEN&quot;&amp;#27;[0m                                                                                                               &amp;#27;[90m# stepDefinations.SDplaceOrderofBroker1.verify_key_of_response(java.lang.String,java.lang.String)&amp;#27;[0m
  &amp;#27;[32mThen &amp;#27;[0m&amp;#27;[32mgive sleep of &amp;#27;[0m&amp;#27;[32m&amp;#27;[1m&quot;000&quot;&amp;#27;[0m                                                                                                                                      &amp;#27;[90m# stepDefinations.SDplaceOrderofBroker1.give_sleep_of_something(java.lang.String)&amp;#27;[0m
  &amp;#27;[32mGiven &amp;#27;[0m&amp;#27;[32mloading the header for broker &amp;#27;[0m&amp;#27;[32m&amp;#27;[1m&quot;B1&quot;&amp;#27;[0m                                                                                                                      &amp;#27;[90m# stepDefinations.SDplaceOrderofBroker1.loading_the_header_for_broker_something(java.lang.String)&amp;#27;[0m
s2b1inr = 130715158.5136362590011
  &amp;#27;[32mGiven &amp;#27;[0m&amp;#27;[32mtake balance of &amp;#27;[0m&amp;#27;[32m&amp;#27;[1m&quot;INR&quot;&amp;#27;[0m&amp;#27;[32m with api &amp;#27;[0m&amp;#27;[32m&amp;#27;[1m&quot;Getbalance&quot;&amp;#27;[0m&amp;#27;[32m with name &amp;#27;[0m&amp;#27;[32m&amp;#27;[1m&quot;s2b1inr&quot;&amp;#27;[0m                                                                                         &amp;#27;[90m# stepDefinations.SDplaceOrderofBroker1.take_balance_of_with_api_with_name(java.lang.String,java.lang.String,java.lang.String)&amp;#27;[0m
s2b1btc = 90000825.6960524464
  &amp;#27;[32mGiven &amp;#27;[0m&amp;#27;[32mtake balance of &amp;#27;[0m&amp;#27;[32m&amp;#27;[1m&quot;ETH&quot;&amp;#27;[0m&amp;#27;[32m with api &amp;#27;[0m&amp;#27;[32m&amp;#27;[1m&quot;Getbalance&quot;&amp;#27;[0m&amp;#27;[32m with name &amp;#27;[0m&amp;#27;[32m&amp;#27;[1m&quot;s2b1btc&quot;&amp;#27;[0m                                                                                         &amp;#27;[90m# stepDefinations.SDplaceOrderofBroker1.take_balance_of_with_api_with_name(java.lang.String,java.lang.String,java.lang.String)&amp;#27;[0m
  &amp;#27;[32mGiven &amp;#27;[0m&amp;#27;[32mloading the header for broker &amp;#27;[0m&amp;#27;[32m&amp;#27;[1m&quot;B2&quot;&amp;#27;[0m                                                                                                                      &amp;#27;[90m# stepDefinations.SDplaceOrderofBroker1.loading_the_header_for_broker_something(java.lang.String)&amp;#27;[0m
s2b2inr = 3753266.08380877
  &amp;#27;[32mGiven &amp;#27;[0m&amp;#27;[32mtake balance of &amp;#27;[0m&amp;#27;[32m&amp;#27;[1m&quot;INR&quot;&amp;#27;[0m&amp;#27;[32m with api &amp;#27;[0m&amp;#27;[32m&amp;#27;[1m&quot;Getbalance&quot;&amp;#27;[0m&amp;#27;[32m with name &amp;#27;[0m&amp;#27;[32m&amp;#27;[1m&quot;s2b2inr&quot;&amp;#27;[0m                                                                                         &amp;#27;[90m# stepDefinations.SDplaceOrderofBroker1.take_balance_of_with_api_with_name(java.lang.String,java.lang.String,java.lang.String)&amp;#27;[0m
s2b2btc = 99998.7194592636
  &amp;#27;[32mGiven &amp;#27;[0m&amp;#27;[32mtake balance of &amp;#27;[0m&amp;#27;[32m&amp;#27;[1m&quot;ETH&quot;&amp;#27;[0m&amp;#27;[32m with api &amp;#27;[0m&amp;#27;[32m&amp;#27;[1m&quot;Getbalance&quot;&amp;#27;[0m&amp;#27;[32m with name &amp;#27;[0m&amp;#27;[32m&amp;#27;[1m&quot;s2b2btc&quot;&amp;#27;[0m                                                                                         &amp;#27;[90m# stepDefinations.SDplaceOrderofBroker1.take_balance_of_with_api_with_name(java.lang.String,java.lang.String,java.lang.String)&amp;#27;[0m
  &amp;#27;[32mGiven &amp;#27;[0m&amp;#27;[32mPlacing an order for broker &amp;#27;[0m&amp;#27;[32m&amp;#27;[1m&quot;B2&quot;&amp;#27;[0m&amp;#27;[32m of type &amp;#27;[0m&amp;#27;[32m&amp;#27;[1m&quot;limit&quot;&amp;#27;[0m&amp;#27;[32m side &amp;#27;[0m&amp;#27;[32m&amp;#27;[1m&quot;BUY&quot;&amp;#27;[0m&amp;#27;[32m instrument &amp;#27;[0m&amp;#27;[32m&amp;#27;[1m&quot;ETH/INR&quot;&amp;#27;[0m&amp;#27;[32m quantityType &amp;#27;[0m&amp;#27;[32m&amp;#27;[1m&quot;BASE&quot;&amp;#27;[0m&amp;#27;[32m quantity &amp;#27;[0m&amp;#27;[32m&amp;#27;[1m&quot;0.5&quot;&amp;#27;[0m&amp;#27;[32m limitPrice &amp;#27;[0m&amp;#27;[32m&amp;#27;[1m&quot;10000&quot;&amp;#27;[0m&amp;#27;[32m username &amp;#27;[0m&amp;#27;[32m&amp;#27;[1m&quot;user1&quot;&amp;#27;[0m &amp;#27;[90m# stepDefinations.SDplaceOrderofBroker1.placing_an_order_of_type_side_instrument_quantity_type_quantity_limit_price_username(java.lang.String,java.lang.String,java.lang.String,java.lang.String,java.lang.String,java.lang.String,java.lang.String,java.lang.String)&amp;#27;[0m
{&quot;data&quot;:{&quot;average_price&quot;:&quot;0&quot;,&quot;brokerId&quot;:&quot;3ab607d8-8836-4aeb-a71d-7030e7c4524f&quot;,&quot;created_at&quot;:&quot;2022-06-10T06:24:39.095Z&quot;,&quot;filledQuantity&quot;:0,&quot;instrument&quot;:&quot;ETH/INR&quot;,&quot;limit_price&quot;:&quot;10000&quot;,&quot;makerFee&quot;:&quot;0.1&quot;,&quot;orderId&quot;:&quot;07c3fadd-5959-46cc-a14a-4f2ef70fd428&quot;,&quot;orderType&quot;:&quot;&quot;,&quot;quantity&quot;:&quot;0.5&quot;,&quot;quantityType&quot;:&quot;&quot;,&quot;side&quot;:&quot;BUY&quot;,&quot;status&quot;:&quot;OPEN&quot;,&quot;takerFee&quot;:&quot;0.2&quot;,&quot;updated_at&quot;:&quot;2022-06-10T06:24:39.095Z&quot;},&quot;message&quot;:&quot;Order placed successfully&quot;}

  &amp;#27;[32mWhen &amp;#27;[0m&amp;#27;[32mProviding request PathUrl &amp;#27;[0m&amp;#27;[32m&amp;#27;[1m&quot;PlaceOrder&quot;&amp;#27;[0m&amp;#27;[32m with method &amp;#27;[0m&amp;#27;[32m&amp;#27;[1m&quot;POST&quot;&amp;#27;[0m                                                                                                &amp;#27;[90m# stepDefinations.SDplaceOrderofBroker1.providing_request_path_url_with_method(java.lang.String,java.lang.String)&amp;#27;[0m
  &amp;#27;[32mThen &amp;#27;[0m&amp;#27;[32mI verify the  &amp;#27;[0m&amp;#27;[32m&amp;#27;[1m&quot;200&quot;&amp;#27;[0m&amp;#27;[32m in step&amp;#27;[0m                                                                                                                              &amp;#27;[90m# stepDefinations.SDplaceOrderofBroker1.i_verify_the_in_step(java.lang.String)&amp;#27;[0m
  &amp;#27;[32mAnd &amp;#27;[0m&amp;#27;[32mVerify key &amp;#27;[0m&amp;#27;[32m&amp;#27;[1m&quot;message&quot;&amp;#27;[0m&amp;#27;[32m of response &amp;#27;[0m&amp;#27;[32m&amp;#27;[1m&quot;Order placed successfully&quot;&amp;#27;[0m                                                                                              &amp;#27;[90m# stepDefinations.SDplaceOrderofBroker1.verify_key_of_response(java.lang.String,java.lang.String)&amp;#27;[0m
  &amp;#27;[32mGiven &amp;#27;[0m&amp;#27;[32mPlacing an order for broker &amp;#27;[0m&amp;#27;[32m&amp;#27;[1m&quot;B1&quot;&amp;#27;[0m&amp;#27;[32m of type &amp;#27;[0m&amp;#27;[32m&amp;#27;[1m&quot;limit&quot;&amp;#27;[0m&amp;#27;[32m side &amp;#27;[0m&amp;#27;[32m&amp;#27;[1m&quot;BUY&quot;&amp;#27;[0m&amp;#27;[32m instrument &amp;#27;[0m&amp;#27;[32m&amp;#27;[1m&quot;ETH/INR&quot;&amp;#27;[0m&amp;#27;[32m quantityType &amp;#27;[0m&amp;#27;[32m&amp;#27;[1m&quot;BASE&quot;&amp;#27;[0m&amp;#27;[32m quantity &amp;#27;[0m&amp;#27;[32m&amp;#27;[1m&quot;0.5&quot;&amp;#27;[0m&amp;#27;[32m limitPrice &amp;#27;[0m&amp;#27;[32m&amp;#27;[1m&quot;10000&quot;&amp;#27;[0m&amp;#27;[32m username &amp;#27;[0m&amp;#27;[32m&amp;#27;[1m&quot;user1&quot;&amp;#27;[0m &amp;#27;[90m# stepDefinations.SDplaceOrderofBroker1.placing_an_order_of_type_side_instrument_quantity_type_quantity_limit_price_username(java.lang.String,java.lang.String,java.lang.String,java.lang.String,java.lang.String,java.lang.String,java.lang.String,java.lang.String)&amp;#27;[0m
{&quot;data&quot;:{&quot;average_price&quot;:&quot;0&quot;,&quot;brokerId&quot;:&quot;97c02e87-a473-414b-9d27-78764a93d439&quot;,&quot;created_at&quot;:&quot;2022-06-10T06:24:40.744Z&quot;,&quot;filledQuantity&quot;:0,&quot;instrument&quot;:&quot;ETH/INR&quot;,&quot;limit_price&quot;:&quot;10000&quot;,&quot;makerFee&quot;:&quot;-0.04&quot;,&quot;orderId&quot;:&quot;2e837e32-a7a6-4da0-abf1-14294671f255&quot;,&quot;orderType&quot;:&quot;&quot;,&quot;quantity&quot;:&quot;0.5&quot;,&quot;quantityType&quot;:&quot;&quot;,&quot;side&quot;:&quot;BUY&quot;,&quot;status&quot;:&quot;OPEN&quot;,&quot;takerFee&quot;:&quot;0.07&quot;,&quot;updated_at&quot;:&quot;2022-06-10T06:24:40.744Z&quot;},&quot;message&quot;:&quot;Order placed successfully&quot;}

  &amp;#27;[32mWhen &amp;#27;[0m&amp;#27;[32mProviding request PathUrl &amp;#27;[0m&amp;#27;[32m&amp;#27;[1m&quot;PlaceOrder&quot;&amp;#27;[0m&amp;#27;[32m with method &amp;#27;[0m&amp;#27;[32m&amp;#27;[1m&quot;POST&quot;&amp;#27;[0m                                                                                                &amp;#27;[90m# stepDefinations.SDplaceOrderofBroker1.providing_request_path_url_with_method(java.lang.String,java.lang.String)&amp;#27;[0m
  &amp;#27;[32mThen &amp;#27;[0m&amp;#27;[32mI verify the  &amp;#27;[0m&amp;#27;[32m&amp;#27;[1m&quot;200&quot;&amp;#27;[0m&amp;#27;[32m in step&amp;#27;[0m                                                                                                                              &amp;#27;[90m# stepDefinations.SDplaceOrderofBroker1.i_verify_the_in_step(java.lang.String)&amp;#27;[0m
  &amp;#27;[32mAnd &amp;#27;[0m&amp;#27;[32mVerify key &amp;#27;[0m&amp;#27;[32m&amp;#27;[1m&quot;message&quot;&amp;#27;[0m&amp;#27;[32m of response &amp;#27;[0m&amp;#27;[32m&amp;#27;[1m&quot;Order placed successfully&quot;&amp;#27;[0m                                                                                              &amp;#27;[90m# stepDefinations.SDplaceOrderofBroker1.verify_key_of_response(java.lang.String,java.lang.String)&amp;#27;[0m
{&quot;data&quot;:{&quot;average_price&quot;:&quot;1000&quot;,&quot;brokerId&quot;:&quot;97c02e87-a473-414b-9d27-78764a93d439&quot;,&quot;created_at&quot;:&quot;2022-06-10T06:24:40.744Z&quot;,&quot;filledQuantity&quot;:0.5,&quot;instrument&quot;:&quot;ETH/INR&quot;,&quot;limit_price&quot;:&quot;10000&quot;,&quot;makerFee&quot;:&quot;-0.04&quot;,&quot;orderId&quot;:&quot;2e837e32-a7a6-4da0-abf1-14294671f255&quot;,&quot;orderType&quot;:&quot;&quot;,&quot;quantity&quot;:&quot;0.5&quot;,&quot;quantityType&quot;:&quot;&quot;,&quot;side&quot;:&quot;BUY&quot;,&quot;status&quot;:&quot;FULFILLED&quot;,&quot;takerFee&quot;:&quot;0.07&quot;,&quot;updated_at&quot;:&quot;2022-06-10T06:24:41.018Z&quot;},&quot;message&quot;:&quot;Order fetched successfully&quot;}

  &amp;#27;[32mAnd &amp;#27;[0m&amp;#27;[32mVerify the &amp;#27;[0m&amp;#27;[32m&amp;#27;[1m&quot;data.orderId&quot;&amp;#27;[0m&amp;#27;[32m of response &amp;#27;[0m&amp;#27;[32m&amp;#27;[1m&quot;GetOrder&quot;&amp;#27;[0m                                                                                                          &amp;#27;[90m# stepDefinations.SDplaceOrderofBroker1.verify_the_of_response(java.lang.String,java.lang.String)&amp;#27;[0m
  &amp;#27;[32mThen &amp;#27;[0m&amp;#27;[32mgive sleep of &amp;#27;[0m&amp;#27;[32m&amp;#27;[1m&quot;000&quot;&amp;#27;[0m                                                                                                                                      &amp;#27;[90m# stepDefinations.SDplaceOrderofBroker1.give_sleep_of_something(java.lang.String)&amp;#27;[0m
  &amp;#27;[32mThen &amp;#27;[0m&amp;#27;[32mgive sleep of &amp;#27;[0m&amp;#27;[32m&amp;#27;[1m&quot;1000&quot;&amp;#27;[0m                                                                                                                                     &amp;#27;[90m# stepDefinations.SDplaceOrderofBroker1.give_sleep_of_something(java.lang.String)&amp;#27;[0m
  &amp;#27;[32mGiven &amp;#27;[0m&amp;#27;[32mloading the header for broker &amp;#27;[0m&amp;#27;[32m&amp;#27;[1m&quot;B1&quot;&amp;#27;[0m                                                                                                                      &amp;#27;[90m# stepDefinations.SDplaceOrderofBroker1.loading_the_header_for_broker_something(java.lang.String)&amp;#27;[0m
s3b1inr = 130720161.8636362590011
  &amp;#27;[32mGiven &amp;#27;[0m&amp;#27;[32mtake balance of &amp;#27;[0m&amp;#27;[32m&amp;#27;[1m&quot;INR&quot;&amp;#27;[0m&amp;#27;[32m with api &amp;#27;[0m&amp;#27;[32m&amp;#27;[1m&quot;Getbalance&quot;&amp;#27;[0m&amp;#27;[32m with name &amp;#27;[0m&amp;#27;[32m&amp;#27;[1m&quot;s3b1inr&quot;&amp;#27;[0m                                                                                         &amp;#27;[90m# stepDefinations.SDplaceOrderofBroker1.take_balance_of_with_api_with_name(java.lang.String,java.lang.String,java.lang.String)&amp;#27;[0m
s3b1btc = 90000826.1960524464
  &amp;#27;[32mGiven &amp;#27;[0m&amp;#27;[32mtake balance of &amp;#27;[0m&amp;#27;[32m&amp;#27;[1m&quot;ETH&quot;&amp;#27;[0m&amp;#27;[32m with api &amp;#27;[0m&amp;#27;[32m&amp;#27;[1m&quot;Getbalance&quot;&amp;#27;[0m&amp;#27;[32m with name &amp;#27;[0m&amp;#27;[32m&amp;#27;[1m&quot;s3b1btc&quot;&amp;#27;[0m                                                                                         &amp;#27;[90m# stepDefinations.SDplaceOrderofBroker1.take_balance_of_with_api_with_name(java.lang.String,java.lang.String,java.lang.String)&amp;#27;[0m
  &amp;#27;[32mGiven &amp;#27;[0m&amp;#27;[32mloading the header for broker &amp;#27;[0m&amp;#27;[32m&amp;#27;[1m&quot;B2&quot;&amp;#27;[0m                                                                                                                      &amp;#27;[90m# stepDefinations.SDplaceOrderofBroker1.loading_the_header_for_broker_something(java.lang.String)&amp;#27;[0m
s3b2inr = 3752765.08380877
  &amp;#27;[32mGiven &amp;#27;[0m&amp;#27;[32mtake balance of &amp;#27;[0m&amp;#27;[32m&amp;#27;[1m&quot;INR&quot;&amp;#27;[0m&amp;#27;[32m with api &amp;#27;[0m&amp;#27;[32m&amp;#27;[1m&quot;Getbalance&quot;&amp;#27;[0m&amp;#27;[32m with name &amp;#27;[0m&amp;#27;[32m&amp;#27;[1m&quot;s3b2inr&quot;&amp;#27;[0m                                                                                         &amp;#27;[90m# stepDefinations.SDplaceOrderofBroker1.take_balance_of_with_api_with_name(java.lang.String,java.lang.String,java.lang.String)&amp;#27;[0m
s3b2btc = 99999.2194592636
  &amp;#27;[32mGiven &amp;#27;[0m&amp;#27;[32mtake balance of &amp;#27;[0m&amp;#27;[32m&amp;#27;[1m&quot;ETH&quot;&amp;#27;[0m&amp;#27;[32m with api &amp;#27;[0m&amp;#27;[32m&amp;#27;[1m&quot;Getbalance&quot;&amp;#27;[0m&amp;#27;[32m with name &amp;#27;[0m&amp;#27;[32m&amp;#27;[1m&quot;s3b2btc&quot;&amp;#27;[0m                                                                                         &amp;#27;[90m# stepDefinations.SDplaceOrderofBroker1.take_balance_of_with_api_with_name(java.lang.String,java.lang.String,java.lang.String)&amp;#27;[0m
-------------------------------------------------------------------------------------
Deduction_of_INR_from_broker1 = -5003.3499999940395
-------------------------------------------------------------------------------------
Addition_of_INR_in_broker2 = -501.0
-------------------------------------------------------------------------------------
Addition_of_BTC_to_broker1 = -0.5
-------------------------------------------------------------------------------------
Deduction_of_BTC_to_broker2 = -0.5
-------------------------------------------------------------------------------------
Fee_for_diffrent_broker = -4502.3499999940395
-------------------------------------------------------------------------------------
And Fail because diffrence in Fee is= 4504.3499999940395
  &amp;#27;[31mThen &amp;#27;[0m&amp;#27;[31mCheck fees &amp;#27;[0m&amp;#27;[31m&amp;#27;[1m&quot;2&quot;&amp;#27;[0m&amp;#27;[31m for diffrent broker&amp;#27;[0m                                                                                                                       &amp;#27;[90m# stepDefinations.SDplaceOrderofBroker1.calculate_fees_for_diffrent_broker(java.lang.String)&amp;#27;[0m
      &amp;#27;[31mjava.lang.AssertionError: expected:&lt;-4502.3499999940395&gt; but was:&lt;2.0&gt;
	at org.junit.Assert.fail(Assert.java:89)
	at org.junit.Assert.failNotEquals(Assert.java:835)
	at org.junit.Assert.assertEquals(Assert.java:555)
	at org.junit.Assert.assertEquals(Assert.java:685)
	at stepDefinations.SDplaceOrderofBroker1.calculate_fees_for_diffrent_broker(SDplaceOrderofBroker1.java:316)
	at Ã¢Å“Â½.Check fees &quot;2&quot; for diffrent broker(file:///C:/Users/Dell/eclipse_csk/CSXautomation2Optimision/src/test/java/features/ETHINR.feature:642)
&amp;#27;[0m
  &amp;#27;[36mThen &amp;#27;[0m&amp;#27;[36mgive sleep of &amp;#27;[0m&amp;#27;[36m&amp;#27;[1m&quot;1000&quot;&amp;#27;[0m                                                                                                                                     &amp;#27;[90m# stepDefinations.SDplaceOrderofBroker1.give_sleep_of_something(java.lang.String)&amp;#27;[0m
  &amp;#27;[36mGiven &amp;#27;[0m&amp;#27;[36mloading the header for broker &amp;#27;[0m&amp;#27;[36m&amp;#27;[1m&quot;B1&quot;&amp;#27;[0m                                                                                                                      &amp;#27;[90m# stepDefinations.SDplaceOrderofBroker1.loading_the_header_for_broker_something(java.lang.String)&amp;#27;[0m
  &amp;#27;[36mWhen &amp;#27;[0m&amp;#27;[36mProviding request PathUrl &amp;#27;[0m&amp;#27;[36m&amp;#27;[1m&quot;CancelAllOrders&quot;&amp;#27;[0m&amp;#27;[36m with method &amp;#27;[0m&amp;#27;[36m&amp;#27;[1m&quot;DELETE&quot;&amp;#27;[0m                                                                                         &amp;#27;[90m# stepDefinations.SDplaceOrderofBroker1.providing_request_path_url_with_method(java.lang.String,java.lang.String)&amp;#27;[0m
  &amp;#27;[36mGiven &amp;#27;[0m&amp;#27;[36mloading the header for broker &amp;#27;[0m&amp;#27;[36m&amp;#27;[1m&quot;B2&quot;&amp;#27;[0m                                                                                                                      &amp;#27;[90m# stepDefinations.SDplaceOrderofBroker1.loading_the_header_for_broker_something(java.lang.String)&amp;#27;[0m
  &amp;#27;[36mWhen &amp;#27;[0m&amp;#27;[36mProviding request PathUrl &amp;#27;[0m&amp;#27;[36m&amp;#27;[1m&quot;CancelAllOrders&quot;&amp;#27;[0m&amp;#27;[36m with method &amp;#27;[0m&amp;#27;[36m&amp;#27;[1m&quot;DELETE&quot;&amp;#27;[0m                                                                                         &amp;#27;[90m# stepDefinations.SDplaceOrderofBroker1.providing_request_path_url_with_method(java.lang.String,java.lang.String)&amp;#27;[0m
</system-out>
  </testcase>
  <testcase classname="cucumber.options.TestRunner" name="runScenario" time="16.777"/>
  <testcase classname="cucumber.options.TestRunner" name="runScenario" time="19.154">
    <failure message="expected:&lt;[5005.0]&gt; but was:&lt;[1.5]&gt;" type="org.junit.ComparisonFailure">org.junit.ComparisonFailure: expected:&lt;[5005.0]&gt; but was:&lt;[1.5]&gt;
	at org.junit.Assert.assertEquals(Assert.java:117)
	at org.junit.Assert.assertEquals(Assert.java:146)
	at stepDefinations.SDplaceOrderofBroker1.calculate_fees_for_same_broker(SDplaceOrderofBroker1.java:232)
	at âœ½.Check fees &quot;1.5&quot; for same broker(file:///C:/Users/Dell/eclipse_csk/CSXautomation2Optimision/src/test/java/features/ETHINR.feature:710)
</failure>
    <system-out>
@GetBalanceforSameBroker2 @Regression @ETH
Scenario: Verify funds for same broker in partially fulfilled case                                                                                                 &amp;#27;[90m# src/test/java/features/ETHINR.feature:683&amp;#27;[0m
  &amp;#27;[32mGiven &amp;#27;[0m&amp;#27;[32mloading the header for broker &amp;#27;[0m&amp;#27;[32m&amp;#27;[1m&quot;B1&quot;&amp;#27;[0m                                                                                                                         &amp;#27;[90m# stepDefinations.SDplaceOrderofBroker1.loading_the_header_for_broker_something(java.lang.String)&amp;#27;[0m
s1b1inr = 130720158.8636362590011
  &amp;#27;[32mGiven &amp;#27;[0m&amp;#27;[32mtake balance of &amp;#27;[0m&amp;#27;[32m&amp;#27;[1m&quot;INR&quot;&amp;#27;[0m&amp;#27;[32m with api &amp;#27;[0m&amp;#27;[32m&amp;#27;[1m&quot;Getbalance&quot;&amp;#27;[0m&amp;#27;[32m with name &amp;#27;[0m&amp;#27;[32m&amp;#27;[1m&quot;s1b1inr&quot;&amp;#27;[0m                                                                                            &amp;#27;[90m# stepDefinations.SDplaceOrderofBroker1.take_balance_of_with_api_with_name(java.lang.String,java.lang.String,java.lang.String)&amp;#27;[0m
s1b1btc = 90000826.1960524464
  &amp;#27;[32mGiven &amp;#27;[0m&amp;#27;[32mtake balance of &amp;#27;[0m&amp;#27;[32m&amp;#27;[1m&quot;ETH&quot;&amp;#27;[0m&amp;#27;[32m with api &amp;#27;[0m&amp;#27;[32m&amp;#27;[1m&quot;Getbalance&quot;&amp;#27;[0m&amp;#27;[32m with name &amp;#27;[0m&amp;#27;[32m&amp;#27;[1m&quot;s1b1btc&quot;&amp;#27;[0m                                                                                            &amp;#27;[90m# stepDefinations.SDplaceOrderofBroker1.take_balance_of_with_api_with_name(java.lang.String,java.lang.String,java.lang.String)&amp;#27;[0m
  &amp;#27;[32mGiven &amp;#27;[0m&amp;#27;[32mPlacing an order for broker &amp;#27;[0m&amp;#27;[32m&amp;#27;[1m&quot;B1&quot;&amp;#27;[0m&amp;#27;[32m of type &amp;#27;[0m&amp;#27;[32m&amp;#27;[1m&quot;limit&quot;&amp;#27;[0m&amp;#27;[32m side &amp;#27;[0m&amp;#27;[32m&amp;#27;[1m&quot;BUY&quot;&amp;#27;[0m&amp;#27;[32m instrument &amp;#27;[0m&amp;#27;[32m&amp;#27;[1m&quot;ETH/INR&quot;&amp;#27;[0m&amp;#27;[32m quantityType &amp;#27;[0m&amp;#27;[32m&amp;#27;[1m&quot;QUOTE&quot;&amp;#27;[0m&amp;#27;[32m quantity &amp;#27;[0m&amp;#27;[32m&amp;#27;[1m&quot;10000&quot;&amp;#27;[0m&amp;#27;[32m limitPrice &amp;#27;[0m&amp;#27;[32m&amp;#27;[1m&quot;10000&quot;&amp;#27;[0m&amp;#27;[32m username &amp;#27;[0m&amp;#27;[32m&amp;#27;[1m&quot;user1&quot;&amp;#27;[0m &amp;#27;[90m# stepDefinations.SDplaceOrderofBroker1.placing_an_order_of_type_side_instrument_quantity_type_quantity_limit_price_username(java.lang.String,java.lang.String,java.lang.String,java.lang.String,java.lang.String,java.lang.String,java.lang.String,java.lang.String)&amp;#27;[0m
{&quot;data&quot;:{&quot;average_price&quot;:&quot;0&quot;,&quot;brokerId&quot;:&quot;97c02e87-a473-414b-9d27-78764a93d439&quot;,&quot;created_at&quot;:&quot;2022-06-10T06:25:07.138Z&quot;,&quot;filledQuantity&quot;:0,&quot;instrument&quot;:&quot;ETH/INR&quot;,&quot;limit_price&quot;:&quot;10000&quot;,&quot;makerFee&quot;:&quot;-0.04&quot;,&quot;orderId&quot;:&quot;df58112c-c6fe-4ba0-b2c1-b555e87e34a4&quot;,&quot;orderType&quot;:&quot;&quot;,&quot;quantity&quot;:&quot;1&quot;,&quot;quantityType&quot;:&quot;&quot;,&quot;side&quot;:&quot;BUY&quot;,&quot;status&quot;:&quot;OPEN&quot;,&quot;takerFee&quot;:&quot;0.07&quot;,&quot;updated_at&quot;:&quot;2022-06-10T06:25:07.138Z&quot;},&quot;message&quot;:&quot;Order placed successfully&quot;}

  &amp;#27;[32mWhen &amp;#27;[0m&amp;#27;[32mProviding request PathUrl &amp;#27;[0m&amp;#27;[32m&amp;#27;[1m&quot;PlaceOrder&quot;&amp;#27;[0m&amp;#27;[32m with method &amp;#27;[0m&amp;#27;[32m&amp;#27;[1m&quot;POST&quot;&amp;#27;[0m                                                                                                   &amp;#27;[90m# stepDefinations.SDplaceOrderofBroker1.providing_request_path_url_with_method(java.lang.String,java.lang.String)&amp;#27;[0m
  &amp;#27;[32mThen &amp;#27;[0m&amp;#27;[32mI verify the  &amp;#27;[0m&amp;#27;[32m&amp;#27;[1m&quot;200&quot;&amp;#27;[0m&amp;#27;[32m in step&amp;#27;[0m                                                                                                                                 &amp;#27;[90m# stepDefinations.SDplaceOrderofBroker1.i_verify_the_in_step(java.lang.String)&amp;#27;[0m
  &amp;#27;[32mAnd &amp;#27;[0m&amp;#27;[32mVerify key &amp;#27;[0m&amp;#27;[32m&amp;#27;[1m&quot;message&quot;&amp;#27;[0m&amp;#27;[32m of response &amp;#27;[0m&amp;#27;[32m&amp;#27;[1m&quot;Order placed successfully&quot;&amp;#27;[0m                                                                                                 &amp;#27;[90m# stepDefinations.SDplaceOrderofBroker1.verify_key_of_response(java.lang.String,java.lang.String)&amp;#27;[0m
{&quot;data&quot;:{&quot;average_price&quot;:&quot;0&quot;,&quot;brokerId&quot;:&quot;97c02e87-a473-414b-9d27-78764a93d439&quot;,&quot;created_at&quot;:&quot;2022-06-10T06:25:07.138Z&quot;,&quot;filledQuantity&quot;:0,&quot;instrument&quot;:&quot;ETH/INR&quot;,&quot;limit_price&quot;:&quot;10000&quot;,&quot;makerFee&quot;:&quot;-0.04&quot;,&quot;orderId&quot;:&quot;df58112c-c6fe-4ba0-b2c1-b555e87e34a4&quot;,&quot;orderType&quot;:&quot;&quot;,&quot;quantity&quot;:&quot;1&quot;,&quot;quantityType&quot;:&quot;&quot;,&quot;side&quot;:&quot;BUY&quot;,&quot;status&quot;:&quot;OPEN&quot;,&quot;takerFee&quot;:&quot;0.07&quot;,&quot;updated_at&quot;:&quot;2022-06-10T06:25:07.138Z&quot;},&quot;message&quot;:&quot;Order fetched successfully&quot;}

  &amp;#27;[32mAnd &amp;#27;[0m&amp;#27;[32mVerify the &amp;#27;[0m&amp;#27;[32m&amp;#27;[1m&quot;data.orderId&quot;&amp;#27;[0m&amp;#27;[32m of response &amp;#27;[0m&amp;#27;[32m&amp;#27;[1m&quot;GetOrder&quot;&amp;#27;[0m                                                                                                             &amp;#27;[90m# stepDefinations.SDplaceOrderofBroker1.verify_the_of_response(java.lang.String,java.lang.String)&amp;#27;[0m
  &amp;#27;[32mAnd &amp;#27;[0m&amp;#27;[32mVerify key &amp;#27;[0m&amp;#27;[32m&amp;#27;[1m&quot;data.status&quot;&amp;#27;[0m&amp;#27;[32m of response &amp;#27;[0m&amp;#27;[32m&amp;#27;[1m&quot;OPEN&quot;&amp;#27;[0m                                                                                                                  &amp;#27;[90m# stepDefinations.SDplaceOrderofBroker1.verify_key_of_response(java.lang.String,java.lang.String)&amp;#27;[0m
  &amp;#27;[32mGiven &amp;#27;[0m&amp;#27;[32mloading the header for broker &amp;#27;[0m&amp;#27;[32m&amp;#27;[1m&quot;B1&quot;&amp;#27;[0m                                                                                                                         &amp;#27;[90m# stepDefinations.SDplaceOrderofBroker1.loading_the_header_for_broker_something(java.lang.String)&amp;#27;[0m
s2b1inr = 130710151.8636362590011
  &amp;#27;[32mGiven &amp;#27;[0m&amp;#27;[32mtake balance of &amp;#27;[0m&amp;#27;[32m&amp;#27;[1m&quot;INR&quot;&amp;#27;[0m&amp;#27;[32m with api &amp;#27;[0m&amp;#27;[32m&amp;#27;[1m&quot;Getbalance&quot;&amp;#27;[0m&amp;#27;[32m with name &amp;#27;[0m&amp;#27;[32m&amp;#27;[1m&quot;s2b1inr&quot;&amp;#27;[0m                                                                                            &amp;#27;[90m# stepDefinations.SDplaceOrderofBroker1.take_balance_of_with_api_with_name(java.lang.String,java.lang.String,java.lang.String)&amp;#27;[0m
s2b1btc = 90000826.1960524464
  &amp;#27;[32mGiven &amp;#27;[0m&amp;#27;[32mtake balance of &amp;#27;[0m&amp;#27;[32m&amp;#27;[1m&quot;ETH&quot;&amp;#27;[0m&amp;#27;[32m with api &amp;#27;[0m&amp;#27;[32m&amp;#27;[1m&quot;Getbalance&quot;&amp;#27;[0m&amp;#27;[32m with name &amp;#27;[0m&amp;#27;[32m&amp;#27;[1m&quot;s2b1btc&quot;&amp;#27;[0m                                                                                            &amp;#27;[90m# stepDefinations.SDplaceOrderofBroker1.take_balance_of_with_api_with_name(java.lang.String,java.lang.String,java.lang.String)&amp;#27;[0m
  &amp;#27;[32mGiven &amp;#27;[0m&amp;#27;[32mPlacing an order for broker &amp;#27;[0m&amp;#27;[32m&amp;#27;[1m&quot;B1&quot;&amp;#27;[0m&amp;#27;[32m of type &amp;#27;[0m&amp;#27;[32m&amp;#27;[1m&quot;limit&quot;&amp;#27;[0m&amp;#27;[32m side &amp;#27;[0m&amp;#27;[32m&amp;#27;[1m&quot;SELL&quot;&amp;#27;[0m&amp;#27;[32m instrument &amp;#27;[0m&amp;#27;[32m&amp;#27;[1m&quot;ETH/INR&quot;&amp;#27;[0m&amp;#27;[32m quantityType &amp;#27;[0m&amp;#27;[32m&amp;#27;[1m&quot;QUOTE&quot;&amp;#27;[0m&amp;#27;[32m quantity &amp;#27;[0m&amp;#27;[32m&amp;#27;[1m&quot;5000&quot;&amp;#27;[0m&amp;#27;[32m limitPrice &amp;#27;[0m&amp;#27;[32m&amp;#27;[1m&quot;10000&quot;&amp;#27;[0m&amp;#27;[32m username &amp;#27;[0m&amp;#27;[32m&amp;#27;[1m&quot;user2&quot;&amp;#27;[0m &amp;#27;[90m# stepDefinations.SDplaceOrderofBroker1.placing_an_order_of_type_side_instrument_quantity_type_quantity_limit_price_username(java.lang.String,java.lang.String,java.lang.String,java.lang.String,java.lang.String,java.lang.String,java.lang.String,java.lang.String)&amp;#27;[0m
{&quot;data&quot;:{&quot;average_price&quot;:&quot;0&quot;,&quot;brokerId&quot;:&quot;97c02e87-a473-414b-9d27-78764a93d439&quot;,&quot;created_at&quot;:&quot;2022-06-10T06:25:12.293Z&quot;,&quot;filledQuantity&quot;:0,&quot;instrument&quot;:&quot;ETH/INR&quot;,&quot;limit_price&quot;:&quot;10000&quot;,&quot;makerFee&quot;:&quot;-0.04&quot;,&quot;orderId&quot;:&quot;4bf27f05-67ee-4fd1-944d-ad1b347fa359&quot;,&quot;orderType&quot;:&quot;&quot;,&quot;quantity&quot;:&quot;0.5&quot;,&quot;quantityType&quot;:&quot;&quot;,&quot;side&quot;:&quot;SELL&quot;,&quot;status&quot;:&quot;OPEN&quot;,&quot;takerFee&quot;:&quot;0.07&quot;,&quot;updated_at&quot;:&quot;2022-06-10T06:25:12.293Z&quot;},&quot;message&quot;:&quot;Order placed successfully&quot;}

  &amp;#27;[32mWhen &amp;#27;[0m&amp;#27;[32mProviding request PathUrl &amp;#27;[0m&amp;#27;[32m&amp;#27;[1m&quot;PlaceOrder&quot;&amp;#27;[0m&amp;#27;[32m with method &amp;#27;[0m&amp;#27;[32m&amp;#27;[1m&quot;POST&quot;&amp;#27;[0m                                                                                                   &amp;#27;[90m# stepDefinations.SDplaceOrderofBroker1.providing_request_path_url_with_method(java.lang.String,java.lang.String)&amp;#27;[0m
  &amp;#27;[32mThen &amp;#27;[0m&amp;#27;[32mI verify the  &amp;#27;[0m&amp;#27;[32m&amp;#27;[1m&quot;200&quot;&amp;#27;[0m&amp;#27;[32m in step&amp;#27;[0m                                                                                                                                 &amp;#27;[90m# stepDefinations.SDplaceOrderofBroker1.i_verify_the_in_step(java.lang.String)&amp;#27;[0m
  &amp;#27;[32mAnd &amp;#27;[0m&amp;#27;[32mVerify key &amp;#27;[0m&amp;#27;[32m&amp;#27;[1m&quot;message&quot;&amp;#27;[0m&amp;#27;[32m of response &amp;#27;[0m&amp;#27;[32m&amp;#27;[1m&quot;Order placed successfully&quot;&amp;#27;[0m                                                                                                 &amp;#27;[90m# stepDefinations.SDplaceOrderofBroker1.verify_key_of_response(java.lang.String,java.lang.String)&amp;#27;[0m
{&quot;data&quot;:{&quot;average_price&quot;:&quot;10000&quot;,&quot;brokerId&quot;:&quot;97c02e87-a473-414b-9d27-78764a93d439&quot;,&quot;created_at&quot;:&quot;2022-06-10T06:25:12.293Z&quot;,&quot;filledQuantity&quot;:0.5,&quot;instrument&quot;:&quot;ETH/INR&quot;,&quot;limit_price&quot;:&quot;10000&quot;,&quot;makerFee&quot;:&quot;-0.04&quot;,&quot;orderId&quot;:&quot;4bf27f05-67ee-4fd1-944d-ad1b347fa359&quot;,&quot;orderType&quot;:&quot;&quot;,&quot;quantity&quot;:&quot;0.5&quot;,&quot;quantityType&quot;:&quot;&quot;,&quot;side&quot;:&quot;SELL&quot;,&quot;status&quot;:&quot;FULFILLED&quot;,&quot;takerFee&quot;:&quot;0.07&quot;,&quot;updated_at&quot;:&quot;2022-06-10T06:25:12.563Z&quot;},&quot;message&quot;:&quot;Order fetched successfully&quot;}

  &amp;#27;[32mAnd &amp;#27;[0m&amp;#27;[32mVerify the &amp;#27;[0m&amp;#27;[32m&amp;#27;[1m&quot;data.orderId&quot;&amp;#27;[0m&amp;#27;[32m of response &amp;#27;[0m&amp;#27;[32m&amp;#27;[1m&quot;GetOrder&quot;&amp;#27;[0m                                                                                                             &amp;#27;[90m# stepDefinations.SDplaceOrderofBroker1.verify_the_of_response(java.lang.String,java.lang.String)&amp;#27;[0m
  &amp;#27;[32mThen &amp;#27;[0m&amp;#27;[32mgive sleep of &amp;#27;[0m&amp;#27;[32m&amp;#27;[1m&quot;4000&quot;&amp;#27;[0m                                                                                                                                        &amp;#27;[90m# stepDefinations.SDplaceOrderofBroker1.give_sleep_of_something(java.lang.String)&amp;#27;[0m
{&quot;data&quot;:&quot;19 open orders will be Cancelled&quot;,&quot;message&quot;:&quot;Orders cancellation in progress&quot;}

  &amp;#27;[32mWhen &amp;#27;[0m&amp;#27;[32mProviding request PathUrl &amp;#27;[0m&amp;#27;[32m&amp;#27;[1m&quot;CancelAllOrders&quot;&amp;#27;[0m&amp;#27;[32m with method &amp;#27;[0m&amp;#27;[32m&amp;#27;[1m&quot;DELETE&quot;&amp;#27;[0m                                                                                            &amp;#27;[90m# stepDefinations.SDplaceOrderofBroker1.providing_request_path_url_with_method(java.lang.String,java.lang.String)&amp;#27;[0m
  &amp;#27;[32mThen &amp;#27;[0m&amp;#27;[32mgive sleep of &amp;#27;[0m&amp;#27;[32m&amp;#27;[1m&quot;2000&quot;&amp;#27;[0m                                                                                                                                        &amp;#27;[90m# stepDefinations.SDplaceOrderofBroker1.give_sleep_of_something(java.lang.String)&amp;#27;[0m
  &amp;#27;[32mGiven &amp;#27;[0m&amp;#27;[32mloading the header for broker &amp;#27;[0m&amp;#27;[32m&amp;#27;[1m&quot;B1&quot;&amp;#27;[0m                                                                                                                         &amp;#27;[90m# stepDefinations.SDplaceOrderofBroker1.loading_the_header_for_broker_something(java.lang.String)&amp;#27;[0m
s3b1inr = 130715153.8636362590011
  &amp;#27;[32mGiven &amp;#27;[0m&amp;#27;[32mtake balance of &amp;#27;[0m&amp;#27;[32m&amp;#27;[1m&quot;INR&quot;&amp;#27;[0m&amp;#27;[32m with api &amp;#27;[0m&amp;#27;[32m&amp;#27;[1m&quot;Getbalance&quot;&amp;#27;[0m&amp;#27;[32m with name &amp;#27;[0m&amp;#27;[32m&amp;#27;[1m&quot;s3b1inr&quot;&amp;#27;[0m                                                                                            &amp;#27;[90m# stepDefinations.SDplaceOrderofBroker1.take_balance_of_with_api_with_name(java.lang.String,java.lang.String,java.lang.String)&amp;#27;[0m
s3b1btc = 90000826.1960524464
  &amp;#27;[32mGiven &amp;#27;[0m&amp;#27;[32mtake balance of &amp;#27;[0m&amp;#27;[32m&amp;#27;[1m&quot;ETH&quot;&amp;#27;[0m&amp;#27;[32m with api &amp;#27;[0m&amp;#27;[32m&amp;#27;[1m&quot;Getbalance&quot;&amp;#27;[0m&amp;#27;[32m with name &amp;#27;[0m&amp;#27;[32m&amp;#27;[1m&quot;s3b1btc&quot;&amp;#27;[0m                                                                                            &amp;#27;[90m# stepDefinations.SDplaceOrderofBroker1.take_balance_of_with_api_with_name(java.lang.String,java.lang.String,java.lang.String)&amp;#27;[0m
FEE = 5005.0
diffrence inr before matching = 10007.0
diffrence btc before matching = 0.0
And Fail because diffrence in Fee is= -5003.5
  &amp;#27;[31mThen &amp;#27;[0m&amp;#27;[31mCheck fees &amp;#27;[0m&amp;#27;[31m&amp;#27;[1m&quot;1.5&quot;&amp;#27;[0m&amp;#27;[31m for same broker&amp;#27;[0m                                                                                                                            &amp;#27;[90m# stepDefinations.SDplaceOrderofBroker1.calculate_fees_for_same_broker(java.lang.String)&amp;#27;[0m
      &amp;#27;[31morg.junit.ComparisonFailure: expected:&lt;[5005.0]&gt; but was:&lt;[1.5]&gt;
	at org.junit.Assert.assertEquals(Assert.java:117)
	at org.junit.Assert.assertEquals(Assert.java:146)
	at stepDefinations.SDplaceOrderofBroker1.calculate_fees_for_same_broker(SDplaceOrderofBroker1.java:232)
	at Ã¢Å“Â½.Check fees &quot;1.5&quot; for same broker(file:///C:/Users/Dell/eclipse_csk/CSXautomation2Optimision/src/test/java/features/ETHINR.feature:710)
&amp;#27;[0m
</system-out>
  </testcase>
  <testcase classname="cucumber.options.TestRunner" name="runScenario" time="21.741">
    <failure message="expected:&lt;9.000082619605245E7&gt; but was:&lt;9.000082669605245E7&gt;" type="java.lang.AssertionError">java.lang.AssertionError: expected:&lt;9.000082619605245E7&gt; but was:&lt;9.000082669605245E7&gt;
	at org.junit.Assert.fail(Assert.java:89)
	at org.junit.Assert.failNotEquals(Assert.java:835)
	at org.junit.Assert.assertEquals(Assert.java:555)
	at org.junit.Assert.assertEquals(Assert.java:685)
	at stepDefinations.SDplaceOrderofBroker1.calculate_fees_for_same_broker(SDplaceOrderofBroker1.java:242)
	at âœ½.Check fees &quot;0.0&quot; for same broker(file:///C:/Users/Dell/eclipse_csk/CSXautomation2Optimision/src/test/java/features/ETHINR.feature:740)
</failure>
    <system-out>
@GetBalanceforSameBroker3 @Regression @ETH
Scenario: Verify funds for same broker in decremented case                                                                                                          &amp;#27;[90m# src/test/java/features/ETHINR.feature:713&amp;#27;[0m
  &amp;#27;[32mGiven &amp;#27;[0m&amp;#27;[32mloading the header for broker &amp;#27;[0m&amp;#27;[32m&amp;#27;[1m&quot;B1&quot;&amp;#27;[0m                                                                                                                          &amp;#27;[90m# stepDefinations.SDplaceOrderofBroker1.loading_the_header_for_broker_something(java.lang.String)&amp;#27;[0m
s1b1inr = 130715153.8636362590011
  &amp;#27;[32mGiven &amp;#27;[0m&amp;#27;[32mtake balance of &amp;#27;[0m&amp;#27;[32m&amp;#27;[1m&quot;INR&quot;&amp;#27;[0m&amp;#27;[32m with api &amp;#27;[0m&amp;#27;[32m&amp;#27;[1m&quot;Getbalance&quot;&amp;#27;[0m&amp;#27;[32m with name &amp;#27;[0m&amp;#27;[32m&amp;#27;[1m&quot;s1b1inr&quot;&amp;#27;[0m                                                                                             &amp;#27;[90m# stepDefinations.SDplaceOrderofBroker1.take_balance_of_with_api_with_name(java.lang.String,java.lang.String,java.lang.String)&amp;#27;[0m
s1b1btc = 90000826.1960524464
  &amp;#27;[32mGiven &amp;#27;[0m&amp;#27;[32mtake balance of &amp;#27;[0m&amp;#27;[32m&amp;#27;[1m&quot;ETH&quot;&amp;#27;[0m&amp;#27;[32m with api &amp;#27;[0m&amp;#27;[32m&amp;#27;[1m&quot;Getbalance&quot;&amp;#27;[0m&amp;#27;[32m with name &amp;#27;[0m&amp;#27;[32m&amp;#27;[1m&quot;s1b1btc&quot;&amp;#27;[0m                                                                                             &amp;#27;[90m# stepDefinations.SDplaceOrderofBroker1.take_balance_of_with_api_with_name(java.lang.String,java.lang.String,java.lang.String)&amp;#27;[0m
  &amp;#27;[32mGiven &amp;#27;[0m&amp;#27;[32mPlacing an order for broker &amp;#27;[0m&amp;#27;[32m&amp;#27;[1m&quot;B1&quot;&amp;#27;[0m&amp;#27;[32m of type &amp;#27;[0m&amp;#27;[32m&amp;#27;[1m&quot;limit&quot;&amp;#27;[0m&amp;#27;[32m side &amp;#27;[0m&amp;#27;[32m&amp;#27;[1m&quot;BUY&quot;&amp;#27;[0m&amp;#27;[32m instrument &amp;#27;[0m&amp;#27;[32m&amp;#27;[1m&quot;ETH/INR&quot;&amp;#27;[0m&amp;#27;[32m quantityType &amp;#27;[0m&amp;#27;[32m&amp;#27;[1m&quot;QUOTE&quot;&amp;#27;[0m&amp;#27;[32m quantity &amp;#27;[0m&amp;#27;[32m&amp;#27;[1m&quot;10000&quot;&amp;#27;[0m&amp;#27;[32m limitPrice &amp;#27;[0m&amp;#27;[32m&amp;#27;[1m&quot;10000&quot;&amp;#27;[0m&amp;#27;[32m username &amp;#27;[0m&amp;#27;[32m&amp;#27;[1m&quot;user1&quot;&amp;#27;[0m  &amp;#27;[90m# stepDefinations.SDplaceOrderofBroker1.placing_an_order_of_type_side_instrument_quantity_type_quantity_limit_price_username(java.lang.String,java.lang.String,java.lang.String,java.lang.String,java.lang.String,java.lang.String,java.lang.String,java.lang.String)&amp;#27;[0m
{&quot;data&quot;:{&quot;average_price&quot;:&quot;0&quot;,&quot;brokerId&quot;:&quot;97c02e87-a473-414b-9d27-78764a93d439&quot;,&quot;created_at&quot;:&quot;2022-06-10T06:25:25.059Z&quot;,&quot;filledQuantity&quot;:0,&quot;instrument&quot;:&quot;ETH/INR&quot;,&quot;limit_price&quot;:&quot;10000&quot;,&quot;makerFee&quot;:&quot;-0.04&quot;,&quot;orderId&quot;:&quot;35fdf7d8-0f66-4ba0-a57f-797c9fc9cb72&quot;,&quot;orderType&quot;:&quot;&quot;,&quot;quantity&quot;:&quot;1&quot;,&quot;quantityType&quot;:&quot;&quot;,&quot;side&quot;:&quot;BUY&quot;,&quot;status&quot;:&quot;OPEN&quot;,&quot;takerFee&quot;:&quot;0.07&quot;,&quot;updated_at&quot;:&quot;2022-06-10T06:25:25.059Z&quot;},&quot;message&quot;:&quot;Order placed successfully&quot;}

  &amp;#27;[32mWhen &amp;#27;[0m&amp;#27;[32mProviding request PathUrl &amp;#27;[0m&amp;#27;[32m&amp;#27;[1m&quot;PlaceOrder&quot;&amp;#27;[0m&amp;#27;[32m with method &amp;#27;[0m&amp;#27;[32m&amp;#27;[1m&quot;POST&quot;&amp;#27;[0m                                                                                                    &amp;#27;[90m# stepDefinations.SDplaceOrderofBroker1.providing_request_path_url_with_method(java.lang.String,java.lang.String)&amp;#27;[0m
  &amp;#27;[32mThen &amp;#27;[0m&amp;#27;[32mI verify the  &amp;#27;[0m&amp;#27;[32m&amp;#27;[1m&quot;200&quot;&amp;#27;[0m&amp;#27;[32m in step&amp;#27;[0m                                                                                                                                  &amp;#27;[90m# stepDefinations.SDplaceOrderofBroker1.i_verify_the_in_step(java.lang.String)&amp;#27;[0m
  &amp;#27;[32mAnd &amp;#27;[0m&amp;#27;[32mVerify key &amp;#27;[0m&amp;#27;[32m&amp;#27;[1m&quot;message&quot;&amp;#27;[0m&amp;#27;[32m of response &amp;#27;[0m&amp;#27;[32m&amp;#27;[1m&quot;Order placed successfully&quot;&amp;#27;[0m                                                                                                  &amp;#27;[90m# stepDefinations.SDplaceOrderofBroker1.verify_key_of_response(java.lang.String,java.lang.String)&amp;#27;[0m
{&quot;data&quot;:{&quot;average_price&quot;:&quot;0&quot;,&quot;brokerId&quot;:&quot;97c02e87-a473-414b-9d27-78764a93d439&quot;,&quot;created_at&quot;:&quot;2022-06-10T06:25:25.059Z&quot;,&quot;filledQuantity&quot;:0,&quot;instrument&quot;:&quot;ETH/INR&quot;,&quot;limit_price&quot;:&quot;10000&quot;,&quot;makerFee&quot;:&quot;-0.04&quot;,&quot;orderId&quot;:&quot;35fdf7d8-0f66-4ba0-a57f-797c9fc9cb72&quot;,&quot;orderType&quot;:&quot;&quot;,&quot;quantity&quot;:&quot;1&quot;,&quot;quantityType&quot;:&quot;&quot;,&quot;side&quot;:&quot;BUY&quot;,&quot;status&quot;:&quot;OPEN&quot;,&quot;takerFee&quot;:&quot;0.07&quot;,&quot;updated_at&quot;:&quot;2022-06-10T06:25:25.059Z&quot;},&quot;message&quot;:&quot;Order fetched successfully&quot;}

  &amp;#27;[32mAnd &amp;#27;[0m&amp;#27;[32mVerify the &amp;#27;[0m&amp;#27;[32m&amp;#27;[1m&quot;data.orderId&quot;&amp;#27;[0m&amp;#27;[32m of response &amp;#27;[0m&amp;#27;[32m&amp;#27;[1m&quot;GetOrder&quot;&amp;#27;[0m                                                                                                              &amp;#27;[90m# stepDefinations.SDplaceOrderofBroker1.verify_the_of_response(java.lang.String,java.lang.String)&amp;#27;[0m
  &amp;#27;[32mAnd &amp;#27;[0m&amp;#27;[32mVerify key &amp;#27;[0m&amp;#27;[32m&amp;#27;[1m&quot;data.status&quot;&amp;#27;[0m&amp;#27;[32m of response &amp;#27;[0m&amp;#27;[32m&amp;#27;[1m&quot;OPEN&quot;&amp;#27;[0m                                                                                                                   &amp;#27;[90m# stepDefinations.SDplaceOrderofBroker1.verify_key_of_response(java.lang.String,java.lang.String)&amp;#27;[0m
  &amp;#27;[32mGiven &amp;#27;[0m&amp;#27;[32mloading the header for broker &amp;#27;[0m&amp;#27;[32m&amp;#27;[1m&quot;B1&quot;&amp;#27;[0m                                                                                                                          &amp;#27;[90m# stepDefinations.SDplaceOrderofBroker1.loading_the_header_for_broker_something(java.lang.String)&amp;#27;[0m
s2b1inr = 130705146.8636362590011
  &amp;#27;[32mGiven &amp;#27;[0m&amp;#27;[32mtake balance of &amp;#27;[0m&amp;#27;[32m&amp;#27;[1m&quot;INR&quot;&amp;#27;[0m&amp;#27;[32m with api &amp;#27;[0m&amp;#27;[32m&amp;#27;[1m&quot;Getbalance&quot;&amp;#27;[0m&amp;#27;[32m with name &amp;#27;[0m&amp;#27;[32m&amp;#27;[1m&quot;s2b1inr&quot;&amp;#27;[0m                                                                                             &amp;#27;[90m# stepDefinations.SDplaceOrderofBroker1.take_balance_of_with_api_with_name(java.lang.String,java.lang.String,java.lang.String)&amp;#27;[0m
s2b1btc = 90000826.1960524464
  &amp;#27;[32mGiven &amp;#27;[0m&amp;#27;[32mtake balance of &amp;#27;[0m&amp;#27;[32m&amp;#27;[1m&quot;ETH&quot;&amp;#27;[0m&amp;#27;[32m with api &amp;#27;[0m&amp;#27;[32m&amp;#27;[1m&quot;Getbalance&quot;&amp;#27;[0m&amp;#27;[32m with name &amp;#27;[0m&amp;#27;[32m&amp;#27;[1m&quot;s2b1btc&quot;&amp;#27;[0m                                                                                             &amp;#27;[90m# stepDefinations.SDplaceOrderofBroker1.take_balance_of_with_api_with_name(java.lang.String,java.lang.String,java.lang.String)&amp;#27;[0m
  &amp;#27;[32mGiven &amp;#27;[0m&amp;#27;[32mPlacing an order for broker &amp;#27;[0m&amp;#27;[32m&amp;#27;[1m&quot;B1&quot;&amp;#27;[0m&amp;#27;[32m of type &amp;#27;[0m&amp;#27;[32m&amp;#27;[1m&quot;limit&quot;&amp;#27;[0m&amp;#27;[32m side &amp;#27;[0m&amp;#27;[32m&amp;#27;[1m&quot;SELL&quot;&amp;#27;[0m&amp;#27;[32m instrument &amp;#27;[0m&amp;#27;[32m&amp;#27;[1m&quot;ETH/INR&quot;&amp;#27;[0m&amp;#27;[32m quantityType &amp;#27;[0m&amp;#27;[32m&amp;#27;[1m&quot;QUOTE&quot;&amp;#27;[0m&amp;#27;[32m quantity &amp;#27;[0m&amp;#27;[32m&amp;#27;[1m&quot;10000&quot;&amp;#27;[0m&amp;#27;[32m limitPrice &amp;#27;[0m&amp;#27;[32m&amp;#27;[1m&quot;10000&quot;&amp;#27;[0m&amp;#27;[32m username &amp;#27;[0m&amp;#27;[32m&amp;#27;[1m&quot;user1&quot;&amp;#27;[0m &amp;#27;[90m# stepDefinations.SDplaceOrderofBroker1.placing_an_order_of_type_side_instrument_quantity_type_quantity_limit_price_username(java.lang.String,java.lang.String,java.lang.String,java.lang.String,java.lang.String,java.lang.String,java.lang.String,java.lang.String)&amp;#27;[0m
{&quot;data&quot;:{&quot;average_price&quot;:&quot;0&quot;,&quot;brokerId&quot;:&quot;97c02e87-a473-414b-9d27-78764a93d439&quot;,&quot;created_at&quot;:&quot;2022-06-10T06:25:27.856Z&quot;,&quot;filledQuantity&quot;:0,&quot;instrument&quot;:&quot;ETH/INR&quot;,&quot;limit_price&quot;:&quot;10000&quot;,&quot;makerFee&quot;:&quot;-0.04&quot;,&quot;orderId&quot;:&quot;b5839073-c9ae-4f99-95ab-5c0519bc88f8&quot;,&quot;orderType&quot;:&quot;&quot;,&quot;quantity&quot;:&quot;1&quot;,&quot;quantityType&quot;:&quot;&quot;,&quot;side&quot;:&quot;SELL&quot;,&quot;status&quot;:&quot;OPEN&quot;,&quot;takerFee&quot;:&quot;0.07&quot;,&quot;updated_at&quot;:&quot;2022-06-10T06:25:27.856Z&quot;},&quot;message&quot;:&quot;Order placed successfully&quot;}

  &amp;#27;[32mWhen &amp;#27;[0m&amp;#27;[32mProviding request PathUrl &amp;#27;[0m&amp;#27;[32m&amp;#27;[1m&quot;PlaceOrder&quot;&amp;#27;[0m&amp;#27;[32m with method &amp;#27;[0m&amp;#27;[32m&amp;#27;[1m&quot;POST&quot;&amp;#27;[0m                                                                                                    &amp;#27;[90m# stepDefinations.SDplaceOrderofBroker1.providing_request_path_url_with_method(java.lang.String,java.lang.String)&amp;#27;[0m
  &amp;#27;[32mThen &amp;#27;[0m&amp;#27;[32mI verify the  &amp;#27;[0m&amp;#27;[32m&amp;#27;[1m&quot;200&quot;&amp;#27;[0m&amp;#27;[32m in step&amp;#27;[0m                                                                                                                                  &amp;#27;[90m# stepDefinations.SDplaceOrderofBroker1.i_verify_the_in_step(java.lang.String)&amp;#27;[0m
  &amp;#27;[32mAnd &amp;#27;[0m&amp;#27;[32mVerify key &amp;#27;[0m&amp;#27;[32m&amp;#27;[1m&quot;message&quot;&amp;#27;[0m&amp;#27;[32m of response &amp;#27;[0m&amp;#27;[32m&amp;#27;[1m&quot;Order placed successfully&quot;&amp;#27;[0m                                                                                                  &amp;#27;[90m# stepDefinations.SDplaceOrderofBroker1.verify_key_of_response(java.lang.String,java.lang.String)&amp;#27;[0m
{&quot;data&quot;:{&quot;average_price&quot;:&quot;10000&quot;,&quot;brokerId&quot;:&quot;97c02e87-a473-414b-9d27-78764a93d439&quot;,&quot;created_at&quot;:&quot;2022-06-10T06:25:27.856Z&quot;,&quot;filledQuantity&quot;:1,&quot;instrument&quot;:&quot;ETH/INR&quot;,&quot;limit_price&quot;:&quot;10000&quot;,&quot;makerFee&quot;:&quot;-0.04&quot;,&quot;orderId&quot;:&quot;b5839073-c9ae-4f99-95ab-5c0519bc88f8&quot;,&quot;orderType&quot;:&quot;&quot;,&quot;quantity&quot;:&quot;1&quot;,&quot;quantityType&quot;:&quot;&quot;,&quot;side&quot;:&quot;SELL&quot;,&quot;status&quot;:&quot;FULFILLED&quot;,&quot;takerFee&quot;:&quot;0.07&quot;,&quot;updated_at&quot;:&quot;2022-06-10T06:25:28.353Z&quot;},&quot;message&quot;:&quot;Order fetched successfully&quot;}

  &amp;#27;[32mAnd &amp;#27;[0m&amp;#27;[32mVerify the &amp;#27;[0m&amp;#27;[32m&amp;#27;[1m&quot;data.orderId&quot;&amp;#27;[0m&amp;#27;[32m of response &amp;#27;[0m&amp;#27;[32m&amp;#27;[1m&quot;GetOrder&quot;&amp;#27;[0m                                                                                                              &amp;#27;[90m# stepDefinations.SDplaceOrderofBroker1.verify_the_of_response(java.lang.String,java.lang.String)&amp;#27;[0m
  &amp;#27;[32mThen &amp;#27;[0m&amp;#27;[32mgive sleep of &amp;#27;[0m&amp;#27;[32m&amp;#27;[1m&quot;4000&quot;&amp;#27;[0m                                                                                                                                         &amp;#27;[90m# stepDefinations.SDplaceOrderofBroker1.give_sleep_of_something(java.lang.String)&amp;#27;[0m
{&quot;data&quot;:&quot;19 open orders will be Cancelled&quot;,&quot;message&quot;:&quot;Orders cancellation in progress&quot;}

  &amp;#27;[32mWhen &amp;#27;[0m&amp;#27;[32mProviding request PathUrl &amp;#27;[0m&amp;#27;[32m&amp;#27;[1m&quot;CancelAllOrders&quot;&amp;#27;[0m&amp;#27;[32m with method &amp;#27;[0m&amp;#27;[32m&amp;#27;[1m&quot;DELETE&quot;&amp;#27;[0m                                                                                             &amp;#27;[90m# stepDefinations.SDplaceOrderofBroker1.providing_request_path_url_with_method(java.lang.String,java.lang.String)&amp;#27;[0m
  &amp;#27;[32mThen &amp;#27;[0m&amp;#27;[32mgive sleep of &amp;#27;[0m&amp;#27;[32m&amp;#27;[1m&quot;2000&quot;&amp;#27;[0m                                                                                                                                         &amp;#27;[90m# stepDefinations.SDplaceOrderofBroker1.give_sleep_of_something(java.lang.String)&amp;#27;[0m
  &amp;#27;[32mGiven &amp;#27;[0m&amp;#27;[32mloading the header for broker &amp;#27;[0m&amp;#27;[32m&amp;#27;[1m&quot;B1&quot;&amp;#27;[0m                                                                                                                          &amp;#27;[90m# stepDefinations.SDplaceOrderofBroker1.loading_the_header_for_broker_something(java.lang.String)&amp;#27;[0m
s3b1inr = 130725160.8636362590011
  &amp;#27;[32mGiven &amp;#27;[0m&amp;#27;[32mtake balance of &amp;#27;[0m&amp;#27;[32m&amp;#27;[1m&quot;INR&quot;&amp;#27;[0m&amp;#27;[32m with api &amp;#27;[0m&amp;#27;[32m&amp;#27;[1m&quot;Getbalance&quot;&amp;#27;[0m&amp;#27;[32m with name &amp;#27;[0m&amp;#27;[32m&amp;#27;[1m&quot;s3b1inr&quot;&amp;#27;[0m                                                                                             &amp;#27;[90m# stepDefinations.SDplaceOrderofBroker1.take_balance_of_with_api_with_name(java.lang.String,java.lang.String,java.lang.String)&amp;#27;[0m
s3b1btc = 90000826.6960524464
  &amp;#27;[32mGiven &amp;#27;[0m&amp;#27;[32mtake balance of &amp;#27;[0m&amp;#27;[32m&amp;#27;[1m&quot;ETH&quot;&amp;#27;[0m&amp;#27;[32m with api &amp;#27;[0m&amp;#27;[32m&amp;#27;[1m&quot;Getbalance&quot;&amp;#27;[0m&amp;#27;[32m with name &amp;#27;[0m&amp;#27;[32m&amp;#27;[1m&quot;s3b1btc&quot;&amp;#27;[0m                                                                                             &amp;#27;[90m# stepDefinations.SDplaceOrderofBroker1.take_balance_of_with_api_with_name(java.lang.String,java.lang.String,java.lang.String)&amp;#27;[0m
FEE = -10007.0
diffrence inr before matching = 10007.0
diffrence btc before matching = 0.0
Error Fail because diffrence in btc is = -0.5
  &amp;#27;[31mThen &amp;#27;[0m&amp;#27;[31mCheck fees &amp;#27;[0m&amp;#27;[31m&amp;#27;[1m&quot;0.0&quot;&amp;#27;[0m&amp;#27;[31m for same broker&amp;#27;[0m                                                                                                                             &amp;#27;[90m# stepDefinations.SDplaceOrderofBroker1.calculate_fees_for_same_broker(java.lang.String)&amp;#27;[0m
      &amp;#27;[31mjava.lang.AssertionError: expected:&lt;9.000082619605245E7&gt; but was:&lt;9.000082669605245E7&gt;
	at org.junit.Assert.fail(Assert.java:89)
	at org.junit.Assert.failNotEquals(Assert.java:835)
	at org.junit.Assert.assertEquals(Assert.java:555)
	at org.junit.Assert.assertEquals(Assert.java:685)
	at stepDefinations.SDplaceOrderofBroker1.calculate_fees_for_same_broker(SDplaceOrderofBroker1.java:242)
	at Ã¢Å“Â½.Check fees &quot;0.0&quot; for same broker(file:///C:/Users/Dell/eclipse_csk/CSXautomation2Optimision/src/test/java/features/ETHINR.feature:740)
&amp;#27;[0m
</system-out>
  </testcase>
  <testcase classname="cucumber.options.TestRunner" name="runScenario" time="8.887"/>
  <testcase classname="cucumber.options.TestRunner" name="runScenario" time="14.525"/>
  <testcase classname="cucumber.options.TestRunner" name="runScenario" time="16.629"/>
  <testcase classname="cucumber.options.TestRunner" name="runScenario" time="10.54"/>
  <testcase classname="cucumber.options.TestRunner" name="runScenario" time="23.761"/>
  <testcase classname="cucumber.options.TestRunner" name="runScenario" time="23.752"/>
  <testcase classname="cucumber.options.TestRunner" name="runScenario" time="9.664"/>
  <testcase classname="cucumber.options.TestRunner" name="runScenario" time="9.688"/>
  <testcase classname="cucumber.options.TestRunner" name="runScenario" time="10.333">
    <failure message="expected:&lt;9.000082669605245E7&gt; but was:&lt;9.000082169605245E7&gt;" type="java.lang.AssertionError">java.lang.AssertionError: expected:&lt;9.000082669605245E7&gt; but was:&lt;9.000082169605245E7&gt;
	at org.junit.Assert.fail(Assert.java:89)
	at org.junit.Assert.failNotEquals(Assert.java:835)
	at org.junit.Assert.assertEquals(Assert.java:555)
	at org.junit.Assert.assertEquals(Assert.java:685)
	at stepDefinations.SDplaceOrderofBroker1.calculate_fees_for_same_broker(SDplaceOrderofBroker1.java:246)
	at âœ½.Check fees &quot;0.0&quot; for same broker(file:///C:/Users/Dell/eclipse_csk/CSXautomation2Optimision/src/test/java/features/ETHINR.feature:1067)
</failure>
    <system-out>
@GetBalanceforSameBroker1 @Regression @ETH
Scenario: (placing sell order first)Verify funds while when order moves in (open---&gt;partially_decrement---&gt;cancel(partially_cancelled)) for same broker            &amp;#27;[90m# src/test/java/features/ETHINR.feature:1035&amp;#27;[0m
  &amp;#27;[32mGiven &amp;#27;[0m&amp;#27;[32mloading the header for broker &amp;#27;[0m&amp;#27;[32m&amp;#27;[1m&quot;B1&quot;&amp;#27;[0m                                                                                                                         &amp;#27;[90m# stepDefinations.SDplaceOrderofBroker1.loading_the_header_for_broker_something(java.lang.String)&amp;#27;[0m
  &amp;#27;[32mThen &amp;#27;[0m&amp;#27;[32mgive sleep of &amp;#27;[0m&amp;#27;[32m&amp;#27;[1m&quot;000&quot;&amp;#27;[0m                                                                                                                                         &amp;#27;[90m# stepDefinations.SDplaceOrderofBroker1.give_sleep_of_something(java.lang.String)&amp;#27;[0m
{&quot;data&quot;:&quot;18 open orders will be Cancelled&quot;,&quot;message&quot;:&quot;Orders cancellation in progress&quot;}

  &amp;#27;[32mWhen &amp;#27;[0m&amp;#27;[32mProviding request PathUrl &amp;#27;[0m&amp;#27;[32m&amp;#27;[1m&quot;CancelAllOrders&quot;&amp;#27;[0m&amp;#27;[32m with method &amp;#27;[0m&amp;#27;[32m&amp;#27;[1m&quot;DELETE&quot;&amp;#27;[0m                                                                                            &amp;#27;[90m# stepDefinations.SDplaceOrderofBroker1.providing_request_path_url_with_method(java.lang.String,java.lang.String)&amp;#27;[0m
  &amp;#27;[32mGiven &amp;#27;[0m&amp;#27;[32mloading the header for broker &amp;#27;[0m&amp;#27;[32m&amp;#27;[1m&quot;B1&quot;&amp;#27;[0m                                                                                                                         &amp;#27;[90m# stepDefinations.SDplaceOrderofBroker1.loading_the_header_for_broker_something(java.lang.String)&amp;#27;[0m
s1b1inr = 130725145.8636362590011
  &amp;#27;[32mGiven &amp;#27;[0m&amp;#27;[32mtake balance of &amp;#27;[0m&amp;#27;[32m&amp;#27;[1m&quot;INR&quot;&amp;#27;[0m&amp;#27;[32m with api &amp;#27;[0m&amp;#27;[32m&amp;#27;[1m&quot;Getbalance&quot;&amp;#27;[0m&amp;#27;[32m with name &amp;#27;[0m&amp;#27;[32m&amp;#27;[1m&quot;s1b1inr&quot;&amp;#27;[0m                                                                                            &amp;#27;[90m# stepDefinations.SDplaceOrderofBroker1.take_balance_of_with_api_with_name(java.lang.String,java.lang.String,java.lang.String)&amp;#27;[0m
s1b1btc = 90000826.6960524464
  &amp;#27;[32mGiven &amp;#27;[0m&amp;#27;[32mtake balance of &amp;#27;[0m&amp;#27;[32m&amp;#27;[1m&quot;ETH&quot;&amp;#27;[0m&amp;#27;[32m with api &amp;#27;[0m&amp;#27;[32m&amp;#27;[1m&quot;Getbalance&quot;&amp;#27;[0m&amp;#27;[32m with name &amp;#27;[0m&amp;#27;[32m&amp;#27;[1m&quot;s1b1btc&quot;&amp;#27;[0m                                                                                            &amp;#27;[90m# stepDefinations.SDplaceOrderofBroker1.take_balance_of_with_api_with_name(java.lang.String,java.lang.String,java.lang.String)&amp;#27;[0m
  &amp;#27;[32mGiven &amp;#27;[0m&amp;#27;[32mPlacing an order for broker &amp;#27;[0m&amp;#27;[32m&amp;#27;[1m&quot;B1&quot;&amp;#27;[0m&amp;#27;[32m of type &amp;#27;[0m&amp;#27;[32m&amp;#27;[1m&quot;limit&quot;&amp;#27;[0m&amp;#27;[32m side &amp;#27;[0m&amp;#27;[32m&amp;#27;[1m&quot;SELL&quot;&amp;#27;[0m&amp;#27;[32m instrument &amp;#27;[0m&amp;#27;[32m&amp;#27;[1m&quot;ETH/INR&quot;&amp;#27;[0m&amp;#27;[32m quantityType &amp;#27;[0m&amp;#27;[32m&amp;#27;[1m&quot;QUOTE&quot;&amp;#27;[0m&amp;#27;[32m quantity &amp;#27;[0m&amp;#27;[32m&amp;#27;[1m&quot;10000&quot;&amp;#27;[0m&amp;#27;[32m limitPrice &amp;#27;[0m&amp;#27;[32m&amp;#27;[1m&quot;1000&quot;&amp;#27;[0m&amp;#27;[32m username &amp;#27;[0m&amp;#27;[32m&amp;#27;[1m&quot;user1&quot;&amp;#27;[0m &amp;#27;[90m# stepDefinations.SDplaceOrderofBroker1.placing_an_order_of_type_side_instrument_quantity_type_quantity_limit_price_username(java.lang.String,java.lang.String,java.lang.String,java.lang.String,java.lang.String,java.lang.String,java.lang.String,java.lang.String)&amp;#27;[0m
{&quot;data&quot;:{&quot;average_price&quot;:&quot;0&quot;,&quot;brokerId&quot;:&quot;97c02e87-a473-414b-9d27-78764a93d439&quot;,&quot;created_at&quot;:&quot;2022-06-10T06:27:45.084Z&quot;,&quot;filledQuantity&quot;:0,&quot;instrument&quot;:&quot;ETH/INR&quot;,&quot;limit_price&quot;:&quot;1000&quot;,&quot;makerFee&quot;:&quot;-0.04&quot;,&quot;orderId&quot;:&quot;0935d14c-b33b-4aa9-9feb-360450d3c48e&quot;,&quot;orderType&quot;:&quot;&quot;,&quot;quantity&quot;:&quot;10&quot;,&quot;quantityType&quot;:&quot;&quot;,&quot;side&quot;:&quot;SELL&quot;,&quot;status&quot;:&quot;OPEN&quot;,&quot;takerFee&quot;:&quot;0.07&quot;,&quot;updated_at&quot;:&quot;2022-06-10T06:27:45.084Z&quot;},&quot;message&quot;:&quot;Order placed successfully&quot;}

  &amp;#27;[32mWhen &amp;#27;[0m&amp;#27;[32mProviding request PathUrl &amp;#27;[0m&amp;#27;[32m&amp;#27;[1m&quot;PlaceOrder&quot;&amp;#27;[0m&amp;#27;[32m with method &amp;#27;[0m&amp;#27;[32m&amp;#27;[1m&quot;POST&quot;&amp;#27;[0m                                                                                                   &amp;#27;[90m# stepDefinations.SDplaceOrderofBroker1.providing_request_path_url_with_method(java.lang.String,java.lang.String)&amp;#27;[0m
  &amp;#27;[32mThen &amp;#27;[0m&amp;#27;[32mI verify the  &amp;#27;[0m&amp;#27;[32m&amp;#27;[1m&quot;200&quot;&amp;#27;[0m&amp;#27;[32m in step&amp;#27;[0m                                                                                                                                 &amp;#27;[90m# stepDefinations.SDplaceOrderofBroker1.i_verify_the_in_step(java.lang.String)&amp;#27;[0m
  &amp;#27;[32mAnd &amp;#27;[0m&amp;#27;[32mVerify key &amp;#27;[0m&amp;#27;[32m&amp;#27;[1m&quot;message&quot;&amp;#27;[0m&amp;#27;[32m of response &amp;#27;[0m&amp;#27;[32m&amp;#27;[1m&quot;Order placed successfully&quot;&amp;#27;[0m                                                                                                 &amp;#27;[90m# stepDefinations.SDplaceOrderofBroker1.verify_key_of_response(java.lang.String,java.lang.String)&amp;#27;[0m
{&quot;data&quot;:{&quot;average_price&quot;:&quot;0&quot;,&quot;brokerId&quot;:&quot;97c02e87-a473-414b-9d27-78764a93d439&quot;,&quot;created_at&quot;:&quot;2022-06-10T06:27:45.084Z&quot;,&quot;filledQuantity&quot;:0,&quot;instrument&quot;:&quot;ETH/INR&quot;,&quot;limit_price&quot;:&quot;1000&quot;,&quot;makerFee&quot;:&quot;-0.04&quot;,&quot;orderId&quot;:&quot;0935d14c-b33b-4aa9-9feb-360450d3c48e&quot;,&quot;orderType&quot;:&quot;&quot;,&quot;quantity&quot;:&quot;10&quot;,&quot;quantityType&quot;:&quot;&quot;,&quot;side&quot;:&quot;SELL&quot;,&quot;status&quot;:&quot;OPEN&quot;,&quot;takerFee&quot;:&quot;0.07&quot;,&quot;updated_at&quot;:&quot;2022-06-10T06:27:45.084Z&quot;},&quot;message&quot;:&quot;Order fetched successfully&quot;}

  &amp;#27;[32mAnd &amp;#27;[0m&amp;#27;[32mVerify the &amp;#27;[0m&amp;#27;[32m&amp;#27;[1m&quot;data.orderId&quot;&amp;#27;[0m&amp;#27;[32m of response &amp;#27;[0m&amp;#27;[32m&amp;#27;[1m&quot;GetOrder&quot;&amp;#27;[0m                                                                                                             &amp;#27;[90m# stepDefinations.SDplaceOrderofBroker1.verify_the_of_response(java.lang.String,java.lang.String)&amp;#27;[0m
  &amp;#27;[32mAnd &amp;#27;[0m&amp;#27;[32mVerify key &amp;#27;[0m&amp;#27;[32m&amp;#27;[1m&quot;data.status&quot;&amp;#27;[0m&amp;#27;[32m of response &amp;#27;[0m&amp;#27;[32m&amp;#27;[1m&quot;OPEN&quot;&amp;#27;[0m                                                                                                                  &amp;#27;[90m# stepDefinations.SDplaceOrderofBroker1.verify_key_of_response(java.lang.String,java.lang.String)&amp;#27;[0m
  &amp;#27;[32mGiven &amp;#27;[0m&amp;#27;[32mloading the header for broker &amp;#27;[0m&amp;#27;[32m&amp;#27;[1m&quot;B1&quot;&amp;#27;[0m                                                                                                                         &amp;#27;[90m# stepDefinations.SDplaceOrderofBroker1.loading_the_header_for_broker_something(java.lang.String)&amp;#27;[0m
s2b1inr = 130725145.8636362590011
  &amp;#27;[32mGiven &amp;#27;[0m&amp;#27;[32mtake balance of &amp;#27;[0m&amp;#27;[32m&amp;#27;[1m&quot;INR&quot;&amp;#27;[0m&amp;#27;[32m with api &amp;#27;[0m&amp;#27;[32m&amp;#27;[1m&quot;Getbalance&quot;&amp;#27;[0m&amp;#27;[32m with name &amp;#27;[0m&amp;#27;[32m&amp;#27;[1m&quot;s2b1inr&quot;&amp;#27;[0m                                                                                            &amp;#27;[90m# stepDefinations.SDplaceOrderofBroker1.take_balance_of_with_api_with_name(java.lang.String,java.lang.String,java.lang.String)&amp;#27;[0m
s2b1btc = 90000816.6960524464
  &amp;#27;[32mGiven &amp;#27;[0m&amp;#27;[32mtake balance of &amp;#27;[0m&amp;#27;[32m&amp;#27;[1m&quot;ETH&quot;&amp;#27;[0m&amp;#27;[32m with api &amp;#27;[0m&amp;#27;[32m&amp;#27;[1m&quot;Getbalance&quot;&amp;#27;[0m&amp;#27;[32m with name &amp;#27;[0m&amp;#27;[32m&amp;#27;[1m&quot;s2b1btc&quot;&amp;#27;[0m                                                                                            &amp;#27;[90m# stepDefinations.SDplaceOrderofBroker1.take_balance_of_with_api_with_name(java.lang.String,java.lang.String,java.lang.String)&amp;#27;[0m
  &amp;#27;[32mGiven &amp;#27;[0m&amp;#27;[32mPlacing an order for broker &amp;#27;[0m&amp;#27;[32m&amp;#27;[1m&quot;B1&quot;&amp;#27;[0m&amp;#27;[32m of type &amp;#27;[0m&amp;#27;[32m&amp;#27;[1m&quot;limit&quot;&amp;#27;[0m&amp;#27;[32m side &amp;#27;[0m&amp;#27;[32m&amp;#27;[1m&quot;BUY&quot;&amp;#27;[0m&amp;#27;[32m instrument &amp;#27;[0m&amp;#27;[32m&amp;#27;[1m&quot;ETH/INR&quot;&amp;#27;[0m&amp;#27;[32m quantityType &amp;#27;[0m&amp;#27;[32m&amp;#27;[1m&quot;QUOTE&quot;&amp;#27;[0m&amp;#27;[32m quantity &amp;#27;[0m&amp;#27;[32m&amp;#27;[1m&quot;5000&quot;&amp;#27;[0m&amp;#27;[32m limitPrice &amp;#27;[0m&amp;#27;[32m&amp;#27;[1m&quot;1000&quot;&amp;#27;[0m&amp;#27;[32m username &amp;#27;[0m&amp;#27;[32m&amp;#27;[1m&quot;user1&quot;&amp;#27;[0m   &amp;#27;[90m# stepDefinations.SDplaceOrderofBroker1.placing_an_order_of_type_side_instrument_quantity_type_quantity_limit_price_username(java.lang.String,java.lang.String,java.lang.String,java.lang.String,java.lang.String,java.lang.String,java.lang.String,java.lang.String)&amp;#27;[0m
{&quot;data&quot;:{&quot;average_price&quot;:&quot;0&quot;,&quot;brokerId&quot;:&quot;97c02e87-a473-414b-9d27-78764a93d439&quot;,&quot;created_at&quot;:&quot;2022-06-10T06:27:48.446Z&quot;,&quot;filledQuantity&quot;:0,&quot;instrument&quot;:&quot;ETH/INR&quot;,&quot;limit_price&quot;:&quot;1000&quot;,&quot;makerFee&quot;:&quot;-0.04&quot;,&quot;orderId&quot;:&quot;48c5b8cc-c014-4291-b019-222c6386093f&quot;,&quot;orderType&quot;:&quot;&quot;,&quot;quantity&quot;:&quot;5&quot;,&quot;quantityType&quot;:&quot;&quot;,&quot;side&quot;:&quot;BUY&quot;,&quot;status&quot;:&quot;OPEN&quot;,&quot;takerFee&quot;:&quot;0.07&quot;,&quot;updated_at&quot;:&quot;2022-06-10T06:27:48.446Z&quot;},&quot;message&quot;:&quot;Order placed successfully&quot;}

  &amp;#27;[32mWhen &amp;#27;[0m&amp;#27;[32mProviding request PathUrl &amp;#27;[0m&amp;#27;[32m&amp;#27;[1m&quot;PlaceOrder&quot;&amp;#27;[0m&amp;#27;[32m with method &amp;#27;[0m&amp;#27;[32m&amp;#27;[1m&quot;POST&quot;&amp;#27;[0m                                                                                                   &amp;#27;[90m# stepDefinations.SDplaceOrderofBroker1.providing_request_path_url_with_method(java.lang.String,java.lang.String)&amp;#27;[0m
  &amp;#27;[32mThen &amp;#27;[0m&amp;#27;[32mI verify the  &amp;#27;[0m&amp;#27;[32m&amp;#27;[1m&quot;200&quot;&amp;#27;[0m&amp;#27;[32m in step&amp;#27;[0m                                                                                                                                 &amp;#27;[90m# stepDefinations.SDplaceOrderofBroker1.i_verify_the_in_step(java.lang.String)&amp;#27;[0m
  &amp;#27;[32mAnd &amp;#27;[0m&amp;#27;[32mVerify key &amp;#27;[0m&amp;#27;[32m&amp;#27;[1m&quot;message&quot;&amp;#27;[0m&amp;#27;[32m of response &amp;#27;[0m&amp;#27;[32m&amp;#27;[1m&quot;Order placed successfully&quot;&amp;#27;[0m                                                                                                 &amp;#27;[90m# stepDefinations.SDplaceOrderofBroker1.verify_key_of_response(java.lang.String,java.lang.String)&amp;#27;[0m
  &amp;#27;[32mGiven &amp;#27;[0m&amp;#27;[32mloading the header for broker &amp;#27;[0m&amp;#27;[32m&amp;#27;[1m&quot;B1&quot;&amp;#27;[0m                                                                                                                         &amp;#27;[90m# stepDefinations.SDplaceOrderofBroker1.loading_the_header_for_broker_something(java.lang.String)&amp;#27;[0m
  &amp;#27;[32mThen &amp;#27;[0m&amp;#27;[32mgive sleep of &amp;#27;[0m&amp;#27;[32m&amp;#27;[1m&quot;000&quot;&amp;#27;[0m                                                                                                                                         &amp;#27;[90m# stepDefinations.SDplaceOrderofBroker1.give_sleep_of_something(java.lang.String)&amp;#27;[0m
{&quot;data&quot;:&quot;19 open orders will be Cancelled&quot;,&quot;message&quot;:&quot;Orders cancellation in progress&quot;}

  &amp;#27;[32mWhen &amp;#27;[0m&amp;#27;[32mProviding request PathUrl &amp;#27;[0m&amp;#27;[32m&amp;#27;[1m&quot;CancelAllOrders&quot;&amp;#27;[0m&amp;#27;[32m with method &amp;#27;[0m&amp;#27;[32m&amp;#27;[1m&quot;DELETE&quot;&amp;#27;[0m                                                                                            &amp;#27;[90m# stepDefinations.SDplaceOrderofBroker1.providing_request_path_url_with_method(java.lang.String,java.lang.String)&amp;#27;[0m
  &amp;#27;[32mThen &amp;#27;[0m&amp;#27;[32mgive sleep of &amp;#27;[0m&amp;#27;[32m&amp;#27;[1m&quot;000&quot;&amp;#27;[0m                                                                                                                                         &amp;#27;[90m# stepDefinations.SDplaceOrderofBroker1.give_sleep_of_something(java.lang.String)&amp;#27;[0m
  &amp;#27;[32mGiven &amp;#27;[0m&amp;#27;[32mloading the header for broker &amp;#27;[0m&amp;#27;[32m&amp;#27;[1m&quot;B1&quot;&amp;#27;[0m                                                                                                                         &amp;#27;[90m# stepDefinations.SDplaceOrderofBroker1.loading_the_header_for_broker_something(java.lang.String)&amp;#27;[0m
s3b1inr = 130725145.8636362590011
  &amp;#27;[32mGiven &amp;#27;[0m&amp;#27;[32mtake balance of &amp;#27;[0m&amp;#27;[32m&amp;#27;[1m&quot;INR&quot;&amp;#27;[0m&amp;#27;[32m with api &amp;#27;[0m&amp;#27;[32m&amp;#27;[1m&quot;Getbalance&quot;&amp;#27;[0m&amp;#27;[32m with name &amp;#27;[0m&amp;#27;[32m&amp;#27;[1m&quot;s3b1inr&quot;&amp;#27;[0m                                                                                            &amp;#27;[90m# stepDefinations.SDplaceOrderofBroker1.take_balance_of_with_api_with_name(java.lang.String,java.lang.String,java.lang.String)&amp;#27;[0m
s3b1btc = 90000821.6960524464
  &amp;#27;[32mGiven &amp;#27;[0m&amp;#27;[32mtake balance of &amp;#27;[0m&amp;#27;[32m&amp;#27;[1m&quot;ETH&quot;&amp;#27;[0m&amp;#27;[32m with api &amp;#27;[0m&amp;#27;[32m&amp;#27;[1m&quot;Getbalance&quot;&amp;#27;[0m&amp;#27;[32m with name &amp;#27;[0m&amp;#27;[32m&amp;#27;[1m&quot;s3b1btc&quot;&amp;#27;[0m                                                                                            &amp;#27;[90m# stepDefinations.SDplaceOrderofBroker1.take_balance_of_with_api_with_name(java.lang.String,java.lang.String,java.lang.String)&amp;#27;[0m
FEE = 0.0
diffrence inr before matching = 0.0
diffrence btc before matching = 10.0
Error Fail because diffrence in btc is = 5.0
  &amp;#27;[31mThen &amp;#27;[0m&amp;#27;[31mCheck fees &amp;#27;[0m&amp;#27;[31m&amp;#27;[1m&quot;0.0&quot;&amp;#27;[0m&amp;#27;[31m for same broker&amp;#27;[0m                                                                                                                            &amp;#27;[90m# stepDefinations.SDplaceOrderofBroker1.calculate_fees_for_same_broker(java.lang.String)&amp;#27;[0m
      &amp;#27;[31mjava.lang.AssertionError: expected:&lt;9.000082669605245E7&gt; but was:&lt;9.000082169605245E7&gt;
	at org.junit.Assert.fail(Assert.java:89)
	at org.junit.Assert.failNotEquals(Assert.java:835)
	at org.junit.Assert.assertEquals(Assert.java:555)
	at org.junit.Assert.assertEquals(Assert.java:685)
	at stepDefinations.SDplaceOrderofBroker1.calculate_fees_for_same_broker(SDplaceOrderofBroker1.java:246)
	at Ã¢Å“Â½.Check fees &quot;0.0&quot; for same broker(file:///C:/Users/Dell/eclipse_csk/CSXautomation2Optimision/src/test/java/features/ETHINR.feature:1067)
&amp;#27;[0m
</system-out>
  </testcase>
  <testcase classname="cucumber.options.TestRunner" name="runScenario" time="5.368">
    <failure message="expected:&lt;[PARTIALLY_FULFILLED]&gt; but was:&lt;[OPEN]&gt;" type="org.junit.ComparisonFailure">org.junit.ComparisonFailure: expected:&lt;[PARTIALLY_FULFILLED]&gt; but was:&lt;[OPEN]&gt;
	at org.junit.Assert.assertEquals(Assert.java:117)
	at org.junit.Assert.assertEquals(Assert.java:146)
	at stepDefinations.SDplaceOrderofBroker1.verify_key_of_response(SDplaceOrderofBroker1.java:138)
	at âœ½.Verify key &quot;data.status&quot; of response &quot;OPEN&quot;(file:///C:/Users/Dell/eclipse_csk/CSXautomation2Optimision/src/test/java/features/ETHINR.feature:1091)
</failure>
    <system-out>
@GetBalanceforSameBroker1 @Regression @ETH
Scenario: (placing buy order first)Verify funds while Updating the order and matching it with two counter orders                                                  &amp;#27;[90m# src/test/java/features/ETHINR.feature:1071&amp;#27;[0m
  &amp;#27;[32mGiven &amp;#27;[0m&amp;#27;[32mloading the header for broker &amp;#27;[0m&amp;#27;[32m&amp;#27;[1m&quot;B1&quot;&amp;#27;[0m                                                                                                                        &amp;#27;[90m# stepDefinations.SDplaceOrderofBroker1.loading_the_header_for_broker_something(java.lang.String)&amp;#27;[0m
  &amp;#27;[32mThen &amp;#27;[0m&amp;#27;[32mgive sleep of &amp;#27;[0m&amp;#27;[32m&amp;#27;[1m&quot;000&quot;&amp;#27;[0m                                                                                                                                        &amp;#27;[90m# stepDefinations.SDplaceOrderofBroker1.give_sleep_of_something(java.lang.String)&amp;#27;[0m
{&quot;data&quot;:&quot;19 open orders will be Cancelled&quot;,&quot;message&quot;:&quot;Orders cancellation in progress&quot;}

  &amp;#27;[32mWhen &amp;#27;[0m&amp;#27;[32mProviding request PathUrl &amp;#27;[0m&amp;#27;[32m&amp;#27;[1m&quot;CancelAllOrders&quot;&amp;#27;[0m&amp;#27;[32m with method &amp;#27;[0m&amp;#27;[32m&amp;#27;[1m&quot;DELETE&quot;&amp;#27;[0m                                                                                           &amp;#27;[90m# stepDefinations.SDplaceOrderofBroker1.providing_request_path_url_with_method(java.lang.String,java.lang.String)&amp;#27;[0m
  &amp;#27;[32mGiven &amp;#27;[0m&amp;#27;[32mloading the header for broker &amp;#27;[0m&amp;#27;[32m&amp;#27;[1m&quot;B1&quot;&amp;#27;[0m                                                                                                                        &amp;#27;[90m# stepDefinations.SDplaceOrderofBroker1.loading_the_header_for_broker_something(java.lang.String)&amp;#27;[0m
s1b1inr = 130725145.8636362590011
  &amp;#27;[32mGiven &amp;#27;[0m&amp;#27;[32mtake balance of &amp;#27;[0m&amp;#27;[32m&amp;#27;[1m&quot;INR&quot;&amp;#27;[0m&amp;#27;[32m with api &amp;#27;[0m&amp;#27;[32m&amp;#27;[1m&quot;Getbalance&quot;&amp;#27;[0m&amp;#27;[32m with name &amp;#27;[0m&amp;#27;[32m&amp;#27;[1m&quot;s1b1inr&quot;&amp;#27;[0m                                                                                           &amp;#27;[90m# stepDefinations.SDplaceOrderofBroker1.take_balance_of_with_api_with_name(java.lang.String,java.lang.String,java.lang.String)&amp;#27;[0m
s1b1btc = 90000821.6960524464
  &amp;#27;[32mGiven &amp;#27;[0m&amp;#27;[32mtake balance of &amp;#27;[0m&amp;#27;[32m&amp;#27;[1m&quot;ETH&quot;&amp;#27;[0m&amp;#27;[32m with api &amp;#27;[0m&amp;#27;[32m&amp;#27;[1m&quot;Getbalance&quot;&amp;#27;[0m&amp;#27;[32m with name &amp;#27;[0m&amp;#27;[32m&amp;#27;[1m&quot;s1b1btc&quot;&amp;#27;[0m                                                                                           &amp;#27;[90m# stepDefinations.SDplaceOrderofBroker1.take_balance_of_with_api_with_name(java.lang.String,java.lang.String,java.lang.String)&amp;#27;[0m
  &amp;#27;[32mGiven &amp;#27;[0m&amp;#27;[32mPlacing an order for broker &amp;#27;[0m&amp;#27;[32m&amp;#27;[1m&quot;B1&quot;&amp;#27;[0m&amp;#27;[32m of type &amp;#27;[0m&amp;#27;[32m&amp;#27;[1m&quot;limit&quot;&amp;#27;[0m&amp;#27;[32m side &amp;#27;[0m&amp;#27;[32m&amp;#27;[1m&quot;BUY&quot;&amp;#27;[0m&amp;#27;[32m instrument &amp;#27;[0m&amp;#27;[32m&amp;#27;[1m&quot;ETH/INR&quot;&amp;#27;[0m&amp;#27;[32m quantityType &amp;#27;[0m&amp;#27;[32m&amp;#27;[1m&quot;QUOTE&quot;&amp;#27;[0m&amp;#27;[32m quantity &amp;#27;[0m&amp;#27;[32m&amp;#27;[1m&quot;1001&quot;&amp;#27;[0m&amp;#27;[32m limitPrice &amp;#27;[0m&amp;#27;[32m&amp;#27;[1m&quot;100&quot;&amp;#27;[0m&amp;#27;[32m username &amp;#27;[0m&amp;#27;[32m&amp;#27;[1m&quot;user1&quot;&amp;#27;[0m   &amp;#27;[90m# stepDefinations.SDplaceOrderofBroker1.placing_an_order_of_type_side_instrument_quantity_type_quantity_limit_price_username(java.lang.String,java.lang.String,java.lang.String,java.lang.String,java.lang.String,java.lang.String,java.lang.String,java.lang.String)&amp;#27;[0m
{&quot;data&quot;:{&quot;average_price&quot;:&quot;0&quot;,&quot;brokerId&quot;:&quot;97c02e87-a473-414b-9d27-78764a93d439&quot;,&quot;created_at&quot;:&quot;2022-06-10T06:27:55.454Z&quot;,&quot;filledQuantity&quot;:0,&quot;instrument&quot;:&quot;ETH/INR&quot;,&quot;limit_price&quot;:&quot;100&quot;,&quot;makerFee&quot;:&quot;-0.04&quot;,&quot;orderId&quot;:&quot;1af9db6d-0d6e-4731-8996-d95f4ca2e309&quot;,&quot;orderType&quot;:&quot;&quot;,&quot;quantity&quot;:&quot;10.01&quot;,&quot;quantityType&quot;:&quot;&quot;,&quot;side&quot;:&quot;BUY&quot;,&quot;status&quot;:&quot;OPEN&quot;,&quot;takerFee&quot;:&quot;0.07&quot;,&quot;updated_at&quot;:&quot;2022-06-10T06:27:55.454Z&quot;},&quot;message&quot;:&quot;Order placed successfully&quot;}

  &amp;#27;[32mWhen &amp;#27;[0m&amp;#27;[32mProviding request PathUrl &amp;#27;[0m&amp;#27;[32m&amp;#27;[1m&quot;PlaceOrder&quot;&amp;#27;[0m&amp;#27;[32m with method &amp;#27;[0m&amp;#27;[32m&amp;#27;[1m&quot;POST&quot;&amp;#27;[0m                                                                                                  &amp;#27;[90m# stepDefinations.SDplaceOrderofBroker1.providing_request_path_url_with_method(java.lang.String,java.lang.String)&amp;#27;[0m
  &amp;#27;[32mThen &amp;#27;[0m&amp;#27;[32mI verify the  &amp;#27;[0m&amp;#27;[32m&amp;#27;[1m&quot;200&quot;&amp;#27;[0m&amp;#27;[32m in step&amp;#27;[0m                                                                                                                                &amp;#27;[90m# stepDefinations.SDplaceOrderofBroker1.i_verify_the_in_step(java.lang.String)&amp;#27;[0m
  &amp;#27;[32mAnd &amp;#27;[0m&amp;#27;[32mVerify key &amp;#27;[0m&amp;#27;[32m&amp;#27;[1m&quot;message&quot;&amp;#27;[0m&amp;#27;[32m of response &amp;#27;[0m&amp;#27;[32m&amp;#27;[1m&quot;Order placed successfully&quot;&amp;#27;[0m                                                                                                &amp;#27;[90m# stepDefinations.SDplaceOrderofBroker1.verify_key_of_response(java.lang.String,java.lang.String)&amp;#27;[0m
{&quot;data&quot;:{&quot;average_price&quot;:&quot;0&quot;,&quot;brokerId&quot;:&quot;97c02e87-a473-414b-9d27-78764a93d439&quot;,&quot;created_at&quot;:&quot;2022-06-10T06:27:55.454Z&quot;,&quot;filledQuantity&quot;:0,&quot;instrument&quot;:&quot;ETH/INR&quot;,&quot;limit_price&quot;:&quot;100&quot;,&quot;makerFee&quot;:&quot;-0.04&quot;,&quot;orderId&quot;:&quot;1af9db6d-0d6e-4731-8996-d95f4ca2e309&quot;,&quot;orderType&quot;:&quot;&quot;,&quot;quantity&quot;:&quot;10.01&quot;,&quot;quantityType&quot;:&quot;&quot;,&quot;side&quot;:&quot;BUY&quot;,&quot;status&quot;:&quot;OPEN&quot;,&quot;takerFee&quot;:&quot;0.07&quot;,&quot;updated_at&quot;:&quot;2022-06-10T06:27:55.454Z&quot;},&quot;message&quot;:&quot;Order fetched successfully&quot;}

  &amp;#27;[32mAnd &amp;#27;[0m&amp;#27;[32mVerify the &amp;#27;[0m&amp;#27;[32m&amp;#27;[1m&quot;data.orderId&quot;&amp;#27;[0m&amp;#27;[32m of response &amp;#27;[0m&amp;#27;[32m&amp;#27;[1m&quot;GetOrder&quot;&amp;#27;[0m                                                                                                            &amp;#27;[90m# stepDefinations.SDplaceOrderofBroker1.verify_the_of_response(java.lang.String,java.lang.String)&amp;#27;[0m
  &amp;#27;[32mAnd &amp;#27;[0m&amp;#27;[32mVerify key &amp;#27;[0m&amp;#27;[32m&amp;#27;[1m&quot;data.status&quot;&amp;#27;[0m&amp;#27;[32m of response &amp;#27;[0m&amp;#27;[32m&amp;#27;[1m&quot;OPEN&quot;&amp;#27;[0m                                                                                                                 &amp;#27;[90m# stepDefinations.SDplaceOrderofBroker1.verify_key_of_response(java.lang.String,java.lang.String)&amp;#27;[0m
  &amp;#27;[32mGiven &amp;#27;[0m&amp;#27;[32mUpdate an order for broker &amp;#27;[0m&amp;#27;[32m&amp;#27;[1m&quot;B1&quot;&amp;#27;[0m&amp;#27;[32m of  instrument &amp;#27;[0m&amp;#27;[32m&amp;#27;[1m&quot;ETH/INR&quot;&amp;#27;[0m&amp;#27;[32m quantityType &amp;#27;[0m&amp;#27;[32m&amp;#27;[1m&quot;QUOTE&quot;&amp;#27;[0m&amp;#27;[32m quantity &amp;#27;[0m&amp;#27;[32m&amp;#27;[1m&quot;10000&quot;&amp;#27;[0m&amp;#27;[32m limitPrice &amp;#27;[0m&amp;#27;[32m&amp;#27;[1m&quot;1000&quot;&amp;#27;[0m&amp;#27;[32m username &amp;#27;[0m&amp;#27;[32m&amp;#27;[1m&quot;user1&quot;&amp;#27;[0m&amp;#27;[32m orderType &amp;#27;[0m&amp;#27;[32m&amp;#27;[1m&quot;LIMIT&quot;&amp;#27;[0m       &amp;#27;[90m# stepDefinations.SDplaceOrderofBroker1.update_an_order_of_instrument_quantity_type_quantity_limit_price_username(java.lang.String,java.lang.String,java.lang.String,java.lang.String,java.lang.String,java.lang.String,java.lang.String)&amp;#27;[0m
{&quot;data&quot;:{&quot;average_price&quot;:&quot;0&quot;,&quot;brokerId&quot;:&quot;97c02e87-a473-414b-9d27-78764a93d439&quot;,&quot;created_at&quot;:&quot;2022-06-10T06:27:57.079Z&quot;,&quot;filledQuantity&quot;:0,&quot;instrument&quot;:&quot;ETH/INR&quot;,&quot;limit_price&quot;:&quot;1000&quot;,&quot;makerFee&quot;:&quot;-0.04&quot;,&quot;orderId&quot;:&quot;e9ddf999-d091-4827-8d7d-86a584488686&quot;,&quot;orderType&quot;:&quot;&quot;,&quot;quantity&quot;:&quot;10&quot;,&quot;quantityType&quot;:&quot;&quot;,&quot;side&quot;:&quot;BUY&quot;,&quot;status&quot;:&quot;OPEN&quot;,&quot;takerFee&quot;:&quot;0.07&quot;,&quot;updated_at&quot;:&quot;2022-06-10T06:27:57.079Z&quot;},&quot;message&quot;:&quot;Order updated successfully&quot;}

  &amp;#27;[32mWhen &amp;#27;[0m&amp;#27;[32mProviding request PathUrl &amp;#27;[0m&amp;#27;[32m&amp;#27;[1m&quot;PlaceOrder&quot;&amp;#27;[0m&amp;#27;[32m with method &amp;#27;[0m&amp;#27;[32m&amp;#27;[1m&quot;PATCH&quot;&amp;#27;[0m                                                                                                 &amp;#27;[90m# stepDefinations.SDplaceOrderofBroker1.providing_request_path_url_with_method(java.lang.String,java.lang.String)&amp;#27;[0m
  &amp;#27;[32mThen &amp;#27;[0m&amp;#27;[32mI verify the  &amp;#27;[0m&amp;#27;[32m&amp;#27;[1m&quot;200&quot;&amp;#27;[0m&amp;#27;[32m in step&amp;#27;[0m                                                                                                                                &amp;#27;[90m# stepDefinations.SDplaceOrderofBroker1.i_verify_the_in_step(java.lang.String)&amp;#27;[0m
  &amp;#27;[32mAnd &amp;#27;[0m&amp;#27;[32mVerify key &amp;#27;[0m&amp;#27;[32m&amp;#27;[1m&quot;message&quot;&amp;#27;[0m&amp;#27;[32m of response &amp;#27;[0m&amp;#27;[32m&amp;#27;[1m&quot;Order updated successfully&quot;&amp;#27;[0m                                                                                               &amp;#27;[90m# stepDefinations.SDplaceOrderofBroker1.verify_key_of_response(java.lang.String,java.lang.String)&amp;#27;[0m
  &amp;#27;[32mThen &amp;#27;[0m&amp;#27;[32mExtracting the data &amp;#27;[0m&amp;#27;[32m&amp;#27;[1m&quot;data&quot;&amp;#27;[0m                                                                                                                                 &amp;#27;[90m# stepDefinations.SDplaceOrderofBroker1.Extracting_the_data(java.lang.String)&amp;#27;[0m
{&quot;data&quot;:{&quot;average_price&quot;:&quot;1000&quot;,&quot;brokerId&quot;:&quot;97c02e87-a473-414b-9d27-78764a93d439&quot;,&quot;created_at&quot;:&quot;2022-06-10T06:27:57.079Z&quot;,&quot;filledQuantity&quot;:5,&quot;instrument&quot;:&quot;ETH/INR&quot;,&quot;limit_price&quot;:&quot;1000&quot;,&quot;makerFee&quot;:&quot;-0.04&quot;,&quot;orderId&quot;:&quot;e9ddf999-d091-4827-8d7d-86a584488686&quot;,&quot;orderType&quot;:&quot;&quot;,&quot;quantity&quot;:&quot;10&quot;,&quot;quantityType&quot;:&quot;&quot;,&quot;side&quot;:&quot;BUY&quot;,&quot;status&quot;:&quot;PARTIALLY_FULFILLED&quot;,&quot;takerFee&quot;:&quot;0.07&quot;,&quot;updated_at&quot;:&quot;2022-06-10T06:27:57.342Z&quot;},&quot;message&quot;:&quot;Order fetched successfully&quot;}

  &amp;#27;[32mAnd &amp;#27;[0m&amp;#27;[32mVerify the &amp;#27;[0m&amp;#27;[32m&amp;#27;[1m&quot;data.orderId&quot;&amp;#27;[0m&amp;#27;[32m of response &amp;#27;[0m&amp;#27;[32m&amp;#27;[1m&quot;GetOrder&quot;&amp;#27;[0m                                                                                                            &amp;#27;[90m# stepDefinations.SDplaceOrderofBroker1.verify_the_of_response(java.lang.String,java.lang.String)&amp;#27;[0m
  &amp;#27;[31mAnd &amp;#27;[0m&amp;#27;[31mVerify key &amp;#27;[0m&amp;#27;[31m&amp;#27;[1m&quot;data.status&quot;&amp;#27;[0m&amp;#27;[31m of response &amp;#27;[0m&amp;#27;[31m&amp;#27;[1m&quot;OPEN&quot;&amp;#27;[0m                                                                                                                 &amp;#27;[90m# stepDefinations.SDplaceOrderofBroker1.verify_key_of_response(java.lang.String,java.lang.String)&amp;#27;[0m
      &amp;#27;[31morg.junit.ComparisonFailure: expected:&lt;[PARTIALLY_FULFILLED]&gt; but was:&lt;[OPEN]&gt;
	at org.junit.Assert.assertEquals(Assert.java:117)
	at org.junit.Assert.assertEquals(Assert.java:146)
	at stepDefinations.SDplaceOrderofBroker1.verify_key_of_response(SDplaceOrderofBroker1.java:138)
	at Ã¢Å“Â½.Verify key &quot;data.status&quot; of response &quot;OPEN&quot;(file:///C:/Users/Dell/eclipse_csk/CSXautomation2Optimision/src/test/java/features/ETHINR.feature:1091)
&amp;#27;[0m
  &amp;#27;[36mGiven &amp;#27;[0m&amp;#27;[36mloading the header for broker &amp;#27;[0m&amp;#27;[36m&amp;#27;[1m&quot;B1&quot;&amp;#27;[0m                                                                                                                        &amp;#27;[90m# stepDefinations.SDplaceOrderofBroker1.loading_the_header_for_broker_something(java.lang.String)&amp;#27;[0m
  &amp;#27;[36mGiven &amp;#27;[0m&amp;#27;[36mtake balance of &amp;#27;[0m&amp;#27;[36m&amp;#27;[1m&quot;INR&quot;&amp;#27;[0m&amp;#27;[36m with api &amp;#27;[0m&amp;#27;[36m&amp;#27;[1m&quot;Getbalance&quot;&amp;#27;[0m&amp;#27;[36m with name &amp;#27;[0m&amp;#27;[36m&amp;#27;[1m&quot;s2b1inr&quot;&amp;#27;[0m                                                                                           &amp;#27;[90m# stepDefinations.SDplaceOrderofBroker1.take_balance_of_with_api_with_name(java.lang.String,java.lang.String,java.lang.String)&amp;#27;[0m
  &amp;#27;[36mGiven &amp;#27;[0m&amp;#27;[36mtake balance of &amp;#27;[0m&amp;#27;[36m&amp;#27;[1m&quot;ETH&quot;&amp;#27;[0m&amp;#27;[36m with api &amp;#27;[0m&amp;#27;[36m&amp;#27;[1m&quot;Getbalance&quot;&amp;#27;[0m&amp;#27;[36m with name &amp;#27;[0m&amp;#27;[36m&amp;#27;[1m&quot;s2b1btc&quot;&amp;#27;[0m                                                                                           &amp;#27;[90m# stepDefinations.SDplaceOrderofBroker1.take_balance_of_with_api_with_name(java.lang.String,java.lang.String,java.lang.String)&amp;#27;[0m
  &amp;#27;[36mGiven &amp;#27;[0m&amp;#27;[36mPlacing an order for broker &amp;#27;[0m&amp;#27;[36m&amp;#27;[1m&quot;B1&quot;&amp;#27;[0m&amp;#27;[36m of type &amp;#27;[0m&amp;#27;[36m&amp;#27;[1m&quot;limit&quot;&amp;#27;[0m&amp;#27;[36m side &amp;#27;[0m&amp;#27;[36m&amp;#27;[1m&quot;SELL&quot;&amp;#27;[0m&amp;#27;[36m instrument &amp;#27;[0m&amp;#27;[36m&amp;#27;[1m&quot;ETH/INR&quot;&amp;#27;[0m&amp;#27;[36m quantityType &amp;#27;[0m&amp;#27;[36m&amp;#27;[1m&quot;QUOTE&quot;&amp;#27;[0m&amp;#27;[36m quantity &amp;#27;[0m&amp;#27;[36m&amp;#27;[1m&quot;2000&quot;&amp;#27;[0m&amp;#27;[36m limitPrice &amp;#27;[0m&amp;#27;[36m&amp;#27;[1m&quot;1000&quot;&amp;#27;[0m&amp;#27;[36m username &amp;#27;[0m&amp;#27;[36m&amp;#27;[1m&quot;user2&quot;&amp;#27;[0m &amp;#27;[90m# stepDefinations.SDplaceOrderofBroker1.placing_an_order_of_type_side_instrument_quantity_type_quantity_limit_price_username(java.lang.String,java.lang.String,java.lang.String,java.lang.String,java.lang.String,java.lang.String,java.lang.String,java.lang.String)&amp;#27;[0m
  &amp;#27;[36mWhen &amp;#27;[0m&amp;#27;[36mProviding request PathUrl &amp;#27;[0m&amp;#27;[36m&amp;#27;[1m&quot;PlaceOrder&quot;&amp;#27;[0m&amp;#27;[36m with method &amp;#27;[0m&amp;#27;[36m&amp;#27;[1m&quot;POST&quot;&amp;#27;[0m                                                                                                  &amp;#27;[90m# stepDefinations.SDplaceOrderofBroker1.providing_request_path_url_with_method(java.lang.String,java.lang.String)&amp;#27;[0m
  &amp;#27;[36mThen &amp;#27;[0m&amp;#27;[36mI verify the  &amp;#27;[0m&amp;#27;[36m&amp;#27;[1m&quot;200&quot;&amp;#27;[0m&amp;#27;[36m in step&amp;#27;[0m                                                                                                                                &amp;#27;[90m# stepDefinations.SDplaceOrderofBroker1.i_verify_the_in_step(java.lang.String)&amp;#27;[0m
  &amp;#27;[36mAnd &amp;#27;[0m&amp;#27;[36mVerify key &amp;#27;[0m&amp;#27;[36m&amp;#27;[1m&quot;message&quot;&amp;#27;[0m&amp;#27;[36m of response &amp;#27;[0m&amp;#27;[36m&amp;#27;[1m&quot;Order placed successfully&quot;&amp;#27;[0m                                                                                                &amp;#27;[90m# stepDefinations.SDplaceOrderofBroker1.verify_key_of_response(java.lang.String,java.lang.String)&amp;#27;[0m
  &amp;#27;[36mGiven &amp;#27;[0m&amp;#27;[36mPlacing an order for broker &amp;#27;[0m&amp;#27;[36m&amp;#27;[1m&quot;B1&quot;&amp;#27;[0m&amp;#27;[36m of type &amp;#27;[0m&amp;#27;[36m&amp;#27;[1m&quot;limit&quot;&amp;#27;[0m&amp;#27;[36m side &amp;#27;[0m&amp;#27;[36m&amp;#27;[1m&quot;SELL&quot;&amp;#27;[0m&amp;#27;[36m instrument &amp;#27;[0m&amp;#27;[36m&amp;#27;[1m&quot;ETH/INR&quot;&amp;#27;[0m&amp;#27;[36m quantityType &amp;#27;[0m&amp;#27;[36m&amp;#27;[1m&quot;QUOTE&quot;&amp;#27;[0m&amp;#27;[36m quantity &amp;#27;[0m&amp;#27;[36m&amp;#27;[1m&quot;8000&quot;&amp;#27;[0m&amp;#27;[36m limitPrice &amp;#27;[0m&amp;#27;[36m&amp;#27;[1m&quot;1000&quot;&amp;#27;[0m&amp;#27;[36m username &amp;#27;[0m&amp;#27;[36m&amp;#27;[1m&quot;user3&quot;&amp;#27;[0m &amp;#27;[90m# stepDefinations.SDplaceOrderofBroker1.placing_an_order_of_type_side_instrument_quantity_type_quantity_limit_price_username(java.lang.String,java.lang.String,java.lang.String,java.lang.String,java.lang.String,java.lang.String,java.lang.String,java.lang.String)&amp;#27;[0m
  &amp;#27;[36mWhen &amp;#27;[0m&amp;#27;[36mProviding request PathUrl &amp;#27;[0m&amp;#27;[36m&amp;#27;[1m&quot;PlaceOrder&quot;&amp;#27;[0m&amp;#27;[36m with method &amp;#27;[0m&amp;#27;[36m&amp;#27;[1m&quot;POST&quot;&amp;#27;[0m                                                                                                  &amp;#27;[90m# stepDefinations.SDplaceOrderofBroker1.providing_request_path_url_with_method(java.lang.String,java.lang.String)&amp;#27;[0m
  &amp;#27;[36mThen &amp;#27;[0m&amp;#27;[36mI verify the  &amp;#27;[0m&amp;#27;[36m&amp;#27;[1m&quot;200&quot;&amp;#27;[0m&amp;#27;[36m in step&amp;#27;[0m                                                                                                                                &amp;#27;[90m# stepDefinations.SDplaceOrderofBroker1.i_verify_the_in_step(java.lang.String)&amp;#27;[0m
  &amp;#27;[36mAnd &amp;#27;[0m&amp;#27;[36mVerify key &amp;#27;[0m&amp;#27;[36m&amp;#27;[1m&quot;message&quot;&amp;#27;[0m&amp;#27;[36m of response &amp;#27;[0m&amp;#27;[36m&amp;#27;[1m&quot;Order placed successfully&quot;&amp;#27;[0m                                                                                                &amp;#27;[90m# stepDefinations.SDplaceOrderofBroker1.verify_key_of_response(java.lang.String,java.lang.String)&amp;#27;[0m
  &amp;#27;[36mAnd &amp;#27;[0m&amp;#27;[36mVerify the &amp;#27;[0m&amp;#27;[36m&amp;#27;[1m&quot;data.orderId&quot;&amp;#27;[0m&amp;#27;[36m of response &amp;#27;[0m&amp;#27;[36m&amp;#27;[1m&quot;GetOrder&quot;&amp;#27;[0m                                                                                                            &amp;#27;[90m# stepDefinations.SDplaceOrderofBroker1.verify_the_of_response(java.lang.String,java.lang.String)&amp;#27;[0m
  &amp;#27;[36mThen &amp;#27;[0m&amp;#27;[36mgive sleep of &amp;#27;[0m&amp;#27;[36m&amp;#27;[1m&quot;000&quot;&amp;#27;[0m                                                                                                                                        &amp;#27;[90m# stepDefinations.SDplaceOrderofBroker1.give_sleep_of_something(java.lang.String)&amp;#27;[0m
  &amp;#27;[36mGiven &amp;#27;[0m&amp;#27;[36mloading the header for broker &amp;#27;[0m&amp;#27;[36m&amp;#27;[1m&quot;B1&quot;&amp;#27;[0m                                                                                                                        &amp;#27;[90m# stepDefinations.SDplaceOrderofBroker1.loading_the_header_for_broker_something(java.lang.String)&amp;#27;[0m
  &amp;#27;[36mGiven &amp;#27;[0m&amp;#27;[36mtake balance of &amp;#27;[0m&amp;#27;[36m&amp;#27;[1m&quot;INR&quot;&amp;#27;[0m&amp;#27;[36m with api &amp;#27;[0m&amp;#27;[36m&amp;#27;[1m&quot;Getbalance&quot;&amp;#27;[0m&amp;#27;[36m with name &amp;#27;[0m&amp;#27;[36m&amp;#27;[1m&quot;s3b1inr&quot;&amp;#27;[0m                                                                                           &amp;#27;[90m# stepDefinations.SDplaceOrderofBroker1.take_balance_of_with_api_with_name(java.lang.String,java.lang.String,java.lang.String)&amp;#27;[0m
  &amp;#27;[36mGiven &amp;#27;[0m&amp;#27;[36mtake balance of &amp;#27;[0m&amp;#27;[36m&amp;#27;[1m&quot;ETH&quot;&amp;#27;[0m&amp;#27;[36m with api &amp;#27;[0m&amp;#27;[36m&amp;#27;[1m&quot;Getbalance&quot;&amp;#27;[0m&amp;#27;[36m with name &amp;#27;[0m&amp;#27;[36m&amp;#27;[1m&quot;s3b1btc&quot;&amp;#27;[0m                                                                                           &amp;#27;[90m# stepDefinations.SDplaceOrderofBroker1.take_balance_of_with_api_with_name(java.lang.String,java.lang.String,java.lang.String)&amp;#27;[0m
  &amp;#27;[36mThen &amp;#27;[0m&amp;#27;[36mCheck fees &amp;#27;[0m&amp;#27;[36m&amp;#27;[1m&quot;3.0&quot;&amp;#27;[0m&amp;#27;[36m for same broker&amp;#27;[0m                                                                                                                           &amp;#27;[90m# stepDefinations.SDplaceOrderofBroker1.calculate_fees_for_same_broker(java.lang.String)&amp;#27;[0m
</system-out>
  </testcase>
  <testcase classname="cucumber.options.TestRunner" name="runScenario" time="9.145"/>
  <testcase classname="cucumber.options.TestRunner" name="runScenario" time="8.378">
    <failure message="expected:&lt;9.000082669605245E7&gt; but was:&lt;9.000083369605245E7&gt;" type="java.lang.AssertionError">java.lang.AssertionError: expected:&lt;9.000082669605245E7&gt; but was:&lt;9.000083369605245E7&gt;
	at org.junit.Assert.fail(Assert.java:89)
	at org.junit.Assert.failNotEquals(Assert.java:835)
	at org.junit.Assert.assertEquals(Assert.java:555)
	at org.junit.Assert.assertEquals(Assert.java:685)
	at stepDefinations.SDplaceOrderofBroker1.calculate_fees_for_same_broker(SDplaceOrderofBroker1.java:242)
	at âœ½.Check fees &quot;0.0&quot; for same broker(file:///C:/Users/Dell/eclipse_csk/CSXautomation2Optimision/src/test/java/features/ETHINR.feature:1182)
</failure>
    <system-out>
@GetBalanceforSameBroker1SMPSOPDD1 @Regression @ETH
Scenario: (placing buy order first)Verify funds while when order moves in (open---&gt;partially_decrement---&gt;decrement) for same broker                              &amp;#27;[90m# src/test/java/features/ETHINR.feature:1150&amp;#27;[0m
  &amp;#27;[32mGiven &amp;#27;[0m&amp;#27;[32mloading the header for broker &amp;#27;[0m&amp;#27;[32m&amp;#27;[1m&quot;B1&quot;&amp;#27;[0m                                                                                                                        &amp;#27;[90m# stepDefinations.SDplaceOrderofBroker1.loading_the_header_for_broker_something(java.lang.String)&amp;#27;[0m
  &amp;#27;[32mThen &amp;#27;[0m&amp;#27;[32mgive sleep of &amp;#27;[0m&amp;#27;[32m&amp;#27;[1m&quot;000&quot;&amp;#27;[0m                                                                                                                                        &amp;#27;[90m# stepDefinations.SDplaceOrderofBroker1.give_sleep_of_something(java.lang.String)&amp;#27;[0m
{&quot;data&quot;:&quot;19 open orders will be Cancelled&quot;,&quot;message&quot;:&quot;Orders cancellation in progress&quot;}

  &amp;#27;[32mWhen &amp;#27;[0m&amp;#27;[32mProviding request PathUrl &amp;#27;[0m&amp;#27;[32m&amp;#27;[1m&quot;CancelAllOrders&quot;&amp;#27;[0m&amp;#27;[32m with method &amp;#27;[0m&amp;#27;[32m&amp;#27;[1m&quot;DELETE&quot;&amp;#27;[0m                                                                                           &amp;#27;[90m# stepDefinations.SDplaceOrderofBroker1.providing_request_path_url_with_method(java.lang.String,java.lang.String)&amp;#27;[0m
  &amp;#27;[32mGiven &amp;#27;[0m&amp;#27;[32mloading the header for broker &amp;#27;[0m&amp;#27;[32m&amp;#27;[1m&quot;B1&quot;&amp;#27;[0m                                                                                                                        &amp;#27;[90m# stepDefinations.SDplaceOrderofBroker1.loading_the_header_for_broker_something(java.lang.String)&amp;#27;[0m
s1b1inr = 130720139.3636362590011
  &amp;#27;[32mGiven &amp;#27;[0m&amp;#27;[32mtake balance of &amp;#27;[0m&amp;#27;[32m&amp;#27;[1m&quot;INR&quot;&amp;#27;[0m&amp;#27;[32m with api &amp;#27;[0m&amp;#27;[32m&amp;#27;[1m&quot;Getbalance&quot;&amp;#27;[0m&amp;#27;[32m with name &amp;#27;[0m&amp;#27;[32m&amp;#27;[1m&quot;s1b1inr&quot;&amp;#27;[0m                                                                                           &amp;#27;[90m# stepDefinations.SDplaceOrderofBroker1.take_balance_of_with_api_with_name(java.lang.String,java.lang.String,java.lang.String)&amp;#27;[0m
s1b1btc = 90000826.6960524464
  &amp;#27;[32mGiven &amp;#27;[0m&amp;#27;[32mtake balance of &amp;#27;[0m&amp;#27;[32m&amp;#27;[1m&quot;ETH&quot;&amp;#27;[0m&amp;#27;[32m with api &amp;#27;[0m&amp;#27;[32m&amp;#27;[1m&quot;Getbalance&quot;&amp;#27;[0m&amp;#27;[32m with name &amp;#27;[0m&amp;#27;[32m&amp;#27;[1m&quot;s1b1btc&quot;&amp;#27;[0m                                                                                           &amp;#27;[90m# stepDefinations.SDplaceOrderofBroker1.take_balance_of_with_api_with_name(java.lang.String,java.lang.String,java.lang.String)&amp;#27;[0m
  &amp;#27;[32mGiven &amp;#27;[0m&amp;#27;[32mPlacing an order for broker &amp;#27;[0m&amp;#27;[32m&amp;#27;[1m&quot;B1&quot;&amp;#27;[0m&amp;#27;[32m of type &amp;#27;[0m&amp;#27;[32m&amp;#27;[1m&quot;limit&quot;&amp;#27;[0m&amp;#27;[32m side &amp;#27;[0m&amp;#27;[32m&amp;#27;[1m&quot;BUY&quot;&amp;#27;[0m&amp;#27;[32m instrument &amp;#27;[0m&amp;#27;[32m&amp;#27;[1m&quot;ETH/INR&quot;&amp;#27;[0m&amp;#27;[32m quantityType &amp;#27;[0m&amp;#27;[32m&amp;#27;[1m&quot;QUOTE&quot;&amp;#27;[0m&amp;#27;[32m quantity &amp;#27;[0m&amp;#27;[32m&amp;#27;[1m&quot;10000&quot;&amp;#27;[0m&amp;#27;[32m limitPrice &amp;#27;[0m&amp;#27;[32m&amp;#27;[1m&quot;1000&quot;&amp;#27;[0m&amp;#27;[32m username &amp;#27;[0m&amp;#27;[32m&amp;#27;[1m&quot;user1&quot;&amp;#27;[0m &amp;#27;[90m# stepDefinations.SDplaceOrderofBroker1.placing_an_order_of_type_side_instrument_quantity_type_quantity_limit_price_username(java.lang.String,java.lang.String,java.lang.String,java.lang.String,java.lang.String,java.lang.String,java.lang.String,java.lang.String)&amp;#27;[0m
{&quot;data&quot;:{&quot;average_price&quot;:&quot;0&quot;,&quot;brokerId&quot;:&quot;97c02e87-a473-414b-9d27-78764a93d439&quot;,&quot;created_at&quot;:&quot;2022-06-10T06:28:10.041Z&quot;,&quot;filledQuantity&quot;:0,&quot;instrument&quot;:&quot;ETH/INR&quot;,&quot;limit_price&quot;:&quot;1000&quot;,&quot;makerFee&quot;:&quot;-0.04&quot;,&quot;orderId&quot;:&quot;7666e580-3116-40a2-be34-528229ba09e0&quot;,&quot;orderType&quot;:&quot;&quot;,&quot;quantity&quot;:&quot;10&quot;,&quot;quantityType&quot;:&quot;&quot;,&quot;side&quot;:&quot;BUY&quot;,&quot;status&quot;:&quot;OPEN&quot;,&quot;takerFee&quot;:&quot;0.07&quot;,&quot;updated_at&quot;:&quot;2022-06-10T06:28:10.041Z&quot;},&quot;message&quot;:&quot;Order placed successfully&quot;}

  &amp;#27;[32mWhen &amp;#27;[0m&amp;#27;[32mProviding request PathUrl &amp;#27;[0m&amp;#27;[32m&amp;#27;[1m&quot;PlaceOrder&quot;&amp;#27;[0m&amp;#27;[32m with method &amp;#27;[0m&amp;#27;[32m&amp;#27;[1m&quot;POST&quot;&amp;#27;[0m                                                                                                  &amp;#27;[90m# stepDefinations.SDplaceOrderofBroker1.providing_request_path_url_with_method(java.lang.String,java.lang.String)&amp;#27;[0m
  &amp;#27;[32mThen &amp;#27;[0m&amp;#27;[32mI verify the  &amp;#27;[0m&amp;#27;[32m&amp;#27;[1m&quot;200&quot;&amp;#27;[0m&amp;#27;[32m in step&amp;#27;[0m                                                                                                                                &amp;#27;[90m# stepDefinations.SDplaceOrderofBroker1.i_verify_the_in_step(java.lang.String)&amp;#27;[0m
  &amp;#27;[32mAnd &amp;#27;[0m&amp;#27;[32mVerify key &amp;#27;[0m&amp;#27;[32m&amp;#27;[1m&quot;message&quot;&amp;#27;[0m&amp;#27;[32m of response &amp;#27;[0m&amp;#27;[32m&amp;#27;[1m&quot;Order placed successfully&quot;&amp;#27;[0m                                                                                                &amp;#27;[90m# stepDefinations.SDplaceOrderofBroker1.verify_key_of_response(java.lang.String,java.lang.String)&amp;#27;[0m
{&quot;data&quot;:{&quot;average_price&quot;:&quot;0&quot;,&quot;brokerId&quot;:&quot;97c02e87-a473-414b-9d27-78764a93d439&quot;,&quot;created_at&quot;:&quot;2022-06-10T06:28:10.041Z&quot;,&quot;filledQuantity&quot;:0,&quot;instrument&quot;:&quot;ETH/INR&quot;,&quot;limit_price&quot;:&quot;1000&quot;,&quot;makerFee&quot;:&quot;-0.04&quot;,&quot;orderId&quot;:&quot;7666e580-3116-40a2-be34-528229ba09e0&quot;,&quot;orderType&quot;:&quot;&quot;,&quot;quantity&quot;:&quot;10&quot;,&quot;quantityType&quot;:&quot;&quot;,&quot;side&quot;:&quot;BUY&quot;,&quot;status&quot;:&quot;OPEN&quot;,&quot;takerFee&quot;:&quot;0.07&quot;,&quot;updated_at&quot;:&quot;2022-06-10T06:28:10.041Z&quot;},&quot;message&quot;:&quot;Order fetched successfully&quot;}

  &amp;#27;[32mAnd &amp;#27;[0m&amp;#27;[32mVerify the &amp;#27;[0m&amp;#27;[32m&amp;#27;[1m&quot;data.orderId&quot;&amp;#27;[0m&amp;#27;[32m of response &amp;#27;[0m&amp;#27;[32m&amp;#27;[1m&quot;GetOrder&quot;&amp;#27;[0m                                                                                                            &amp;#27;[90m# stepDefinations.SDplaceOrderofBroker1.verify_the_of_response(java.lang.String,java.lang.String)&amp;#27;[0m
  &amp;#27;[32mAnd &amp;#27;[0m&amp;#27;[32mVerify key &amp;#27;[0m&amp;#27;[32m&amp;#27;[1m&quot;data.status&quot;&amp;#27;[0m&amp;#27;[32m of response &amp;#27;[0m&amp;#27;[32m&amp;#27;[1m&quot;OPEN&quot;&amp;#27;[0m                                                                                                                 &amp;#27;[90m# stepDefinations.SDplaceOrderofBroker1.verify_key_of_response(java.lang.String,java.lang.String)&amp;#27;[0m
  &amp;#27;[32mGiven &amp;#27;[0m&amp;#27;[32mloading the header for broker &amp;#27;[0m&amp;#27;[32m&amp;#27;[1m&quot;B1&quot;&amp;#27;[0m                                                                                                                        &amp;#27;[90m# stepDefinations.SDplaceOrderofBroker1.loading_the_header_for_broker_something(java.lang.String)&amp;#27;[0m
s2b1inr = 130710132.3636362590011
  &amp;#27;[32mGiven &amp;#27;[0m&amp;#27;[32mtake balance of &amp;#27;[0m&amp;#27;[32m&amp;#27;[1m&quot;INR&quot;&amp;#27;[0m&amp;#27;[32m with api &amp;#27;[0m&amp;#27;[32m&amp;#27;[1m&quot;Getbalance&quot;&amp;#27;[0m&amp;#27;[32m with name &amp;#27;[0m&amp;#27;[32m&amp;#27;[1m&quot;s2b1inr&quot;&amp;#27;[0m                                                                                           &amp;#27;[90m# stepDefinations.SDplaceOrderofBroker1.take_balance_of_with_api_with_name(java.lang.String,java.lang.String,java.lang.String)&amp;#27;[0m
s2b1btc = 90000826.6960524464
  &amp;#27;[32mGiven &amp;#27;[0m&amp;#27;[32mtake balance of &amp;#27;[0m&amp;#27;[32m&amp;#27;[1m&quot;ETH&quot;&amp;#27;[0m&amp;#27;[32m with api &amp;#27;[0m&amp;#27;[32m&amp;#27;[1m&quot;Getbalance&quot;&amp;#27;[0m&amp;#27;[32m with name &amp;#27;[0m&amp;#27;[32m&amp;#27;[1m&quot;s2b1btc&quot;&amp;#27;[0m                                                                                           &amp;#27;[90m# stepDefinations.SDplaceOrderofBroker1.take_balance_of_with_api_with_name(java.lang.String,java.lang.String,java.lang.String)&amp;#27;[0m
  &amp;#27;[32mGiven &amp;#27;[0m&amp;#27;[32mPlacing an order for broker &amp;#27;[0m&amp;#27;[32m&amp;#27;[1m&quot;B1&quot;&amp;#27;[0m&amp;#27;[32m of type &amp;#27;[0m&amp;#27;[32m&amp;#27;[1m&quot;limit&quot;&amp;#27;[0m&amp;#27;[32m side &amp;#27;[0m&amp;#27;[32m&amp;#27;[1m&quot;SELL&quot;&amp;#27;[0m&amp;#27;[32m instrument &amp;#27;[0m&amp;#27;[32m&amp;#27;[1m&quot;ETH/INR&quot;&amp;#27;[0m&amp;#27;[32m quantityType &amp;#27;[0m&amp;#27;[32m&amp;#27;[1m&quot;QUOTE&quot;&amp;#27;[0m&amp;#27;[32m quantity &amp;#27;[0m&amp;#27;[32m&amp;#27;[1m&quot;2000&quot;&amp;#27;[0m&amp;#27;[32m limitPrice &amp;#27;[0m&amp;#27;[32m&amp;#27;[1m&quot;1000&quot;&amp;#27;[0m&amp;#27;[32m username &amp;#27;[0m&amp;#27;[32m&amp;#27;[1m&quot;user1&quot;&amp;#27;[0m &amp;#27;[90m# stepDefinations.SDplaceOrderofBroker1.placing_an_order_of_type_side_instrument_quantity_type_quantity_limit_price_username(java.lang.String,java.lang.String,java.lang.String,java.lang.String,java.lang.String,java.lang.String,java.lang.String,java.lang.String)&amp;#27;[0m
{&quot;data&quot;:{&quot;average_price&quot;:&quot;0&quot;,&quot;brokerId&quot;:&quot;97c02e87-a473-414b-9d27-78764a93d439&quot;,&quot;created_at&quot;:&quot;2022-06-10T06:28:12.576Z&quot;,&quot;filledQuantity&quot;:0,&quot;instrument&quot;:&quot;ETH/INR&quot;,&quot;limit_price&quot;:&quot;1000&quot;,&quot;makerFee&quot;:&quot;-0.04&quot;,&quot;orderId&quot;:&quot;4fe7e7ae-706e-445f-90f2-cd6b69655843&quot;,&quot;orderType&quot;:&quot;&quot;,&quot;quantity&quot;:&quot;2&quot;,&quot;quantityType&quot;:&quot;&quot;,&quot;side&quot;:&quot;SELL&quot;,&quot;status&quot;:&quot;OPEN&quot;,&quot;takerFee&quot;:&quot;0.07&quot;,&quot;updated_at&quot;:&quot;2022-06-10T06:28:12.576Z&quot;},&quot;message&quot;:&quot;Order placed successfully&quot;}

  &amp;#27;[32mWhen &amp;#27;[0m&amp;#27;[32mProviding request PathUrl &amp;#27;[0m&amp;#27;[32m&amp;#27;[1m&quot;PlaceOrder&quot;&amp;#27;[0m&amp;#27;[32m with method &amp;#27;[0m&amp;#27;[32m&amp;#27;[1m&quot;POST&quot;&amp;#27;[0m                                                                                                  &amp;#27;[90m# stepDefinations.SDplaceOrderofBroker1.providing_request_path_url_with_method(java.lang.String,java.lang.String)&amp;#27;[0m
  &amp;#27;[32mThen &amp;#27;[0m&amp;#27;[32mI verify the  &amp;#27;[0m&amp;#27;[32m&amp;#27;[1m&quot;200&quot;&amp;#27;[0m&amp;#27;[32m in step&amp;#27;[0m                                                                                                                                &amp;#27;[90m# stepDefinations.SDplaceOrderofBroker1.i_verify_the_in_step(java.lang.String)&amp;#27;[0m
  &amp;#27;[32mAnd &amp;#27;[0m&amp;#27;[32mVerify key &amp;#27;[0m&amp;#27;[32m&amp;#27;[1m&quot;message&quot;&amp;#27;[0m&amp;#27;[32m of response &amp;#27;[0m&amp;#27;[32m&amp;#27;[1m&quot;Order placed successfully&quot;&amp;#27;[0m                                                                                                &amp;#27;[90m# stepDefinations.SDplaceOrderofBroker1.verify_key_of_response(java.lang.String,java.lang.String)&amp;#27;[0m
  &amp;#27;[32mGiven &amp;#27;[0m&amp;#27;[32mPlacing an order for broker &amp;#27;[0m&amp;#27;[32m&amp;#27;[1m&quot;B1&quot;&amp;#27;[0m&amp;#27;[32m of type &amp;#27;[0m&amp;#27;[32m&amp;#27;[1m&quot;limit&quot;&amp;#27;[0m&amp;#27;[32m side &amp;#27;[0m&amp;#27;[32m&amp;#27;[1m&quot;SELL&quot;&amp;#27;[0m&amp;#27;[32m instrument &amp;#27;[0m&amp;#27;[32m&amp;#27;[1m&quot;ETH/INR&quot;&amp;#27;[0m&amp;#27;[32m quantityType &amp;#27;[0m&amp;#27;[32m&amp;#27;[1m&quot;QUOTE&quot;&amp;#27;[0m&amp;#27;[32m quantity &amp;#27;[0m&amp;#27;[32m&amp;#27;[1m&quot;8000&quot;&amp;#27;[0m&amp;#27;[32m limitPrice &amp;#27;[0m&amp;#27;[32m&amp;#27;[1m&quot;1000&quot;&amp;#27;[0m&amp;#27;[32m username &amp;#27;[0m&amp;#27;[32m&amp;#27;[1m&quot;user1&quot;&amp;#27;[0m &amp;#27;[90m# stepDefinations.SDplaceOrderofBroker1.placing_an_order_of_type_side_instrument_quantity_type_quantity_limit_price_username(java.lang.String,java.lang.String,java.lang.String,java.lang.String,java.lang.String,java.lang.String,java.lang.String,java.lang.String)&amp;#27;[0m
{&quot;data&quot;:{&quot;average_price&quot;:&quot;0&quot;,&quot;brokerId&quot;:&quot;97c02e87-a473-414b-9d27-78764a93d439&quot;,&quot;created_at&quot;:&quot;2022-06-10T06:28:13.294Z&quot;,&quot;filledQuantity&quot;:0,&quot;instrument&quot;:&quot;ETH/INR&quot;,&quot;limit_price&quot;:&quot;1000&quot;,&quot;makerFee&quot;:&quot;-0.04&quot;,&quot;orderId&quot;:&quot;f5db594e-42e7-4955-871f-8fcf431d3395&quot;,&quot;orderType&quot;:&quot;&quot;,&quot;quantity&quot;:&quot;8&quot;,&quot;quantityType&quot;:&quot;&quot;,&quot;side&quot;:&quot;SELL&quot;,&quot;status&quot;:&quot;OPEN&quot;,&quot;takerFee&quot;:&quot;0.07&quot;,&quot;updated_at&quot;:&quot;2022-06-10T06:28:13.294Z&quot;},&quot;message&quot;:&quot;Order placed successfully&quot;}

  &amp;#27;[32mWhen &amp;#27;[0m&amp;#27;[32mProviding request PathUrl &amp;#27;[0m&amp;#27;[32m&amp;#27;[1m&quot;PlaceOrder&quot;&amp;#27;[0m&amp;#27;[32m with method &amp;#27;[0m&amp;#27;[32m&amp;#27;[1m&quot;POST&quot;&amp;#27;[0m                                                                                                  &amp;#27;[90m# stepDefinations.SDplaceOrderofBroker1.providing_request_path_url_with_method(java.lang.String,java.lang.String)&amp;#27;[0m
  &amp;#27;[32mThen &amp;#27;[0m&amp;#27;[32mI verify the  &amp;#27;[0m&amp;#27;[32m&amp;#27;[1m&quot;200&quot;&amp;#27;[0m&amp;#27;[32m in step&amp;#27;[0m                                                                                                                                &amp;#27;[90m# stepDefinations.SDplaceOrderofBroker1.i_verify_the_in_step(java.lang.String)&amp;#27;[0m
  &amp;#27;[32mAnd &amp;#27;[0m&amp;#27;[32mVerify key &amp;#27;[0m&amp;#27;[32m&amp;#27;[1m&quot;message&quot;&amp;#27;[0m&amp;#27;[32m of response &amp;#27;[0m&amp;#27;[32m&amp;#27;[1m&quot;Order placed successfully&quot;&amp;#27;[0m                                                                                                &amp;#27;[90m# stepDefinations.SDplaceOrderofBroker1.verify_key_of_response(java.lang.String,java.lang.String)&amp;#27;[0m
{&quot;data&quot;:{&quot;average_price&quot;:&quot;1000&quot;,&quot;brokerId&quot;:&quot;97c02e87-a473-414b-9d27-78764a93d439&quot;,&quot;created_at&quot;:&quot;2022-06-10T06:28:13.294Z&quot;,&quot;filledQuantity&quot;:8,&quot;instrument&quot;:&quot;ETH/INR&quot;,&quot;limit_price&quot;:&quot;1000&quot;,&quot;makerFee&quot;:&quot;-0.04&quot;,&quot;orderId&quot;:&quot;f5db594e-42e7-4955-871f-8fcf431d3395&quot;,&quot;orderType&quot;:&quot;&quot;,&quot;quantity&quot;:&quot;8&quot;,&quot;quantityType&quot;:&quot;&quot;,&quot;side&quot;:&quot;SELL&quot;,&quot;status&quot;:&quot;FULFILLED&quot;,&quot;takerFee&quot;:&quot;0.07&quot;,&quot;updated_at&quot;:&quot;2022-06-10T06:28:13.899Z&quot;},&quot;message&quot;:&quot;Order fetched successfully&quot;}

  &amp;#27;[32mAnd &amp;#27;[0m&amp;#27;[32mVerify the &amp;#27;[0m&amp;#27;[32m&amp;#27;[1m&quot;data.orderId&quot;&amp;#27;[0m&amp;#27;[32m of response &amp;#27;[0m&amp;#27;[32m&amp;#27;[1m&quot;GetOrder&quot;&amp;#27;[0m                                                                                                            &amp;#27;[90m# stepDefinations.SDplaceOrderofBroker1.verify_the_of_response(java.lang.String,java.lang.String)&amp;#27;[0m
  &amp;#27;[32mThen &amp;#27;[0m&amp;#27;[32mgive sleep of &amp;#27;[0m&amp;#27;[32m&amp;#27;[1m&quot;000&quot;&amp;#27;[0m                                                                                                                                        &amp;#27;[90m# stepDefinations.SDplaceOrderofBroker1.give_sleep_of_something(java.lang.String)&amp;#27;[0m
  &amp;#27;[32mGiven &amp;#27;[0m&amp;#27;[32mloading the header for broker &amp;#27;[0m&amp;#27;[32m&amp;#27;[1m&quot;B1&quot;&amp;#27;[0m                                                                                                                        &amp;#27;[90m# stepDefinations.SDplaceOrderofBroker1.loading_the_header_for_broker_something(java.lang.String)&amp;#27;[0m
s3b1inr = 130727144.2636362590011
  &amp;#27;[32mGiven &amp;#27;[0m&amp;#27;[32mtake balance of &amp;#27;[0m&amp;#27;[32m&amp;#27;[1m&quot;INR&quot;&amp;#27;[0m&amp;#27;[32m with api &amp;#27;[0m&amp;#27;[32m&amp;#27;[1m&quot;Getbalance&quot;&amp;#27;[0m&amp;#27;[32m with name &amp;#27;[0m&amp;#27;[32m&amp;#27;[1m&quot;s3b1inr&quot;&amp;#27;[0m                                                                                           &amp;#27;[90m# stepDefinations.SDplaceOrderofBroker1.take_balance_of_with_api_with_name(java.lang.String,java.lang.String,java.lang.String)&amp;#27;[0m
s3b1btc = 90000833.6960524464
  &amp;#27;[32mGiven &amp;#27;[0m&amp;#27;[32mtake balance of &amp;#27;[0m&amp;#27;[32m&amp;#27;[1m&quot;ETH&quot;&amp;#27;[0m&amp;#27;[32m with api &amp;#27;[0m&amp;#27;[32m&amp;#27;[1m&quot;Getbalance&quot;&amp;#27;[0m&amp;#27;[32m with name &amp;#27;[0m&amp;#27;[32m&amp;#27;[1m&quot;s3b1btc&quot;&amp;#27;[0m                                                                                           &amp;#27;[90m# stepDefinations.SDplaceOrderofBroker1.take_balance_of_with_api_with_name(java.lang.String,java.lang.String,java.lang.String)&amp;#27;[0m
FEE = -7004.9000000059605
diffrence inr before matching = 10007.0
diffrence btc before matching = 0.0
Error Fail because diffrence in btc is = -7.0
  &amp;#27;[31mThen &amp;#27;[0m&amp;#27;[31mCheck fees &amp;#27;[0m&amp;#27;[31m&amp;#27;[1m&quot;0.0&quot;&amp;#27;[0m&amp;#27;[31m for same broker&amp;#27;[0m                                                                                                                           &amp;#27;[90m# stepDefinations.SDplaceOrderofBroker1.calculate_fees_for_same_broker(java.lang.String)&amp;#27;[0m
      &amp;#27;[31mjava.lang.AssertionError: expected:&lt;9.000082669605245E7&gt; but was:&lt;9.000083369605245E7&gt;
	at org.junit.Assert.fail(Assert.java:89)
	at org.junit.Assert.failNotEquals(Assert.java:835)
	at org.junit.Assert.assertEquals(Assert.java:555)
	at org.junit.Assert.assertEquals(Assert.java:685)
	at stepDefinations.SDplaceOrderofBroker1.calculate_fees_for_same_broker(SDplaceOrderofBroker1.java:242)
	at Ã¢Å“Â½.Check fees &quot;0.0&quot; for same broker(file:///C:/Users/Dell/eclipse_csk/CSXautomation2Optimision/src/test/java/features/ETHINR.feature:1182)
&amp;#27;[0m
</system-out>
  </testcase>
  <testcase classname="cucumber.options.TestRunner" name="runScenario" time="8.342"/>
  <testcase classname="cucumber.options.TestRunner" name="runScenario" time="9.02"/>
  <testcase classname="cucumber.options.TestRunner" name="runScenario" time="23.761"/>
</testsuite>