<?xml version="1.0" encoding="UTF-8"?>
<!-- Generated by org.testng.reporters.JUnitReportReporter -->
<testsuite hostname="DESKTOP-5AST0QG" failures="0" tests="1" name="cucumber.options.TestNGTestRunner" time="23.136" errors="0" timestamp="2022-04-25T13:31:19 IST" skipped="0">
  <testcase classname="cucumber.options.TestNGTestRunner" name="runScenario" time="23.136"/>
  <system-out/>
</testsuite> <!-- cucumber.options.TestNGTestRunner -->
