<?xml version="1.0" encoding="UTF-8"?>
<!-- Generated by org.testng.reporters.JUnitReportReporter -->
<testsuite hostname="DESKTOP-5AST0QG" failures="17" tests="36" name="cucumber.options.TestRunner" time="535.254" errors="0" timestamp="2022-06-10T11:58:57 IST" skipped="0">
  <testcase classname="cucumber.options.TestRunner" name="runScenario" time="37.855">
    <failure message="expected:&lt;8.0&gt; but was:&lt;2.0&gt;" type="java.lang.AssertionError">
      <![CDATA[java.lang.AssertionError: expected:<8.0> but was:<2.0>
at org.junit.Assert.fail(Assert.java:89)
at org.junit.Assert.failNotEquals(Assert.java:835)
at org.junit.Assert.assertEquals(Assert.java:555)
at org.junit.Assert.assertEquals(Assert.java:685)
at stepDefinations.SDplaceOrderofBroker1.calculate_fees_for_diffrent_broker(SDplaceOrderofBroker1.java:310)
at ✽.Check fees "2" for diffrent broker(file:///C:/Users/Dell/eclipse_csk/CSXautomation2Optimision/src/test/java/features/ETHINR.feature:399)
]]>
    </failure>
  </testcase> <!-- runScenario -->
  <system-out/>
  <testcase classname="cucumber.options.TestRunner" name="runScenario" time="28.561">
    <failure message="expected:&lt;0.7999999970197678&gt; but was:&lt;2.0&gt;" type="java.lang.AssertionError">
      <![CDATA[java.lang.AssertionError: expected:<0.7999999970197678> but was:<2.0>
at org.junit.Assert.fail(Assert.java:89)
at org.junit.Assert.failNotEquals(Assert.java:835)
at org.junit.Assert.assertEquals(Assert.java:555)
at org.junit.Assert.assertEquals(Assert.java:685)
at stepDefinations.SDplaceOrderofBroker1.calculate_fees_for_diffrent_broker(SDplaceOrderofBroker1.java:316)
at ✽.Check fees "2" for diffrent broker(file:///C:/Users/Dell/eclipse_csk/CSXautomation2Optimision/src/test/java/features/ETHINR.feature:594)
]]>
    </failure>
  </testcase> <!-- runScenario -->
  <system-out/>
  <testcase classname="cucumber.options.TestRunner" name="runScenario" time="16.777"/>
  <system-out/>
  <testcase classname="cucumber.options.TestRunner" name="runScenario" time="9.020"/>
  <system-out/>
  <testcase classname="cucumber.options.TestRunner" name="runScenario" time="8.887"/>
  <system-out/>
  <testcase classname="cucumber.options.TestRunner" name="runScenario" time="8.342"/>
  <system-out/>
  <testcase classname="cucumber.options.TestRunner" name="runScenario" time="18.024">
    <failure message="expected:&lt;1.5999999940395355&gt; but was:&lt;4.0&gt;" type="java.lang.AssertionError">
      <![CDATA[java.lang.AssertionError: expected:<1.5999999940395355> but was:<4.0>
at org.junit.Assert.fail(Assert.java:89)
at org.junit.Assert.failNotEquals(Assert.java:835)
at org.junit.Assert.assertEquals(Assert.java:555)
at org.junit.Assert.assertEquals(Assert.java:685)
at stepDefinations.SDplaceOrderofBroker1.calculate_fees_for_diffrent_broker(SDplaceOrderofBroker1.java:316)
at ✽.Check fees "4" for diffrent broker(file:///C:/Users/Dell/eclipse_csk/CSXautomation2Optimision/src/test/java/features/ETHINR.feature:546)
]]>
    </failure>
  </testcase> <!-- runScenario -->
  <system-out/>
  <testcase classname="cucumber.options.TestRunner" name="runScenario" time="18.069">
    <failure message="expected:&lt;-4502.3499999940395&gt; but was:&lt;2.0&gt;" type="java.lang.AssertionError">
      <![CDATA[java.lang.AssertionError: expected:<-4502.3499999940395> but was:<2.0>
at org.junit.Assert.fail(Assert.java:89)
at org.junit.Assert.failNotEquals(Assert.java:835)
at org.junit.Assert.assertEquals(Assert.java:555)
at org.junit.Assert.assertEquals(Assert.java:685)
at stepDefinations.SDplaceOrderofBroker1.calculate_fees_for_diffrent_broker(SDplaceOrderofBroker1.java:316)
at ✽.Check fees "2" for diffrent broker(file:///C:/Users/Dell/eclipse_csk/CSXautomation2Optimision/src/test/java/features/ETHINR.feature:642)
]]>
    </failure>
  </testcase> <!-- runScenario -->
  <system-out/>
  <testcase classname="cucumber.options.TestRunner" name="runScenario" time="5.077"/>
  <system-out/>
  <testcase classname="cucumber.options.TestRunner" name="runScenario" time="27.391">
    <failure message="expected:&lt;10007.0&gt; but was:&lt;0.0&gt;" type="java.lang.AssertionError">
      <![CDATA[java.lang.AssertionError: expected:<10007.0> but was:<0.0>
at org.junit.Assert.fail(Assert.java:89)
at org.junit.Assert.failNotEquals(Assert.java:835)
at org.junit.Assert.assertEquals(Assert.java:555)
at org.junit.Assert.assertEquals(Assert.java:685)
at stepDefinations.SDplaceOrderofBroker1.calculate_fees_for_diffrent_broker(SDplaceOrderofBroker1.java:310)
at ✽.Check fees "0.0" for diffrent broker(file:///C:/Users/Dell/eclipse_csk/CSXautomation2Optimision/src/test/java/features/ETHINR.feature:202)
]]>
    </failure>
  </testcase> <!-- runScenario -->
  <system-out/>
  <testcase classname="cucumber.options.TestRunner" name="runScenario" time="19.248">
    <failure message="expected:&lt;5011.5&gt; but was:&lt;2.0&gt;" type="java.lang.AssertionError">
      <![CDATA[java.lang.AssertionError: expected:<5011.5> but was:<2.0>
at org.junit.Assert.fail(Assert.java:89)
at org.junit.Assert.failNotEquals(Assert.java:835)
at org.junit.Assert.assertEquals(Assert.java:555)
at org.junit.Assert.assertEquals(Assert.java:685)
at stepDefinations.SDplaceOrderofBroker1.calculate_fees_for_diffrent_broker(SDplaceOrderofBroker1.java:310)
at ✽.Check fees "2" for diffrent broker(file:///C:/Users/Dell/eclipse_csk/CSXautomation2Optimision/src/test/java/features/ETHINR.feature:159)
]]>
    </failure>
  </testcase> <!-- runScenario -->
  <system-out/>
  <testcase classname="cucumber.options.TestRunner" name="runScenario" time="23.125">
    <failure message="expected:&lt;16.0&gt; but was:&lt;4.0&gt;" type="java.lang.AssertionError">
      <![CDATA[java.lang.AssertionError: expected:<16.0> but was:<4.0>
at org.junit.Assert.fail(Assert.java:89)
at org.junit.Assert.failNotEquals(Assert.java:835)
at org.junit.Assert.assertEquals(Assert.java:555)
at org.junit.Assert.assertEquals(Assert.java:685)
at stepDefinations.SDplaceOrderofBroker1.calculate_fees_for_diffrent_broker(SDplaceOrderofBroker1.java:310)
at ✽.Check fees "4" for diffrent broker(file:///C:/Users/Dell/eclipse_csk/CSXautomation2Optimision/src/test/java/features/ETHINR.feature:301)
]]>
    </failure>
  </testcase> <!-- runScenario -->
  <system-out/>
  <testcase classname="cucumber.options.TestRunner" name="runScenario" time="23.762"/>
  <system-out/>
  <testcase classname="cucumber.options.TestRunner" name="runScenario" time="17.567">
    <failure message="expected:&lt;16.0&gt; but was:&lt;4.0&gt;" type="java.lang.AssertionError">
      <![CDATA[java.lang.AssertionError: expected:<16.0> but was:<4.0>
at org.junit.Assert.fail(Assert.java:89)
at org.junit.Assert.failNotEquals(Assert.java:835)
at org.junit.Assert.assertEquals(Assert.java:555)
at org.junit.Assert.assertEquals(Assert.java:685)
at stepDefinations.SDplaceOrderofBroker1.calculate_fees_for_diffrent_broker(SDplaceOrderofBroker1.java:310)
at ✽.Check fees "4" for diffrent broker(file:///C:/Users/Dell/eclipse_csk/CSXautomation2Optimision/src/test/java/features/ETHINR.feature:350)
]]>
    </failure>
  </testcase> <!-- runScenario -->
  <system-out/>
  <testcase classname="cucumber.options.TestRunner" name="runScenario" time="10.333">
    <failure message="expected:&lt;9.000082669605245E7&gt; but was:&lt;9.000082169605245E7&gt;" type="java.lang.AssertionError">
      <![CDATA[java.lang.AssertionError: expected:<9.000082669605245E7> but was:<9.000082169605245E7>
at org.junit.Assert.fail(Assert.java:89)
at org.junit.Assert.failNotEquals(Assert.java:835)
at org.junit.Assert.assertEquals(Assert.java:555)
at org.junit.Assert.assertEquals(Assert.java:685)
at stepDefinations.SDplaceOrderofBroker1.calculate_fees_for_same_broker(SDplaceOrderofBroker1.java:246)
at ✽.Check fees "0.0" for same broker(file:///C:/Users/Dell/eclipse_csk/CSXautomation2Optimision/src/test/java/features/ETHINR.feature:1067)
]]>
    </failure>
  </testcase> <!-- runScenario -->
  <system-out/>
  <testcase classname="cucumber.options.TestRunner" name="runScenario" time="0.398"/>
  <system-out/>
  <testcase classname="cucumber.options.TestRunner" name="runScenario" time="0.529"/>
  <system-out/>
  <testcase classname="cucumber.options.TestRunner" name="runScenario" time="9.687"/>
  <system-out/>
  <testcase classname="cucumber.options.TestRunner" name="runScenario" time="9.664"/>
  <system-out/>
  <testcase classname="cucumber.options.TestRunner" name="runScenario" time="14.524"/>
  <system-out/>
  <testcase classname="cucumber.options.TestRunner" name="runScenario" time="9.145"/>
  <system-out/>
  <testcase classname="cucumber.options.TestRunner" name="runScenario" time="18.864">
    <failure message="expected:&lt;16.0&gt; but was:&lt;4.0&gt;" type="java.lang.AssertionError">
      <![CDATA[java.lang.AssertionError: expected:<16.0> but was:<4.0>
at org.junit.Assert.fail(Assert.java:89)
at org.junit.Assert.failNotEquals(Assert.java:835)
at org.junit.Assert.assertEquals(Assert.java:555)
at org.junit.Assert.assertEquals(Assert.java:685)
at stepDefinations.SDplaceOrderofBroker1.calculate_fees_for_diffrent_broker(SDplaceOrderofBroker1.java:310)
at ✽.Check fees "4" for diffrent broker(file:///C:/Users/Dell/eclipse_csk/CSXautomation2Optimision/src/test/java/features/ETHINR.feature:116)
]]>
    </failure>
  </testcase> <!-- runScenario -->
  <system-out/>
  <testcase classname="cucumber.options.TestRunner" name="runScenario" time="1.890"/>
  <system-out/>
  <testcase classname="cucumber.options.TestRunner" name="runScenario" time="25.808">
    <failure message="expected:&lt;8.0&gt; but was:&lt;2.0&gt;" type="java.lang.AssertionError">
      <![CDATA[java.lang.AssertionError: expected:<8.0> but was:<2.0>
at org.junit.Assert.fail(Assert.java:89)
at org.junit.Assert.failNotEquals(Assert.java:835)
at org.junit.Assert.assertEquals(Assert.java:555)
at org.junit.Assert.assertEquals(Assert.java:685)
at stepDefinations.SDplaceOrderofBroker1.calculate_fees_for_diffrent_broker(SDplaceOrderofBroker1.java:310)
at ✽.Check fees "2" for diffrent broker(file:///C:/Users/Dell/eclipse_csk/CSXautomation2Optimision/src/test/java/features/ETHINR.feature:448)
]]>
    </failure>
  </testcase> <!-- runScenario -->
  <system-out/>
  <testcase classname="cucumber.options.TestRunner" name="runScenario" time="23.761"/>
  <system-out/>
  <testcase classname="cucumber.options.TestRunner" name="runScenario" time="21.741">
    <failure message="expected:&lt;9.000082619605245E7&gt; but was:&lt;9.000082669605245E7&gt;" type="java.lang.AssertionError">
      <![CDATA[java.lang.AssertionError: expected:<9.000082619605245E7> but was:<9.000082669605245E7>
at org.junit.Assert.fail(Assert.java:89)
at org.junit.Assert.failNotEquals(Assert.java:835)
at org.junit.Assert.assertEquals(Assert.java:555)
at org.junit.Assert.assertEquals(Assert.java:685)
at stepDefinations.SDplaceOrderofBroker1.calculate_fees_for_same_broker(SDplaceOrderofBroker1.java:242)
at ✽.Check fees "0.0" for same broker(file:///C:/Users/Dell/eclipse_csk/CSXautomation2Optimision/src/test/java/features/ETHINR.feature:740)
]]>
    </failure>
  </testcase> <!-- runScenario -->
  <system-out/>
  <testcase classname="cucumber.options.TestRunner" name="runScenario" time="5.367">
    <failure message="expected:&lt;[PARTIALLY_FULFILLED]&gt; but was:&lt;[OPEN]&gt;" type="org.junit.ComparisonFailure">
      <![CDATA[org.junit.ComparisonFailure: expected:<[PARTIALLY_FULFILLED]> but was:<[OPEN]>
at org.junit.Assert.assertEquals(Assert.java:117)
at org.junit.Assert.assertEquals(Assert.java:146)
at stepDefinations.SDplaceOrderofBroker1.verify_key_of_response(SDplaceOrderofBroker1.java:138)
at ✽.Verify key "data.status" of response "OPEN"(file:///C:/Users/Dell/eclipse_csk/CSXautomation2Optimision/src/test/java/features/ETHINR.feature:1091)
]]>
    </failure>
  </testcase> <!-- runScenario -->
  <system-out/>
  <testcase classname="cucumber.options.TestRunner" name="runScenario" time="16.629"/>
  <system-out/>
  <testcase classname="cucumber.options.TestRunner" name="runScenario" time="19.155">
    <failure message="expected:&lt;[5005.0]&gt; but was:&lt;[1.5]&gt;" type="org.junit.ComparisonFailure">
      <![CDATA[org.junit.ComparisonFailure: expected:<[5005.0]> but was:<[1.5]>
at org.junit.Assert.assertEquals(Assert.java:117)
at org.junit.Assert.assertEquals(Assert.java:146)
at stepDefinations.SDplaceOrderofBroker1.calculate_fees_for_same_broker(SDplaceOrderofBroker1.java:232)
at ✽.Check fees "1.5" for same broker(file:///C:/Users/Dell/eclipse_csk/CSXautomation2Optimision/src/test/java/features/ETHINR.feature:710)
]]>
    </failure>
  </testcase> <!-- runScenario -->
  <system-out/>
  <testcase classname="cucumber.options.TestRunner" name="runScenario" time="23.287">
    <failure message="expected:&lt;-9946.459999998566&gt; but was:&lt;4.0&gt;" type="java.lang.AssertionError">
      <![CDATA[java.lang.AssertionError: expected:<-9946.459999998566> but was:<4.0>
at org.junit.Assert.fail(Assert.java:89)
at org.junit.Assert.failNotEquals(Assert.java:835)
at org.junit.Assert.assertEquals(Assert.java:555)
at org.junit.Assert.assertEquals(Assert.java:685)
at stepDefinations.SDplaceOrderofBroker1.calculate_fees_for_diffrent_broker(SDplaceOrderofBroker1.java:316)
at ✽.Check fees "4" for diffrent broker(file:///C:/Users/Dell/eclipse_csk/CSXautomation2Optimision/src/test/java/features/ETHINR.feature:245)
]]>
    </failure>
  </testcase> <!-- runScenario -->
  <system-out/>
  <testcase classname="cucumber.options.TestRunner" name="runScenario" time="8.377">
    <failure message="expected:&lt;9.000082669605245E7&gt; but was:&lt;9.000083369605245E7&gt;" type="java.lang.AssertionError">
      <![CDATA[java.lang.AssertionError: expected:<9.000082669605245E7> but was:<9.000083369605245E7>
at org.junit.Assert.fail(Assert.java:89)
at org.junit.Assert.failNotEquals(Assert.java:835)
at org.junit.Assert.assertEquals(Assert.java:555)
at org.junit.Assert.assertEquals(Assert.java:685)
at stepDefinations.SDplaceOrderofBroker1.calculate_fees_for_same_broker(SDplaceOrderofBroker1.java:242)
at ✽.Check fees "0.0" for same broker(file:///C:/Users/Dell/eclipse_csk/CSXautomation2Optimision/src/test/java/features/ETHINR.feature:1182)
]]>
    </failure>
  </testcase> <!-- runScenario -->
  <system-out/>
  <testcase classname="cucumber.options.TestRunner" name="runScenario" time="23.753"/>
  <system-out/>
  <testcase classname="cucumber.options.TestRunner" name="runScenario" time="2.170"/>
  <system-out/>
  <testcase classname="cucumber.options.TestRunner" name="runScenario" time="14.787">
    <failure message="expected:&lt;16.0&gt; but was:&lt;4.0&gt;" type="java.lang.AssertionError">
      <![CDATA[java.lang.AssertionError: expected:<16.0> but was:<4.0>
at org.junit.Assert.fail(Assert.java:89)
at org.junit.Assert.failNotEquals(Assert.java:835)
at org.junit.Assert.assertEquals(Assert.java:555)
at org.junit.Assert.assertEquals(Assert.java:685)
at stepDefinations.SDplaceOrderofBroker1.calculate_fees_for_diffrent_broker(SDplaceOrderofBroker1.java:310)
at ✽.Check fees "4" for diffrent broker(file:///C:/Users/Dell/eclipse_csk/CSXautomation2Optimision/src/test/java/features/ETHINR.feature:498)
]]>
    </failure>
  </testcase> <!-- runScenario -->
  <system-out/>
  <testcase classname="cucumber.options.TestRunner" name="runScenario" time="3.139"/>
  <system-out/>
  <testcase classname="cucumber.options.TestRunner" name="runScenario" time="10.541"/>
  <system-out/>
</testsuite> <!-- cucumber.options.TestRunner -->
