<?xml version="1.0" encoding="UTF-8"?>
<!-- Generated by org.testng.reporters.JUnitReportReporter -->
<testsuite hostname="DESKTOP-5AST0QG" failures="7" tests="16" name="cucumber.options.TestRunner" time="175.411" errors="0" timestamp="2022-05-18T15:03:16 IST" skipped="0">
  <testcase classname="cucumber.options.TestRunner" name="runScenario" time="20.827">
    <failure message="expected:&lt;1[.4700000062584877]&gt; but was:&lt;1[2.9]&gt;" type="org.junit.ComparisonFailure">
      <![CDATA[org.junit.ComparisonFailure: expected:<1[.4700000062584877]> but was:<1[2.9]>
at org.junit.Assert.assertEquals(Assert.java:117)
at org.junit.Assert.assertEquals(Assert.java:146)
at stepDefinations.SDplaceOrderofBroker1.calculate_fees_for_diffrent_broker(SDplaceOrderofBroker1.java:266)
at ✽.Check fees "12.9" for diffrent broker(file:///C:/Users/Dell/eclipse_csk/CSXautomation2Optimision/src/test/java/ETHfeature/ETHINRdiffBrokerFunds2.feature:86)
]]>
    </failure>
  </testcase> <!-- runScenario -->
  <system-out/>
  <testcase classname="cucumber.options.TestRunner" name="runScenario" time="20.843"/>
  <system-out/>
  <testcase classname="cucumber.options.TestRunner" name="runScenario" time="1.673"/>
  <system-out/>
  <testcase classname="cucumber.options.TestRunner" name="runScenario" time="13.221">
    <failure message="expected:&lt;[2.939999997615814]&gt; but was:&lt;[3.0]&gt;" type="org.junit.ComparisonFailure">
      <![CDATA[org.junit.ComparisonFailure: expected:<[2.939999997615814]> but was:<[3.0]>
at org.junit.Assert.assertEquals(Assert.java:117)
at org.junit.Assert.assertEquals(Assert.java:146)
at stepDefinations.SDplaceOrderofBroker1.calculate_fees_for_same_broker(SDplaceOrderofBroker1.java:221)
at ✽.Check fees "3.0" for same broker(file:///C:/Users/Dell/eclipse_csk/CSXautomation2Optimision/src/test/java/ETHfeature/ETHINRsameBrokerFunds.feature:152)
]]>
    </failure>
  </testcase> <!-- runScenario -->
  <system-out/>
  <testcase classname="cucumber.options.TestRunner" name="runScenario" time="0.346"/>
  <system-out/>
  <testcase classname="cucumber.options.TestRunner" name="runScenario" time="0.616"/>
  <system-out/>
  <testcase classname="cucumber.options.TestRunner" name="runScenario" time="13.915">
    <failure message="expected:&lt;[3].0&gt; but was:&lt;[1].0&gt;" type="org.junit.ComparisonFailure">
      <![CDATA[org.junit.ComparisonFailure: expected:<[3].0> but was:<[1].0>
at org.junit.Assert.assertEquals(Assert.java:117)
at org.junit.Assert.assertEquals(Assert.java:146)
at stepDefinations.SDplaceOrderofBroker1.calculate_fees_for_same_broker(SDplaceOrderofBroker1.java:221)
at ✽.Check fees "1.0" for same broker(file:///C:/Users/Dell/eclipse_csk/CSXautomation2Optimision/src/test/java/ETHfeature/ETHINRsameBrokerFunds.feature:189)
]]>
    </failure>
  </testcase> <!-- runScenario -->
  <system-out/>
  <testcase classname="cucumber.options.TestRunner" name="runScenario" time="0.884"/>
  <system-out/>
  <testcase classname="cucumber.options.TestRunner" name="runScenario" time="12.914"/>
  <system-out/>
  <testcase classname="cucumber.options.TestRunner" name="runScenario" time="3.747"/>
  <system-out/>
  <testcase classname="cucumber.options.TestRunner" name="runScenario" time="14.120"/>
  <system-out/>
  <testcase classname="cucumber.options.TestRunner" name="runScenario" time="22.857">
    <failure message="expected:&lt;2[.93999999761581]4&gt; but was:&lt;2[5.]4&gt;" type="org.junit.ComparisonFailure">
      <![CDATA[org.junit.ComparisonFailure: expected:<2[.93999999761581]4> but was:<2[5.]4>
at org.junit.Assert.assertEquals(Assert.java:117)
at org.junit.Assert.assertEquals(Assert.java:146)
at stepDefinations.SDplaceOrderofBroker1.calculate_fees_for_diffrent_broker(SDplaceOrderofBroker1.java:266)
at ✽.Check fees "25.4" for diffrent broker(file:///C:/Users/Dell/eclipse_csk/CSXautomation2Optimision/src/test/java/ETHfeature/ETHINRdiffBrokerFunds2.feature:44)
]]>
    </failure>
  </testcase> <!-- runScenario -->
  <system-out/>
  <testcase classname="cucumber.options.TestRunner" name="runScenario" time="2.284"/>
  <system-out/>
  <testcase classname="cucumber.options.TestRunner" name="runScenario" time="13.927">
    <failure message="expected:&lt;1.[469999998807907]&gt; but was:&lt;1.[5]&gt;" type="org.junit.ComparisonFailure">
      <![CDATA[org.junit.ComparisonFailure: expected:<1.[469999998807907]> but was:<1.[5]>
at org.junit.Assert.assertEquals(Assert.java:117)
at org.junit.Assert.assertEquals(Assert.java:146)
at stepDefinations.SDplaceOrderofBroker1.calculate_fees_for_same_broker(SDplaceOrderofBroker1.java:221)
at ✽.Check fees "1.5" for same broker(file:///C:/Users/Dell/eclipse_csk/CSXautomation2Optimision/src/test/java/ETHfeature/ETHINRsameBrokerFunds.feature:61)
]]>
    </failure>
  </testcase> <!-- runScenario -->
  <system-out/>
  <testcase classname="cucumber.options.TestRunner" name="runScenario" time="12.967">
    <failure message="expected:&lt;[2.939999997615814]&gt; but was:&lt;[3.0]&gt;" type="org.junit.ComparisonFailure">
      <![CDATA[org.junit.ComparisonFailure: expected:<[2.939999997615814]> but was:<[3.0]>
at org.junit.Assert.assertEquals(Assert.java:117)
at org.junit.Assert.assertEquals(Assert.java:146)
at stepDefinations.SDplaceOrderofBroker1.calculate_fees_for_same_broker(SDplaceOrderofBroker1.java:221)
at ✽.Check fees "3.0" for same broker(file:///C:/Users/Dell/eclipse_csk/CSXautomation2Optimision/src/test/java/ETHfeature/ETHINRsameBrokerFunds.feature:31)
]]>
    </failure>
  </testcase> <!-- runScenario -->
  <system-out/>
  <testcase classname="cucumber.options.TestRunner" name="runScenario" time="20.270">
    <failure message="expected:&lt;2[.93999999761581]4&gt; but was:&lt;2[5.]4&gt;" type="org.junit.ComparisonFailure">
      <![CDATA[org.junit.ComparisonFailure: expected:<2[.93999999761581]4> but was:<2[5.]4>
at org.junit.Assert.assertEquals(Assert.java:117)
at org.junit.Assert.assertEquals(Assert.java:146)
at stepDefinations.SDplaceOrderofBroker1.calculate_fees_for_diffrent_broker(SDplaceOrderofBroker1.java:266)
at ✽.Check fees "25.4" for diffrent broker(file:///C:/Users/Dell/eclipse_csk/CSXautomation2Optimision/src/test/java/ETHfeature/ETHINRdiffBrokerFunds2.feature:170)
]]>
    </failure>
  </testcase> <!-- runScenario -->
  <system-out/>
</testsuite> <!-- cucumber.options.TestRunner -->
