<?xml version="1.0" encoding="UTF-8"?>
<!-- Generated by org.testng.reporters.JUnitReportReporter -->
<testsuite hostname="DESKTOP-5AST0QG" failures="2" tests="6" name="cucumber.options.TestRunner" time="71.163" errors="0" timestamp="2022-04-26T10:32:25 IST" skipped="0">
  <testcase classname="cucumber.options.TestRunner" name="runScenario" time="22.907"/>
  <system-out/>
  <testcase classname="cucumber.options.TestRunner" name="runScenario" time="12.390"/>
  <system-out/>
  <testcase classname="cucumber.options.TestRunner" name="runScenario" time="0.449">
    <failure message="expected:&lt;[5]00&gt; but was:&lt;[2]00&gt;" type="org.junit.ComparisonFailure">
      <![CDATA[org.junit.ComparisonFailure: expected:<[5]00> but was:<[2]00>
at org.junit.Assert.assertEquals(Assert.java:117)
at org.junit.Assert.assertEquals(Assert.java:146)
at stepDefinations.SDplaceOrderofBroker1.i_verify_the_in_step(SDplaceOrderofBroker1.java:96)
at ✽.I verify the  "200" in step(file:///C:/Users/Dell/eclipse_csk/CSXautomation2/src/test/java/feature/placeOrder.feature:107)
]]>
    </failure>
  </testcase> <!-- runScenario -->
  <system-out/>
  <testcase classname="cucumber.options.TestRunner" name="runScenario" time="10.378"/>
  <system-out/>
  <testcase classname="cucumber.options.TestRunner" name="runScenario" time="1.560">
    <failure message="expected:&lt;[405]&gt; but was:&lt;[200]&gt;" type="org.junit.ComparisonFailure">
      <![CDATA[org.junit.ComparisonFailure: expected:<[405]> but was:<[200]>
at org.junit.Assert.assertEquals(Assert.java:117)
at org.junit.Assert.assertEquals(Assert.java:146)
at stepDefinations.SDplaceOrderofBroker1.i_verify_the_in_step(SDplaceOrderofBroker1.java:96)
at ✽.I verify the  "200" in step(file:///C:/Users/Dell/eclipse_csk/CSXautomation2/src/test/java/feature/placeOrder.feature:100)
]]>
    </failure>
  </testcase> <!-- runScenario -->
  <system-out/>
  <testcase classname="cucumber.options.TestRunner" name="runScenario" time="23.479"/>
  <system-out/>
</testsuite> <!-- cucumber.options.TestRunner -->
