<?xml version="1.0" encoding="UTF-8"?>
<!-- Generated by org.testng.reporters.JUnitReportReporter -->
<testsuite hostname="DESKTOP-5AST0QG" failures="2" tests="9" name="cucumber.options.TestRunner" time="82.108" errors="0" timestamp="2022-04-26T17:40:41 IST" skipped="0">
  <testcase classname="cucumber.options.TestRunner" name="runScenario" time="24.386"/>
  <system-out/>
  <testcase classname="cucumber.options.TestRunner" name="runScenario" time="0.537"/>
  <system-out/>
  <testcase classname="cucumber.options.TestRunner" name="runScenario" time="0.533"/>
  <system-out/>
  <testcase classname="cucumber.options.TestRunner" name="runScenario" time="17.636"/>
  <system-out/>
  <testcase classname="cucumber.options.TestRunner" name="runScenario" time="0.495">
    <failure message="expected:&lt;[5]00&gt; but was:&lt;[2]00&gt;" type="org.junit.ComparisonFailure">
      <![CDATA[org.junit.ComparisonFailure: expected:<[5]00> but was:<[2]00>
at org.junit.Assert.assertEquals(Assert.java:117)
at org.junit.Assert.assertEquals(Assert.java:146)
at stepDefinations.SDplaceOrderofBroker1.i_verify_the_in_step(SDplaceOrderofBroker1.java:97)
at ✽.I verify the  "200" in step(file:///C:/Users/Dell/eclipse_csk/CSXautomation2/src/test/java/feature/placeOrder.feature:107)
]]>
    </failure>
  </testcase> <!-- runScenario -->
  <system-out/>
  <testcase classname="cucumber.options.TestRunner" name="runScenario" time="8.688"/>
  <system-out/>
  <testcase classname="cucumber.options.TestRunner" name="runScenario" time="1.767">
    <failure message="expected:&lt;[405]&gt; but was:&lt;[200]&gt;" type="org.junit.ComparisonFailure">
      <![CDATA[org.junit.ComparisonFailure: expected:<[405]> but was:<[200]>
at org.junit.Assert.assertEquals(Assert.java:117)
at org.junit.Assert.assertEquals(Assert.java:146)
at stepDefinations.SDplaceOrderofBroker1.i_verify_the_in_step(SDplaceOrderofBroker1.java:97)
at ✽.I verify the  "200" in step(file:///C:/Users/Dell/eclipse_csk/CSXautomation2/src/test/java/feature/placeOrder.feature:100)
]]>
    </failure>
  </testcase> <!-- runScenario -->
  <system-out/>
  <testcase classname="cucumber.options.TestRunner" name="runScenario" time="0.400"/>
  <system-out/>
  <testcase classname="cucumber.options.TestRunner" name="runScenario" time="27.666"/>
  <system-out/>
</testsuite> <!-- cucumber.options.TestRunner -->
